0.001,0.051
0.002,0.0507129
0.003,0.0501682
0.004,0.0500115
0.005,0.0496121
0.006,0.0494976
0.007,0.0494362
0.008,0.0494259
0.009,0.0493223
0.01,0.0492849
0.011,0.0491958
0.012,0.049155
0.013,0.0490981
0.014,0.0491024
0.015,0.0490956
0.016,0.0490929
0.017,0.0491012
0.018,0.0490837
0.019,0.049121
0.02,0.049128
0.021,0.049131
0.022,0.0491355
0.023,0.0491354
0.024,0.0491405
0.025,0.0491631
0.026,0.0491857
0.027,0.0492097
0.028,0.0492273
0.029,0.0492449
0.03,0.0492561
0.031,0.0492426
0.032,0.0492436
0.033,0.0492567
0.034,0.0492633
0.035,0.049279
0.036,0.0492861
0.037,0.0493017
0.038,0.04929
0.039,0.0493061
0.04,0.0493147
0.041,0.049316
0.042,0.0493195
0.043,0.0493201
0.044,0.0493307
0.045,0.0493314
0.046,0.0493404
0.047,0.0493412
0.048,0.0493505
0.049,0.0493527
0.05,0.049362
0.051,0.0493667
0.052,0.0493759
0.053,0.0493755
0.054,0.0493855
0.055,0.0493852
0.056,0.049388
0.057,0.0494042
0.058,0.0494143
0.059,0.0494151
0.06,0.0494159
0.061,0.0494144
0.062,0.0494157
0.063,0.0494326
0.064,0.0494423
0.065,0.0494421
0.066,0.0494422
0.067,0.0494407
0.068,0.0494414
0.069,0.0494583
0.07,0.0494675
0.071,0.0494675
0.072,0.0494686
0.073,0.0494726
0.074,0.049473
0.075,0.0494722
0.076,0.0494703
0.077,0.0494713
0.078,0.0494719
0.079,0.0494714
0.08,0.0494719
0.081,0.0494713
0.082,0.0494719
0.083,0.0494717
0.084,0.0494727
0.085,0.0494912
0.086,0.0495012
0.087,0.0495018
0.088,0.0495034
0.089,0.0495077
0.09,0.0495083
0.091,0.0495082
0.092,0.049507
0.093,0.0495125
0.094,0.0495135
0.095,0.0495216
0.096,0.0495226
0.097,0.049527
0.098,0.0495281
0.099,0.0495351
0.1,0.0495365
0.101,0.0495504
0.102,0.0495501
0.103,0.0495608
0.104,0.0495645
0.105,0.0495705
0.106,0.0495724
0.107,0.0495768
0.108,0.0495803
0.109,0.0495814
0.11,0.0495835
0.111,0.049588
0.112,0.0495891
0.113,0.0495898
0.114,0.0495894
0.115,0.0495941
0.116,0.0495934
0.117,0.0496029
0.118,0.0496046
0.119,0.0496144
0.12,0.0496184
0.121,0.0496191
0.122,0.0496168
0.123,0.0496243
0.124,0.049627
0.125,0.0496384
0.126,0.0496412
0.127,0.0496534
0.128,0.049654
0.129,0.0496626
0.13,0.0496648
0.131,0.0496796
0.132,0.0496794
0.133,0.0496909
0.134,0.0496937
0.135,0.0496997
0.136,0.0497005
0.137,0.0497094
0.138,0.0497106
0.139,0.0497206
0.14,0.0497224
0.141,0.0497269
0.142,0.0497278
0.143,0.0497298
0.144,0.0497316
0.145,0.0497324
0.146,0.0497346
0.147,0.0497398
0.148,0.049741
0.149,0.0497454
0.15,0.0497437
0.151,0.04975
0.152,0.04975
0.153,0.0497638
0.154,0.0497664
0.155,0.0497764
0.156,0.049777
0.157,0.0497847
0.158,0.049786
0.159,0.0497947
0.16,0.049797
0.161,0.0498049
0.162,0.0498155
0.163,0.0498282
0.164,0.0498296
0.165,0.0498346
0.166,0.0498356
0.167,0.0498397
0.168,0.0498453
0.169,0.0498518
0.17,0.0498522
0.171,0.0498526
0.172,0.0498522
0.173,0.049858
0.174,0.0498617
0.175,0.0498633
0.176,0.0498658
0.177,0.0498715
0.178,0.0498722
0.179,0.0498727
0.18,0.0498723
0.181,0.0498784
0.182,0.0498777
0.183,0.049888
0.184,0.04989
0.185,0.0499018
0.186,0.0499032
0.187,0.049909
0.188,0.0499107
0.189,0.0499152
0.19,0.0499199
0.191,0.0499216
0.192,0.0499239
0.193,0.0499294
0.194,0.0499304
0.195,0.0499307
0.196,0.0499299
0.197,0.0499358
0.198,0.0499357
0.199,0.0499467
0.2,0.0499488
0.201,0.0499609
0.202,0.0499629
0.203,0.0499642
0.204,0.0499673
0.205,0.0499735
0.206,0.0499745
0.207,0.0499751
0.208,0.0499745
0.209,0.0499807
0.21,0.0499805
0.211,0.0499804
0.212,0.0499858
0.213,0.0499903
0.214,0.0499997
0.215,0.0500007
0.216,0.050002
0.217,0.0500048
0.218,0.0500056
0.219,0.0500063
0.22,0.0500084
0.221,0.0500127
0.222,0.0500113
0.223,0.0500185
0.224,0.0500179
0.225,0.050018
0.226,0.0500254
0.227,0.0500262
0.228,0.050027
0.229,0.0500298
0.23,0.0500307
0.231,0.0500413
0.232,0.0500417
0.233,0.0500479
0.234,0.0500492
0.235,0.0500592
0.236,0.0500615
0.237,0.0500599
0.238,0.0500625
0.239,0.0500658
0.24,0.0500728
0.241,0.0500743
0.242,0.0500755
0.243,0.0500775
0.244,0.0500838
0.245,0.0500861
0.246,0.0500949
0.247,0.050095
0.248,0.0500979
0.249,0.0501063
0.25,0.05011
0.251,0.0501116
0.252,0.0501214
0.253,0.0501288
0.254,0.0501328
0.255,0.0501368
0.256,0.050144
0.257,0.0501462
0.258,0.0501566
0.259,0.0501578
0.26,0.0501679
0.261,0.0501694
0.262,0.0501792
0.263,0.0501823
0.264,0.0501894
0.265,0.0501897
0.266,0.0501991
0.267,0.0502086
0.268,0.050209
0.269,0.0502072
0.27,0.0502133
0.271,0.0502178
0.272,0.0502182
0.273,0.0502168
0.274,0.0502236
0.275,0.0502239
0.276,0.0502362
0.277,0.0502379
0.278,0.0502493
0.279,0.0502526
0.28,0.0502579
0.281,0.050261
0.282,0.0502644
0.283,0.0502672
0.284,0.0502664
0.285,0.0502743
0.286,0.0502743
0.287,0.0502841
0.288,0.0502849
0.289,0.0502942
0.29,0.0502959
0.291,0.0503025
0.292,0.0503032
0.293,0.050313
0.294,0.0503142
0.295,0.0503269
0.296,0.0503309
0.297,0.0503469
0.298,0.0503486
0.299,0.0503519
0.3,0.0503517
0.301,0.0503625
0.302,0.0503638
0.303,0.0503781
0.304,0.050382
0.305,0.0503992
0.306,0.0504008
0.307,0.0504041
0.308,0.0504039
0.309,0.0504152
0.31,0.050418
0.311,0.0504289
0.312,0.0504323
0.313,0.0504442
0.314,0.0504481
0.315,0.0504611
0.316,0.0504729
0.317,0.0504904
0.318,0.050493
0.319,0.0505054
0.32,0.0505077
0.321,0.0505094
0.322,0.0505106
0.323,0.0505141
0.324,0.0505153
0.325,0.0505163
0.326,0.0505187
0.327,0.0505237
0.328,0.0505251
0.329,0.0505324
0.33,0.0505257
0.331,0.0505347
0.332,0.0505363
0.333,0.0505501
0.334,0.0505527
0.335,0.0505666
0.336,0.0505709
0.337,0.0505737
0.338,0.0505735
0.339,0.0505856
0.34,0.0505885
0.341,0.0506
0.342,0.0506014
0.343,0.0506221
0.344,0.0506265
0.345,0.0506489
0.346,0.0506543
0.347,0.0506666
0.348,0.0506761
0.349,0.0506879
0.35,0.0506914
0.351,0.0506938
0.352,0.0506962
0.353,0.0507093
0.354,0.0507167
0.355,0.0507174
0.356,0.0507149
0.357,0.0507221
0.358,0.0507238
0.359,0.0507291
0.36,0.0507317
0.361,0.0507332
0.362,0.0507345
0.363,0.0507445
0.364,0.0507484
0.365,0.0507495
0.366,0.0507484
0.367,0.0507569
0.368,0.0507589
0.369,0.0507722
0.37,0.0507752
0.371,0.0507887
0.372,0.0507928
0.373,0.0507975
0.374,0.0508078
0.375,0.0508143
0.376,0.0508215
0.377,0.0508283
0.378,0.0508508
0.379,0.0508664
0.38,0.0508731
0.381,0.0508806
0.382,0.0508873
0.383,0.0508949
0.384,0.0509398
0.385,0.0509701
0.386,0.0509786
0.387,0.0509998
0.388,0.0510031
0.389,0.0510147
0.39,0.0510259
0.391,0.0510438
0.392,0.051048
0.393,0.0510588
0.394,0.0510609
0.395,0.0510643
0.396,0.0510614
0.397,0.0510697
0.398,0.0510699
0.399,0.0510816
0.4,0.0510876
0.401,0.0510962
0.402,0.0511035
0.403,0.0511111
0.404,0.0511172
0.405,0.0511251
0.406,0.0511321
0.407,0.0511404
0.408,0.0511867
0.409,0.0512176
0.41,0.0512269
0.411,0.0512497
0.412,0.0512541
0.413,0.0512606
0.414,0.0513065
0.415,0.051338
0.416,0.0513488
0.417,0.0513726
0.418,0.0513775
0.419,0.0513909
0.42,0.0514033
0.421,0.0514228
0.422,0.0514281
0.423,0.0514398
0.424,0.0514422
0.425,0.0514507
0.426,0.0514615
0.427,0.0514692
0.428,0.0514779
0.429,0.0514853
0.43,0.0514942
0.431,0.0515378
0.432,0.0515673
0.433,0.0515759
0.434,0.0515971
0.435,0.0516013
0.436,0.0516137
0.437,0.0516256
0.438,0.0516444
0.439,0.0516494
0.44,0.0516608
0.441,0.0516647
0.442,0.0516712
0.443,0.0517171
0.444,0.0517473
0.445,0.0517578
0.446,0.0517805
0.447,0.0517859
0.448,0.0517997
0.449,0.0518126
0.45,0.0518327
0.451,0.0518384
0.452,0.0518503
0.453,0.0518526
0.454,0.0518612
0.455,0.0518725
0.456,0.0518827
0.457,0.0518924
0.458,0.051902
0.459,0.0519138
0.46,0.051937
0.461,0.0519556
0.462,0.0519593
0.463,0.0519732
0.464,0.0519754
0.465,0.0519881
0.466,0.0519959
0.467,0.0520032
0.468,0.0520069
0.469,0.0520171
0.47,0.0520252
0.471,0.0520336
0.472,0.0520829
0.473,0.0521136
0.474,0.0521247
0.475,0.0521484
0.476,0.0521582
0.477,0.0521712
0.478,0.0522223
0.479,0.0522558
0.48,0.0522692
0.481,0.0522949
0.482,0.0523022
0.483,0.0523166
0.484,0.0523168
0.485,0.0523242
0.486,0.0523307
0.487,0.0523414
0.488,0.0523522
0.489,0.0523636
0.49,0.0524158
0.491,0.0524488
0.492,0.0524623
0.493,0.0524882
0.494,0.0524935
0.495,0.0524964
0.496,0.0524988
0.497,0.052511
0.498,0.0525146
0.499,0.0525181
0.5,0.0525188
0.501,0.0525288
0.502,0.0525301
0.503,0.0525326
0.504,0.0525361
0.505,0.0525519
0.506,0.052553
0.507,0.0525548
0.508,0.0525549
0.509,0.0525654
0.51,0.0525671
0.511,0.0525699
0.512,0.0525738
0.513,0.05259
0.514,0.0525913
0.515,0.0525932
0.516,0.0525933
0.517,0.0526038
0.518,0.0526055
0.519,0.0526083
0.52,0.0526123
0.521,0.0526285
0.522,0.0526298
0.523,0.0526316
0.524,0.0526317
0.525,0.0526422
0.526,0.0526439
0.527,0.0526467
0.528,0.0526506
0.529,0.0526667
0.53,0.0526681
0.531,0.0526699
0.532,0.0526699
0.533,0.0526804
0.534,0.0526821
0.535,0.0526848
0.536,0.0526888
0.537,0.0527048
0.538,0.0527062
0.539,0.0527079
0.54,0.052708
0.541,0.0527184
0.542,0.0527201
0.543,0.0527228
0.544,0.0527268
0.545,0.0527427
0.546,0.0527441
0.547,0.0527458
0.548,0.0527459
0.549,0.0527562
0.55,0.0527579
0.551,0.0527606
0.552,0.0527646
0.553,0.0527803
0.554,0.0527817
0.555,0.0527835
0.556,0.0527835
0.557,0.0527938
0.558,0.0527954
0.559,0.0527981
0.56,0.0528021
0.561,0.0528177
0.562,0.0528192
0.563,0.0528209
0.564,0.0528209
0.565,0.0528312
0.566,0.0528328
0.567,0.0528354
0.568,0.0528394
0.569,0.0528549
0.57,0.0528564
0.571,0.0528581
0.572,0.0528581
0.573,0.0528683
0.574,0.0528699
0.575,0.0528725
0.576,0.0528765
0.577,0.0528919
0.578,0.0528933
0.579,0.052895
0.58,0.052895
0.581,0.0529051
0.582,0.0529067
0.583,0.0529093
0.584,0.0529133
0.585,0.0529286
0.586,0.05293
0.587,0.0529317
0.588,0.0529317
0.589,0.0529417
0.59,0.0529433
0.591,0.0529459
0.592,0.0529498
0.593,0.0529649
0.594,0.0529664
0.595,0.052968
0.596,0.0529681
0.597,0.052978
0.598,0.0529796
0.599,0.0529822
0.6,0.0529861
0.601,0.0530011
0.602,0.0530025
0.603,0.0530041
0.604,0.0530042
0.605,0.0530141
0.606,0.0530156
0.607,0.0530182
0.608,0.0530221
0.609,0.0530369
0.61,0.0530384
0.611,0.05304
0.612,0.05304
0.613,0.0530498
0.614,0.0530514
0.615,0.0530539
0.616,0.0530578
0.617,0.0530725
0.618,0.053074
0.619,0.0530756
0.62,0.0530756
0.621,0.0530853
0.622,0.0530869
0.623,0.0530894
0.624,0.0530933
0.625,0.0531079
0.626,0.0531093
0.627,0.0531108
0.628,0.0531108
0.629,0.0531205
0.63,0.0531221
0.631,0.0531246
0.632,0.0531284
0.633,0.0531429
0.634,0.0531443
0.635,0.0531458
0.636,0.0531458
0.637,0.0531555
0.638,0.053157
0.639,0.0531595
0.64,0.0531633
0.641,0.0531777
0.642,0.053179
0.643,0.0531806
0.644,0.0531805
0.645,0.0531901
0.646,0.0531917
0.647,0.0531941
0.648,0.0531979
0.649,0.0532121
0.65,0.0532135
0.651,0.053215
0.652,0.053215
0.653,0.0532245
0.654,0.053226
0.655,0.0532285
0.656,0.0532322
0.657,0.0532463
0.658,0.0532476
0.659,0.0532492
0.66,0.0532491
0.661,0.0532586
0.662,0.0532601
0.663,0.0532626
0.664,0.0532663
0.665,0.0532802
0.666,0.0532815
0.667,0.053283
0.668,0.053283
0.669,0.0532924
0.67,0.0532939
0.671,0.0532963
0.672,0.0533
0.673,0.0533138
0.674,0.0533151
0.675,0.0533165
0.676,0.0533165
0.677,0.0533258
0.678,0.0533273
0.679,0.0533298
0.68,0.0533334
0.681,0.053347
0.682,0.0533483
0.683,0.0533498
0.684,0.0533497
0.685,0.053359
0.686,0.0533605
0.687,0.0533629
0.688,0.0533664
0.689,0.05338
0.69,0.0533812
0.691,0.0533827
0.692,0.0533826
0.693,0.0533918
0.694,0.0533933
0.695,0.0533957
0.696,0.0533992
0.697,0.0534127
0.698,0.0534139
0.699,0.0534153
0.7,0.0534152
0.701,0.0534244
0.702,0.0534259
0.703,0.0534283
0.704,0.0534318
0.705,0.053445
0.706,0.0534462
0.707,0.0534477
0.708,0.0534476
0.709,0.0534567
0.71,0.0534582
0.711,0.0534605
0.712,0.053464
0.713,0.0534771
0.714,0.0534783
0.715,0.0534797
0.716,0.0534796
0.717,0.0534887
0.718,0.0534902
0.719,0.0534925
0.72,0.0534959
0.721,0.0535089
0.722,0.0535101
0.723,0.0535115
0.724,0.0535113
0.725,0.0535203
0.726,0.0535219
0.727,0.0535242
0.728,0.0535276
0.729,0.0535404
0.73,0.0535415
0.731,0.0535429
0.732,0.0535428
0.733,0.0535517
0.734,0.0535532
0.735,0.0535556
0.736,0.0535589
0.737,0.0535716
0.738,0.0535727
0.739,0.0535741
0.74,0.0535739
0.741,0.0535828
0.742,0.0535843
0.743,0.0535866
0.744,0.0535877
0.745,0.0535966
0.746,0.0535983
0.747,0.0536005
0.748,0.0536017
0.749,0.0536103
0.75,0.0536118
0.751,0.0536138
0.752,0.0536177
0.753,0.0536305
0.754,0.0536317
0.755,0.0536328
0.756,0.0536329
0.757,0.0536413
0.758,0.0536424
0.759,0.0536445
0.76,0.0536482
0.761,0.0536605
0.762,0.0536617
0.763,0.0536629
0.764,0.0536629
0.765,0.0536714
0.766,0.0536727
0.767,0.0536748
0.768,0.0536783
0.769,0.0536905
0.77,0.0536916
0.771,0.0536929
0.772,0.0536927
0.773,0.0537013
0.774,0.0537027
0.775,0.0537049
0.776,0.0537082
0.777,0.0537203
0.778,0.0537213
0.779,0.0537226
0.78,0.0537224
0.781,0.053731
0.782,0.0537324
0.783,0.0537346
0.784,0.0537356
0.785,0.0537442
0.786,0.0537471
0.787,0.0537634
0.788,0.0537665
0.789,0.053781
0.79,0.0537842
0.791,0.0537908
0.792,0.0537925
0.793,0.0538037
0.794,0.0538081
0.795,0.0538114
0.796,0.0538113
0.797,0.0538187
0.798,0.0538193
0.799,0.0538279
0.8,0.0538378
0.801,0.053848
0.802,0.0538586
0.803,0.0538685
0.804,0.0538793
0.805,0.0538882
0.806,0.0538982
0.807,0.0539481
0.808,0.0539769
0.809,0.0539897
0.81,0.0539975
0.811,0.054002
0.812,0.0540047
0.813,0.0540067
0.814,0.0540078
0.815,0.0540093
0.816,0.05401
0.817,0.0540112
0.818,0.0540117
0.819,0.0540128
0.82,0.0540133
0.821,0.0540143
0.822,0.0540148
0.823,0.0540157
0.824,0.0540162
0.825,0.0540171
0.826,0.0540175
0.827,0.0540184
0.828,0.0540188
0.829,0.0540197
0.83,0.0540201
0.831,0.0540211
0.832,0.0540216
0.833,0.0540223
0.834,0.0540206
0.835,0.0540275
0.836,0.0540279
0.837,0.0540314
0.838,0.0540336
0.839,0.0540353
0.84,0.0540452
0.841,0.0540497
0.842,0.0540518
0.843,0.0540515
0.844,0.0540586
0.845,0.0540592
0.846,0.0540607
0.847,0.0540608
0.848,0.0540678
0.849,0.0540687
0.85,0.0540766
0.851,0.0540872
0.852,0.054097
0.853,0.0541064
0.854,0.0541162
0.855,0.0541257
0.856,0.0541363
0.857,0.054146
0.858,0.054196
0.859,0.0542242
0.86,0.0542372
0.861,0.0542375
0.862,0.0542491
0.863,0.0542534
0.864,0.0542537
0.865,0.0542626
0.866,0.054268
0.867,0.0542878
0.868,0.054292
0.869,0.0542936
0.87,0.0542972
0.871,0.0543059
0.872,0.0543098
0.873,0.0543204
0.874,0.0543228
0.875,0.0543371
0.876,0.0543397
0.877,0.0543525
0.878,0.0543556
0.879,0.0543655
0.88,0.0543713
0.881,0.0543666
0.882,0.0543757
0.883,0.0543782
0.884,0.0543903
0.885,0.0543961
0.886,0.0544095
0.887,0.0544118
0.888,0.0544138
0.889,0.0544147
0.89,0.0544232
0.891,0.0544258
0.892,0.0544271
0.893,0.0544289
0.894,0.054439
0.895,0.0544423
0.896,0.0544564
0.897,0.0544624
0.898,0.0544765
0.899,0.0544794
0.9,0.0544896
0.901,0.0544943
0.902,0.0545018
0.903,0.0545025
0.904,0.0545109
0.905,0.0545231
0.906,0.0545319
0.907,0.0545412
0.908,0.0545503
0.909,0.0545595
0.91,0.0545685
0.911,0.054579
0.912,0.0546293
0.913,0.0546571
0.914,0.0546704
0.915,0.0546713
0.916,0.0546828
0.917,0.0546874
0.918,0.0546871
0.919,0.0546954
0.92,0.0546986
0.921,0.0546988
0.922,0.0547071
0.923,0.0547125
0.924,0.0547125
0.925,0.0547197
0.926,0.0547202
0.927,0.0547244
0.928,0.0547259
0.929,0.0547341
0.93,0.0547369
0.931,0.0547485
0.932,0.0547505
0.933,0.0547527
0.934,0.0547535
0.935,0.0547639
0.936,0.054767
0.937,0.0547683
0.938,0.0547711
0.939,0.0547761
0.94,0.0547791
0.941,0.0547849
0.942,0.0547922
0.943,0.0548005
0.944,0.0548085
0.945,0.0548178
0.946,0.054826
0.947,0.0548282
0.948,0.0548282
0.949,0.0548283
0.95,0.0548257
0.951,0.0548279
0.952,0.0548263
0.953,0.0548337
0.954,0.0548344
0.955,0.0548356
0.956,0.0548369
0.957,0.0548465
0.958,0.0548483
0.959,0.0548575
0.96,0.0548616
0.961,0.0548687
0.962,0.0548695
0.963,0.0548766
0.964,0.0548879
0.965,0.0548963
0.966,0.0549016
0.967,0.0549046
0.968,0.0549058
0.969,0.0549133
0.97,0.0549146
0.971,0.0549238
0.972,0.0549254
0.973,0.0549347
0.974,0.0549375
0.975,0.0549469
0.976,0.0549519
0.977,0.054954
0.978,0.0549535
0.979,0.054961
0.98,0.0549639
0.981,0.0549645
0.982,0.0549726
0.983,0.0549742
0.984,0.0549851
0.985,0.0549904
0.986,0.0550025
0.987,0.0550049
0.988,0.0550104
0.989,0.0550125
0.99,0.05502
0.991,0.055023
0.992,0.0550258
0.993,0.055026
0.994,0.0550327
0.995,0.0550363
0.996,0.055044
0.997,0.0550456
0.998,0.0550527
0.999,0.0550628
1,0.0550712
1.001,0.0550805
1.002,0.0550893
1.003,0.0550985
1.004,0.0551074
1.005,0.0551163
1.006,0.055121
1.007,0.0551283
1.008,0.0551322
1.009,0.0551276
1.01,0.055136
1.011,0.0551395
1.012,0.0551414
1.013,0.055145
1.014,0.0551465
1.015,0.0551542
1.016,0.0551556
1.017,0.0551591
1.018,0.0551602
1.019,0.055167
1.02,0.0551679
1.021,0.0551763
1.022,0.0551799
1.023,0.0551855
1.024,0.0551863
1.025,0.0551945
1.026,0.0552056
1.027,0.0552144
1.028,0.0552239
1.029,0.0552331
1.03,0.0552425
1.031,0.0552513
1.032,0.0552606
1.033,0.055265
1.034,0.0552724
1.035,0.0552767
1.036,0.0552737
1.037,0.0552817
1.038,0.055285
1.039,0.0552843
1.04,0.0552914
1.041,0.0552936
1.042,0.0552946
1.043,0.0553015
1.044,0.0553027
1.045,0.0553118
1.046,0.0553155
1.047,0.0553216
1.048,0.0553225
1.049,0.0553301
1.05,0.055341
1.051,0.0553496
1.052,0.0553586
1.053,0.0553675
1.054,0.0553766
1.055,0.0553854
1.056,0.055395
1.057,0.0554461
1.058,0.0554761
1.059,0.0554821
1.06,0.0554826
1.061,0.0554906
1.062,0.0554935
1.063,0.055496
1.064,0.0554974
1.065,0.0554981
1.066,0.0555065
1.067,0.0555114
1.068,0.0555109
1.069,0.0555163
1.07,0.0555175
1.071,0.0555259
1.072,0.0555283
1.073,0.055528
1.074,0.0555348
1.075,0.0555402
1.076,0.0555404
1.077,0.0555463
1.078,0.0555489
1.079,0.0555545
1.08,0.0555573
1.081,0.0555673
1.082,0.0555695
1.083,0.0555711
1.084,0.0555708
1.085,0.0555779
1.086,0.0555806
1.087,0.0555835
1.088,0.0555843
1.089,0.0555904
1.09,0.0555917
1.091,0.0555933
1.092,0.0555934
1.093,0.0555989
1.094,0.0555995
1.095,0.055606
1.096,0.0556154
1.097,0.0556234
1.098,0.0556316
1.099,0.0556405
1.1,0.0556493
1.101,0.0556578
1.102,0.0556668
1.103,0.0557185
1.104,0.0557446
1.105,0.0557521
1.106,0.0557623
1.107,0.0557829
1.108,0.0557938
1.109,0.0557961
1.11,0.0558045
1.111,0.0558072
1.112,0.0558094
1.113,0.0558111
1.114,0.0558133
1.115,0.0558164
1.116,0.0558273
1.117,0.0558311
1.118,0.0558315
1.119,0.0558384
1.12,0.0558437
1.121,0.0558436
1.122,0.0558487
1.123,0.0558499
1.124,0.0558511
1.125,0.0558522
1.126,0.0558537
1.127,0.0558547
1.128,0.0558544
1.129,0.0558543
1.13,0.0558533
1.131,0.0558529
1.132,0.0558518
1.133,0.0558514
1.134,0.0558505
1.135,0.0558502
1.136,0.0558494
1.137,0.0558492
1.138,0.0558487
1.139,0.0558481
1.14,0.0558545
1.141,0.0558565
1.142,0.0558587
1.143,0.0558589
1.144,0.0558645
1.145,0.0558691
1.146,0.0558681
1.147,0.055873
1.148,0.0558739
1.149,0.055875
1.15,0.0558764
1.151,0.0558834
1.152,0.0558859
1.153,0.0558936
1.154,0.0559018
1.155,0.0559063
1.156,0.0559082
1.157,0.0559094
1.158,0.0559106
1.159,0.0559159
1.16,0.055916
1.161,0.0559226
1.162,0.0559344
1.163,0.0559425
1.164,0.0559424
1.165,0.0559479
1.166,0.0559497
1.167,0.0559543
1.168,0.0559566
1.169,0.0559657
1.17,0.0559674
1.171,0.0559688
1.172,0.0559685
1.173,0.055975
1.174,0.0559774
1.175,0.05598
1.176,0.0559807
1.177,0.0559863
1.178,0.0559876
1.179,0.0559892
1.18,0.0559892
1.181,0.0559945
1.182,0.0559951
1.183,0.0560015
1.184,0.0560108
1.185,0.0560188
1.186,0.0560274
1.187,0.056036
1.188,0.0560448
1.189,0.0560534
1.19,0.0560622
1.191,0.0561144
1.192,0.0561429
1.193,0.0561504
1.194,0.0561631
1.195,0.0561688
1.196,0.0561677
1.197,0.0561731
1.198,0.0561921
1.199,0.0562026
1.2,0.0562106
1.201,0.0562152
1.202,0.0562179
1.203,0.0562192
1.204,0.056228
1.205,0.0562303
1.206,0.0562298
1.207,0.0562359
1.208,0.056237
1.209,0.0562443
1.21,0.0562561
1.211,0.0562652
1.212,0.0562705
1.213,0.0562731
1.214,0.0562745
1.215,0.0562821
1.216,0.0562831
1.217,0.0562901
1.218,0.0563011
1.219,0.0563098
1.22,0.0563148
1.221,0.0563172
1.222,0.0563183
1.223,0.0563248
1.224,0.0563271
1.225,0.0563353
1.226,0.056337
1.227,0.056343
1.228,0.0563462
1.229,0.0563543
1.23,0.0563574
1.231,0.0563592
1.232,0.0563595
1.233,0.0563648
1.234,0.0563668
1.235,0.0563738
1.236,0.0563819
1.237,0.0563863
1.238,0.056388
1.239,0.056389
1.24,0.0563877
1.241,0.0563872
1.242,0.0563859
1.243,0.0563854
1.244,0.0563845
1.245,0.056384
1.246,0.0563834
1.247,0.0563831
1.248,0.0563826
1.249,0.0563824
1.25,0.0563821
1.251,0.056382
1.252,0.0563818
1.253,0.0563849
1.254,0.0563842
1.255,0.0563883
1.256,0.05639
1.257,0.0563908
1.258,0.0563937
1.259,0.0563951
1.26,0.0564008
1.261,0.0564031
1.262,0.0564109
1.263,0.0564129
1.264,0.0564196
1.265,0.0564201
1.266,0.0564242
1.267,0.056424
1.268,0.0564277
1.269,0.0564275
1.27,0.0564307
1.271,0.0564305
1.272,0.0564335
1.273,0.0564334
1.274,0.0564365
1.275,0.0564366
1.276,0.0564398
1.277,0.05644
1.278,0.0564433
1.279,0.0564436
1.28,0.056447
1.281,0.0564473
1.282,0.0564507
1.283,0.056451
1.284,0.0564545
1.285,0.0564548
1.286,0.0564583
1.287,0.0564586
1.288,0.0564621
1.289,0.0564625
1.29,0.0564659
1.291,0.0564663
1.292,0.0564698
1.293,0.0564702
1.294,0.0564736
1.295,0.056474
1.296,0.0564775
1.297,0.0564779
1.298,0.0564814
1.299,0.0564818
1.3,0.0564852
1.301,0.0564856
1.302,0.0564891
1.303,0.0564895
1.304,0.056493
1.305,0.0564934
1.306,0.0564969
1.307,0.0564973
1.308,0.0565008
1.309,0.0565012
1.31,0.0565047
1.311,0.0565051
1.312,0.0565086
1.313,0.056509
1.314,0.0565125
1.315,0.0565255
1.316,0.056529
1.317,0.0565334
1.318,0.056541
1.319,0.0565445
1.32,0.0565442
1.321,0.0565481
1.322,0.0565481
1.323,0.0565562
1.324,0.0565599
1.325,0.0565599
1.326,0.056564
1.327,0.056564
1.328,0.0565723
1.329,0.056576
1.33,0.0565762
1.331,0.0565804
1.332,0.0565806
1.333,0.0565889
1.334,0.0565925
1.335,0.0565928
1.336,0.0565971
1.337,0.0565973
1.338,0.0566056
1.339,0.0566092
1.34,0.0566095
1.341,0.0566139
1.342,0.056614
1.343,0.0566224
1.344,0.0566259
1.345,0.0566262
1.346,0.0566329
1.347,0.0566359
1.348,0.0566374
1.349,0.0566453
1.35,0.0566483
1.351,0.0566487
1.352,0.0566557
1.353,0.0566584
1.354,0.0566586
1.355,0.0566629
1.356,0.0566639
1.357,0.0566637
1.358,0.0566676
1.359,0.0566687
1.36,0.0566685
1.361,0.0566725
1.362,0.0566737
1.363,0.0566736
1.364,0.0566777
1.365,0.0566789
1.366,0.0566789
1.367,0.056683
1.368,0.0566842
1.369,0.0566842
1.37,0.0566884
1.371,0.0566896
1.372,0.0566897
1.373,0.0566938
1.374,0.0566951
1.375,0.0566951
1.376,0.0566993
1.377,0.0567006
1.378,0.0567006
1.379,0.0567048
1.38,0.0567061
1.381,0.0567062
1.382,0.0567105
1.383,0.0567118
1.384,0.0567119
1.385,0.0567162
1.386,0.0567175
1.387,0.0567178
1.388,0.0567221
1.389,0.0567234
1.39,0.0567275
1.391,0.0567436
1.392,0.0567517
1.393,0.056753
1.394,0.0567575
1.395,0.0567581
1.396,0.0567639
1.397,0.0567649
1.398,0.0567687
1.399,0.056769
1.4,0.0567724
1.401,0.0567726
1.402,0.056776
1.403,0.0567762
1.404,0.0567796
1.405,0.05678
1.406,0.0567835
1.407,0.0567838
1.408,0.0567873
1.409,0.0567877
1.41,0.0567913
1.411,0.0567917
1.412,0.0567953
1.413,0.0567957
1.414,0.0567993
1.415,0.0567997
1.416,0.0568033
1.417,0.0568038
1.418,0.0568074
1.419,0.0568079
1.42,0.0568115
1.421,0.0568119
1.422,0.0568156
1.423,0.056816
1.424,0.0568197
1.425,0.0568323
1.426,0.0568358
1.427,0.0568402
1.428,0.0568473
1.429,0.0568503
1.43,0.05685
1.431,0.056854
1.432,0.056854
1.433,0.056862
1.434,0.0568654
1.435,0.0568656
1.436,0.0568698
1.437,0.0568701
1.438,0.0568783
1.439,0.0568818
1.44,0.0568822
1.441,0.0568867
1.442,0.0568871
1.443,0.0568954
1.444,0.0568989
1.445,0.0568994
1.446,0.056904
1.447,0.0569043
1.448,0.0569126
1.449,0.0569161
1.45,0.0569167
1.451,0.0569213
1.452,0.0569216
1.453,0.05693
1.454,0.0569334
1.455,0.0569339
1.456,0.0569386
1.457,0.0569389
1.458,0.0569473
1.459,0.0569506
1.46,0.0569512
1.461,0.0569558
1.462,0.056956
1.463,0.0569575
1.464,0.0569586
1.465,0.0569598
1.466,0.0569631
1.467,0.0569739
1.468,0.0569774
1.469,0.0569781
1.47,0.0569829
1.471,0.056984
1.472,0.0569878
1.473,0.0570036
1.474,0.0570068
1.475,0.0570081
1.476,0.0570136
1.477,0.0570151
1.478,0.0570152
1.479,0.0570195
1.48,0.0570207
1.481,0.0570208
1.482,0.0570251
1.483,0.0570263
1.484,0.0570264
1.485,0.0570307
1.486,0.0570319
1.487,0.0570321
1.488,0.0570364
1.489,0.0570377
1.49,0.0570378
1.491,0.0570422
1.492,0.0570435
1.493,0.0570436
1.494,0.057048
1.495,0.0570493
1.496,0.0570496
1.497,0.0570542
1.498,0.0570555
1.499,0.0570558
1.5,0.0570604
1.501,0.0570618
1.502,0.0570621
1.503,0.0570667
1.504,0.0570681
1.505,0.0570723
1.506,0.0570885
1.507,0.057097
1.508,0.0570984
1.509,0.0571034
1.51,0.0571041
1.511,0.0571103
1.512,0.0571114
1.513,0.0571155
1.514,0.0571158
1.515,0.0571195
1.516,0.0571197
1.517,0.0571234
1.518,0.0571237
1.519,0.0571274
1.52,0.0571278
1.521,0.0571316
1.522,0.057132
1.523,0.0571358
1.524,0.0571363
1.525,0.0571401
1.526,0.0571406
1.527,0.0571445
1.528,0.057145
1.529,0.0571489
1.53,0.0571494
1.531,0.0571533
1.532,0.0571543
1.533,0.0571597
1.534,0.0571662
1.535,0.0571687
1.536,0.057174
1.537,0.0571777
1.538,0.0571861
1.539,0.0571898
1.54,0.0571919
1.541,0.0571984
1.542,0.0572048
1.543,0.0572061
1.544,0.0572103
1.545,0.057213
1.546,0.0572206
1.547,0.0572235
1.548,0.057225
1.549,0.0572309
1.55,0.0572371
1.551,0.0572376
1.552,0.0572368
1.553,0.0572393
1.554,0.0572462
1.555,0.057249
1.556,0.0572505
1.557,0.0572565
1.558,0.0572576
1.559,0.0572618
1.56,0.0572776
1.561,0.0572862
1.562,0.0572873
1.563,0.0572922
1.564,0.0572962
1.565,0.0573051
1.566,0.0573073
1.567,0.0573075
1.568,0.0573123
1.569,0.0573134
1.57,0.0573177
1.571,0.0573337
1.572,0.0573425
1.573,0.0573439
1.574,0.0573489
1.575,0.0573538
1.576,0.0573627
1.577,0.0573649
1.578,0.0573651
1.579,0.0573699
1.58,0.057371
1.581,0.0573708
1.582,0.0573752
1.583,0.0573763
1.584,0.0573807
1.585,0.0573969
1.586,0.0574059
1.587,0.0574074
1.588,0.0574126
1.589,0.0574159
1.59,0.0574247
1.591,0.0574265
1.592,0.0574313
1.593,0.0574318
1.594,0.0574358
1.595,0.0574362
1.596,0.0574401
1.597,0.0574405
1.598,0.0574445
1.599,0.057445
1.6,0.057449
1.601,0.0574496
1.602,0.0574537
1.603,0.0574542
1.604,0.0574583
1.605,0.0574589
1.606,0.0574631
1.607,0.0574711
1.608,0.0574761
1.609,0.0574816
1.61,0.0574891
1.611,0.0574959
1.612,0.0574944
1.613,0.0575015
1.614,0.0575047
1.615,0.057507
1.616,0.057514
1.617,0.0575204
1.618,0.0575292
1.619,0.0575325
1.62,0.057533
1.621,0.0575382
1.622,0.0575387
1.623,0.057547
1.624,0.0575503
1.625,0.0575509
1.626,0.0575561
1.627,0.0575567
1.628,0.0575652
1.629,0.0575685
1.63,0.0575693
1.631,0.0575746
1.632,0.0575753
1.633,0.0575768
1.634,0.0575779
1.635,0.0575788
1.636,0.057582
1.637,0.0575928
1.638,0.0575963
1.639,0.0575972
1.64,0.0576026
1.641,0.0576037
1.642,0.0576082
1.643,0.0576243
1.644,0.0576335
1.645,0.057635
1.646,0.0576401
1.647,0.0576435
1.648,0.0576521
1.649,0.0576559
1.65,0.0576674
1.651,0.057671
1.652,0.0576717
1.653,0.0576778
1.654,0.0576844
1.655,0.0576846
1.656,0.0576902
1.657,0.0576909
1.658,0.0576955
1.659,0.0576973
1.66,0.0577036
1.661,0.0577067
1.662,0.0577172
1.663,0.0577191
1.664,0.0577202
1.665,0.0577191
1.666,0.0577272
1.667,0.057729
1.668,0.0577375
1.669,0.0577418
1.67,0.0577537
1.671,0.0577576
1.672,0.0577657
1.673,0.057769
1.674,0.0577801
1.675,0.0577838
1.676,0.0577862
1.677,0.0577931
1.678,0.0577932
1.679,0.057795
1.68,0.0577967
1.681,0.0578048
1.682,0.0578048
1.683,0.057809
1.684,0.0578092
1.685,0.0578139
1.686,0.0578193
1.687,0.0578295
1.688,0.0578312
1.689,0.0578316
1.69,0.0578388
1.691,0.057849
1.692,0.0578602
1.693,0.0578715
1.694,0.057876
1.695,0.0578811
1.696,0.0578834
1.697,0.0578895
1.698,0.0578913
1.699,0.0578933
1.7,0.0578968
1.701,0.057898
1.702,0.0579037
1.703,0.057907
1.704,0.0579144
1.705,0.0579181
1.706,0.0579294
1.707,0.0579318
1.708,0.0579334
1.709,0.0579342
1.71,0.0579409
1.711,0.0579455
1.712,0.057953
1.713,0.0579571
1.714,0.0579631
1.715,0.0579645
1.716,0.057977
1.717,0.0579946
1.718,0.0579999
1.719,0.0580125
1.72,0.0580156
1.721,0.058018
1.722,0.0580192
1.723,0.0580265
1.724,0.0580272
1.725,0.0580322
1.726,0.0580343
1.727,0.0580408
1.728,0.0580433
1.729,0.0580511
1.73,0.0580535
1.731,0.0580612
1.732,0.0580622
1.733,0.0580668
1.734,0.058067
1.735,0.0580711
1.736,0.0580713
1.737,0.0580755
1.738,0.0580759
1.739,0.0580802
1.74,0.0580807
1.741,0.0580852
1.742,0.0580858
1.743,0.0580904
1.744,0.058091
1.745,0.0580956
1.746,0.0580963
1.747,0.058101
1.748,0.0581017
1.749,0.0581064
1.75,0.0581152
1.751,0.0581207
1.752,0.0581261
1.753,0.0581337
1.754,0.0581411
1.755,0.0581402
1.756,0.0581478
1.757,0.0581513
1.758,0.0581537
1.759,0.0581612
1.76,0.0581679
1.761,0.0581768
1.762,0.05818
1.763,0.0581809
1.764,0.0581869
1.765,0.0581879
1.766,0.0581965
1.767,0.0581998
1.768,0.0582007
1.769,0.0582067
1.77,0.0582079
1.771,0.0582167
1.772,0.05822
1.773,0.0582212
1.774,0.0582273
1.775,0.0582286
1.776,0.05823
1.777,0.0582311
1.778,0.0582317
1.779,0.0582348
1.78,0.0582427
1.781,0.0582499
1.782,0.0582517
1.783,0.0582561
1.784,0.0582591
1.785,0.058267
1.786,0.0582698
1.787,0.0582715
1.788,0.0582719
1.789,0.058271
1.79,0.0582731
1.791,0.0582801
1.792,0.0582881
1.793,0.0582925
1.794,0.0582937
1.795,0.0582962
1.796,0.058304
1.797,0.0583084
1.798,0.0583102
1.799,0.0583154
1.8,0.0583191
1.801,0.0583276
1.802,0.058331
1.803,0.058342
1.804,0.0583452
1.805,0.0583461
1.806,0.0583522
1.807,0.0583595
1.808,0.0583598
1.809,0.058366
1.81,0.0583669
1.811,0.0583726
1.812,0.0583873
1.813,0.0583983
1.814,0.0584045
1.815,0.058408
1.816,0.0584097
1.817,0.0584187
1.818,0.0584204
1.819,0.0584237
1.82,0.0584259
1.821,0.0584336
1.822,0.0584342
1.823,0.0584393
1.824,0.058441
1.825,0.0584472
1.826,0.05845
1.827,0.0584605
1.828,0.0584614
1.829,0.0584668
1.83,0.0584746
1.831,0.0584769
1.832,0.0584785
1.833,0.0584853
1.834,0.0584846
1.835,0.058489
1.836,0.0584892
1.837,0.0584939
1.838,0.0584996
1.839,0.0585108
1.84,0.0585135
1.841,0.0585151
1.842,0.0585162
1.843,0.0585229
1.844,0.0585239
1.845,0.0585292
1.846,0.0585312
1.847,0.0585374
1.848,0.0585403
1.849,0.0585468
1.85,0.058548
1.851,0.0585598
1.852,0.0585765
1.853,0.0585907
1.854,0.0585988
1.855,0.0586083
1.856,0.0586129
1.857,0.0586223
1.858,0.0586262
1.859,0.0586373
1.86,0.0586389
1.861,0.0586452
1.862,0.058648
1.863,0.058661
1.864,0.0586653
1.865,0.0586739
1.866,0.0586777
1.867,0.0586882
1.868,0.0586913
1.869,0.0586926
1.87,0.0586995
1.871,0.0586999
1.872,0.0586999
1.873,0.0587006
1.874,0.0587067
1.875,0.0587081
1.876,0.0587087
1.877,0.0587163
1.878,0.0587228
1.879,0.0587241
1.88,0.0587261
1.881,0.0587337
1.882,0.0587349
1.883,0.0587343
1.884,0.0587392
1.885,0.0587397
1.886,0.0587491
1.887,0.0587557
1.888,0.0587644
1.889,0.0587656
1.89,0.0587719
1.891,0.0587743
1.892,0.0587815
1.893,0.0587851
1.894,0.0587962
1.895,0.0587977
1.896,0.0588006
1.897,0.0588026
1.898,0.0588105
1.899,0.0588113
1.9,0.0588171
1.901,0.0588193
1.902,0.0588264
1.903,0.0588297
1.904,0.0588407
1.905,0.0588432
1.906,0.0588456
1.907,0.0588471
1.908,0.0588553
1.909,0.0588564
1.91,0.0588622
1.911,0.0588645
1.912,0.0588715
1.913,0.0588748
1.914,0.0588858
1.915,0.0588879
1.916,0.0588947
1.917,0.0588973
1.918,0.0589125
1.919,0.0589176
1.92,0.0589271
1.921,0.0589313
1.922,0.0589422
1.923,0.0589452
1.924,0.0589469
1.925,0.0589542
1.926,0.0589551
1.927,0.0589611
1.928,0.0589632
1.929,0.0589702
1.93,0.0589735
1.931,0.0589843
1.932,0.0589855
1.933,0.0589883
1.934,0.05899
1.935,0.0589981
1.936,0.0589992
1.937,0.0590051
1.938,0.0590073
1.939,0.0590143
1.94,0.0590175
1.941,0.0590284
1.942,0.0590304
1.943,0.0590327
1.944,0.0590334
1.945,0.0590419
1.946,0.0590432
1.947,0.0590494
1.948,0.0590518
1.949,0.059059
1.95,0.0590624
1.951,0.0590734
1.952,0.0590754
1.953,0.0590823
1.954,0.0590849
1.955,0.0591002
1.956,0.0591053
1.957,0.0591149
1.958,0.0591191
1.959,0.0591299
1.96,0.059133
1.961,0.0591347
1.962,0.0591423
1.963,0.0591432
1.964,0.0591493
1.965,0.0591514
1.966,0.0591585
1.967,0.0591618
1.968,0.0591727
1.969,0.0591739
1.97,0.0591766
1.971,0.0591784
1.972,0.0591867
1.973,0.0591877
1.974,0.0591937
1.975,0.0591959
1.976,0.0592031
1.977,0.0592063
1.978,0.0592172
1.979,0.0592192
1.98,0.0592215
1.981,0.0592227
1.982,0.0592313
1.983,0.0592325
1.984,0.0592388
1.985,0.0592412
1.986,0.0592484
1.987,0.0592517
1.988,0.0592627
1.989,0.0592647
1.99,0.0592718
1.991,0.0592743
1.992,0.0592896
1.993,0.0592947
1.994,0.0593042
1.995,0.0593084
1.996,0.0593193
1.997,0.0593223
1.998,0.0593242
1.999,0.0593319
2,0.0593328
2.001,0.0593391
2.002,0.0593412
2.003,0.0593484
2.004,0.0593516
2.005,0.0593625
2.006,0.0593638
2.007,0.0593666
2.008,0.0593684
2.009,0.0593768
2.01,0.0593778
2.011,0.059384
2.012,0.0593861
2.013,0.0593934
2.014,0.0593966
2.015,0.0594075
2.016,0.0594096
2.017,0.0594119
2.018,0.0594133
2.019,0.059422
2.02,0.0594231
2.021,0.0594295
2.022,0.0594319
2.023,0.0594392
2.024,0.0594425
2.025,0.0594535
2.026,0.0594556
2.027,0.0594579
2.028,0.0594591
2.029,0.059468
2.03,0.0594692
2.031,0.0594757
2.032,0.0594781
2.033,0.0594855
2.034,0.0594888
2.035,0.0594998
2.036,0.0595018
2.037,0.059509
2.038,0.0595117
2.039,0.059527
2.04,0.0595321
2.041,0.0595416
2.042,0.0595458
2.043,0.0595566
2.044,0.0595596
2.045,0.0595616
2.046,0.0595695
2.047,0.0595704
2.048,0.0595769
2.049,0.059579
2.05,0.0595863
2.051,0.0595896
2.052,0.0596004
2.053,0.0596018
2.054,0.0596046
2.055,0.0596065
2.056,0.0596151
2.057,0.0596161
2.058,0.0596223
2.059,0.0596245
2.06,0.0596319
2.061,0.0596359
2.062,0.0596468
2.063,0.0596487
2.064,0.0596508
2.065,0.0596522
2.066,0.0596608
2.067,0.0596619
2.068,0.0596683
2.069,0.0596705
2.07,0.0596779
2.071,0.0596815
2.072,0.0596926
2.073,0.0596945
2.074,0.0596967
2.075,0.0596981
2.076,0.0597069
2.077,0.059708
2.078,0.0597145
2.079,0.0597168
2.08,0.0597242
2.081,0.0597283
2.082,0.0597393
2.083,0.059741
2.084,0.0597481
2.085,0.0597506
2.086,0.0597656
2.087,0.0597705
2.088,0.0597799
2.089,0.059784
2.09,0.0597948
2.091,0.0597977
2.092,0.0597998
2.093,0.0598079
2.094,0.0598088
2.095,0.0598155
2.096,0.0598175
2.097,0.0598249
2.098,0.0598282
2.099,0.059839
2.1,0.0598406
2.101,0.0598424
2.102,0.0598435
2.103,0.0598445
2.104,0.0598456
2.105,0.0598459
2.106,0.0598542
2.107,0.0598545
2.108,0.0598543
2.109,0.059855
2.11,0.0598618
2.111,0.059863
2.112,0.0598637
2.113,0.0598713
2.114,0.0598721
2.115,0.059876
2.116,0.0598775
2.117,0.0598867
2.118,0.0598881
2.119,0.059895
2.12,0.0598987
2.121,0.0599079
2.122,0.0599095
2.123,0.0599169
2.124,0.0599332
2.125,0.0599475
2.126,0.0599556
2.127,0.059967
2.128,0.0599721
2.129,0.0599832
2.13,0.0599877
2.131,0.0599965
2.132,0.0599982
2.133,0.0600061
2.134,0.0600099
2.135,0.0600259
2.136,0.0600443
2.137,0.0600582
2.138,0.0600631
2.139,0.0600737
2.14,0.0600776
2.141,0.0600792
2.142,0.0600872
2.143,0.0600926
2.144,0.0600994
2.145,0.0600998
2.146,0.0601076
2.147,0.0601245
2.148,0.0601374
2.149,0.06014
2.15,0.0601483
2.151,0.0601501
2.152,0.0601563
2.153,0.0601574
2.154,0.060163
2.155,0.0601681
2.156,0.0601756
2.157,0.0601811
2.158,0.0601896
2.159,0.0601993
2.16,0.0602007
2.161,0.0602099
2.162,0.0602142
2.163,0.060226
2.164,0.060245
2.165,0.0602587
2.166,0.0602624
2.167,0.0602721
2.168,0.0602749
2.169,0.0602846
2.17,0.0602886
2.171,0.0602911
2.172,0.0603
2.173,0.060303
2.174,0.0603124
2.175,0.0603224
2.176,0.0603326
2.177,0.0603365
2.178,0.0603384
2.179,0.0603487
2.18,0.0603526
2.181,0.060363
2.182,0.0603694
2.183,0.06037
2.184,0.0603773
2.185,0.0603801
2.186,0.0603815
2.187,0.0603817
2.188,0.0603819
2.189,0.060388
2.19,0.0603912
2.191,0.0604018
2.192,0.0604055
2.193,0.0604069
2.194,0.0604145
2.195,0.0604225
2.196,0.0604314
2.197,0.0604341
2.198,0.0604364
2.199,0.0604449
2.2,0.060448
2.201,0.0604502
2.202,0.0604576
2.203,0.060461
2.204,0.0604706
2.205,0.0604769
2.206,0.0604855
2.207,0.0604953
2.208,0.0604964
2.209,0.0605034
2.21,0.0605083
2.211,0.0605161
2.212,0.0605215
2.213,0.0605299
2.214,0.0605397
2.215,0.0605408
2.216,0.0605426
2.217,0.0605504
2.218,0.0605551
2.219,0.0605632
2.22,0.0605687
2.221,0.0605771
2.222,0.0605869
2.223,0.0605885
2.224,0.0605971
2.225,0.0606008
2.226,0.0606044
2.227,0.0606144
2.228,0.060624
2.229,0.0606336
2.23,0.0606376
2.231,0.0606401
2.232,0.0606491
2.233,0.0606523
2.234,0.0606617
2.235,0.0606655
2.236,0.0606679
2.237,0.0606768
2.238,0.0606799
2.239,0.0606892
2.24,0.060693
2.241,0.0606952
2.242,0.0607039
2.243,0.0607068
2.244,0.0607161
2.245,0.0607198
2.246,0.060722
2.247,0.0607306
2.248,0.0607336
2.249,0.0607429
2.25,0.0607466
2.251,0.0607488
2.252,0.0607575
2.253,0.0607604
2.254,0.0607697
2.255,0.0607735
2.256,0.0607757
2.257,0.0607844
2.258,0.0607874
2.259,0.0607967
2.26,0.0608005
2.261,0.0608027
2.262,0.0608114
2.263,0.0608145
2.264,0.0608238
2.265,0.0608275
2.266,0.0608298
2.267,0.0608385
2.268,0.0608416
2.269,0.0608509
2.27,0.0608547
2.271,0.0608569
2.272,0.0608656
2.273,0.0608687
2.274,0.0608781
2.275,0.0608818
2.276,0.0608841
2.277,0.0608929
2.278,0.060896
2.279,0.0609054
2.28,0.0609091
2.281,0.0609114
2.282,0.0609201
2.283,0.0609233
2.284,0.0609327
2.285,0.0609364
2.286,0.0609387
2.287,0.0609475
2.288,0.0609507
2.289,0.06096
2.29,0.0609638
2.291,0.060966
2.292,0.0609749
2.293,0.0609781
2.294,0.0609875
2.295,0.0609912
2.296,0.0609935
2.297,0.0610024
2.298,0.0610056
2.299,0.061015
2.3,0.0610188
2.301,0.0610211
2.302,0.06103
2.303,0.0610333
2.304,0.0610427
2.305,0.0610464
2.306,0.0610488
2.307,0.0610577
2.308,0.0610628
2.309,0.0610723
2.31,0.061076
2.311,0.0610784
2.312,0.0610873
2.313,0.0610925
2.314,0.0610948
2.315,0.0611019
2.316,0.0611049
2.317,0.0611145
2.318,0.0611206
2.319,0.0611292
2.32,0.0611395
2.321,0.0611407
2.322,0.061148
2.323,0.0611523
2.324,0.0611609
2.325,0.0611663
2.326,0.0611749
2.327,0.0611854
2.328,0.0611876
2.329,0.0611964
2.33,0.0612003
2.331,0.0612122
2.332,0.0612313
2.333,0.061246
2.334,0.0612504
2.335,0.0612608
2.336,0.0612655
2.337,0.0612755
2.338,0.0612848
2.339,0.0612878
2.34,0.0612974
2.341,0.0613013
2.342,0.061312
2.343,0.0613184
2.344,0.0613273
2.345,0.0613381
2.346,0.061345
2.347,0.0613544
2.348,0.0613626
2.349,0.0613711
2.35,0.0613862
2.351,0.0613951
2.352,0.0614047
2.353,0.0614083
2.354,0.0614186
2.355,0.0614193
2.356,0.0614219
2.357,0.0614245
2.358,0.061433
2.359,0.0614367
2.36,0.0614457
2.361,0.061454
2.362,0.0614627
2.363,0.0614779
2.364,0.0614933
2.365,0.061504
2.366,0.0615077
2.367,0.0615106
2.368,0.0615204
2.369,0.0615274
2.37,0.0615304
2.371,0.0615389
2.372,0.0615429
2.373,0.0615528
2.374,0.0615572
2.375,0.061561
2.376,0.0615713
2.377,0.0615783
2.378,0.0615871
2.379,0.06159
2.38,0.0615984
2.381,0.0616099
2.382,0.0616285
2.383,0.0616458
2.384,0.0616661
2.385,0.061686
2.386,0.0617074
2.387,0.061789
2.388,0.0618226
2.389,0.0618369
2.39,0.061859
2.391,0.0618649
2.392,0.0618808
2.393,0.0619023
2.394,0.0619214
2.395,0.0619322
2.396,0.0619478
2.397,0.0619615
2.398,0.0619733
2.399,0.0619836
2.4,0.0619916
2.401,0.062003
2.402,0.0620136
2.403,0.0620252
2.404,0.0620366
2.405,0.0620472
2.406,0.0620571
2.407,0.0620615
2.408,0.0620734
2.409,0.0620842
2.41,0.0620988
2.411,0.0621125
2.412,0.0621236
2.413,0.0621319
2.414,0.0621345
2.415,0.0621464
2.416,0.0621571
2.417,0.0621684
2.418,0.0621789
2.419,0.0621891
2.42,0.0621952
2.421,0.062199
2.422,0.0622096
2.423,0.0622157
2.424,0.0622245
2.425,0.0622371
2.426,0.0622421
2.427,0.0622512
2.428,0.0622593
2.429,0.0622688
2.43,0.0622772
2.431,0.0622854
2.432,0.0623004
2.433,0.0623072
2.434,0.0623086
2.435,0.0623171
2.436,0.062326
2.437,0.0623356
2.438,0.0623445
2.439,0.0623612
2.44,0.0623652
2.441,0.0623782
2.442,0.0623979
2.443,0.0624158
2.444,0.0624257
2.445,0.0624391
2.446,0.0624531
2.447,0.0624644
2.448,0.0624745
2.449,0.0624823
2.45,0.062497
2.451,0.0625038
2.452,0.0625053
2.453,0.0625102
2.454,0.0625223
2.455,0.0625351
2.456,0.0625457
2.457,0.0625555
2.458,0.0625706
2.459,0.0625959
2.46,0.0626095
2.461,0.0626295
2.462,0.0626582
2.463,0.0626734
2.464,0.0626947
2.465,0.0627006
2.466,0.0627169
2.467,0.0627378
2.468,0.0627569
2.469,0.0627674
2.47,0.0627808
2.471,0.0627925
2.472,0.0628038
2.473,0.0628138
2.474,0.0628299
2.475,0.0628562
2.476,0.0628703
2.477,0.0628909
2.478,0.0628965
2.479,0.0629124
2.48,0.0629331
2.481,0.0629523
2.482,0.0629629
2.483,0.0629805
2.484,0.0629965
2.485,0.0630089
2.486,0.0630198
2.487,0.063036
2.488,0.0630618
2.489,0.0630756
2.49,0.063096
2.491,0.0631061
2.492,0.0631099
2.493,0.0631222
2.494,0.063134
2.495,0.0631447
2.496,0.0631545
2.497,0.0631691
2.498,0.0631951
2.499,0.0632073
2.5,0.0632258
2.501,0.0632536
2.502,0.0632693
2.503,0.0632913
2.504,0.0633207
2.505,0.0633369
2.506,0.0633615
2.507,0.0633732
2.508,0.0633775
2.509,0.0633903
2.51,0.0634027
2.511,0.0634134
2.512,0.0634231
2.513,0.0634386
2.514,0.0634667
2.515,0.0634798
2.516,0.0634982
2.517,0.0635262
2.518,0.0635396
2.519,0.0635594
2.52,0.0635868
2.521,0.0636031
2.522,0.063628
2.523,0.063661
2.524,0.0636798
2.525,0.0637076
2.526,0.0637431
2.527,0.0637638
