0.001,0.051
0.002,0.0487602
0.003,0.0488855
0.004,0.0490757
0.005,0.0492496
0.006,0.0494112
0.007,0.0495635
0.008,0.0497056
0.009,0.04984
0.01,0.0499683
0.011,0.0500911
0.012,0.0502083
0.013,0.0503177
0.014,0.0504168
0.015,0.050504
0.016,0.0505784
0.017,0.0506395
0.018,0.0506873
0.019,0.0507217
0.02,0.0507433
0.021,0.0507545
0.022,0.0507594
0.023,0.0507632
0.024,0.0507669
0.025,0.0507705
0.026,0.0507742
0.027,0.0507778
0.028,0.0507813
0.029,0.0507848
0.03,0.0507883
0.031,0.0507917
0.032,0.0507951
0.033,0.0507984
0.034,0.0508017
0.035,0.0508049
0.036,0.050808
0.037,0.0508111
0.038,0.0508142
0.039,0.0508172
0.04,0.0508202
0.041,0.0508231
0.042,0.050826
0.043,0.0508288
0.044,0.0508315
0.045,0.0508342
0.046,0.0508369
0.047,0.0508395
0.048,0.0508421
0.049,0.0508446
0.05,0.0508471
0.051,0.0508496
0.052,0.050852
0.053,0.0508544
0.054,0.0508568
0.055,0.0508591
0.056,0.0508615
0.057,0.0508638
0.058,0.0508661
0.059,0.0508684
0.06,0.0508707
0.061,0.050873
0.062,0.0508752
0.063,0.0508774
0.064,0.0508797
0.065,0.0508819
0.066,0.0508841
0.067,0.0508863
0.068,0.0508885
0.069,0.0508907
0.07,0.0508928
0.071,0.050895
0.072,0.0508972
0.073,0.0508993
0.074,0.0509015
0.075,0.0509036
0.076,0.0509057
0.077,0.0509079
0.078,0.05091
0.079,0.0509121
0.08,0.0509142
0.081,0.0509164
0.082,0.0509187
0.083,0.0509209
0.084,0.0509231
0.085,0.0509254
0.086,0.0509276
0.087,0.0509298
0.088,0.0509321
0.089,0.0509343
0.09,0.0509365
0.091,0.0509388
0.092,0.050941
0.093,0.0509432
0.094,0.0509455
0.095,0.0509477
0.096,0.0509499
0.097,0.0509522
0.098,0.0509544
0.099,0.0509567
0.1,0.0509589
0.101,0.0509612
0.102,0.0509634
0.103,0.0509657
0.104,0.0509679
0.105,0.0509702
0.106,0.0509725
0.107,0.0509747
0.108,0.050977
0.109,0.0509793
0.11,0.0509816
0.111,0.0509838
0.112,0.0509861
0.113,0.0509884
0.114,0.0509907
0.115,0.050993
0.116,0.0509953
0.117,0.0509977
0.118,0.051
0.119,0.0510023
0.12,0.0510046
0.121,0.051007
0.122,0.0510093
0.123,0.0510117
0.124,0.051014
0.125,0.0510164
0.126,0.0510187
0.127,0.0510211
0.128,0.0510235
0.129,0.0510259
0.13,0.0510283
0.131,0.0510307
0.132,0.0510331
0.133,0.0510355
0.134,0.0510379
0.135,0.0510403
0.136,0.0510428
0.137,0.0510452
0.138,0.0510477
0.139,0.0510501
0.14,0.0510526
0.141,0.0510551
0.142,0.0510576
0.143,0.0510602
0.144,0.0510627
0.145,0.0510653
0.146,0.0510679
0.147,0.0510705
0.148,0.0510731
0.149,0.0510757
0.15,0.0510783
0.151,0.0510809
0.152,0.0510836
0.153,0.0510862
0.154,0.0510888
0.155,0.0510915
0.156,0.0510941
0.157,0.0510967
0.158,0.0510994
0.159,0.0511021
0.16,0.0511047
0.161,0.0511074
0.162,0.0511101
0.163,0.0511128
0.164,0.0511155
0.165,0.0511182
0.166,0.0511209
0.167,0.0511236
0.168,0.0511263
0.169,0.0511291
0.17,0.0511318
0.171,0.0511345
0.172,0.0511373
0.173,0.05114
0.174,0.0511428
0.175,0.0511456
0.176,0.0511484
0.177,0.0511513
0.178,0.0511541
0.179,0.051157
0.18,0.0511598
0.181,0.0511627
0.182,0.0511656
0.183,0.0511685
0.184,0.0511714
0.185,0.0511742
0.186,0.0511771
0.187,0.0511801
0.188,0.051183
0.189,0.0511859
0.19,0.0511888
0.191,0.0511918
0.192,0.0511947
0.193,0.0511977
0.194,0.0512006
0.195,0.0512036
0.196,0.0512065
0.197,0.0512095
0.198,0.0512125
0.199,0.0512155
0.2,0.0512185
0.201,0.0512215
0.202,0.0512245
0.203,0.0512275
0.204,0.0512305
0.205,0.0512336
0.206,0.0512366
0.207,0.0512397
0.208,0.0512427
0.209,0.0512458
0.21,0.0512488
0.211,0.0512519
0.212,0.0512549
0.213,0.051258
0.214,0.0512611
0.215,0.0512641
0.216,0.0512672
0.217,0.0512703
0.218,0.0512734
0.219,0.0512765
0.22,0.0512797
0.221,0.0512828
0.222,0.051286
0.223,0.0512892
0.224,0.0512924
0.225,0.0512957
0.226,0.0512989
0.227,0.0513021
0.228,0.0513053
0.229,0.0513085
0.23,0.0513118
0.231,0.051315
0.232,0.0513183
0.233,0.0513215
0.234,0.0513248
0.235,0.051328
0.236,0.0513313
0.237,0.0513346
0.238,0.0513379
0.239,0.0513412
0.24,0.0513445
0.241,0.0513478
0.242,0.0513511
0.243,0.0513544
0.244,0.0513577
0.245,0.051361
0.246,0.0513644
0.247,0.0513677
0.248,0.051371
0.249,0.0513744
0.25,0.0513777
0.251,0.0513811
0.252,0.0513845
0.253,0.0513878
0.254,0.0513912
0.255,0.0513946
0.256,0.051398
0.257,0.0514014
0.258,0.0514048
0.259,0.0514082
0.26,0.0514116
0.261,0.051415
0.262,0.0514185
0.263,0.0514219
0.264,0.0514254
0.265,0.0514289
0.266,0.0514324
0.267,0.0514359
0.268,0.0514394
0.269,0.0514429
0.27,0.0514464
0.271,0.0514499
0.272,0.0514535
0.273,0.051457
0.274,0.0514605
0.275,0.051464
0.276,0.0514676
0.277,0.0514711
0.278,0.0514746
0.279,0.0514782
0.28,0.0514817
0.281,0.0514853
0.282,0.0514888
0.283,0.0514924
0.284,0.051496
0.285,0.0514995
0.286,0.0515031
0.287,0.0515067
0.288,0.0515103
0.289,0.0515138
0.29,0.0515174
0.291,0.051521
0.292,0.0515246
0.293,0.0515282
0.294,0.0515318
0.295,0.0515354
0.296,0.051539
0.297,0.0515426
0.298,0.0515463
0.299,0.0515499
0.3,0.0515535
0.301,0.0515571
0.302,0.0515608
0.303,0.0515644
0.304,0.0515681
0.305,0.0515717
0.306,0.0515754
0.307,0.0515791
0.308,0.0515827
0.309,0.0515864
0.31,0.0515901
0.311,0.0515938
0.312,0.0515974
0.313,0.0516011
0.314,0.0516048
0.315,0.0516085
0.316,0.0516123
0.317,0.051616
0.318,0.0516197
0.319,0.0516234
0.32,0.0516271
0.321,0.0516309
0.322,0.0516346
0.323,0.0516384
0.324,0.0516421
0.325,0.0516459
0.326,0.0516498
0.327,0.0516536
0.328,0.0516575
0.329,0.0516613
0.33,0.0516652
0.331,0.0516692
0.332,0.0516731
0.333,0.051677
0.334,0.051681
0.335,0.0516849
0.336,0.0516888
0.337,0.0516928
0.338,0.0516967
0.339,0.0517006
0.34,0.0517046
0.341,0.0517085
0.342,0.0517125
0.343,0.0517164
0.344,0.0517204
0.345,0.0517243
0.346,0.0517283
0.347,0.0517322
0.348,0.0517362
0.349,0.0517401
0.35,0.0517441
0.351,0.051748
0.352,0.051752
0.353,0.051756
0.354,0.0517599
0.355,0.0517639
0.356,0.0517678
0.357,0.0517718
0.358,0.0517758
0.359,0.0517798
0.36,0.0517837
0.361,0.0517877
0.362,0.0517917
0.363,0.0517956
0.364,0.0517996
0.365,0.0518036
0.366,0.0518076
0.367,0.0518116
0.368,0.0518155
0.369,0.0518195
0.37,0.0518235
0.371,0.0518275
0.372,0.0518315
0.373,0.0518355
0.374,0.0518395
0.375,0.0518435
0.376,0.0518475
0.377,0.0518515
0.378,0.0518555
0.379,0.0518595
0.38,0.0518635
0.381,0.0518675
0.382,0.0518715
0.383,0.0518755
0.384,0.0518795
0.385,0.0518835
0.386,0.0518876
0.387,0.0518916
0.388,0.0518956
0.389,0.0518996
0.39,0.0519036
0.391,0.0519077
0.392,0.0519117
0.393,0.0519157
0.394,0.0519197
0.395,0.0519238
0.396,0.0519278
0.397,0.0519318
0.398,0.0519359
0.399,0.0519399
0.4,0.051944
0.401,0.051948
0.402,0.0519521
0.403,0.0519562
0.404,0.0519604
0.405,0.0519645
0.406,0.0519687
0.407,0.0519728
0.408,0.051977
0.409,0.0519811
0.41,0.0519853
0.411,0.0519894
0.412,0.0519936
0.413,0.0519977
0.414,0.0520019
0.415,0.0520061
0.416,0.0520102
0.417,0.0520144
0.418,0.0520185
0.419,0.0520227
0.42,0.0520269
0.421,0.052031
0.422,0.0520352
0.423,0.0520394
0.424,0.0520435
0.425,0.0520477
0.426,0.0520519
0.427,0.0520561
0.428,0.0520603
0.429,0.0520645
0.43,0.0520687
0.431,0.0520729
0.432,0.0520771
0.433,0.0520813
0.434,0.0520854
0.435,0.0520896
0.436,0.0520938
0.437,0.052098
0.438,0.0521022
0.439,0.0521065
0.44,0.0521107
0.441,0.052115
0.442,0.0521194
0.443,0.0521238
0.444,0.0521282
0.445,0.0521327
0.446,0.0521372
0.447,0.0521417
0.448,0.0521462
0.449,0.0521507
0.45,0.0521553
0.451,0.0521599
0.452,0.0521645
0.453,0.0521691
0.454,0.0521737
0.455,0.0521783
0.456,0.052183
0.457,0.0521876
0.458,0.0521923
0.459,0.0521969
0.46,0.0522016
0.461,0.0522062
0.462,0.0522109
0.463,0.0522156
0.464,0.0522202
0.465,0.0522249
0.466,0.0522296
0.467,0.0522343
0.468,0.0522389
0.469,0.0522436
0.47,0.0522483
0.471,0.052253
0.472,0.0522577
0.473,0.0522623
0.474,0.052267
0.475,0.0522717
0.476,0.0522764
0.477,0.052281
0.478,0.0522857
0.479,0.0522904
0.48,0.0522951
0.481,0.0522998
0.482,0.0523045
0.483,0.0523091
0.484,0.0523138
0.485,0.0523185
0.486,0.0523231
0.487,0.0523278
0.488,0.0523325
0.489,0.0523371
0.49,0.0523418
0.491,0.0523465
0.492,0.0523511
0.493,0.0523558
0.494,0.0523605
0.495,0.0523652
0.496,0.0523699
0.497,0.0523746
0.498,0.0523792
0.499,0.0523839
0.5,0.0523886
0.501,0.0523932
0.502,0.0523979
0.503,0.0524026
0.504,0.0524072
0.505,0.0524119
0.506,0.0524165
0.507,0.0524212
0.508,0.0524258
0.509,0.0524305
0.51,0.0524351
0.511,0.0524398
0.512,0.0524444
0.513,0.052449
0.514,0.0524537
0.515,0.0524583
0.516,0.0524629
0.517,0.0524675
0.518,0.0524722
0.519,0.0524768
0.52,0.0524814
0.521,0.052486
0.522,0.0524906
0.523,0.0524952
0.524,0.0524998
0.525,0.0525044
0.526,0.052509
0.527,0.0525136
0.528,0.0525182
0.529,0.0525227
0.53,0.0525273
0.531,0.0525319
0.532,0.0525365
0.533,0.052541
0.534,0.0525456
0.535,0.0525502
0.536,0.0525547
0.537,0.0525593
0.538,0.0525639
0.539,0.0525684
0.54,0.052573
0.541,0.0525775
0.542,0.0525821
0.543,0.0525866
0.544,0.0525911
0.545,0.0525957
0.546,0.0526002
0.547,0.0526048
0.548,0.0526093
0.549,0.0526138
0.55,0.0526184
0.551,0.0526229
0.552,0.0526274
0.553,0.052632
0.554,0.0526366
0.555,0.0526411
0.556,0.0526457
0.557,0.0526502
0.558,0.0526548
0.559,0.0526593
0.56,0.0526638
0.561,0.0526684
0.562,0.0526729
0.563,0.0526774
0.564,0.052682
0.565,0.0526865
0.566,0.052691
0.567,0.0526955
0.568,0.0527
0.569,0.0527045
0.57,0.052709
0.571,0.0527135
0.572,0.052718
0.573,0.0527225
0.574,0.052727
0.575,0.0527315
0.576,0.052736
0.577,0.0527405
0.578,0.0527449
0.579,0.0527494
0.58,0.0527539
0.581,0.0527583
0.582,0.0527628
0.583,0.0527672
0.584,0.0527717
0.585,0.0527761
0.586,0.0527806
0.587,0.052785
0.588,0.0527895
0.589,0.0527939
0.59,0.0527983
0.591,0.0528028
0.592,0.0528072
0.593,0.0528116
0.594,0.052816
0.595,0.0528204
0.596,0.0528248
0.597,0.0528292
0.598,0.0528336
0.599,0.052838
0.6,0.0528424
0.601,0.0528468
0.602,0.0528512
0.603,0.0528556
0.604,0.05286
0.605,0.0528644
0.606,0.0528687
0.607,0.0528731
0.608,0.0528775
0.609,0.052882
0.61,0.0528864
0.611,0.0528908
0.612,0.0528952
0.613,0.0528996
0.614,0.052904
0.615,0.0529084
0.616,0.0529128
0.617,0.0529172
0.618,0.0529216
0.619,0.052926
0.62,0.0529304
0.621,0.0529347
0.622,0.0529391
0.623,0.0529435
0.624,0.0529479
0.625,0.0529522
0.626,0.0529566
0.627,0.0529609
0.628,0.0529653
0.629,0.0529696
0.63,0.052974
0.631,0.0529783
0.632,0.0529826
0.633,0.0529869
0.634,0.0529913
0.635,0.0529956
0.636,0.0529999
0.637,0.0530042
0.638,0.0530085
0.639,0.0530128
0.64,0.0530171
0.641,0.0530214
0.642,0.0530257
0.643,0.05303
0.644,0.0530343
0.645,0.0530385
0.646,0.0530428
0.647,0.0530471
0.648,0.0530513
0.649,0.0530556
0.65,0.0530598
0.651,0.0530641
0.652,0.0530683
0.653,0.0530726
0.654,0.0530768
0.655,0.0530811
0.656,0.0530853
0.657,0.0530896
0.658,0.0530939
0.659,0.0530981
0.66,0.0531024
0.661,0.0531066
0.662,0.0531109
0.663,0.0531151
0.664,0.0531194
0.665,0.0531237
0.666,0.053128
0.667,0.0531323
0.668,0.0531366
0.669,0.053141
0.67,0.0531453
0.671,0.0531496
0.672,0.0531538
0.673,0.0531581
0.674,0.0531624
0.675,0.0531667
0.676,0.0531709
0.677,0.0531752
0.678,0.0531795
0.679,0.0531837
0.68,0.053188
0.681,0.0531922
0.682,0.0531964
0.683,0.0532007
0.684,0.0532049
0.685,0.0532091
0.686,0.0532133
0.687,0.0532175
0.688,0.0532217
0.689,0.0532259
0.69,0.0532301
0.691,0.0532343
0.692,0.0532385
0.693,0.0532426
0.694,0.0532468
0.695,0.053251
0.696,0.0532551
0.697,0.0532593
0.698,0.0532634
0.699,0.0532675
0.7,0.0532717
0.701,0.0532758
0.702,0.0532799
0.703,0.053284
0.704,0.0532881
0.705,0.0532922
0.706,0.0532963
0.707,0.0533004
0.708,0.0533045
0.709,0.0533086
0.71,0.0533126
0.711,0.0533167
0.712,0.0533208
0.713,0.0533248
0.714,0.0533289
0.715,0.0533329
0.716,0.053337
0.717,0.053341
0.718,0.0533451
0.719,0.0533492
0.72,0.0533533
0.721,0.0533574
0.722,0.0533614
0.723,0.0533655
0.724,0.0533696
0.725,0.0533737
0.726,0.0533779
0.727,0.0533821
0.728,0.0533862
0.729,0.0533904
0.73,0.0533945
0.731,0.0533986
0.732,0.0534027
0.733,0.0534068
0.734,0.053411
0.735,0.0534151
0.736,0.0534191
0.737,0.0534232
0.738,0.0534273
0.739,0.0534314
0.74,0.0534355
0.741,0.0534395
0.742,0.0534436
0.743,0.0534476
0.744,0.0534517
0.745,0.0534557
0.746,0.0534597
0.747,0.0534638
0.748,0.0534678
0.749,0.0534718
0.75,0.0534758
0.751,0.0534798
0.752,0.0534838
0.753,0.0534878
0.754,0.0534917
0.755,0.0534957
0.756,0.0534997
0.757,0.0535036
0.758,0.0535076
0.759,0.0535115
0.76,0.0535155
0.761,0.0535194
0.762,0.0535233
0.763,0.0535272
0.764,0.0535312
0.765,0.0535351
0.766,0.053539
0.767,0.0535429
0.768,0.0535468
0.769,0.0535506
0.77,0.0535545
0.771,0.0535584
0.772,0.0535623
0.773,0.0535661
0.774,0.05357
0.775,0.0535738
0.776,0.0535777
0.777,0.0535817
0.778,0.0535856
0.779,0.0535895
0.78,0.0535934
0.781,0.0535973
0.782,0.0536012
0.783,0.0536051
0.784,0.053609
0.785,0.0536129
0.786,0.0536169
0.787,0.0536208
0.788,0.0536247
0.789,0.0536286
0.79,0.0536325
0.791,0.0536364
0.792,0.0536403
0.793,0.0536443
0.794,0.0536482
0.795,0.0536521
0.796,0.053656
0.797,0.05366
0.798,0.0536639
0.799,0.0536678
0.8,0.0536717
0.801,0.0536755
0.802,0.0536794
0.803,0.0536833
0.804,0.0536871
0.805,0.053691
0.806,0.0536948
0.807,0.0536987
0.808,0.0537025
0.809,0.0537063
0.81,0.0537101
0.811,0.053714
0.812,0.0537178
0.813,0.0537215
0.814,0.0537253
0.815,0.0537291
0.816,0.0537329
0.817,0.0537366
0.818,0.0537404
0.819,0.0537441
0.82,0.0537479
0.821,0.0537516
0.822,0.0537554
0.823,0.0537591
0.824,0.0537628
0.825,0.0537665
0.826,0.0537702
0.827,0.0537739
0.828,0.0537776
0.829,0.0537813
0.83,0.0537849
0.831,0.0537886
0.832,0.0537923
0.833,0.0537959
0.834,0.0537996
0.835,0.0538032
0.836,0.0538069
0.837,0.0538105
0.838,0.0538141
0.839,0.0538178
0.84,0.0538214
0.841,0.053825
0.842,0.0538286
0.843,0.0538322
0.844,0.0538358
0.845,0.0538394
0.846,0.0538431
0.847,0.0538467
0.848,0.0538504
0.849,0.053854
0.85,0.0538577
0.851,0.0538613
0.852,0.0538649
0.853,0.0538685
0.854,0.0538722
0.855,0.0538758
0.856,0.0538794
0.857,0.053883
0.858,0.0538866
0.859,0.0538901
0.86,0.0538937
0.861,0.0538973
0.862,0.0539008
0.863,0.0539044
0.864,0.0539081
0.865,0.0539117
0.866,0.0539153
0.867,0.053919
0.868,0.0539226
0.869,0.0539262
0.87,0.0539298
0.871,0.0539334
0.872,0.0539369
0.873,0.0539405
0.874,0.0539441
0.875,0.0539477
0.876,0.0539512
0.877,0.0539548
0.878,0.0539583
0.879,0.0539619
0.88,0.0539654
0.881,0.0539689
0.882,0.0539724
0.883,0.053976
0.884,0.0539795
0.885,0.053983
0.886,0.0539865
0.887,0.05399
0.888,0.0539934
0.889,0.0539969
0.89,0.0540004
0.891,0.0540038
0.892,0.0540073
0.893,0.0540107
0.894,0.0540142
0.895,0.0540176
0.896,0.054021
0.897,0.0540245
0.898,0.0540279
0.899,0.0540313
0.9,0.0540347
0.901,0.0540381
0.902,0.0540415
0.903,0.0540448
0.904,0.0540482
0.905,0.0540516
0.906,0.054055
0.907,0.0540583
0.908,0.0540617
0.909,0.054065
0.91,0.0540684
0.911,0.0540717
0.912,0.054075
0.913,0.0540783
0.914,0.0540817
0.915,0.0540851
0.916,0.0540885
0.917,0.0540919
0.918,0.0540952
0.919,0.0540986
0.92,0.054102
0.921,0.0541054
0.922,0.0541087
0.923,0.0541121
0.924,0.0541154
0.925,0.0541188
0.926,0.0541221
0.927,0.0541254
0.928,0.0541287
0.929,0.054132
0.93,0.0541353
0.931,0.0541386
0.932,0.0541419
0.933,0.0541452
0.934,0.0541485
0.935,0.0541517
0.936,0.054155
0.937,0.0541582
0.938,0.0541615
0.939,0.0541647
0.94,0.0541679
0.941,0.0541711
0.942,0.0541743
0.943,0.0541776
0.944,0.0541809
0.945,0.0541842
0.946,0.0541875
0.947,0.0541908
0.948,0.0541941
0.949,0.0541974
0.95,0.0542006
0.951,0.0542039
0.952,0.0542072
0.953,0.0542104
0.954,0.0542137
0.955,0.0542169
0.956,0.0542202
0.957,0.0542234
0.958,0.0542266
0.959,0.0542299
0.96,0.0542331
0.961,0.0542363
0.962,0.0542395
0.963,0.0542427
0.964,0.0542459
0.965,0.054249
0.966,0.0542522
0.967,0.0542554
0.968,0.0542585
0.969,0.0542617
0.97,0.0542648
0.971,0.0542679
0.972,0.0542711
0.973,0.0542742
0.974,0.0542773
0.975,0.0542804
0.976,0.0542835
0.977,0.0542866
0.978,0.0542897
0.979,0.0542927
0.98,0.0542958
0.981,0.0542989
0.982,0.0543019
0.983,0.054305
0.984,0.054308
0.985,0.0543111
0.986,0.0543141
0.987,0.0543172
0.988,0.0543202
0.989,0.0543232
0.99,0.0543262
0.991,0.0543292
0.992,0.0543322
0.993,0.0543352
0.994,0.0543382
0.995,0.0543412
0.996,0.0543442
0.997,0.0543471
0.998,0.0543501
0.999,0.0543532
1,0.0543563
1.001,0.0543593
1.002,0.0543624
1.003,0.0543654
1.004,0.0543685
1.005,0.0543715
1.006,0.0543745
1.007,0.0543775
1.008,0.0543805
1.009,0.0543836
1.01,0.0543865
1.011,0.0543895
1.012,0.0543925
1.013,0.0543955
1.014,0.0543984
1.015,0.0544014
1.016,0.0544043
1.017,0.0544073
1.018,0.0544102
1.019,0.0544131
1.02,0.054416
1.021,0.054419
1.022,0.0544219
1.023,0.0544247
1.024,0.0544276
1.025,0.0544305
1.026,0.0544334
1.027,0.0544362
1.028,0.0544391
1.029,0.0544419
1.03,0.0544448
1.031,0.0544476
1.032,0.0544504
1.033,0.0544532
1.034,0.054456
1.035,0.0544588
1.036,0.0544616
1.037,0.0544644
1.038,0.0544671
1.039,0.0544699
1.04,0.0544726
1.041,0.0544754
1.042,0.0544781
1.043,0.0544809
1.044,0.0544836
1.045,0.0544864
1.046,0.0544892
1.047,0.0544919
1.048,0.0544947
1.049,0.0544975
1.05,0.0545004
1.051,0.0545033
1.052,0.0545062
1.053,0.0545091
1.054,0.054512
1.055,0.0545149
1.056,0.0545178
1.057,0.0545207
1.058,0.0545236
1.059,0.0545265
1.06,0.0545294
1.061,0.0545322
1.062,0.0545351
1.063,0.0545379
1.064,0.0545408
1.065,0.0545436
1.066,0.0545464
1.067,0.0545492
1.068,0.054552
1.069,0.0545547
1.07,0.0545574
1.071,0.0545602
1.072,0.0545629
1.073,0.0545656
1.074,0.0545683
1.075,0.054571
1.076,0.0545737
1.077,0.0545764
1.078,0.054579
1.079,0.0545817
1.08,0.0545844
1.081,0.054587
1.082,0.0545897
1.083,0.0545923
1.084,0.054595
1.085,0.0545976
1.086,0.0546002
1.087,0.0546029
1.088,0.0546055
1.089,0.0546081
1.09,0.0546107
1.091,0.0546133
1.092,0.0546159
1.093,0.0546185
1.094,0.0546211
1.095,0.0546237
1.096,0.0546263
1.097,0.0546288
1.098,0.0546314
1.099,0.054634
1.1,0.0546365
1.101,0.0546391
1.102,0.0546416
1.103,0.0546441
1.104,0.0546467
1.105,0.0546492
1.106,0.0546517
1.107,0.0546542
1.108,0.0546568
1.109,0.0546593
1.11,0.0546618
1.111,0.0546643
1.112,0.0546667
1.113,0.0546692
1.114,0.0546717
1.115,0.0546742
1.116,0.0546767
1.117,0.0546791
1.118,0.0546816
1.119,0.0546841
1.12,0.0546867
1.121,0.0546893
1.122,0.0546919
1.123,0.0546945
1.124,0.054697
1.125,0.0546996
1.126,0.0547022
1.127,0.0547048
1.128,0.0547073
1.129,0.0547099
1.13,0.0547124
1.131,0.054715
1.132,0.0547175
1.133,0.05472
1.134,0.0547226
1.135,0.0547252
1.136,0.0547278
1.137,0.0547304
1.138,0.054733
1.139,0.0547356
1.14,0.0547382
1.141,0.0547407
1.142,0.0547433
1.143,0.0547459
1.144,0.0547484
1.145,0.054751
1.146,0.0547535
1.147,0.054756
1.148,0.0547586
1.149,0.0547611
1.15,0.0547636
1.151,0.0547661
1.152,0.0547686
1.153,0.0547711
1.154,0.0547736
1.155,0.054776
1.156,0.0547785
1.157,0.054781
1.158,0.0547834
1.159,0.0547859
1.16,0.0547883
1.161,0.0547907
1.162,0.0547931
1.163,0.0547955
1.164,0.0547979
1.165,0.0548003
1.166,0.0548026
1.167,0.054805
1.168,0.0548074
1.169,0.0548097
1.17,0.0548121
1.171,0.0548144
1.172,0.0548167
1.173,0.0548191
1.174,0.0548214
1.175,0.0548237
1.176,0.054826
1.177,0.0548283
1.178,0.0548306
1.179,0.0548329
1.18,0.0548352
1.181,0.0548374
1.182,0.0548397
1.183,0.054842
1.184,0.0548442
1.185,0.0548465
1.186,0.0548487
1.187,0.0548509
1.188,0.0548532
1.189,0.0548554
1.19,0.0548576
1.191,0.0548598
1.192,0.054862
1.193,0.0548642
1.194,0.0548663
1.195,0.0548685
1.196,0.0548707
1.197,0.0548728
1.198,0.054875
1.199,0.0548771
1.2,0.0548793
1.201,0.0548814
1.202,0.0548835
1.203,0.0548856
1.204,0.0548878
1.205,0.0548899
1.206,0.054892
1.207,0.054894
1.208,0.0548961
1.209,0.0548982
1.21,0.0549002
1.211,0.0549022
1.212,0.0549042
1.213,0.0549062
1.214,0.0549082
1.215,0.0549102
1.216,0.0549122
1.217,0.0549142
1.218,0.0549162
1.219,0.0549181
1.22,0.0549201
1.221,0.054922
1.222,0.054924
1.223,0.0549259
1.224,0.0549279
1.225,0.0549298
1.226,0.0549318
1.227,0.0549337
1.228,0.0549356
1.229,0.0549376
1.23,0.0549395
1.231,0.0549414
1.232,0.0549433
1.233,0.0549453
1.234,0.0549472
1.235,0.0549491
1.236,0.054951
1.237,0.0549529
1.238,0.0549549
1.239,0.0549569
1.24,0.0549588
1.241,0.0549607
1.242,0.0549626
1.243,0.0549645
1.244,0.0549663
1.245,0.0549682
1.246,0.0549701
1.247,0.0549719
1.248,0.0549738
1.249,0.0549757
1.25,0.0549775
1.251,0.0549794
1.252,0.0549812
1.253,0.0549831
1.254,0.054985
1.255,0.0549868
1.256,0.0549886
1.257,0.0549905
1.258,0.0549923
1.259,0.0549942
1.26,0.054996
1.261,0.0549978
1.262,0.0549997
1.263,0.0550015
1.264,0.0550033
1.265,0.0550052
1.266,0.055007
1.267,0.0550088
1.268,0.0550107
1.269,0.0550127
1.27,0.0550147
1.271,0.0550167
1.272,0.0550187
1.273,0.0550207
1.274,0.0550226
1.275,0.0550246
1.276,0.0550266
1.277,0.0550286
1.278,0.0550306
1.279,0.0550326
1.28,0.0550345
1.281,0.0550365
1.282,0.0550385
1.283,0.0550404
1.284,0.0550424
1.285,0.0550443
1.286,0.0550463
1.287,0.0550482
1.288,0.0550502
1.289,0.0550521
1.29,0.055054
1.291,0.055056
1.292,0.0550579
1.293,0.0550598
1.294,0.0550618
1.295,0.0550637
1.296,0.0550656
1.297,0.0550675
1.298,0.0550694
1.299,0.0550713
1.3,0.0550732
1.301,0.0550751
1.302,0.055077
1.303,0.0550789
1.304,0.0550808
1.305,0.0550827
1.306,0.0550846
1.307,0.0550865
1.308,0.0550884
1.309,0.0550902
1.31,0.0550921
1.311,0.055094
1.312,0.0550958
1.313,0.0550977
1.314,0.0550996
1.315,0.0551014
1.316,0.0551033
1.317,0.0551051
1.318,0.055107
1.319,0.0551088
1.32,0.0551107
1.321,0.0551125
1.322,0.0551144
1.323,0.0551162
1.324,0.055118
1.325,0.0551199
1.326,0.0551217
1.327,0.0551235
1.328,0.0551253
1.329,0.0551272
1.33,0.055129
1.331,0.0551308
1.332,0.0551327
1.333,0.0551346
1.334,0.0551365
1.335,0.0551384
1.336,0.0551402
1.337,0.0551421
1.338,0.055144
1.339,0.0551459
1.34,0.0551478
1.341,0.0551497
1.342,0.0551515
1.343,0.0551534
1.344,0.0551553
1.345,0.0551571
1.346,0.055159
1.347,0.0551608
1.348,0.0551627
1.349,0.0551645
1.35,0.0551663
1.351,0.0551681
1.352,0.0551699
1.353,0.0551717
1.354,0.0551735
1.355,0.0551753
1.356,0.0551771
1.357,0.0551789
1.358,0.0551806
1.359,0.0551824
1.36,0.0551842
1.361,0.055186
1.362,0.0551877
1.363,0.0551895
1.364,0.0551913
1.365,0.055193
1.366,0.0551948
1.367,0.0551966
1.368,0.0551983
1.369,0.0552001
1.37,0.0552018
1.371,0.0552036
1.372,0.0552053
1.373,0.0552071
1.374,0.0552088
1.375,0.0552106
1.376,0.0552123
1.377,0.0552141
1.378,0.0552158
1.379,0.0552175
1.38,0.0552193
1.381,0.055221
1.382,0.0552227
1.383,0.0552245
1.384,0.0552262
1.385,0.0552279
1.386,0.0552296
1.387,0.0552314
1.388,0.0552331
1.389,0.0552348
1.39,0.0552365
1.391,0.0552382
1.392,0.0552399
1.393,0.0552416
1.394,0.0552433
1.395,0.055245
1.396,0.0552467
1.397,0.0552484
1.398,0.0552501
1.399,0.0552518
1.4,0.0552535
1.401,0.0552552
1.402,0.0552569
1.403,0.0552586
1.404,0.0552603
1.405,0.055262
1.406,0.0552637
1.407,0.0552654
1.408,0.0552671
1.409,0.0552688
1.41,0.0552705
1.411,0.0552722
1.412,0.0552739
1.413,0.0552756
1.414,0.0552773
1.415,0.055279
1.416,0.0552807
1.417,0.0552824
1.418,0.0552841
1.419,0.0552858
1.42,0.0552875
1.421,0.0552892
1.422,0.0552909
1.423,0.0552926
1.424,0.0552943
1.425,0.055296
1.426,0.0552977
1.427,0.0552994
1.428,0.0553011
1.429,0.0553028
1.43,0.0553045
1.431,0.0553062
1.432,0.0553079
1.433,0.0553096
1.434,0.0553113
1.435,0.055313
1.436,0.0553147
1.437,0.0553164
1.438,0.0553181
1.439,0.0553198
1.44,0.0553215
1.441,0.0553232
1.442,0.0553248
1.443,0.0553265
1.444,0.0553282
1.445,0.0553299
1.446,0.0553316
1.447,0.0553332
1.448,0.0553349
1.449,0.0553366
1.45,0.0553383
1.451,0.05534
1.452,0.0553417
1.453,0.0553434
1.454,0.0553451
1.455,0.0553468
1.456,0.0553485
1.457,0.0553502
1.458,0.0553519
1.459,0.0553535
1.46,0.0553552
1.461,0.0553568
1.462,0.0553585
1.463,0.0553603
1.464,0.055362
1.465,0.0553638
1.466,0.0553656
1.467,0.0553673
1.468,0.0553691
1.469,0.0553709
1.47,0.0553727
1.471,0.0553745
1.472,0.0553763
1.473,0.0553781
1.474,0.0553799
1.475,0.0553817
1.476,0.0553835
1.477,0.0553853
1.478,0.0553871
1.479,0.0553888
1.48,0.0553906
1.481,0.0553924
1.482,0.0553942
1.483,0.055396
1.484,0.0553978
1.485,0.0553996
1.486,0.0554014
1.487,0.0554032
1.488,0.0554049
1.489,0.0554067
1.49,0.0554085
1.491,0.0554103
1.492,0.0554121
1.493,0.0554139
1.494,0.0554156
1.495,0.0554174
1.496,0.0554192
1.497,0.055421
1.498,0.0554228
1.499,0.0554245
1.5,0.0554263
1.501,0.0554281
1.502,0.0554299
1.503,0.0554316
1.504,0.0554334
1.505,0.0554352
1.506,0.055437
1.507,0.0554387
1.508,0.0554405
1.509,0.0554423
1.51,0.055444
1.511,0.0554458
1.512,0.0554476
1.513,0.0554494
1.514,0.0554511
1.515,0.0554529
1.516,0.0554547
1.517,0.0554564
1.518,0.0554582
1.519,0.05546
1.52,0.0554617
1.521,0.0554635
1.522,0.0554653
1.523,0.0554671
1.524,0.0554688
1.525,0.0554706
1.526,0.0554724
1.527,0.0554741
1.528,0.0554759
1.529,0.0554777
1.53,0.0554794
1.531,0.0554812
1.532,0.055483
1.533,0.0554847
1.534,0.0554865
1.535,0.0554883
1.536,0.0554901
1.537,0.0554918
1.538,0.0554936
1.539,0.0554953
1.54,0.055497
1.541,0.0554988
1.542,0.0555005
1.543,0.0555022
1.544,0.055504
1.545,0.0555057
1.546,0.0555075
1.547,0.0555092
1.548,0.0555109
1.549,0.0555127
1.55,0.0555144
1.551,0.0555162
1.552,0.0555179
1.553,0.0555197
1.554,0.0555214
1.555,0.0555233
1.556,0.0555252
1.557,0.0555272
1.558,0.0555292
1.559,0.0555313
1.56,0.0555335
1.561,0.0555356
1.562,0.0555378
1.563,0.0555399
1.564,0.055542
1.565,0.0555441
1.566,0.0555462
1.567,0.0555483
1.568,0.0555504
1.569,0.0555525
1.57,0.0555546
1.571,0.0555567
1.572,0.0555587
1.573,0.0555608
1.574,0.0555629
1.575,0.055565
1.576,0.0555671
1.577,0.0555692
1.578,0.0555713
1.579,0.0555734
1.58,0.0555755
1.581,0.0555776
1.582,0.0555797
1.583,0.0555818
1.584,0.0555839
1.585,0.055586
1.586,0.0555881
1.587,0.0555902
1.588,0.0555923
1.589,0.0555945
1.59,0.0555966
1.591,0.0555987
1.592,0.0556008
1.593,0.0556029
1.594,0.0556051
1.595,0.0556072
1.596,0.0556093
1.597,0.0556114
1.598,0.0556136
1.599,0.0556157
1.6,0.0556178
1.601,0.05562
1.602,0.0556221
1.603,0.0556242
1.604,0.0556264
1.605,0.0556285
1.606,0.0556306
1.607,0.0556328
1.608,0.0556349
1.609,0.0556371
1.61,0.0556392
1.611,0.0556413
1.612,0.0556435
1.613,0.0556457
1.614,0.0556478
1.615,0.05565
1.616,0.0556521
1.617,0.0556543
1.618,0.0556564
1.619,0.0556586
1.62,0.0556608
1.621,0.0556629
1.622,0.0556651
1.623,0.0556672
1.624,0.0556694
1.625,0.0556716
1.626,0.0556737
1.627,0.0556759
1.628,0.0556781
1.629,0.0556802
1.63,0.0556824
1.631,0.0556846
1.632,0.0556867
1.633,0.055689
1.634,0.0556912
1.635,0.0556935
1.636,0.0556958
1.637,0.0556981
1.638,0.0557004
1.639,0.0557027
1.64,0.055705
1.641,0.0557073
1.642,0.0557096
1.643,0.0557119
1.644,0.0557142
1.645,0.0557165
1.646,0.0557188
1.647,0.0557211
1.648,0.0557234
1.649,0.0557257
1.65,0.055728
1.651,0.0557304
1.652,0.0557326
1.653,0.055735
1.654,0.0557372
1.655,0.0557395
1.656,0.0557418
1.657,0.0557441
1.658,0.0557464
1.659,0.0557487
1.66,0.055751
1.661,0.0557533
1.662,0.0557556
1.663,0.0557579
1.664,0.0557602
1.665,0.0557625
1.666,0.0557648
1.667,0.0557671
1.668,0.0557694
1.669,0.0557717
1.67,0.055774
1.671,0.0557762
1.672,0.0557785
1.673,0.0557808
1.674,0.0557831
1.675,0.0557854
1.676,0.0557877
1.677,0.05579
1.678,0.0557922
1.679,0.0557945
1.68,0.0557968
1.681,0.0557991
1.682,0.0558014
1.683,0.0558037
1.684,0.0558059
1.685,0.0558082
1.686,0.0558105
1.687,0.0558128
1.688,0.0558151
1.689,0.0558173
1.69,0.0558196
1.691,0.0558219
1.692,0.0558242
1.693,0.0558264
1.694,0.0558287
1.695,0.055831
1.696,0.0558333
1.697,0.0558355
1.698,0.0558378
1.699,0.0558402
1.7,0.0558425
1.701,0.0558449
1.702,0.0558473
1.703,0.0558496
1.704,0.055852
1.705,0.0558543
1.706,0.0558567
1.707,0.0558591
1.708,0.0558614
1.709,0.0558638
1.71,0.0558661
1.711,0.0558685
1.712,0.0558709
1.713,0.0558732
1.714,0.0558756
1.715,0.055878
1.716,0.0558803
1.717,0.0558827
1.718,0.0558851
1.719,0.0558875
1.72,0.0558898
1.721,0.0558922
1.722,0.0558946
1.723,0.0558969
1.724,0.0558993
1.725,0.0559017
1.726,0.055904
1.727,0.0559064
1.728,0.0559087
1.729,0.0559111
1.73,0.0559135
1.731,0.0559158
1.732,0.0559182
1.733,0.0559205
1.734,0.0559229
1.735,0.0559253
1.736,0.0559276
1.737,0.05593
1.738,0.0559323
1.739,0.0559347
1.74,0.0559371
1.741,0.0559395
1.742,0.0559419
1.743,0.0559443
1.744,0.0559467
1.745,0.055949
1.746,0.0559514
1.747,0.0559538
1.748,0.0559561
1.749,0.0559585
1.75,0.0559608
1.751,0.0559632
1.752,0.0559656
1.753,0.0559679
1.754,0.0559703
1.755,0.0559726
1.756,0.055975
1.757,0.0559774
1.758,0.0559797
1.759,0.0559821
1.76,0.0559844
1.761,0.0559868
1.762,0.0559892
1.763,0.0559915
1.764,0.0559939
1.765,0.0559962
1.766,0.0559985
1.767,0.0560009
1.768,0.0560032
1.769,0.0560055
1.77,0.0560078
1.771,0.0560101
1.772,0.0560124
1.773,0.0560147
1.774,0.056017
1.775,0.0560194
1.776,0.0560217
1.777,0.056024
1.778,0.0560263
1.779,0.0560287
1.78,0.056031
1.781,0.0560334
1.782,0.0560357
1.783,0.0560381
1.784,0.0560404
1.785,0.0560428
1.786,0.0560451
1.787,0.0560475
1.788,0.0560498
1.789,0.0560522
1.79,0.0560546
1.791,0.056057
1.792,0.0560593
1.793,0.0560617
1.794,0.0560641
1.795,0.0560665
1.796,0.0560689
1.797,0.0560712
1.798,0.0560736
1.799,0.056076
1.8,0.0560784
1.801,0.0560808
1.802,0.0560833
1.803,0.0560857
1.804,0.0560881
1.805,0.0560905
1.806,0.0560929
1.807,0.0560953
1.808,0.0560978
1.809,0.0561002
1.81,0.0561026
1.811,0.0561051
1.812,0.0561075
1.813,0.0561099
1.814,0.0561124
1.815,0.0561148
1.816,0.0561173
1.817,0.0561198
1.818,0.0561222
1.819,0.0561247
1.82,0.0561271
1.821,0.0561296
1.822,0.0561321
1.823,0.0561346
1.824,0.056137
1.825,0.0561395
1.826,0.056142
1.827,0.0561445
1.828,0.056147
1.829,0.0561495
1.83,0.056152
1.831,0.0561545
1.832,0.056157
1.833,0.0561595
1.834,0.056162
1.835,0.0561645
1.836,0.056167
1.837,0.0561695
1.838,0.0561721
1.839,0.0561747
1.84,0.0561774
1.841,0.05618
1.842,0.0561827
1.843,0.0561854
1.844,0.056188
1.845,0.0561907
1.846,0.0561934
1.847,0.0561961
1.848,0.0561988
1.849,0.0562014
1.85,0.0562041
1.851,0.0562068
1.852,0.0562095
1.853,0.0562122
1.854,0.0562149
1.855,0.0562176
1.856,0.0562203
1.857,0.056223
1.858,0.0562257
1.859,0.0562283
1.86,0.056231
1.861,0.0562337
1.862,0.0562364
1.863,0.0562391
1.864,0.0562418
1.865,0.0562445
1.866,0.0562472
1.867,0.0562499
1.868,0.0562526
1.869,0.0562553
1.87,0.0562581
1.871,0.0562609
1.872,0.0562637
1.873,0.0562665
1.874,0.0562693
1.875,0.0562721
1.876,0.0562749
1.877,0.0562777
1.878,0.0562805
1.879,0.0562833
1.88,0.0562861
1.881,0.0562889
1.882,0.0562917
1.883,0.0562945
1.884,0.0562973
1.885,0.0563001
1.886,0.0563029
1.887,0.0563057
1.888,0.0563085
1.889,0.0563113
1.89,0.0563141
1.891,0.0563169
1.892,0.0563197
1.893,0.0563225
1.894,0.0563253
1.895,0.0563281
1.896,0.0563309
1.897,0.0563337
1.898,0.0563365
1.899,0.0563393
1.9,0.0563421
1.901,0.0563448
1.902,0.0563476
1.903,0.0563504
1.904,0.0563532
1.905,0.056356
1.906,0.0563588
1.907,0.0563616
1.908,0.0563644
1.909,0.0563672
1.91,0.05637
1.911,0.0563728
1.912,0.0563756
1.913,0.0563784
1.914,0.0563812
1.915,0.056384
1.916,0.0563868
1.917,0.0563896
1.918,0.0563924
1.919,0.0563953
1.92,0.0563981
1.921,0.0564009
1.922,0.0564037
1.923,0.0564065
1.924,0.0564093
1.925,0.0564121
1.926,0.0564149
1.927,0.0564177
1.928,0.0564206
1.929,0.0564234
1.93,0.0564262
1.931,0.056429
1.932,0.0564318
1.933,0.0564346
1.934,0.0564375
1.935,0.0564403
1.936,0.0564431
1.937,0.0564459
1.938,0.0564488
1.939,0.0564516
1.94,0.0564544
1.941,0.0564573
1.942,0.0564601
1.943,0.0564629
1.944,0.0564658
1.945,0.0564686
1.946,0.0564715
1.947,0.0564743
1.948,0.0564772
1.949,0.05648
1.95,0.0564829
1.951,0.0564857
1.952,0.0564886
1.953,0.0564914
1.954,0.0564943
1.955,0.0564972
1.956,0.0565001
1.957,0.0565029
1.958,0.0565058
1.959,0.0565087
1.96,0.0565116
1.961,0.0565144
1.962,0.0565173
1.963,0.0565202
1.964,0.0565231
1.965,0.056526
1.966,0.0565289
1.967,0.0565319
1.968,0.0565349
1.969,0.0565378
1.97,0.0565408
1.971,0.0565438
1.972,0.0565467
1.973,0.0565497
1.974,0.0565527
1.975,0.0565557
1.976,0.0565586
1.977,0.0565616
1.978,0.0565646
1.979,0.0565676
1.98,0.0565705
1.981,0.0565736
1.982,0.0565767
1.983,0.05658
1.984,0.0565833
1.985,0.0565866
1.986,0.05659
1.987,0.0565933
1.988,0.0565967
1.989,0.0566
1.99,0.0566033
1.991,0.0566067
1.992,0.05661
1.993,0.0566134
1.994,0.0566167
1.995,0.0566201
1.996,0.0566234
1.997,0.0566268
1.998,0.0566301
1.999,0.0566334
2,0.0566368
2.001,0.0566401
2.002,0.0566435
2.003,0.0566468
2.004,0.0566501
2.005,0.0566535
2.006,0.0566568
2.007,0.0566602
2.008,0.0566635
2.009,0.0566669
2.01,0.0566702
2.011,0.0566735
2.012,0.0566769
2.013,0.0566802
2.014,0.0566835
2.015,0.0566869
2.016,0.0566902
2.017,0.0566936
2.018,0.0566969
2.019,0.0567002
2.02,0.0567036
2.021,0.0567069
2.022,0.0567102
2.023,0.0567136
2.024,0.0567169
2.025,0.0567202
2.026,0.0567236
2.027,0.0567269
2.028,0.0567302
2.029,0.0567336
2.03,0.0567369
2.031,0.0567402
2.032,0.0567435
2.033,0.0567469
2.034,0.0567502
2.035,0.0567535
2.036,0.0567569
2.037,0.0567602
2.038,0.0567635
2.039,0.0567668
2.04,0.0567702
2.041,0.0567735
2.042,0.0567768
2.043,0.0567801
2.044,0.0567835
2.045,0.0567868
2.046,0.0567901
2.047,0.0567934
2.048,0.0567968
2.049,0.0568002
2.05,0.0568036
2.051,0.0568071
2.052,0.0568105
2.053,0.056814
2.054,0.0568174
2.055,0.0568209
2.056,0.0568243
2.057,0.0568278
2.058,0.0568312
2.059,0.0568348
2.06,0.0568383
2.061,0.0568418
2.062,0.0568453
2.063,0.0568489
2.064,0.0568524
2.065,0.0568559
2.066,0.0568595
2.067,0.056863
2.068,0.0568665
2.069,0.05687
2.07,0.0568735
2.071,0.056877
2.072,0.0568805
2.073,0.056884
2.074,0.0568875
2.075,0.056891
2.076,0.0568944
2.077,0.0568979
2.078,0.0569015
2.079,0.056905
2.08,0.0569085
2.081,0.0569119
2.082,0.0569154
2.083,0.0569189
2.084,0.0569223
2.085,0.0569258
2.086,0.0569293
2.087,0.0569327
2.088,0.0569361
2.089,0.0569396
2.09,0.056943
2.091,0.0569464
2.092,0.0569499
2.093,0.0569533
2.094,0.0569567
2.095,0.0569601
2.096,0.0569635
2.097,0.0569669
2.098,0.0569703
2.099,0.0569737
2.1,0.0569771
2.101,0.0569804
2.102,0.0569838
2.103,0.0569872
2.104,0.0569906
2.105,0.0569939
2.106,0.0569973
2.107,0.0570007
2.108,0.057004
2.109,0.0570074
2.11,0.0570107
2.111,0.0570141
2.112,0.0570175
2.113,0.0570209
2.114,0.0570242
2.115,0.0570276
2.116,0.057031
2.117,0.0570343
2.118,0.0570377
2.119,0.0570411
2.12,0.0570444
2.121,0.0570478
2.122,0.0570512
2.123,0.0570545
2.124,0.0570579
2.125,0.0570613
2.126,0.0570646
2.127,0.057068
2.128,0.0570713
2.129,0.0570747
2.13,0.057078
2.131,0.0570814
2.132,0.0570847
2.133,0.0570881
2.134,0.0570914
2.135,0.0570948
2.136,0.0570981
2.137,0.0571015
2.138,0.0571048
2.139,0.0571082
2.14,0.0571115
2.141,0.0571149
2.142,0.0571182
2.143,0.0571215
2.144,0.0571249
2.145,0.0571282
2.146,0.0571316
2.147,0.0571349
2.148,0.0571382
2.149,0.0571416
2.15,0.0571449
2.151,0.0571482
2.152,0.0571516
2.153,0.0571549
2.154,0.0571582
2.155,0.0571616
2.156,0.0571649
2.157,0.0571682
2.158,0.0571716
2.159,0.0571749
2.16,0.0571783
2.161,0.0571816
2.162,0.0571849
2.163,0.0571883
2.164,0.0571916
2.165,0.0571949
2.166,0.0571983
2.167,0.0572016
2.168,0.057205
2.169,0.0572083
2.17,0.0572117
2.171,0.057215
2.172,0.0572184
2.173,0.0572217
2.174,0.0572251
2.175,0.0572284
2.176,0.0572318
2.177,0.0572352
2.178,0.0572385
2.179,0.0572419
2.18,0.0572453
2.181,0.0572486
2.182,0.057252
2.183,0.0572554
2.184,0.0572588
2.185,0.0572621
2.186,0.0572655
2.187,0.0572689
2.188,0.0572723
2.189,0.0572757
2.19,0.057279
2.191,0.0572824
2.192,0.0572858
2.193,0.0572892
2.194,0.0572926
2.195,0.057296
2.196,0.0572993
2.197,0.0573027
2.198,0.0573061
2.199,0.0573095
2.2,0.0573129
2.201,0.0573163
2.202,0.0573197
2.203,0.0573231
2.204,0.0573266
2.205,0.05733
2.206,0.0573334
2.207,0.0573368
2.208,0.0573402
2.209,0.0573436
2.21,0.0573471
2.211,0.0573504
2.212,0.0573539
2.213,0.0573573
2.214,0.0573607
2.215,0.0573641
2.216,0.0573675
2.217,0.0573709
2.218,0.0573743
2.219,0.0573777
2.22,0.0573811
2.221,0.0573845
2.222,0.0573879
2.223,0.0573913
2.224,0.0573947
2.225,0.0573981
2.226,0.0574015
2.227,0.057405
2.228,0.0574084
2.229,0.0574119
2.23,0.0574154
2.231,0.057419
2.232,0.0574225
2.233,0.057426
2.234,0.0574296
2.235,0.0574331
2.236,0.0574366
2.237,0.0574402
2.238,0.0574437
2.239,0.0574474
2.24,0.057451
2.241,0.0574547
2.242,0.0574584
2.243,0.0574622
2.244,0.057466
2.245,0.0574698
2.246,0.0574736
2.247,0.0574774
2.248,0.0574813
2.249,0.0574852
2.25,0.057489
2.251,0.0574929
2.252,0.0574968
2.253,0.0575007
2.254,0.0575045
2.255,0.0575083
2.256,0.0575121
2.257,0.057516
2.258,0.0575197
2.259,0.0575235
2.26,0.0575273
2.261,0.0575311
2.262,0.0575349
2.263,0.0575386
2.264,0.0575424
2.265,0.0575461
2.266,0.0575499
2.267,0.0575536
2.268,0.0575573
2.269,0.0575611
2.27,0.0575648
2.271,0.0575685
2.272,0.0575722
2.273,0.0575759
2.274,0.0575796
2.275,0.0575833
2.276,0.057587
2.277,0.0575907
2.278,0.0575944
2.279,0.0575981
2.28,0.0576017
2.281,0.0576054
2.282,0.0576091
2.283,0.0576127
2.284,0.0576164
2.285,0.05762
2.286,0.0576236
2.287,0.0576273
2.288,0.0576309
2.289,0.0576345
2.29,0.0576381
2.291,0.0576417
2.292,0.0576453
2.293,0.0576489
2.294,0.0576525
2.295,0.0576561
2.296,0.0576597
2.297,0.0576633
2.298,0.0576669
2.299,0.0576705
2.3,0.057674
2.301,0.0576776
2.302,0.0576812
2.303,0.0576847
2.304,0.0576883
2.305,0.0576919
2.306,0.0576954
2.307,0.057699
2.308,0.0577026
2.309,0.0577061
2.31,0.0577097
2.311,0.0577132
2.312,0.0577168
2.313,0.0577203
2.314,0.0577239
2.315,0.0577274
2.316,0.057731
2.317,0.0577346
2.318,0.0577381
2.319,0.0577417
2.32,0.0577452
2.321,0.0577488
2.322,0.0577523
2.323,0.0577559
2.324,0.0577594
2.325,0.0577629
2.326,0.0577665
2.327,0.05777
2.328,0.0577736
2.329,0.0577771
2.33,0.0577807
2.331,0.0577842
2.332,0.0577878
2.333,0.0577913
2.334,0.0577948
2.335,0.0577984
2.336,0.0578019
2.337,0.0578055
2.338,0.057809
2.339,0.0578125
2.34,0.0578161
2.341,0.0578196
2.342,0.0578231
2.343,0.0578267
2.344,0.0578302
2.345,0.0578337
2.346,0.0578373
2.347,0.0578408
2.348,0.0578443
2.349,0.0578478
2.35,0.0578514
2.351,0.0578549
2.352,0.0578584
2.353,0.057862
2.354,0.0578655
2.355,0.057869
2.356,0.0578725
2.357,0.0578761
2.358,0.0578796
2.359,0.0578831
2.36,0.0578867
2.361,0.0578902
2.362,0.0578937
2.363,0.0578972
2.364,0.0579008
2.365,0.0579043
2.366,0.0579078
2.367,0.0579114
2.368,0.0579149
2.369,0.0579184
2.37,0.057922
2.371,0.0579255
2.372,0.057929
2.373,0.0579326
2.374,0.0579361
2.375,0.0579396
2.376,0.0579431
2.377,0.0579466
2.378,0.0579501
2.379,0.0579536
2.38,0.0579572
2.381,0.0579607
2.382,0.0579642
2.383,0.0579677
2.384,0.0579712
2.385,0.0579747
2.386,0.0579782
2.387,0.0579818
2.388,0.0579853
2.389,0.0579888
2.39,0.0579923
2.391,0.0579958
2.392,0.0579993
2.393,0.0580028
2.394,0.0580064
2.395,0.0580099
2.396,0.0580134
2.397,0.0580169
2.398,0.0580204
2.399,0.0580239
2.4,0.0580274
2.401,0.058031
2.402,0.0580345
2.403,0.058038
2.404,0.0580415
2.405,0.058045
2.406,0.0580485
2.407,0.058052
2.408,0.0580555
2.409,0.0580591
2.41,0.0580626
2.411,0.0580661
2.412,0.0580696
2.413,0.0580731
2.414,0.0580766
2.415,0.0580801
2.416,0.0580836
2.417,0.0580872
2.418,0.0580907
2.419,0.0580943
2.42,0.058098
2.421,0.0581016
2.422,0.0581053
2.423,0.0581091
2.424,0.0581129
2.425,0.0581167
2.426,0.0581205
2.427,0.0581243
2.428,0.0581281
2.429,0.0581319
2.43,0.0581357
2.431,0.0581395
2.432,0.0581433
2.433,0.0581471
2.434,0.0581509
2.435,0.0581546
2.436,0.0581584
2.437,0.0581622
2.438,0.0581659
2.439,0.0581697
2.44,0.0581735
2.441,0.0581772
2.442,0.058181
2.443,0.0581847
2.444,0.0581885
2.445,0.0581922
2.446,0.0581959
2.447,0.0581997
2.448,0.0582034
2.449,0.0582071
2.45,0.0582108
2.451,0.0582145
2.452,0.0582183
2.453,0.058222
2.454,0.0582257
2.455,0.0582294
2.456,0.0582331
2.457,0.0582367
2.458,0.0582404
2.459,0.0582441
2.46,0.0582478
2.461,0.0582515
2.462,0.0582551
2.463,0.0582588
2.464,0.0582626
2.465,0.0582663
2.466,0.05827
2.467,0.0582737
2.468,0.0582774
2.469,0.0582811
2.47,0.0582848
2.471,0.0582885
2.472,0.0582922
2.473,0.0582959
2.474,0.0582995
2.475,0.0583032
2.476,0.0583069
2.477,0.0583105
2.478,0.0583142
2.479,0.0583178
2.48,0.0583214
2.481,0.0583251
2.482,0.0583287
2.483,0.0583323
2.484,0.058336
2.485,0.0583396
2.486,0.0583432
2.487,0.0583468
2.488,0.0583504
2.489,0.058354
2.49,0.0583576
2.491,0.0583612
2.492,0.0583648
2.493,0.0583685
2.494,0.0583721
2.495,0.0583757
2.496,0.0583792
2.497,0.0583828
2.498,0.0583864
2.499,0.0583899
2.5,0.0583935
2.501,0.058397
2.502,0.0584006
2.503,0.0584041
2.504,0.0584076
2.505,0.0584112
2.506,0.0584147
2.507,0.0584183
2.508,0.0584218
2.509,0.0584254
2.51,0.0584292
2.511,0.0584329
2.512,0.0584367
2.513,0.0584405
2.514,0.0584442
2.515,0.058448
2.516,0.0584518
2.517,0.0584556
2.518,0.0584594
2.519,0.0584632
2.52,0.0584669
2.521,0.0584707
2.522,0.0584745
2.523,0.0584783
2.524,0.058482
2.525,0.0584858
2.526,0.0584896
2.527,0.0584934
2.528,0.0584971
2.529,0.0585009
2.53,0.0585047
2.531,0.0585084
2.532,0.0585122
2.533,0.0585159
2.534,0.0585197
2.535,0.0585234
2.536,0.0585272
2.537,0.0585309
2.538,0.0585347
2.539,0.0585384
2.54,0.0585422
2.541,0.0585459
2.542,0.0585496
2.543,0.0585534
2.544,0.0585571
2.545,0.0585608
2.546,0.0585646
2.547,0.0585683
2.548,0.058572
2.549,0.0585757
2.55,0.0585795
2.551,0.0585832
2.552,0.0585869
2.553,0.0585906
2.554,0.0585943
2.555,0.058598
2.556,0.0586017
2.557,0.0586054
2.558,0.0586091
2.559,0.0586128
2.56,0.0586165
2.561,0.0586202
2.562,0.0586239
2.563,0.0586276
2.564,0.0586313
2.565,0.058635
2.566,0.0586386
2.567,0.0586422
2.568,0.0586458
2.569,0.0586494
2.57,0.058653
2.571,0.0586566
2.572,0.0586602
2.573,0.0586638
2.574,0.0586673
2.575,0.0586709
2.576,0.0586745
2.577,0.0586781
2.578,0.0586816
2.579,0.0586852
2.58,0.0586888
2.581,0.0586924
2.582,0.0586959
2.583,0.0586995
2.584,0.0587031
2.585,0.0587068
2.586,0.0587104
2.587,0.0587141
2.588,0.0587177
2.589,0.0587213
2.59,0.0587249
2.591,0.0587286
2.592,0.0587323
2.593,0.058736
2.594,0.0587397
2.595,0.0587434
2.596,0.0587472
2.597,0.0587509
2.598,0.0587547
2.599,0.0587584
2.6,0.0587622
2.601,0.0587659
2.602,0.0587696
2.603,0.0587734
2.604,0.0587771
2.605,0.0587808
2.606,0.0587845
2.607,0.0587882
2.608,0.0587919
2.609,0.0587956
2.61,0.0587993
2.611,0.058803
2.612,0.0588065
2.613,0.0588098
2.614,0.0588132
2.615,0.0588165
2.616,0.0588197
2.617,0.0588228
2.618,0.0588258
2.619,0.0588288
2.62,0.0588317
2.621,0.0588347
2.622,0.0588376
2.623,0.0588404
2.624,0.0588438
2.625,0.0588471
2.626,0.0588502
2.627,0.0588533
2.628,0.0588562
2.629,0.0588591
2.63,0.058862
2.631,0.0588649
2.632,0.0588677
2.633,0.0588706
2.634,0.0588734
2.635,0.0588762
2.636,0.058879
2.637,0.0588818
2.638,0.0588846
2.639,0.0588874
2.64,0.0588901
2.641,0.0588929
2.642,0.0588957
2.643,0.0588984
2.644,0.0589012
2.645,0.0589039
2.646,0.0589067
2.647,0.0589094
2.648,0.0589122
2.649,0.0589149
2.65,0.0589176
2.651,0.0589214
2.652,0.058925
2.653,0.0589283
2.654,0.0589314
2.655,0.0589344
2.656,0.0589373
2.657,0.0589401
2.658,0.0589429
2.659,0.0589457
2.66,0.0589484
2.661,0.0589511
2.662,0.0589538
2.663,0.0589565
2.664,0.0589592
2.665,0.0589619
2.666,0.0589646
2.667,0.0589672
2.668,0.0589699
2.669,0.0589726
2.67,0.0589752
2.671,0.0589779
2.672,0.0589805
2.673,0.0589832
2.674,0.0589858
2.675,0.0589885
2.676,0.0589911
2.677,0.0589938
2.678,0.0589964
2.679,0.058999
2.68,0.0590017
2.681,0.0590043
2.682,0.0590069
2.683,0.0590096
2.684,0.0590122
2.685,0.0590148
2.686,0.0590175
2.687,0.0590201
2.688,0.0590227
2.689,0.0590253
2.69,0.0590279
2.691,0.0590306
2.692,0.0590332
2.693,0.0590358
2.694,0.0590384
2.695,0.059041
2.696,0.0590437
2.697,0.0590463
2.698,0.0590489
2.699,0.0590515
2.7,0.0590541
2.701,0.0590568
2.702,0.0590594
2.703,0.0590641
2.704,0.0590685
2.705,0.0590722
2.706,0.0590756
2.707,0.0590788
2.708,0.0590818
2.709,0.0590847
2.71,0.0590875
2.711,0.0590903
2.712,0.059093
2.713,0.0590957
2.714,0.0590985
2.715,0.0591012
2.716,0.0591039
2.717,0.0591065
2.718,0.0591091
2.719,0.0591117
2.72,0.0591143
2.721,0.0591169
2.722,0.0591194
2.723,0.059122
2.724,0.0591245
2.725,0.0591271
2.726,0.0591296
2.727,0.0591321
2.728,0.0591347
2.729,0.0591372
2.73,0.0591397
2.731,0.0591423
2.732,0.0591448
2.733,0.0591473
2.734,0.0591499
2.735,0.0591524
2.736,0.0591549
2.737,0.0591575
2.738,0.05916
2.739,0.0591625
2.74,0.0591651
2.741,0.0591676
2.742,0.0591701
2.743,0.0591727
2.744,0.0591752
2.745,0.0591777
2.746,0.0591803
2.747,0.0591828
2.748,0.0591853
2.749,0.0591879
2.75,0.0591904
2.751,0.0591929
2.752,0.0591955
2.753,0.059198
2.754,0.0592004
2.755,0.0592029
2.756,0.0592053
2.757,0.0592077
2.758,0.0592101
2.759,0.0592125
2.76,0.0592149
2.761,0.0592175
2.762,0.0592202
2.763,0.0592229
2.764,0.0592255
2.765,0.0592282
2.766,0.0592309
2.767,0.0592336
2.768,0.0592363
2.769,0.059239
2.77,0.0592417
2.771,0.0592444
2.772,0.0592472
2.773,0.0592501
2.774,0.0592529
2.775,0.0592557
2.776,0.0592586
2.777,0.0592615
2.778,0.0592643
2.779,0.0592672
2.78,0.05927
2.781,0.0592729
2.782,0.0592757
2.783,0.0592786
2.784,0.0592814
2.785,0.0592843
2.786,0.0592871
2.787,0.05929
2.788,0.0592928
2.789,0.0592956
2.79,0.0592985
2.791,0.0593013
2.792,0.0593041
2.793,0.0593069
2.794,0.0593098
2.795,0.0593126
2.796,0.0593154
2.797,0.0593182
2.798,0.059321
2.799,0.0593238
2.8,0.0593266
2.801,0.0593294
2.802,0.0593322
2.803,0.059335
2.804,0.0593378
2.805,0.0593406
2.806,0.0593434
2.807,0.0593461
2.808,0.0593489
2.809,0.0593517
2.81,0.0593545
2.811,0.0593573
2.812,0.05936
2.813,0.0593628
2.814,0.0593655
2.815,0.0593682
2.816,0.0593709
2.817,0.0593735
2.818,0.0593762
2.819,0.0593788
2.82,0.0593816
2.821,0.0593843
2.822,0.0593871
2.823,0.0593899
2.824,0.0593928
2.825,0.0593956
2.826,0.0593984
2.827,0.0594012
2.828,0.059404
2.829,0.0594068
2.83,0.0594096
2.831,0.0594124
2.832,0.0594152
2.833,0.059418
2.834,0.0594208
2.835,0.0594237
2.836,0.0594265
2.837,0.0594293
2.838,0.0594321
2.839,0.0594348
2.84,0.0594375
2.841,0.0594402
2.842,0.0594428
2.843,0.0594504
2.844,0.0594579
2.845,0.0594631
2.846,0.0594676
2.847,0.0594715
2.848,0.0594751
2.849,0.0594784
2.85,0.0594815
2.851,0.0594845
2.852,0.0594874
2.853,0.0594902
2.854,0.059493
2.855,0.0594957
2.856,0.0594984
2.857,0.0595011
2.858,0.0595037
2.859,0.0595064
2.86,0.059509
2.861,0.0595116
2.862,0.0595142
2.863,0.0595167
2.864,0.0595193
2.865,0.0595219
2.866,0.0595245
2.867,0.0595271
2.868,0.0595297
2.869,0.0595323
2.87,0.0595348
2.871,0.0595374
2.872,0.0595399
2.873,0.0595425
2.874,0.059545
2.875,0.0595476
2.876,0.0595501
2.877,0.0595526
2.878,0.0595552
2.879,0.0595577
2.88,0.0595602
2.881,0.0595628
2.882,0.0595653
2.883,0.0595678
2.884,0.0595703
2.885,0.0595728
2.886,0.0595753
2.887,0.0595779
2.888,0.0595804
2.889,0.0595829
2.89,0.0595853
2.891,0.0595878
2.892,0.0595903
2.893,0.0595928
2.894,0.0595953
2.895,0.0595977
2.896,0.0596002
2.897,0.0596027
2.898,0.0596051
2.899,0.0596076
2.9,0.0596101
2.901,0.0596125
2.902,0.0596149
2.903,0.0596174
2.904,0.0596198
2.905,0.0596223
2.906,0.0596247
2.907,0.0596271
2.908,0.0596295
2.909,0.059632
2.91,0.0596344
2.911,0.0596368
2.912,0.0596392
2.913,0.0596416
2.914,0.059644
2.915,0.0596464
2.916,0.0596488
2.917,0.0596512
2.918,0.0596536
2.919,0.059656
2.92,0.0596583
2.921,0.0596607
2.922,0.0596631
2.923,0.0596655
2.924,0.0596678
2.925,0.0596702
2.926,0.0596726
2.927,0.0596749
2.928,0.0596773
2.929,0.0596796
2.93,0.059682
2.931,0.0596843
2.932,0.0596867
2.933,0.059689
2.934,0.0596913
2.935,0.0596937
2.936,0.059696
2.937,0.0596983
2.938,0.0597007
2.939,0.059703
2.94,0.0597053
2.941,0.0597076
2.942,0.05971
2.943,0.0597123
2.944,0.0597146
2.945,0.0597169
2.946,0.0597192
2.947,0.0597215
2.948,0.0597238
2.949,0.0597261
2.95,0.0597284
2.951,0.0597307
2.952,0.059733
2.953,0.0597353
2.954,0.0597376
2.955,0.0597399
2.956,0.0597422
2.957,0.0597445
2.958,0.0597468
2.959,0.0597491
2.96,0.0597514
2.961,0.0597537
2.962,0.059756
2.963,0.0597583
2.964,0.0597606
2.965,0.0597629
2.966,0.0597652
2.967,0.0597675
2.968,0.0597698
2.969,0.059772
2.97,0.0597743
2.971,0.0597766
2.972,0.0597789
2.973,0.0597812
2.974,0.0597834
2.975,0.0597857
2.976,0.0597881
2.977,0.0597904
2.978,0.0597927
2.979,0.059795
2.98,0.0597972
2.981,0.0597994
2.982,0.0598016
2.983,0.0598038
2.984,0.059806
2.985,0.0598081
2.986,0.0598103
2.987,0.0598124
2.988,0.0598146
2.989,0.0598167
2.99,0.0598189
2.991,0.059821
2.992,0.0598232
2.993,0.0598253
2.994,0.0598275
2.995,0.0598296
2.996,0.0598317
2.997,0.0598339
2.998,0.0598361
2.999,0.0598384
3,0.0598407
3.001,0.0598431
3.002,0.0598454
3.003,0.0598478
3.004,0.0598502
3.005,0.0598526
3.006,0.059855
3.007,0.0598573
3.008,0.0598597
3.009,0.0598621
3.01,0.0598645
3.011,0.0598669
3.012,0.0598693
3.013,0.0598717
3.014,0.0598741
3.015,0.0598765
3.016,0.0598788
3.017,0.0598812
3.018,0.0598836
3.019,0.059886
3.02,0.0598884
3.021,0.0598907
3.022,0.0598931
3.023,0.0598955
3.024,0.0598978
3.025,0.0599002
3.026,0.0599025
3.027,0.0599049
3.028,0.0599072
3.029,0.0599096
3.03,0.0599119
3.031,0.0599143
3.032,0.0599166
3.033,0.0599189
3.034,0.0599213
3.035,0.0599236
3.036,0.0599259
3.037,0.0599282
3.038,0.0599306
3.039,0.0599329
3.04,0.0599352
3.041,0.0599375
3.042,0.0599398
3.043,0.0599422
3.044,0.0599447
3.045,0.0599471
3.046,0.0599495
3.047,0.0599518
3.048,0.0599542
3.049,0.0599566
3.05,0.059959
3.051,0.0599614
3.052,0.0599638
3.053,0.0599662
3.054,0.0599685
3.055,0.0599709
3.056,0.0599732
3.057,0.0599756
3.058,0.0599779
3.059,0.0599802
3.06,0.0599826
3.061,0.0599849
3.062,0.0599872
3.063,0.0599895
3.064,0.0599918
3.065,0.0599941
3.066,0.0599964
3.067,0.0599987
3.068,0.060001
3.069,0.0600033
3.07,0.0600056
3.071,0.0600078
3.072,0.0600101
3.073,0.0600124
3.074,0.0600146
3.075,0.0600169
3.076,0.0600192
3.077,0.0600214
3.078,0.0600237
3.079,0.0600259
3.08,0.0600282
3.081,0.0600304
3.082,0.0600327
3.083,0.0600349
3.084,0.0600371
3.085,0.0600394
3.086,0.0600416
3.087,0.0600438
3.088,0.060046
3.089,0.0600483
3.09,0.0600505
3.091,0.0600527
3.092,0.0600549
3.093,0.0600571
3.094,0.0600593
3.095,0.0600615
3.096,0.0600638
3.097,0.060066
3.098,0.0600682
3.099,0.0600704
3.1,0.0600726
3.101,0.0600748
3.102,0.060077
3.103,0.0600792
3.104,0.0600814
3.105,0.0600836
3.106,0.0600858
3.107,0.0600881
3.108,0.0600903
3.109,0.0600925
3.11,0.0600947
3.111,0.0600969
3.112,0.0600991
3.113,0.0601013
3.114,0.0601035
3.115,0.0601057
3.116,0.060108
3.117,0.0601102
3.118,0.0601125
3.119,0.0601147
3.12,0.060117
3.121,0.0601192
3.122,0.0601215
3.123,0.0601237
3.124,0.060126
3.125,0.0601282
3.126,0.0601305
3.127,0.0601328
3.128,0.060135
3.129,0.0601373
3.13,0.0601395
3.131,0.0601418
3.132,0.0601442
3.133,0.0601467
3.134,0.0601492
3.135,0.0601518
3.136,0.0601544
3.137,0.0601572
3.138,0.0601599
3.139,0.0601627
3.14,0.0601654
3.141,0.0601681
3.142,0.0601708
3.143,0.0601735
3.144,0.0601762
3.145,0.0601789
3.146,0.0601816
3.147,0.0601843
3.148,0.0601869
3.149,0.0601896
3.15,0.0601923
3.151,0.0601949
3.152,0.0601976
3.153,0.0602003
3.154,0.0602031
3.155,0.0602058
3.156,0.0602084
3.157,0.0602111
3.158,0.0602137
3.159,0.0602164
3.16,0.060219
3.161,0.0602217
3.162,0.0602243
3.163,0.0602269
3.164,0.0602295
3.165,0.0602321
3.166,0.0602347
3.167,0.0602373
3.168,0.0602399
3.169,0.0602425
3.17,0.060245
3.171,0.0602476
3.172,0.0602502
3.173,0.0602527
3.174,0.0602553
3.175,0.0602579
3.176,0.0602604
3.177,0.0602629
3.178,0.0602655
3.179,0.060268
3.18,0.0602706
3.181,0.0602731
3.182,0.0602756
3.183,0.0602781
3.184,0.0602807
3.185,0.0602832
3.186,0.0602857
3.187,0.0602882
3.188,0.0602907
3.189,0.0602932
3.19,0.0602957
3.191,0.0602982
3.192,0.0603007
3.193,0.0603032
3.194,0.0603056
3.195,0.0603081
3.196,0.0603106
3.197,0.0603131
3.198,0.0603155
3.199,0.060318
3.2,0.0603204
3.201,0.0603229
3.202,0.0603254
3.203,0.0603278
3.204,0.0603303
3.205,0.0603327
3.206,0.0603352
3.207,0.0603376
3.208,0.06034
3.209,0.0603425
3.21,0.0603449
3.211,0.0603473
3.212,0.0603498
3.213,0.0603522
3.214,0.0603546
3.215,0.060357
3.216,0.0603594
3.217,0.0603618
3.218,0.0603642
3.219,0.0603666
3.22,0.060369
3.221,0.0603714
3.222,0.0603738
3.223,0.0603762
3.224,0.0603786
3.225,0.060381
3.226,0.0603834
3.227,0.0603857
3.228,0.0603881
3.229,0.0603905
3.23,0.0603928
3.231,0.0603952
3.232,0.0603976
3.233,0.0603999
3.234,0.0604023
3.235,0.0604046
3.236,0.060407
3.237,0.0604094
3.238,0.0604117
3.239,0.0604141
3.24,0.0604164
3.241,0.0604187
3.242,0.0604211
3.243,0.0604234
3.244,0.0604258
3.245,0.0604281
3.246,0.0604305
3.247,0.0604328
3.248,0.0604352
3.249,0.0604375
3.25,0.0604399
3.251,0.0604424
3.252,0.0604448
3.253,0.0604471
3.254,0.0604494
3.255,0.0604517
3.256,0.060454
3.257,0.0604562
3.258,0.0604584
3.259,0.0604607
3.26,0.0604629
3.261,0.0604651
3.262,0.0604673
3.263,0.0604695
3.264,0.0604717
3.265,0.0604739
3.266,0.0604762
3.267,0.0604784
3.268,0.0604808
3.269,0.0604831
3.27,0.0604855
3.271,0.0604879
3.272,0.0604904
3.273,0.0604928
3.274,0.0604953
3.275,0.0604977
3.276,0.0605002
3.277,0.0605027
3.278,0.0605051
3.279,0.0605076
3.28,0.0605101
3.281,0.0605125
3.282,0.060515
3.283,0.0605175
3.284,0.06052
3.285,0.0605225
3.286,0.0605249
3.287,0.0605274
3.288,0.0605299
3.289,0.0605324
3.29,0.0605349
3.291,0.0605374
3.292,0.0605399
3.293,0.0605424
3.294,0.0605449
3.295,0.0605473
3.296,0.0605499
3.297,0.0605525
3.298,0.0605552
3.299,0.060558
3.3,0.0605608
3.301,0.0605637
3.302,0.0605666
3.303,0.0605695
3.304,0.0605724
3.305,0.0605753
3.306,0.0605782
3.307,0.0605811
3.308,0.0605841
3.309,0.060587
3.31,0.0605899
3.311,0.0605929
3.312,0.0605958
3.313,0.0605987
3.314,0.0606016
3.315,0.0606046
3.316,0.0606075
3.317,0.0606104
3.318,0.0606133
3.319,0.0606162
3.32,0.0606192
3.321,0.0606221
3.322,0.060625
3.323,0.0606279
3.324,0.0606308
3.325,0.0606337
3.326,0.0606366
3.327,0.0606395
3.328,0.0606424
3.329,0.0606452
3.33,0.060648
3.331,0.0606508
3.332,0.0606536
3.333,0.0606564
3.334,0.0606592
3.335,0.060662
3.336,0.0606648
3.337,0.0606676
3.338,0.0606703
3.339,0.0606729
3.34,0.0606755
3.341,0.0606781
3.342,0.0606807
3.343,0.0606832
3.344,0.0606858
3.345,0.0606883
3.346,0.0606908
3.347,0.0606933
3.348,0.0606958
3.349,0.0606983
3.35,0.0607008
3.351,0.0607032
3.352,0.0607057
3.353,0.0607082
3.354,0.0607107
3.355,0.0607131
3.356,0.0607156
3.357,0.0607181
3.358,0.0607206
3.359,0.060723
3.36,0.0607255
3.361,0.060728
3.362,0.0607304
3.363,0.0607329
3.364,0.0607354
3.365,0.060738
3.366,0.0607406
3.367,0.0607432
3.368,0.0607458
3.369,0.0607484
3.37,0.060751
3.371,0.0607536
3.372,0.0607563
3.373,0.0607589
3.374,0.0607615
3.375,0.0607641
3.376,0.0607667
3.377,0.0607693
3.378,0.0607719
3.379,0.0607745
3.38,0.0607772
3.381,0.0607798
3.382,0.0607824
3.383,0.060785
3.384,0.0607876
3.385,0.0607902
3.386,0.0607928
3.387,0.0607954
3.388,0.0607981
3.389,0.0608007
3.39,0.0608033
3.391,0.0608059
3.392,0.0608085
3.393,0.0608111
3.394,0.0608138
3.395,0.0608164
3.396,0.0608195
3.397,0.0608228
3.398,0.0608261
3.399,0.0608296
3.4,0.0608331
3.401,0.0608367
3.402,0.0608404
3.403,0.060844
3.404,0.0608477
3.405,0.0608514
3.406,0.0608551
3.407,0.0608589
3.408,0.0608627
3.409,0.0608664
3.41,0.0608701
3.411,0.0608737
3.412,0.0608772
3.413,0.0608807
3.414,0.0608842
3.415,0.0608877
3.416,0.0608911
3.417,0.0608946
3.418,0.0608981
3.419,0.0609016
3.42,0.0609052
3.421,0.0609087
3.422,0.0609122
3.423,0.0609155
3.424,0.0609189
3.425,0.0609222
3.426,0.0609255
3.427,0.0609287
3.428,0.060932
3.429,0.0609352
3.43,0.0609385
3.431,0.0609417
3.432,0.0609449
3.433,0.0609481
3.434,0.0609513
3.435,0.0609545
3.436,0.0609578
3.437,0.060961
3.438,0.0609642
3.439,0.0609674
3.44,0.0609706
3.441,0.0609738
3.442,0.060977
3.443,0.0609802
3.444,0.0609834
3.445,0.0609866
3.446,0.0609899
3.447,0.0609931
3.448,0.0609963
3.449,0.0609995
3.45,0.0610027
3.451,0.061006
3.452,0.0610092
3.453,0.0610124
3.454,0.0610156
3.455,0.0610189
3.456,0.0610221
3.457,0.0610254
3.458,0.0610286
3.459,0.0610319
3.46,0.0610351
3.461,0.0610384
3.462,0.0610416
3.463,0.0610449
3.464,0.0610481
3.465,0.0610514
3.466,0.0610546
3.467,0.0610579
3.468,0.0610612
3.469,0.0610645
3.47,0.0610677
3.471,0.061071
3.472,0.0610743
3.473,0.0610776
3.474,0.0610809
3.475,0.0610842
3.476,0.0610875
3.477,0.0610908
3.478,0.0610941
3.479,0.0610974
3.48,0.0611007
3.481,0.0611041
3.482,0.0611074
3.483,0.0611108
3.484,0.0611141
3.485,0.0611175
3.486,0.0611208
3.487,0.0611242
3.488,0.0611276
3.489,0.0611309
3.49,0.0611343
3.491,0.0611377
3.492,0.0611411
3.493,0.0611445
3.494,0.0611479
3.495,0.0611512
3.496,0.0611546
3.497,0.061158
3.498,0.0611614
3.499,0.0611649
3.5,0.0611684
3.501,0.061172
3.502,0.0611756
3.503,0.0611793
3.504,0.061183
3.505,0.0611867
3.506,0.0611905
3.507,0.0611942
3.508,0.0611979
3.509,0.0612012
3.51,0.0612044
3.511,0.0612075
3.512,0.0612105
3.513,0.0612134
3.514,0.0612163
3.515,0.0612192
3.516,0.061222
3.517,0.0612247
3.518,0.0612275
3.519,0.0612303
3.52,0.0612331
3.521,0.0612358
3.522,0.0612385
3.523,0.0612411
3.524,0.0612437
3.525,0.0612463
3.526,0.0612489
3.527,0.0612515
3.528,0.0612541
3.529,0.0612567
3.53,0.0612593
3.531,0.0612618
3.532,0.0612644
3.533,0.061267
3.534,0.0612696
3.535,0.0612721
3.536,0.0612747
3.537,0.0612773
3.538,0.0612799
3.539,0.0612825
3.54,0.0612851
3.541,0.0612877
3.542,0.0612903
3.543,0.0612929
3.544,0.0612955
3.545,0.0612982
3.546,0.0613008
3.547,0.0613034
3.548,0.0613061
3.549,0.0613087
3.55,0.0613114
3.551,0.0613141
3.552,0.0613167
3.553,0.0613194
3.554,0.0613221
3.555,0.0613248
3.556,0.0613275
3.557,0.0613302
3.558,0.0613329
3.559,0.0613356
3.56,0.0613384
3.561,0.0613411
3.562,0.0613438
3.563,0.0613466
3.564,0.0613493
3.565,0.0613521
3.566,0.0613549
3.567,0.0613577
3.568,0.0613604
3.569,0.0613632
3.57,0.061366
3.571,0.0613688
3.572,0.0613717
3.573,0.0613745
3.574,0.0613773
3.575,0.0613802
3.576,0.061383
3.577,0.0613859
3.578,0.0613887
3.579,0.0613916
3.58,0.0613945
3.581,0.0613975
3.582,0.0614005
3.583,0.0614037
3.584,0.0614069
3.585,0.0614099
3.586,0.0614129
3.587,0.0614159
3.588,0.0614188
3.589,0.0614216
3.59,0.0614245
3.591,0.0614273
3.592,0.0614301
3.593,0.0614329
3.594,0.0614357
3.595,0.0614385
3.596,0.0614413
3.597,0.061444
3.598,0.0614469
3.599,0.0614497
3.6,0.0614525
3.601,0.0614553
3.602,0.061458
3.603,0.0614607
3.604,0.0614634
3.605,0.0614661
3.606,0.0614688
3.607,0.0614715
3.608,0.0614741
3.609,0.0614768
3.61,0.0614795
3.611,0.0614823
3.612,0.0614853
3.613,0.0614883
3.614,0.0614913
3.615,0.0614944
3.616,0.0614975
3.617,0.0615006
3.618,0.0615037
3.619,0.0615068
3.62,0.0615099
3.621,0.061513
3.622,0.0615162
3.623,0.0615193
3.624,0.0615225
3.625,0.0615257
3.626,0.0615289
3.627,0.0615321
3.628,0.0615353
3.629,0.0615385
3.63,0.0615417
3.631,0.0615449
3.632,0.0615482
3.633,0.0615515
3.634,0.0615547
3.635,0.061558
3.636,0.0615613
3.637,0.0615646
3.638,0.0615679
3.639,0.0615712
3.64,0.0615746
3.641,0.0615779
3.642,0.0615812
3.643,0.0615846
3.644,0.061588
3.645,0.0615913
3.646,0.0615947
3.647,0.0615981
3.648,0.0616015
3.649,0.061605
3.65,0.0616084
3.651,0.0616118
3.652,0.0616153
3.653,0.0616187
3.654,0.0616222
3.655,0.0616257
3.656,0.0616292
3.657,0.0616327
3.658,0.0616362
3.659,0.0616397
3.66,0.0616433
3.661,0.0616468
3.662,0.0616504
3.663,0.061654
3.664,0.0616576
3.665,0.0616612
3.666,0.0616648
3.667,0.0616682
3.668,0.0616716
3.669,0.0616749
3.67,0.0616782
3.671,0.0616813
3.672,0.0616845
3.673,0.0616876
3.674,0.0616907
3.675,0.0616938
3.676,0.0616969
3.677,0.0616999
3.678,0.061703
3.679,0.061706
3.68,0.0617091
3.681,0.0617121
3.682,0.0617152
3.683,0.0617182
3.684,0.0617213
3.685,0.0617243
3.686,0.0617274
3.687,0.0617305
3.688,0.0617336
3.689,0.0617367
3.69,0.0617398
3.691,0.0617429
3.692,0.061746
3.693,0.0617492
3.694,0.0617523
3.695,0.0617555
3.696,0.0617587
3.697,0.0617619
3.698,0.0617651
3.699,0.0617683
3.7,0.0617716
3.701,0.061775
3.702,0.0617783
3.703,0.0617816
3.704,0.0617849
3.705,0.0617881
3.706,0.0617913
3.707,0.0617945
3.708,0.0617977
3.709,0.0618009
3.71,0.0618041
3.711,0.0618072
3.712,0.0618104
3.713,0.0618136
3.714,0.0618168
3.715,0.0618199
3.716,0.0618231
3.717,0.0618263
3.718,0.0618295
3.719,0.0618328
3.72,0.061836
3.721,0.0618392
3.722,0.0618425
3.723,0.0618457
3.724,0.061849
3.725,0.0618523
3.726,0.0618556
3.727,0.0618589
3.728,0.0618622
3.729,0.0618655
3.73,0.0618689
3.731,0.0618722
3.732,0.0618756
3.733,0.061879
3.734,0.0618823
3.735,0.0618856
3.736,0.0618888
3.737,0.0618922
3.738,0.0618957
3.739,0.0618992
3.74,0.0619028
3.741,0.0619064
3.742,0.0619101
3.743,0.0619138
3.744,0.0619175
3.745,0.0619213
3.746,0.0619251
3.747,0.0619291
3.748,0.0619331
3.749,0.0619369
3.75,0.0619407
3.751,0.0619445
3.752,0.0619482
3.753,0.0619519
3.754,0.0619555
3.755,0.0619591
3.756,0.0619627
3.757,0.0619663
3.758,0.0619699
3.759,0.0619735
3.76,0.0619771
3.761,0.0619807
3.762,0.0619843
3.763,0.0619879
3.764,0.0619915
3.765,0.0619951
3.766,0.0619988
3.767,0.0620024
3.768,0.062006
3.769,0.0620096
3.77,0.0620133
3.771,0.0620169
3.772,0.0620206
3.773,0.0620243
3.774,0.0620279
3.775,0.0620316
3.776,0.0620353
3.777,0.062039
3.778,0.0620427
3.779,0.0620465
3.78,0.0620502
3.781,0.0620539
3.782,0.0620576
3.783,0.0620614
3.784,0.0620651
3.785,0.0620688
3.786,0.0620726
3.787,0.0620764
3.788,0.0620802
3.789,0.0620843
3.79,0.0620884
3.791,0.0620926
3.792,0.0620969
3.793,0.0621012
3.794,0.0621055
3.795,0.0621099
3.796,0.0621143
3.797,0.0621188
3.798,0.0621233
3.799,0.0621278
3.8,0.0621323
3.801,0.0621368
3.802,0.0621414
3.803,0.062146
3.804,0.0621506
3.805,0.0621553
3.806,0.0621599
3.807,0.0621646
3.808,0.0621693
3.809,0.062174
3.81,0.0621787
3.811,0.0621836
3.812,0.0621885
3.813,0.0621934
3.814,0.0621984
3.815,0.0622034
3.816,0.0622085
3.817,0.0622137
3.818,0.0622189
3.819,0.0622242
3.82,0.0622295
3.821,0.0622349
3.822,0.0622403
3.823,0.0622458
3.824,0.0622513
3.825,0.0622568
3.826,0.0622623
3.827,0.0622679
3.828,0.0622735
3.829,0.0622792
3.83,0.0622849
3.831,0.0622905
3.832,0.0622962
3.833,0.062302
3.834,0.0623077
3.835,0.0623135
3.836,0.0623193
3.837,0.0623251
3.838,0.0623309
3.839,0.0623368
3.84,0.0623426
3.841,0.0623485
3.842,0.0623544
3.843,0.0623603
3.844,0.0623662
3.845,0.0623722
3.846,0.0623781
3.847,0.0623841
3.848,0.06239
3.849,0.062396
3.85,0.0624021
3.851,0.0624083
3.852,0.0624145
3.853,0.0624207
3.854,0.0624269
3.855,0.0624331
3.856,0.0624394
3.857,0.0624456
3.858,0.0624518
3.859,0.062458
3.86,0.0624642
3.861,0.0624705
3.862,0.0624767
3.863,0.062483
3.864,0.0624892
3.865,0.0624955
3.866,0.0625017
3.867,0.062508
3.868,0.0625142
3.869,0.0625205
3.87,0.0625268
3.871,0.0625331
3.872,0.0625419
3.873,0.062551
3.874,0.0625594
3.875,0.0625677
3.876,0.0625759
3.877,0.0625843
3.878,0.0625926
3.879,0.0626008
3.88,0.0626089
3.881,0.0626169
3.882,0.0626248
3.883,0.0626327
3.884,0.0626404
3.885,0.0626481
3.886,0.0626558
3.887,0.0626633
3.888,0.062671
3.889,0.0626788
3.89,0.0626866
3.891,0.0626942
3.892,0.0627017
3.893,0.062709
3.894,0.0627162
3.895,0.0627233
3.896,0.0627303
3.897,0.0627372
3.898,0.0627439
3.899,0.0627506
3.9,0.0627572
3.901,0.0627637
3.902,0.0627702
3.903,0.0627766
3.904,0.0627829
3.905,0.0627892
3.906,0.0627954
3.907,0.0628016
3.908,0.0628077
3.909,0.0628138
3.91,0.0628199
3.911,0.0628261
3.912,0.0628326
3.913,0.062839
3.914,0.0628454
3.915,0.0628516
3.916,0.0628578
3.917,0.0628638
3.918,0.0628697
3.919,0.0628763
3.92,0.062883
3.921,0.0628894
3.922,0.0628957
3.923,0.0629019
3.924,0.062908
3.925,0.0629141
3.926,0.0629201
3.927,0.062926
3.928,0.0629319
3.929,0.0629377
3.93,0.0629436
3.931,0.0629493
3.932,0.0629551
3.933,0.0629608
3.934,0.0629667
3.935,0.0629726
3.936,0.0629784
3.937,0.0629842
3.938,0.0629899
3.939,0.0629956
3.94,0.0630011
3.941,0.0630066
3.942,0.0630119
3.943,0.063017
3.944,0.063022
3.945,0.0630269
3.946,0.0630316
3.947,0.0630361
3.948,0.0630405
3.949,0.0630448
3.95,0.0630488
3.951,0.0630528
3.952,0.0630566
3.953,0.0630602
3.954,0.0630638
3.955,0.0630671
3.956,0.0630704
3.957,0.0630735
3.958,0.0630765
3.959,0.0630794
3.96,0.0630822
3.961,0.0630849
3.962,0.0630874
3.963,0.0630899
3.964,0.0630923
3.965,0.0630946
3.966,0.0630968
3.967,0.0630989
3.968,0.063101
3.969,0.063103
3.97,0.0631049
3.971,0.0631068
3.972,0.0631086
3.973,0.0631104
3.974,0.0631121
3.975,0.0631138
3.976,0.0631154
3.977,0.0631171
3.978,0.0631186
3.979,0.0631202
3.98,0.0631217
3.981,0.0631233
3.982,0.0631249
3.983,0.0631264
3.984,0.0631278
3.985,0.0631292
3.986,0.0631305
3.987,0.0631318
3.988,0.063133
3.989,0.063134
3.99,0.0631349
3.991,0.0631357
3.992,0.0631364
3.993,0.063137
3.994,0.0631376
3.995,0.063138
3.996,0.0631385
3.997,0.0631388
3.998,0.0631392
3.999,0.0631398
4,0.0631405
4.001,0.0631413
4.002,0.0631419
4.003,0.0631425
4.004,0.0631432
4.005,0.0631437
4.006,0.0631444
4.007,0.0631449
4.008,0.0631455
4.009,0.0631461
4.01,0.0631467
4.011,0.0631473
4.012,0.0631479
4.013,0.0631485
4.014,0.0631494
4.015,0.063151
4.016,0.0631528
4.017,0.0631546
4.018,0.0631565
4.019,0.0631584
4.02,0.0631605
4.021,0.0631625
4.022,0.0631646
4.023,0.0631668
4.024,0.0631691
4.025,0.0631714
4.026,0.0631737
4.027,0.0631761
4.028,0.0631786
4.029,0.063181
4.03,0.0631836
4.031,0.0631861
4.032,0.0631887
4.033,0.0631914
4.034,0.0631941
4.035,0.0631969
4.036,0.0631997
4.037,0.0632026
4.038,0.0632055
4.039,0.0632084
4.04,0.0632114
4.041,0.0632152
4.042,0.0632194
4.043,0.0632238
4.044,0.0632281
4.045,0.0632325
4.046,0.0632369
4.047,0.0632416
4.048,0.0632466
4.049,0.0632517
4.05,0.063257
4.051,0.0632623
4.052,0.0632677
4.053,0.0632732
4.054,0.0632787
4.055,0.0632844
4.056,0.06329
4.057,0.0632958
4.058,0.0633016
4.059,0.0633074
4.06,0.0633133
4.061,0.0633192
4.062,0.0633252
4.063,0.0633312
4.064,0.0633373
4.065,0.0633434
4.066,0.0633495
4.067,0.0633556
4.068,0.0633618
4.069,0.063368
4.07,0.0633742
4.071,0.0633805
4.072,0.0633868
4.073,0.063393
4.074,0.0633994
4.075,0.0634057
4.076,0.0634121
4.077,0.0634185
4.078,0.0634249
4.079,0.0634313
4.08,0.0634377
4.081,0.0634445
4.082,0.0634518
4.083,0.063459
4.084,0.0634663
4.085,0.0634734
4.086,0.0634805
4.087,0.0634875
4.088,0.0634945
4.089,0.0635014
4.09,0.0635082
4.091,0.063515
4.092,0.0635218
4.093,0.0635284
4.094,0.0635351
4.095,0.0635417
4.096,0.0635482
4.097,0.0635547
4.098,0.0635611
4.099,0.0635676
4.1,0.0635739
4.101,0.0635802
4.102,0.0635865
4.103,0.0635928
4.104,0.0635997
4.105,0.0636069
4.106,0.0636159
4.107,0.063625
4.108,0.0636337
4.109,0.0636422
4.11,0.0636505
4.111,0.0636588
4.112,0.063667
4.113,0.0636751
4.114,0.0636831
4.115,0.0636911
4.116,0.0636991
4.117,0.0637071
4.118,0.063715
4.119,0.0637229
4.12,0.0637308
4.121,0.0637386
4.122,0.0637465
4.123,0.0637543
