0.001,-0.00211061,0,0,0,0,1.1843 0.342 1.0116
0.002,0.0155242,0,nan,nan,nan,1.1843 0.342 1.0116
0.003,0.0362053,0,nan,nan,nan,1.1843 0.342 1.01159
0.004,0.057036,0,nan,nan,nan,1.1843 0.342 1.01157
0.005,0.0777052,0,nan,nan,nan,1.1843 0.342 1.01154
0.006,0.0984734,0,nan,nan,nan,1.1843 0.342 1.0115
0.007,0.119027,0,nan,nan,nan,1.1843 0.342 1.01145
0.008,0.1398,0,nan,nan,nan,1.1843 0.342 1.01139
0.009,0.160694,0,nan,nan,nan,1.1843 0.342 1.01133
0.01,0.18164,0,nan,nan,nan,1.1843 0.342 1.01125
0.011,0.202607,0,nan,nan,nan,1.1843 0.342 1.01116
0.012,0.224108,0,nan,nan,nan,1.1843 0.342 1.01106
0.013,0.245184,0,nan,nan,nan,1.1843 0.342 1.01095
0.014,0.266159,0,nan,nan,nan,1.1843 0.342 1.01084
0.015,0.287043,0,nan,nan,nan,1.1843 0.342 1.01071
0.016,0.30785,0,nan,nan,nan,1.1843 0.342 1.01057
0.017,0.328649,0,nan,nan,nan,1.1843 0.342 1.01042
0.018,0.349632,0,nan,nan,nan,1.1843 0.342 1.01027
0.019,0.370673,0,nan,nan,nan,1.1843 0.342 1.0101
0.02,0.391698,0,nan,nan,nan,1.1843 0.342 1.00992
0.021,0.412451,0,nan,nan,nan,1.1843 0.342 1.00974
0.022,0.433216,0,nan,nan,nan,1.1843 0.342 1.00954
0.023,0.453861,0,nan,nan,nan,1.1843 0.342 1.00934
0.024,0.474651,0,nan,nan,nan,1.1843 0.342 1.00912
0.025,0.495714,0,nan,nan,nan,1.1843 0.342 1.0089
0.026,0.516837,0,nan,nan,nan,1.1843 0.342 1.00866
0.027,0.537976,0,nan,nan,nan,1.1843 0.342 1.00842
0.028,0.559032,0,nan,nan,nan,1.1843 0.342 1.00816
0.029,0.579936,0,nan,nan,nan,1.1843 0.342 1.0079
0.03,0.600729,0,nan,nan,nan,1.1843 0.342 1.00762
0.031,0.621744,0,nan,nan,nan,1.1843 0.342 1.00734
0.032,0.642765,0,nan,nan,nan,1.1843 0.342 1.00704
0.033,0.663811,0,nan,nan,nan,1.1843 0.342 1.00674
0.034,0.684759,0,nan,nan,nan,1.1843 0.342 1.00643
0.035,0.705628,0,nan,nan,nan,1.1843 0.342 1.0061
0.036,0.725683,0,nan,nan,nan,1.1843 0.342 1.00577
0.037,0.746162,0,nan,nan,nan,1.1843 0.342 1.00543
0.038,0.766795,0,nan,nan,nan,1.1843 0.342 1.00507
0.039,0.787152,0,nan,nan,nan,1.1843 0.342 1.00471
0.04,0.807464,0,nan,nan,nan,1.1843 0.342 1.00434
0.041,0.827806,0,nan,nan,nan,1.1843 0.342 1.00396
0.042,0.848244,0,nan,nan,nan,1.1843 0.342 1.00356
0.043,0.868878,0,nan,nan,nan,1.1843 0.342 1.00316
0.044,0.889616,0,nan,nan,nan,1.1843 0.342 1.00275
0.045,0.910615,0,nan,nan,nan,1.1843 0.342 1.00233
0.046,0.931281,0,nan,nan,nan,1.1843 0.342 1.0019
0.047,0.951894,0,nan,nan,nan,1.1843 0.342 1.00146
0.048,0.972893,0,nan,nan,nan,1.1843 0.342 1.00101
0.049,0.993695,0,nan,nan,nan,1.1843 0.342 1.00055
0.05,1.0143,0,nan,nan,nan,1.1843 0.342 1.00008
0.051,1.03508,0,nan,nan,nan,1.1843 0.342 0.999595
0.052,1.05596,0,nan,nan,nan,1.1843 0.342 0.999105
0.053,1.0767,0,nan,nan,nan,1.1843 0.342 0.998605
0.054,1.09787,0,nan,nan,nan,1.1843 0.342 0.998096
0.055,1.11835,0,nan,nan,nan,1.1843 0.342 0.997576
0.056,1.1392,0,nan,nan,nan,1.1843 0.342 0.997047
0.057,1.16021,0,nan,nan,nan,1.1843 0.342 0.996508
0.058,1.18102,0,nan,nan,nan,1.1843 0.342 0.995959
0.059,1.20165,0,nan,nan,nan,1.1843 0.342 0.995401
0.06,1.22233,0,nan,nan,nan,1.1843 0.342 0.994832
0.061,1.24323,0,nan,nan,nan,1.1843 0.342 0.994254
0.062,1.26429,0,nan,nan,nan,1.1843 0.342 0.993666
0.063,1.2854,0,nan,nan,nan,1.1843 0.342 0.993068
0.064,1.30629,0,nan,nan,nan,1.1843 0.342 0.992461
0.065,1.32689,0,nan,nan,nan,1.1843 0.342 0.991843
0.066,1.34759,0,nan,nan,nan,1.1843 0.342 0.991216
0.067,1.3681,0,nan,nan,nan,1.1843 0.342 0.990579
0.068,1.38913,0,nan,nan,nan,1.1843 0.342 0.989932
0.069,1.41021,0,nan,nan,nan,1.1843 0.342 0.989276
0.07,1.43113,0,nan,nan,nan,1.1843 0.342 0.988609
0.071,1.45208,0,nan,nan,nan,1.1843 0.342 0.987933
0.072,1.47307,0,nan,nan,nan,1.1843 0.342 0.987247
0.073,1.49422,0,nan,nan,nan,1.1843 0.342 0.986551
0.074,1.51492,0,nan,nan,nan,1.1843 0.342 0.985846
0.075,1.5357,0,nan,nan,nan,1.1843 0.342 0.98513
0.076,1.55653,0,nan,nan,nan,1.1843 0.342 0.984405
0.077,1.57755,0,nan,nan,nan,1.1843 0.342 0.98367
0.078,1.59846,0,nan,nan,nan,1.1843 0.342 0.982925
0.079,1.61923,0,nan,nan,nan,1.1843 0.342 0.982171
0.08,1.63995,0,nan,nan,nan,1.1843 0.342 0.981406
0.081,1.66108,0,nan,nan,nan,1.1843 0.342 0.980632
0.082,1.68177,0,nan,nan,nan,1.1843 0.342 0.979848
0.083,1.70267,0,nan,nan,nan,1.1843 0.342 0.979054
0.084,1.72352,0,nan,nan,nan,1.1843 0.342 0.978251
0.085,1.74424,0,nan,nan,nan,1.1843 0.342 0.977437
0.086,1.76519,0,nan,nan,nan,1.1843 0.342 0.976614
0.087,1.78623,0,nan,nan,nan,1.1843 0.342 0.975781
0.088,1.8072,0,nan,nan,nan,1.1843 0.342 0.974938
0.089,1.82826,0,nan,nan,nan,1.1843 0.342 0.974086
0.09,1.84933,0,nan,nan,nan,1.1843 0.342 0.973223
0.091,1.87006,0,nan,nan,nan,1.1843 0.342 0.972351
0.092,1.89113,0,nan,nan,nan,1.1843 0.342 0.971469
0.093,1.91227,0,nan,nan,nan,1.1843 0.342 0.970577
0.094,1.9329,0,nan,nan,nan,1.1843 0.342 0.969676
0.095,1.95352,0,nan,nan,nan,1.1843 0.342 0.968764
0.096,1.97439,0,nan,nan,nan,1.1843 0.342 0.967843
0.097,1.99505,0,nan,nan,nan,1.1843 0.342 0.966912
0.098,2.01545,0,nan,nan,nan,1.1843 0.342 0.965971
0.099,2.03627,0,nan,nan,nan,1.1843 0.342 0.965021
0.1,2.05727,0,nan,nan,nan,1.1843 0.342 0.96406
0.101,2.078,0,nan,nan,nan,1.1843 0.342 0.96309
0.102,2.09869,0,nan,nan,nan,1.1843 0.342 0.96211
0.103,2.11933,0,nan,nan,nan,1.1843 0.342 0.96112
0.104,2.14008,0,nan,nan,nan,1.1843 0.342 0.960121
0.105,2.16079,0,nan,nan,nan,1.1843 0.342 0.959111
0.106,2.1814,0,nan,nan,nan,1.1843 0.342 0.958092
0.107,2.20219,0,nan,nan,nan,1.1843 0.342 0.957063
0.108,2.22318,0,nan,nan,nan,1.1843 0.342 0.956024
0.109,2.24421,0,nan,nan,nan,1.1843 0.342 0.954976
0.11,2.26484,0,nan,nan,nan,1.1843 0.342 0.953917
0.111,2.28603,0,nan,nan,nan,1.1843 0.342 0.952849
0.112,2.30675,0,nan,nan,nan,1.1843 0.342 0.951771
0.113,2.32783,0,nan,nan,nan,1.1843 0.342 0.950683
0.114,2.34888,0,nan,nan,nan,1.1843 0.342 0.949586
0.115,2.3693,0,nan,nan,nan,1.1843 0.342 0.948478
0.116,2.39001,0,nan,nan,nan,1.1843 0.342 0.947361
0.117,2.4108,0,nan,nan,nan,1.1843 0.342 0.946234
0.118,2.43168,0,nan,nan,nan,1.1843 0.342 0.945097
0.119,2.45271,0,nan,nan,nan,1.1843 0.342 0.943951
0.12,2.47338,0,nan,nan,nan,1.1843 0.342 0.942794
0.121,2.49413,0,nan,nan,nan,1.1843 0.342 0.941628
0.122,2.51483,0,nan,nan,nan,1.1843 0.342 0.940452
0.123,2.53569,0,nan,nan,nan,1.1843 0.342 0.939266
0.124,2.55675,0,nan,nan,nan,1.1843 0.342 0.938071
0.125,2.57695,0,nan,nan,nan,1.1843 0.342 0.936865
0.126,2.59737,0,nan,nan,nan,1.1843 0.342 0.93565
0.127,2.61781,0,nan,nan,nan,1.1843 0.342 0.934425
0.128,2.63838,0,nan,nan,nan,1.1843 0.342 0.93319
0.129,2.65865,0,nan,nan,nan,1.1843 0.342 0.931946
0.13,2.67921,0,nan,nan,nan,1.1843 0.342 0.930691
0.131,2.69949,0,nan,nan,nan,1.1843 0.342 0.929427
0.132,2.71988,0,nan,nan,nan,1.1843 0.342 0.928153
0.133,2.73936,0,nan,nan,nan,1.1843 0.342 0.926869
0.134,2.759,0,nan,nan,nan,1.1843 0.342 0.925576
0.135,2.77846,0,nan,nan,nan,1.1843 0.342 0.924272
0.136,2.79816,0,nan,nan,nan,1.1843 0.342 0.922959
0.137,2.81759,0,nan,nan,nan,1.1843 0.342 0.921636
0.138,2.83681,0,nan,nan,nan,1.1843 0.342 0.920303
0.139,2.85617,0,nan,nan,nan,1.1843 0.342 0.918961
0.14,2.87555,0,nan,nan,nan,1.1843 0.342 0.917608
0.141,2.89532,0,nan,nan,nan,1.1843 0.342 0.916246
0.142,2.91462,0,nan,nan,nan,1.1843 0.342 0.914874
0.143,2.93406,0,nan,nan,nan,1.1843 0.342 0.913492
0.144,2.95309,0,nan,nan,nan,1.1843 0.342 0.912101
0.145,2.97228,0,nan,nan,nan,1.1843 0.342 0.910699
0.146,2.99147,0,nan,nan,nan,1.1843 0.342 0.909288
0.147,3.01072,0,nan,nan,nan,1.1843 0.342 0.907867
0.148,3.02996,0,nan,nan,nan,1.1843 0.342 0.906436
0.149,3.04908,0,nan,nan,nan,1.1843 0.342 0.904996
0.15,3.06844,0,nan,nan,nan,1.1843 0.342 0.903545
0.151,3.08748,0,nan,nan,nan,1.1843 0.342 0.902085
0.152,3.10676,0,nan,nan,nan,1.1843 0.342 0.900615
0.153,3.1259,0,nan,nan,nan,1.1843 0.342 0.899135
0.154,3.14512,0,nan,nan,nan,1.1843 0.342 0.897646
0.155,3.16463,0,nan,nan,nan,1.1843 0.342 0.896146
0.156,3.18384,0,nan,nan,nan,1.1843 0.342 0.894637
0.157,3.20322,0,nan,nan,nan,1.1843 0.342 0.893118
0.158,3.22258,0,nan,nan,nan,1.1843 0.342 0.891589
0.159,3.24216,0,nan,nan,nan,1.1843 0.342 0.890051
0.16,3.26159,0,nan,nan,nan,1.1843 0.342 0.888502
0.161,3.28108,0,nan,nan,nan,1.1843 0.342 0.886944
0.162,3.30028,0,nan,nan,nan,1.1843 0.342 0.885376
0.163,3.32002,0,nan,nan,nan,1.1843 0.342 0.883798
0.164,3.33954,0,nan,nan,nan,1.1843 0.342 0.882211
0.165,3.35884,0,nan,nan,nan,1.1843 0.342 0.880613
0.166,3.37852,0,nan,nan,nan,1.1843 0.342 0.879006
0.167,3.39783,0,nan,nan,nan,1.1843 0.342 0.877389
0.168,3.41706,0,nan,nan,nan,1.1843 0.342 0.875762
0.169,3.43635,0,nan,nan,nan,1.1843 0.342 0.874126
0.17,3.45567,0,nan,nan,nan,1.1843 0.342 0.872479
0.171,3.47493,0,nan,nan,nan,1.1843 0.342 0.870823
0.172,3.49407,0,nan,nan,nan,1.1843 0.342 0.869157
0.173,3.51323,0,nan,nan,nan,1.1843 0.342 0.867481
0.174,3.53231,0,nan,nan,nan,1.1843 0.342 0.865796
0.175,3.5516,0,nan,nan,nan,1.1843 0.342 0.8641
0.176,3.5707,0,nan,nan,nan,1.1843 0.342 0.862395
0.177,3.58989,0,nan,nan,nan,1.1843 0.342 0.86068
0.178,3.60906,0,nan,nan,nan,1.1843 0.342 0.858955
0.179,3.62837,0,nan,nan,nan,1.1843 0.342 0.857221
0.18,3.64745,0,nan,nan,nan,1.1843 0.342 0.855476
0.181,3.6665,0,nan,nan,nan,1.1843 0.342 0.853722
0.182,3.68579,0,nan,nan,nan,1.1843 0.342 0.851958
0.183,3.70485,0,nan,nan,nan,1.1843 0.342 0.850184
0.184,3.7241,0,nan,nan,nan,1.1843 0.342 0.848401
0.185,3.74369,0,nan,nan,nan,1.1843 0.342 0.846607
0.186,3.76314,0,nan,nan,nan,1.1843 0.342 0.844804
0.187,3.78258,0,nan,nan,nan,1.1843 0.342 0.842991
0.188,3.80207,0,nan,nan,nan,1.1843 0.342 0.841168
0.189,3.82141,0,nan,nan,nan,1.1843 0.342 0.839336
0.19,3.84085,0,nan,nan,nan,1.1843 0.342 0.837493
0.191,3.86053,0,nan,nan,nan,1.1843 0.342 0.835641
0.192,3.87995,0,nan,nan,nan,1.1843 0.342 0.833779
0.193,3.89936,0,nan,nan,nan,1.1843 0.342 0.831907
0.194,3.91868,0,nan,nan,nan,1.1843 0.342 0.830026
0.195,3.93845,0,nan,nan,nan,1.1843 0.342 0.828134
0.196,3.95768,0,nan,nan,nan,1.1843 0.342 0.826233
0.197,3.97674,0,nan,nan,nan,1.1843 0.342 0.824322
0.198,3.99604,0,nan,nan,nan,1.1843 0.342 0.822401
0.199,4.01544,0,nan,nan,nan,1.1843 0.342 0.820471
0.2,4.03479,0,nan,nan,nan,1.1843 0.342 0.81853
0.201,4.05384,0,nan,nan,nan,1.1843 0.342 0.81658
0.202,4.07321,0,nan,nan,nan,1.1843 0.342 0.81462
0.203,4.09232,0,nan,nan,nan,1.1843 0.342 0.81265
0.204,4.11139,0,nan,nan,nan,1.1843 0.342 0.810671
0.205,4.13055,0,nan,nan,nan,1.1843 0.342 0.808681
0.206,4.1497,0,nan,nan,nan,1.1843 0.342 0.806682
0.207,4.16887,0,nan,nan,nan,1.1843 0.342 0.804673
0.208,4.18892,0,nan,nan,nan,1.1843 0.342 0.802654
0.209,4.20844,0,nan,nan,nan,1.1843 0.342 0.800626
0.21,4.22775,0,nan,nan,nan,1.1843 0.342 0.798587
0.211,4.24721,0,nan,nan,nan,1.1843 0.342 0.796539
0.212,4.26672,0,nan,nan,nan,1.1843 0.342 0.794481
0.213,4.28618,0,nan,nan,nan,1.1843 0.342 0.792413
0.214,4.30588,0,nan,nan,nan,1.1843 0.342 0.790336
0.215,4.3251,0,nan,nan,nan,1.1843 0.342 0.788248
0.216,4.34473,0,nan,nan,nan,1.1843 0.342 0.786151
0.217,4.36413,0,nan,nan,nan,1.1843 0.342 0.784044
0.218,4.38352,0,nan,nan,nan,1.1843 0.342 0.781927
0.219,4.40281,0,nan,nan,nan,1.1843 0.342 0.779801
0.22,4.42239,0,nan,nan,nan,1.1843 0.342 0.777664
0.221,4.44177,0,nan,nan,nan,1.1843 0.342 0.775518
0.222,4.46097,0,nan,nan,nan,1.1843 0.342 0.773362
0.223,4.48007,0,nan,nan,nan,1.1843 0.342 0.771196
0.224,4.49924,0,nan,nan,nan,1.1843 0.342 0.769021
0.225,4.51861,0,nan,nan,nan,1.1843 0.342 0.766835
0.226,4.53844,0,nan,nan,nan,1.1843 0.342 0.76464
0.227,4.56428,0,nan,nan,nan,1.1843 0.342 0.762435
0.228,4.58546,0,nan,nan,nan,1.1843 0.342 0.76022
0.229,4.60523,0,nan,nan,nan,1.1843 0.342 0.757996
0.23,4.6249,0,nan,nan,nan,1.1843 0.342 0.755761
0.231,4.64467,0,nan,nan,nan,1.1843 0.342 0.753517
0.232,4.66432,0,nan,nan,nan,1.1843 0.342 0.751263
0.233,4.684,0,nan,nan,nan,1.1843 0.342 0.748999
0.234,4.70372,0,nan,nan,nan,1.1843 0.342 0.746726
0.235,4.72298,0,nan,nan,nan,1.1843 0.342 0.744442
0.236,4.74231,0,nan,nan,nan,1.1843 0.342 0.742149
0.237,4.76181,0,nan,nan,nan,1.1843 0.342 0.739846
0.238,4.78135,0,nan,nan,nan,1.1843 0.342 0.737533
0.239,4.80079,0,nan,nan,nan,1.1843 0.342 0.735211
0.24,4.82034,0,nan,nan,nan,1.1843 0.342 0.732878
0.241,4.83983,0,nan,nan,nan,1.1843 0.342 0.730536
0.242,4.85929,0,nan,nan,nan,1.1843 0.342 0.728184
0.243,4.87874,0,nan,nan,nan,1.1843 0.342 0.725822
