0.001,-0.00188835,0,0,0,0,1.1843 0.342 1.0116
0.002,0.0354441,0,nan,nan,nan,0 0 0
0.003,0.0548154,0,nan,nan,nan,0 0 0
0.004,0.07453,0,nan,nan,nan,0 0 0
0.005,0.0938375,0,nan,nan,nan,0 0 0
0.006,0.113861,0,nan,nan,nan,0 0 0
0.007,0.134116,0,nan,nan,nan,0 0 0
0.008,0.154267,0,nan,nan,nan,0 0 0
0.009,0.174054,0,nan,nan,nan,0 0 0
0.01,0.193666,0,nan,nan,nan,0 0 0
0.011,0.214097,0,nan,nan,nan,0 0 0
0.012,0.234412,0,nan,nan,nan,0 0 0
0.013,0.254058,0,nan,nan,nan,0 0 0
0.014,0.273675,0,nan,nan,nan,0 0 0
0.015,0.29383,0,nan,nan,nan,0 0 0
0.016,0.314067,0,nan,nan,nan,0 0 0
0.017,0.333937,0,nan,nan,nan,0 0 0
0.018,0.353569,0,nan,nan,nan,0 0 0
0.019,0.373206,0,nan,nan,nan,0 0 0
0.02,0.393452,0,nan,nan,nan,0 0 0
0.021,0.413652,0,nan,nan,nan,0 0 0
0.022,0.433789,0,nan,nan,nan,0 0 0
0.023,0.454024,0,nan,nan,nan,0 0 0
0.024,0.474216,0,nan,nan,nan,0 0 0
0.025,0.494496,0,nan,nan,nan,0 0 0
0.026,0.514649,0,nan,nan,nan,0 0 0
0.027,0.534729,0,nan,nan,nan,0 0 0
0.028,0.555039,0,nan,nan,nan,0 0 0
0.029,0.575116,0,nan,nan,nan,0 0 0
0.03,0.595319,0,nan,nan,nan,0 0 0
0.031,0.615499,0,nan,nan,nan,0 0 0
0.032,0.635609,0,nan,nan,nan,0 0 0
0.033,0.655523,0,nan,nan,nan,0 0 0
0.034,0.67577,0,nan,nan,nan,0 0 0
0.035,0.695755,0,nan,nan,nan,0 0 0
0.036,0.715706,0,nan,nan,nan,0 0 0
0.037,0.735463,0,nan,nan,nan,0 0 0
0.038,0.755031,0,nan,nan,nan,0 0 0
0.039,0.77469,0,nan,nan,nan,0 0 0
0.04,0.794697,0,nan,nan,nan,0 0 0
0.041,0.814859,0,nan,nan,nan,0 0 0
0.042,0.834782,0,nan,nan,nan,0 0 0
0.043,0.854209,0,nan,nan,nan,0 0 0
0.044,0.873793,0,nan,nan,nan,0 0 0
0.045,0.894014,0,nan,nan,nan,0 0 0
0.046,0.914056,0,nan,nan,nan,0 0 0
0.047,0.933955,0,nan,nan,nan,0 0 0
0.048,0.953543,0,nan,nan,nan,0 0 0
0.049,0.973721,0,nan,nan,nan,0 0 0
0.05,0.993729,0,nan,nan,nan,0 0 0
0.051,1.01349,0,nan,nan,nan,0 0 0
0.052,1.03278,0,nan,nan,nan,0 0 0
0.053,1.05237,0,nan,nan,nan,0 0 0
0.054,1.07254,0,nan,nan,nan,0 0 0
0.055,1.09248,0,nan,nan,nan,0 0 0
0.056,1.11197,0,nan,nan,nan,0 0 0
0.057,1.13171,0,nan,nan,nan,0 0 0
0.058,1.15182,0,nan,nan,nan,0 0 0
0.059,1.17201,0,nan,nan,nan,0 0 0
0.06,1.19181,0,nan,nan,nan,0 0 0
0.061,1.21122,0,nan,nan,nan,0 0 0
0.062,1.23093,0,nan,nan,nan,0 0 0
0.063,1.25115,0,nan,nan,nan,0 0 0
0.064,1.27131,0,nan,nan,nan,0 0 0
0.065,1.29081,0,nan,nan,nan,0 0 0
0.066,1.31034,0,nan,nan,nan,0 0 0
0.067,1.33054,0,nan,nan,nan,0 0 0
0.068,1.35052,0,nan,nan,nan,0 0 0
0.069,1.37025,0,nan,nan,nan,0 0 0
0.07,1.38988,0,nan,nan,nan,0 0 0
0.071,1.40983,0,nan,nan,nan,0 0 0
0.072,1.43013,0,nan,nan,nan,0 0 0
0.073,1.45039,0,nan,nan,nan,0 0 0
0.074,1.46998,0,nan,nan,nan,0 0 0
0.075,1.49018,0,nan,nan,nan,0 0 0
0.076,1.51054,0,nan,nan,nan,0 0 0
0.077,1.53069,0,nan,nan,nan,0 0 0
0.078,1.55023,0,nan,nan,nan,0 0 0
0.079,1.56961,0,nan,nan,nan,0 0 0
0.08,1.58957,0,nan,nan,nan,0 0 0
0.081,1.60983,0,nan,nan,nan,0 0 0
0.082,1.62958,0,nan,nan,nan,0 0 0
0.083,1.64873,0,nan,nan,nan,0 0 0
0.084,1.66846,0,nan,nan,nan,0 0 0
0.085,1.6886,0,nan,nan,nan,0 0 0
0.086,1.70861,0,nan,nan,nan,0 0 0
0.087,1.72824,0,nan,nan,nan,0 0 0
0.088,1.7477,0,nan,nan,nan,0 0 0
0.089,1.76776,0,nan,nan,nan,0 0 0
0.09,1.78811,0,nan,nan,nan,0 0 0
0.091,1.80782,0,nan,nan,nan,0 0 0
0.092,1.82763,0,nan,nan,nan,0 0 0
0.093,1.84757,0,nan,nan,nan,0 0 0
0.094,1.86785,0,nan,nan,nan,0 0 0
0.095,1.88785,0,nan,nan,nan,0 0 0
0.096,1.90725,0,nan,nan,nan,0 0 0
0.097,1.92652,0,nan,nan,nan,0 0 0
0.098,1.94679,0,nan,nan,nan,0 0 0
0.099,1.96707,0,nan,nan,nan,0 0 0
0.1,1.98692,0,nan,nan,nan,0 0 0
0.101,2.00645,0,nan,nan,nan,0 0 0
0.102,2.02658,0,nan,nan,nan,0 0 0
0.103,2.0466,0,nan,nan,nan,0 0 0
0.104,2.06653,0,nan,nan,nan,0 0 0
0.105,2.08625,0,nan,nan,nan,0 0 0
0.106,2.1058,0,nan,nan,nan,0 0 0
0.107,2.12607,0,nan,nan,nan,0 0 0
0.108,2.1463,0,nan,nan,nan,0 0 0
0.109,2.16579,0,nan,nan,nan,0 0 0
0.11,2.18516,0,nan,nan,nan,0 0 0
0.111,2.20517,0,nan,nan,nan,0 0 0
0.112,2.22534,0,nan,nan,nan,0 0 0
0.113,2.24523,0,nan,nan,nan,0 0 0
0.114,2.26487,0,nan,nan,nan,0 0 0
0.115,2.28444,0,nan,nan,nan,0 0 0
0.116,2.30469,0,nan,nan,nan,0 0 0
0.117,2.32481,0,nan,nan,nan,0 0 0
0.118,2.34474,0,nan,nan,nan,0 0 0
0.119,2.36496,0,nan,nan,nan,0 0 0
0.12,2.38496,0,nan,nan,nan,0 0 0
0.121,2.4045,0,nan,nan,nan,0 0 0
0.122,2.42436,0,nan,nan,nan,0 0 0
0.123,2.44411,0,nan,nan,nan,0 0 0
0.124,2.46336,0,nan,nan,nan,0 0 0
0.125,2.48292,0,nan,nan,nan,0 0 0
0.126,2.50228,0,nan,nan,nan,0 0 0
0.127,2.52189,0,nan,nan,nan,0 0 0
0.128,2.54323,0,nan,nan,nan,0 0 0
0.129,2.56972,0,nan,nan,nan,0 0 0
0.13,2.59038,0,nan,nan,nan,0 0 0
0.131,2.61038,0,nan,nan,nan,0 0 0
0.132,2.63036,0,nan,nan,nan,0 0 0
0.133,2.6504,0,nan,nan,nan,0 0 0
0.134,2.67026,0,nan,nan,nan,0 0 0
0.135,2.68987,0,nan,nan,nan,0 0 0
0.136,2.7098,0,nan,nan,nan,0 0 0
0.137,2.72928,0,nan,nan,nan,0 0 0
0.138,2.74886,0,nan,nan,nan,0 0 0
0.139,2.76828,0,nan,nan,nan,0 0 0
0.14,2.78778,0,nan,nan,nan,0 0 0
0.141,2.80745,0,nan,nan,nan,0 0 0
0.142,2.82702,0,nan,nan,nan,0 0 0
0.143,2.84672,0,nan,nan,nan,0 0 0
0.144,2.86631,0,nan,nan,nan,0 0 0
0.145,2.88577,0,nan,nan,nan,0 0 0
0.146,2.90546,0,nan,nan,nan,0 0 0
0.147,2.92517,0,nan,nan,nan,0 0 0
0.148,2.94455,0,nan,nan,nan,0 0 0
0.149,2.96396,0,nan,nan,nan,0 0 0
0.15,2.98356,0,nan,nan,nan,0 0 0
0.151,3.00288,0,nan,nan,nan,0 0 0
0.152,3.02235,0,nan,nan,nan,0 0 0
0.153,3.04172,0,nan,nan,nan,0 0 0
0.154,3.06109,0,nan,nan,nan,0 0 0
0.155,3.08052,0,nan,nan,nan,0 0 0
0.156,3.10005,0,nan,nan,nan,0 0 0
0.157,3.11932,0,nan,nan,nan,0 0 0
0.158,3.13868,0,nan,nan,nan,0 0 0
0.159,3.15796,0,nan,nan,nan,0 0 0
0.16,3.17742,0,nan,nan,nan,0 0 0
0.161,3.19681,0,nan,nan,nan,0 0 0
0.162,3.21655,0,nan,nan,nan,0 0 0
0.163,3.2361,0,nan,nan,nan,0 0 0
0.164,3.25561,0,nan,nan,nan,0 0 0
0.165,3.27513,0,nan,nan,nan,0 0 0
0.166,3.29454,0,nan,nan,nan,0 0 0
0.167,3.31403,0,nan,nan,nan,0 0 0
0.168,3.33325,0,nan,nan,nan,0 0 0
0.169,3.35263,0,nan,nan,nan,0 0 0
0.17,3.37189,0,nan,nan,nan,0 0 0
0.171,3.39129,0,nan,nan,nan,0 0 0
0.172,3.41092,0,nan,nan,nan,0 0 0
0.173,3.43034,0,nan,nan,nan,0 0 0
0.174,3.44988,0,nan,nan,nan,0 0 0
0.175,3.46942,0,nan,nan,nan,0 0 0
0.176,3.48901,0,nan,nan,nan,0 0 0
0.177,3.50847,0,nan,nan,nan,0 0 0
0.178,3.52803,0,nan,nan,nan,0 0 0
0.179,3.54749,0,nan,nan,nan,0 0 0
0.18,3.56708,0,nan,nan,nan,0 0 0
0.181,3.58646,0,nan,nan,nan,0 0 0
0.182,3.60613,0,nan,nan,nan,0 0 0
0.183,3.62581,0,nan,nan,nan,0 0 0
0.184,3.64521,0,nan,nan,nan,0 0 0
0.185,3.6645,0,nan,nan,nan,0 0 0
0.186,3.68371,0,nan,nan,nan,0 0 0
0.187,3.70296,0,nan,nan,nan,0 0 0
0.188,3.72223,0,nan,nan,nan,0 0 0
0.189,3.74208,0,nan,nan,nan,0 0 0
0.19,3.76186,0,nan,nan,nan,0 0 0
0.191,3.78175,0,nan,nan,nan,0 0 0
0.192,3.80117,0,nan,nan,nan,0 0 0
0.193,3.82041,0,nan,nan,nan,0 0 0
0.194,3.83966,0,nan,nan,nan,0 0 0
0.195,3.85877,0,nan,nan,nan,0 0 0
0.196,3.87802,0,nan,nan,nan,0 0 0
0.197,3.8974,0,nan,nan,nan,0 0 0
0.198,3.91662,0,nan,nan,nan,0 0 0
0.199,3.93583,0,nan,nan,nan,0 0 0
0.2,3.95509,0,nan,nan,nan,0 0 0
0.201,3.97426,0,nan,nan,nan,0 0 0
0.202,3.99356,0,nan,nan,nan,0 0 0
0.203,4.01281,0,nan,nan,nan,0 0 0
0.204,4.03195,0,nan,nan,nan,0 0 0
0.205,4.0512,0,nan,nan,nan,0 0 0
0.206,4.0706,0,nan,nan,nan,0 0 0
0.207,4.08984,0,nan,nan,nan,0 0 0
0.208,4.10907,0,nan,nan,nan,0 0 0
0.209,4.12831,0,nan,nan,nan,0 0 0
0.21,4.14762,0,nan,nan,nan,0 0 0
0.211,4.16683,0,nan,nan,nan,0 0 0
0.212,4.18601,0,nan,nan,nan,0 0 0
0.213,4.20522,0,nan,nan,nan,0 0 0
0.214,4.22442,0,nan,nan,nan,0 0 0
0.215,4.24358,0,nan,nan,nan,0 0 0
0.216,4.26284,0,nan,nan,nan,0 0 0
0.217,4.2822,0,nan,nan,nan,0 0 0
0.218,4.30139,0,nan,nan,nan,0 0 0
0.219,4.3206,0,nan,nan,nan,0 0 0
0.22,4.33985,0,nan,nan,nan,0 0 0
0.221,4.35923,0,nan,nan,nan,0 0 0
0.222,4.37847,0,nan,nan,nan,0 0 0
0.223,4.39773,0,nan,nan,nan,0 0 0
0.224,4.41697,0,nan,nan,nan,0 0 0
0.225,4.43615,0,nan,nan,nan,0 0 0
0.226,4.45538,0,nan,nan,nan,0 0 0
0.227,4.47469,0,nan,nan,nan,0 0 0
0.228,4.49392,0,nan,nan,nan,0 0 0
0.229,4.51315,0,nan,nan,nan,0 0 0
0.23,4.53266,0,nan,nan,nan,0 0 0
0.231,4.55199,0,nan,nan,nan,0 0 0
0.232,4.57137,0,nan,nan,nan,0 0 0
0.233,4.59064,0,nan,nan,nan,0 0 0
0.234,4.60976,0,nan,nan,nan,0 0 0
0.235,4.62902,0,nan,nan,nan,0 0 0
0.236,4.6483,0,nan,nan,nan,0 0 0
0.237,4.66772,0,nan,nan,nan,0 0 0
0.238,4.68698,0,nan,nan,nan,0 0 0
0.239,4.70625,0,nan,nan,nan,0 0 0
0.24,4.72543,0,nan,nan,nan,0 0 0
0.241,4.74477,0,nan,nan,nan,0 0 0
0.242,4.76404,0,nan,nan,nan,0 0 0
0.243,4.78312,0,nan,nan,nan,0 0 0
0.244,4.80236,0,nan,nan,nan,0 0 0
0.245,4.82147,0,nan,nan,nan,0 0 0
0.246,4.84066,0,nan,nan,nan,0 0 0
0.247,4.86,0,nan,nan,nan,0 0 0
0.248,4.87914,0,nan,nan,nan,0 0 0
0.249,4.89849,0,nan,nan,nan,0 0 0
0.25,4.91776,0,nan,nan,nan,0 0 0
0.251,4.937,0,nan,nan,nan,0 0 0
0.252,4.95639,0,nan,nan,nan,0 0 0
0.253,4.97564,0,nan,nan,nan,0 0 0
0.254,4.99473,0,nan,nan,nan,0 0 0
0.255,5.01399,0,nan,nan,nan,0 0 0
0.256,5.03318,0,nan,nan,nan,0 0 0
0.257,5.05258,0,nan,nan,nan,0 0 0
0.258,5.07189,0,nan,nan,nan,0 0 0
0.259,5.09111,0,nan,nan,nan,0 0 0
0.26,5.11041,0,nan,nan,nan,0 0 0
0.261,5.12953,0,nan,nan,nan,0 0 0
0.262,5.14879,0,nan,nan,nan,0 0 0
0.263,5.16801,0,nan,nan,nan,0 0 0
0.264,5.1872,0,nan,nan,nan,0 0 0
0.265,5.20648,0,nan,nan,nan,0 0 0
0.266,5.22583,0,nan,nan,nan,0 0 0
0.267,5.24498,0,nan,nan,nan,0 0 0
0.268,5.26459,0,nan,nan,nan,0 0 0
0.269,5.28378,0,nan,nan,nan,0 0 0
0.27,5.30308,0,nan,nan,nan,0 0 0
0.271,5.32234,0,nan,nan,nan,0 0 0
0.272,5.3416,0,nan,nan,nan,0 0 0
0.273,5.3607,0,nan,nan,nan,0 0 0
0.274,5.37995,0,nan,nan,nan,0 0 0
0.275,5.3992,0,nan,nan,nan,0 0 0
0.276,5.41845,0,nan,nan,nan,0 0 0
0.277,5.43781,0,nan,nan,nan,0 0 0
0.278,5.45693,0,nan,nan,nan,0 0 0
0.279,5.47653,0,nan,nan,nan,0 0 0
0.28,5.49582,0,nan,nan,nan,0 0 0
0.281,5.51496,0,nan,nan,nan,0 0 0
0.282,5.53422,0,nan,nan,nan,0 0 0
0.283,5.55347,0,nan,nan,nan,0 0 0
0.284,5.57263,0,nan,nan,nan,0 0 0
0.285,5.59188,0,nan,nan,nan,0 0 0
0.286,5.61099,0,nan,nan,nan,0 0 0
0.287,5.6301,0,nan,nan,nan,0 0 0
0.288,5.64928,0,nan,nan,nan,0 0 0
0.289,5.66851,0,nan,nan,nan,0 0 0
0.29,5.68782,0,nan,nan,nan,0 0 0
0.291,5.70709,0,nan,nan,nan,0 0 0
0.292,5.72627,0,nan,nan,nan,0 0 0
0.293,5.74553,0,nan,nan,nan,0 0 0
0.294,5.76479,0,nan,nan,nan,0 0 0
0.295,5.78386,0,nan,nan,nan,0 0 0
0.296,5.80308,0,nan,nan,nan,0 0 0
0.297,5.82242,0,nan,nan,nan,0 0 0
0.298,5.84162,0,nan,nan,nan,0 0 0
0.299,5.8611,0,nan,nan,nan,0 0 0
0.3,5.88026,0,nan,nan,nan,0 0 0
0.301,5.89949,0,nan,nan,nan,0 0 0
0.302,5.91872,0,nan,nan,nan,0 0 0
0.303,5.93778,0,nan,nan,nan,0 0 0
0.304,5.957,0,nan,nan,nan,0 0 0
0.305,5.97628,0,nan,nan,nan,0 0 0
0.306,5.99555,0,nan,nan,nan,0 0 0
0.307,6.01489,0,nan,nan,nan,0 0 0
0.308,6.03406,0,nan,nan,nan,0 0 0
0.309,6.05328,0,nan,nan,nan,0 0 0
0.31,6.07265,0,nan,nan,nan,0 0 0
0.311,6.09176,0,nan,nan,nan,0 0 0
0.312,6.111,0,nan,nan,nan,0 0 0
0.313,6.13018,0,nan,nan,nan,0 0 0
0.314,6.14939,0,nan,nan,nan,0 0 0
0.315,6.16848,0,nan,nan,nan,0 0 0
0.316,6.18768,0,nan,nan,nan,0 0 0
0.317,6.20686,0,nan,nan,nan,0 0 0
0.318,6.22622,0,nan,nan,nan,0 0 0
0.319,6.24545,0,nan,nan,nan,0 0 0
0.32,6.26465,0,nan,nan,nan,0 0 0
0.321,6.28394,0,nan,nan,nan,0 0 0
0.322,6.30325,0,nan,nan,nan,0 0 0
0.323,6.32237,0,nan,nan,nan,0 0 0
0.324,6.34171,0,nan,nan,nan,0 0 0
0.325,6.36084,0,nan,nan,nan,0 0 0
0.326,6.38007,0,nan,nan,nan,0 0 0
0.327,6.39941,0,nan,nan,nan,0 0 0
0.328,6.41861,0,nan,nan,nan,0 0 0
0.329,6.43794,0,nan,nan,nan,0 0 0
0.33,6.45723,0,nan,nan,nan,0 0 0
0.331,6.4768,0,nan,nan,nan,0 0 0
0.332,6.49604,0,nan,nan,nan,0 0 0
0.333,6.51536,0,nan,nan,nan,0 0 0
0.334,6.53449,0,nan,nan,nan,0 0 0
0.335,6.55368,0,nan,nan,nan,0 0 0
0.336,6.57297,0,nan,nan,nan,0 0 0
0.337,6.59215,0,nan,nan,nan,0 0 0
0.338,6.61151,0,nan,nan,nan,0 0 0
0.339,6.63068,0,nan,nan,nan,0 0 0
0.34,6.64987,0,nan,nan,nan,0 0 0
0.341,6.66911,0,nan,nan,nan,0 0 0
0.342,6.68823,0,nan,nan,nan,0 0 0
0.343,6.70742,0,nan,nan,nan,0 0 0
0.344,6.72667,0,nan,nan,nan,0 0 0
0.345,6.74579,0,nan,nan,nan,0 0 0
0.346,6.76504,0,nan,nan,nan,0 0 0
0.347,6.78442,0,nan,nan,nan,0 0 0
0.348,6.80366,0,nan,nan,nan,0 0 0
0.349,6.82304,0,nan,nan,nan,0 0 0
0.35,6.84222,0,nan,nan,nan,0 0 0
0.351,6.86144,0,nan,nan,nan,0 0 0
0.352,6.88068,0,nan,nan,nan,0 0 0
0.353,6.89979,0,nan,nan,nan,0 0 0
0.354,6.91905,0,nan,nan,nan,0 0 0
0.355,6.9383,0,nan,nan,nan,0 0 0
0.356,6.9574,0,nan,nan,nan,0 0 0
0.357,6.97675,0,nan,nan,nan,0 0 0
0.358,6.99597,0,nan,nan,nan,0 0 0
0.359,7.01513,0,nan,nan,nan,0 0 0
0.36,7.03442,0,nan,nan,nan,0 0 0
0.361,7.05363,0,nan,nan,nan,0 0 0
0.362,7.07303,0,nan,nan,nan,0 0 0
0.363,7.09231,0,nan,nan,nan,0 0 0
0.364,7.11165,0,nan,nan,nan,0 0 0
0.365,7.13091,0,nan,nan,nan,0 0 0
0.366,7.15014,0,nan,nan,nan,0 0 0
0.367,7.16929,0,nan,nan,nan,0 0 0
0.368,7.18867,0,nan,nan,nan,0 0 0
0.369,7.20786,0,nan,nan,nan,0 0 0
0.37,7.2271,0,nan,nan,nan,0 0 0
0.371,7.24637,0,nan,nan,nan,0 0 0
0.372,7.26557,0,nan,nan,nan,0 0 0
0.373,7.28472,0,nan,nan,nan,0 0 0
0.374,7.30406,0,nan,nan,nan,0 0 0
0.375,7.3232,0,nan,nan,nan,0 0 0
0.376,7.34247,0,nan,nan,nan,0 0 0
0.377,7.36182,0,nan,nan,nan,0 0 0
0.378,7.38097,0,nan,nan,nan,0 0 0
0.379,7.40025,0,nan,nan,nan,0 0 0
0.38,7.41951,0,nan,nan,nan,0 0 0
0.381,7.43871,0,nan,nan,nan,0 0 0
0.382,7.45795,0,nan,nan,nan,0 0 0
0.383,7.47748,0,nan,nan,nan,0 0 0
0.384,7.49669,0,nan,nan,nan,0 0 0
0.385,7.51593,0,nan,nan,nan,0 0 0
0.386,7.53522,0,nan,nan,nan,0 0 0
0.387,7.5544,0,nan,nan,nan,0 0 0
0.388,7.57363,0,nan,nan,nan,0 0 0
0.389,7.59281,0,nan,nan,nan,0 0 0
0.39,7.61211,0,nan,nan,nan,0 0 0
0.391,7.63134,0,nan,nan,nan,0 0 0
0.392,7.65048,0,nan,nan,nan,0 0 0
0.393,7.67008,0,nan,nan,nan,0 0 0
0.394,7.68937,0,nan,nan,nan,0 0 0
0.395,7.7085,0,nan,nan,nan,0 0 0
0.396,7.72779,0,nan,nan,nan,0 0 0
0.397,7.74711,0,nan,nan,nan,0 0 0
0.398,7.76628,0,nan,nan,nan,0 0 0
0.399,7.78566,0,nan,nan,nan,0 0 0
0.4,7.80482,0,nan,nan,nan,0 0 0
0.401,7.82393,0,nan,nan,nan,0 0 0
0.402,7.84317,0,nan,nan,nan,0 0 0
0.403,7.86232,0,nan,nan,nan,0 0 0
0.404,7.88156,0,nan,nan,nan,0 0 0
0.405,7.90075,0,nan,nan,nan,0 0 0
0.406,7.91998,0,nan,nan,nan,0 0 0
0.407,7.9393,0,nan,nan,nan,0 0 0
0.408,7.95857,0,nan,nan,nan,0 0 0
0.409,7.97775,0,nan,nan,nan,0 0 0
0.41,7.99714,0,nan,nan,nan,0 0 0
0.411,8.01626,0,nan,nan,nan,0 0 0
0.412,8.03534,0,nan,nan,nan,0 0 0
0.413,8.05457,0,nan,nan,nan,0 0 0
0.414,8.07378,0,nan,nan,nan,0 0 0
0.415,8.09298,0,nan,nan,nan,0 0 0
0.416,8.11219,0,nan,nan,nan,0 0 0
0.417,8.13139,0,nan,nan,nan,0 0 0
0.418,8.1506,0,nan,nan,nan,0 0 0
0.419,8.16973,0,nan,nan,nan,0 0 0
0.42,8.18899,0,nan,nan,nan,0 0 0
0.421,8.20819,0,nan,nan,nan,0 0 0
0.422,8.22744,0,nan,nan,nan,0 0 0
0.423,8.24666,0,nan,nan,nan,0 0 0
0.424,8.26626,0,nan,nan,nan,0 0 0
0.425,8.28538,0,nan,nan,nan,0 0 0
0.426,8.30476,0,nan,nan,nan,0 0 0
0.427,8.32398,0,nan,nan,nan,0 0 0
0.428,8.3432,0,nan,nan,nan,0 0 0
0.429,8.36239,0,nan,nan,nan,0 0 0
0.43,8.3815,0,nan,nan,nan,0 0 0
0.431,8.4007,0,nan,nan,nan,0 0 0
0.432,8.42005,0,nan,nan,nan,0 0 0
0.433,8.43925,0,nan,nan,nan,0 0 0
0.434,8.4585,0,nan,nan,nan,0 0 0
0.435,8.4778,0,nan,nan,nan,0 0 0
0.436,8.49698,0,nan,nan,nan,0 0 0
0.437,8.51638,0,nan,nan,nan,0 0 0
0.438,8.53564,0,nan,nan,nan,0 0 0
0.439,8.55477,0,nan,nan,nan,0 0 0
0.44,8.57408,0,nan,nan,nan,0 0 0
0.441,8.5933,0,nan,nan,nan,0 0 0
0.442,8.61242,0,nan,nan,nan,0 0 0
0.443,8.63168,0,nan,nan,nan,0 0 0
0.444,8.65086,0,nan,nan,nan,0 0 0
0.445,8.67022,0,nan,nan,nan,0 0 0
0.446,8.68947,0,nan,nan,nan,0 0 0
0.447,8.70864,0,nan,nan,nan,0 0 0
0.448,8.72789,0,nan,nan,nan,0 0 0
0.449,8.74713,0,nan,nan,nan,0 0 0
0.45,8.76623,0,nan,nan,nan,0 0 0
0.451,8.78546,0,nan,nan,nan,0 0 0
0.452,8.80482,0,nan,nan,nan,0 0 0
0.453,8.824,0,nan,nan,nan,0 0 0
0.454,8.84316,0,nan,nan,nan,0 0 0
0.455,8.86252,0,nan,nan,nan,0 0 0
0.456,8.88204,0,nan,nan,nan,0 0 0
0.457,8.90128,0,nan,nan,nan,0 0 0
0.458,8.92055,0,nan,nan,nan,0 0 0
0.459,8.93981,0,nan,nan,nan,0 0 0
0.46,8.95906,0,nan,nan,nan,0 0 0
0.461,8.97833,0,nan,nan,nan,0 0 0
0.462,8.99759,0,nan,nan,nan,0 0 0
0.463,9.01685,0,nan,nan,nan,0 0 0
0.464,9.03603,0,nan,nan,nan,0 0 0
0.465,9.05534,0,nan,nan,nan,0 0 0
0.466,9.07459,0,nan,nan,nan,0 0 0
0.467,9.09381,0,nan,nan,nan,0 0 0
0.468,9.11304,0,nan,nan,nan,0 0 0
0.469,9.13214,0,nan,nan,nan,0 0 0
0.47,9.15147,0,nan,nan,nan,0 0 0
0.471,9.17079,0,nan,nan,nan,0 0 0
0.472,9.18992,0,nan,nan,nan,0 0 0
0.473,9.20914,0,nan,nan,nan,0 0 0
0.474,9.2285,0,nan,nan,nan,0 0 0
0.475,9.24767,0,nan,nan,nan,0 0 0
0.476,9.26701,0,nan,nan,nan,0 0 0
0.477,9.2863,0,nan,nan,nan,0 0 0
0.478,9.30559,0,nan,nan,nan,0 0 0
0.479,9.32486,0,nan,nan,nan,0 0 0
0.48,9.34397,0,nan,nan,nan,0 0 0
0.481,9.36321,0,nan,nan,nan,0 0 0
0.482,9.38243,0,nan,nan,nan,0 0 0
0.483,9.4017,0,nan,nan,nan,0 0 0
0.484,9.42106,0,nan,nan,nan,0 0 0
0.485,9.44027,0,nan,nan,nan,0 0 0
0.486,9.45942,0,nan,nan,nan,0 0 0
0.487,9.47922,0,nan,nan,nan,0 0 0
0.488,9.49855,0,nan,nan,nan,0 0 0
0.489,9.51765,0,nan,nan,nan,0 0 0
0.49,9.53681,0,nan,nan,nan,0 0 0
0.491,9.5561,0,nan,nan,nan,0 0 0
0.492,9.57538,0,nan,nan,nan,0 0 0
0.493,9.59468,0,nan,nan,nan,0 0 0
0.494,9.61388,0,nan,nan,nan,0 0 0
0.495,9.63317,0,nan,nan,nan,0 0 0
0.496,9.65233,0,nan,nan,nan,0 0 0
0.497,9.67142,0,nan,nan,nan,0 0 0
0.498,9.69062,0,nan,nan,nan,0 0 0
0.499,9.70988,0,nan,nan,nan,0 0 0
0.5,9.72916,0,nan,nan,nan,0 0 0
0.501,9.74852,0,nan,nan,nan,0 0 0
0.502,9.76763,0,nan,nan,nan,0 0 0
0.503,9.78688,0,nan,nan,nan,0 0 0
0.504,9.80607,0,nan,nan,nan,0 0 0
0.505,9.82537,0,nan,nan,nan,0 0 0
0.506,9.8446,0,nan,nan,nan,0 0 0
0.507,9.86384,0,nan,nan,nan,0 0 0
0.508,9.88296,0,nan,nan,nan,0 0 0
0.509,9.90223,0,nan,nan,nan,0 0 0
0.51,9.92146,0,nan,nan,nan,0 0 0
0.511,9.94072,0,nan,nan,nan,0 0 0
0.512,9.96008,0,nan,nan,nan,0 0 0
0.513,9.97918,0,nan,nan,nan,0 0 0
0.514,9.99856,0,nan,nan,nan,0 0 0
0.515,10.0179,0,nan,nan,nan,0 0 0
0.516,10.037,0,nan,nan,nan,0 0 0
0.517,10.0562,0,nan,nan,nan,0 0 0
0.518,10.0757,0,nan,nan,nan,0 0 0
0.519,10.0949,0,nan,nan,nan,0 0 0
0.52,10.1141,0,nan,nan,nan,0 0 0
0.521,10.1333,0,nan,nan,nan,0 0 0
0.522,10.1527,0,nan,nan,nan,0 0 0
0.523,10.1719,0,nan,nan,nan,0 0 0
0.524,10.1912,0,nan,nan,nan,0 0 0
0.525,10.2105,0,nan,nan,nan,0 0 0
0.526,10.2298,0,nan,nan,nan,0 0 0
0.527,10.2489,0,nan,nan,nan,0 0 0
0.528,10.2681,0,nan,nan,nan,0 0 0
0.529,10.2875,0,nan,nan,nan,0 0 0
0.53,10.3067,0,nan,nan,nan,0 0 0
0.531,10.326,0,nan,nan,nan,0 0 0
0.532,10.3453,0,nan,nan,nan,0 0 0
0.533,10.365,0,nan,nan,nan,0 0 0
0.534,10.3846,0,nan,nan,nan,0 0 0
0.535,10.404,0,nan,nan,nan,0 0 0
0.536,10.4236,0,nan,nan,nan,0 0 0
0.537,10.4431,0,nan,nan,nan,0 0 0
0.538,10.4626,0,nan,nan,nan,0 0 0
0.539,10.4823,0,nan,nan,nan,0 0 0
0.54,10.5018,0,nan,nan,nan,0 0 0
0.541,10.5213,0,nan,nan,nan,0 0 0
0.542,10.5408,0,nan,nan,nan,0 0 0
0.543,10.5604,0,nan,nan,nan,0 0 0
0.544,10.5798,0,nan,nan,nan,0 0 0
0.545,10.5992,0,nan,nan,nan,0 0 0
0.546,10.6185,0,nan,nan,nan,0 0 0
0.547,10.6376,0,nan,nan,nan,0 0 0
0.548,10.6569,0,nan,nan,nan,0 0 0
0.549,10.6762,0,nan,nan,nan,0 0 0
0.55,10.6953,0,nan,nan,nan,0 0 0
0.551,10.7147,0,nan,nan,nan,0 0 0
0.552,10.734,0,nan,nan,nan,0 0 0
0.553,10.7533,0,nan,nan,nan,0 0 0
0.554,10.7725,0,nan,nan,nan,0 0 0
0.555,10.7923,0,nan,nan,nan,0 0 0
0.556,10.8121,0,nan,nan,nan,0 0 0
0.557,10.8318,0,nan,nan,nan,0 0 0
0.558,10.8514,0,nan,nan,nan,0 0 0
0.559,10.8711,0,nan,nan,nan,0 0 0
0.56,10.8907,0,nan,nan,nan,0 0 0
0.561,10.9103,0,nan,nan,nan,0 0 0
0.562,10.9298,0,nan,nan,nan,0 0 0
0.563,10.9493,0,nan,nan,nan,0 0 0
0.564,10.9687,0,nan,nan,nan,0 0 0
0.565,10.9881,0,nan,nan,nan,0 0 0
0.566,11.0075,0,nan,nan,nan,0 0 0
0.567,11.0267,0,nan,nan,nan,0 0 0
0.568,11.0462,0,nan,nan,nan,0 0 0
0.569,11.0656,0,nan,nan,nan,0 0 0
0.57,11.0848,0,nan,nan,nan,0 0 0
0.571,11.1044,0,nan,nan,nan,0 0 0
0.572,11.1238,0,nan,nan,nan,0 0 0
0.573,11.1433,0,nan,nan,nan,0 0 0
0.574,11.1626,0,nan,nan,nan,0 0 0
0.575,11.1818,0,nan,nan,nan,0 0 0
0.576,11.2014,0,nan,nan,nan,0 0 0
0.577,11.2207,0,nan,nan,nan,0 0 0
0.578,11.2399,0,nan,nan,nan,0 0 0
0.579,11.2592,0,nan,nan,nan,0 0 0
0.58,11.2787,0,nan,nan,nan,0 0 0
0.581,11.298,0,nan,nan,nan,0 0 0
0.582,11.3173,0,nan,nan,nan,0 0 0
0.583,11.3365,0,nan,nan,nan,0 0 0
0.584,11.3558,0,nan,nan,nan,0 0 0
0.585,11.375,0,nan,nan,nan,0 0 0
0.586,11.3942,0,nan,nan,nan,0 0 0
0.587,11.4135,0,nan,nan,nan,0 0 0
0.588,11.4328,0,nan,nan,nan,0 0 0
0.589,11.4519,0,nan,nan,nan,0 0 0
0.59,11.4713,0,nan,nan,nan,0 0 0
0.591,11.4906,0,nan,nan,nan,0 0 0
0.592,11.5099,0,nan,nan,nan,0 0 0
0.593,11.5293,0,nan,nan,nan,0 0 0
0.594,11.5485,0,nan,nan,nan,0 0 0
0.595,11.5676,0,nan,nan,nan,0 0 0
0.596,11.5869,0,nan,nan,nan,0 0 0
0.597,11.6061,0,nan,nan,nan,0 0 0
0.598,11.6253,0,nan,nan,nan,0 0 0
0.599,11.6446,0,nan,nan,nan,0 0 0
0.6,11.6638,0,nan,nan,nan,0 0 0
0.601,11.6832,0,nan,nan,nan,0 0 0
0.602,11.7025,0,nan,nan,nan,0 0 0
0.603,11.7217,0,nan,nan,nan,0 0 0
0.604,11.741,0,nan,nan,nan,0 0 0
0.605,11.7604,0,nan,nan,nan,0 0 0
0.606,11.7796,0,nan,nan,nan,0 0 0
0.607,11.7988,0,nan,nan,nan,0 0 0
0.608,11.818,0,nan,nan,nan,0 0 0
0.609,11.8372,0,nan,nan,nan,0 0 0
0.61,11.8566,0,nan,nan,nan,0 0 0
0.611,11.8761,0,nan,nan,nan,0 0 0
0.612,11.8954,0,nan,nan,nan,0 0 0
0.613,11.9146,0,nan,nan,nan,0 0 0
0.614,11.9337,0,nan,nan,nan,0 0 0
0.615,11.953,0,nan,nan,nan,0 0 0
0.616,11.9723,0,nan,nan,nan,0 0 0
0.617,11.9915,0,nan,nan,nan,0 0 0
0.618,12.0107,0,nan,nan,nan,0 0 0
