0.001,-0.00212404,0,0,0,0,1.1843 0.342 1.0116
0.002,0.0151124,0,nan,nan,nan,1.1843 0.342 1.0116
0.003,0.0348438,0,nan,nan,nan,1.1843 0.342 1.01159
0.004,0.0546296,0,nan,nan,nan,1.1843 0.342 1.01157
0.005,0.0744065,0,nan,nan,nan,1.1843 0.342 1.01154
0.006,0.0941691,0,nan,nan,nan,1.1843 0.342 1.0115
0.007,0.113916,0,nan,nan,nan,1.1843 0.342 1.01145
0.008,0.133691,0,nan,nan,nan,1.1843 0.342 1.01139
0.009,0.153556,0,nan,nan,nan,1.1843 0.342 1.01133
0.01,0.173468,0,nan,nan,nan,1.1843 0.342 1.01125
0.011,0.193222,0,nan,nan,nan,1.1843 0.342 1.01116
0.012,0.212974,0,nan,nan,nan,1.1843 0.342 1.01106
0.013,0.232868,0,nan,nan,nan,1.1843 0.342 1.01095
0.014,0.252754,0,nan,nan,nan,1.1843 0.342 1.01084
0.015,0.272492,0,nan,nan,nan,1.1843 0.342 1.01071
0.016,0.292242,0,nan,nan,nan,1.1843 0.342 1.01057
0.017,0.312015,0,nan,nan,nan,1.1843 0.342 1.01042
0.018,0.331864,0,nan,nan,nan,1.1843 0.342 1.01027
0.019,0.351653,0,nan,nan,nan,1.1843 0.342 1.0101
0.02,0.371374,0,nan,nan,nan,1.1843 0.342 1.00992
0.021,0.391092,0,nan,nan,nan,1.1843 0.342 1.00974
0.022,0.410851,0,nan,nan,nan,1.1843 0.342 1.00954
0.023,0.430643,0,nan,nan,nan,1.1843 0.342 1.00934
0.024,0.450353,0,nan,nan,nan,1.1843 0.342 1.00912
0.025,0.470127,0,nan,nan,nan,1.1843 0.342 1.0089
0.026,0.489912,0,nan,nan,nan,1.1843 0.342 1.00866
0.027,0.509884,0,nan,nan,nan,1.1843 0.342 1.00842
0.028,0.529648,0,nan,nan,nan,1.1843 0.342 1.00816
0.029,0.549371,0,nan,nan,nan,1.1843 0.342 1.0079
0.03,0.569141,0,nan,nan,nan,1.1843 0.342 1.00762
0.031,0.588945,0,nan,nan,nan,1.1843 0.342 1.00734
0.032,0.60872,0,nan,nan,nan,1.1843 0.342 1.00704
0.033,0.628469,0,nan,nan,nan,1.1843 0.342 1.00674
0.034,0.648187,0,nan,nan,nan,1.1843 0.342 1.00643
0.035,0.668089,0,nan,nan,nan,1.1843 0.342 1.0061
0.036,0.687886,0,nan,nan,nan,1.1843 0.342 1.00577
0.037,0.707595,0,nan,nan,nan,1.1843 0.342 1.00543
0.038,0.727331,0,nan,nan,nan,1.1843 0.342 1.00507
0.039,0.74698,0,nan,nan,nan,1.1843 0.342 1.00471
0.04,0.766723,0,nan,nan,nan,1.1843 0.342 1.00434
0.041,0.78646,0,nan,nan,nan,1.1843 0.342 1.00396
0.042,0.806173,0,nan,nan,nan,1.1843 0.342 1.00356
0.043,0.825917,0,nan,nan,nan,1.1843 0.342 1.00316
0.044,0.845718,0,nan,nan,nan,1.1843 0.342 1.00275
0.045,0.865513,0,nan,nan,nan,1.1843 0.342 1.00233
0.046,0.885393,0,nan,nan,nan,1.1843 0.342 1.0019
0.047,0.905176,0,nan,nan,nan,1.1843 0.342 1.00146
0.048,0.925376,0,nan,nan,nan,1.1843 0.342 1.00101
0.049,0.945313,0,nan,nan,nan,1.1843 0.342 1.00055
0.05,0.965171,0,nan,nan,nan,1.1843 0.342 1.00008
0.051,0.985146,0,nan,nan,nan,1.1843 0.342 0.999595
0.052,1.00501,0,nan,nan,nan,1.1843 0.342 0.999105
0.053,1.02493,0,nan,nan,nan,1.1843 0.342 0.998605
0.054,1.0448,0,nan,nan,nan,1.1843 0.342 0.998096
0.055,1.06472,0,nan,nan,nan,1.1843 0.342 0.997576
0.056,1.08451,0,nan,nan,nan,1.1843 0.342 0.997047
0.057,1.10437,0,nan,nan,nan,1.1843 0.342 0.996508
0.058,1.1242,0,nan,nan,nan,1.1843 0.342 0.995959
0.059,1.14404,0,nan,nan,nan,1.1843 0.342 0.995401
0.06,1.16399,0,nan,nan,nan,1.1843 0.342 0.994832
0.061,1.18384,0,nan,nan,nan,1.1843 0.342 0.994254
0.062,1.20362,0,nan,nan,nan,1.1843 0.342 0.993666
0.063,1.22336,0,nan,nan,nan,1.1843 0.342 0.993068
0.064,1.24324,0,nan,nan,nan,1.1843 0.342 0.992461
0.065,1.26308,0,nan,nan,nan,1.1843 0.342 0.991843
0.066,1.28299,0,nan,nan,nan,1.1843 0.342 0.991216
0.067,1.30299,0,nan,nan,nan,1.1843 0.342 0.990579
0.068,1.32302,0,nan,nan,nan,1.1843 0.342 0.989932
0.069,1.34292,0,nan,nan,nan,1.1843 0.342 0.989276
0.07,1.36273,0,nan,nan,nan,1.1843 0.342 0.988609
0.071,1.38259,0,nan,nan,nan,1.1843 0.342 0.987933
0.072,1.40259,0,nan,nan,nan,1.1843 0.342 0.987247
0.073,1.42253,0,nan,nan,nan,1.1843 0.342 0.986551
0.074,1.44245,0,nan,nan,nan,1.1843 0.342 0.985846
0.075,1.46231,0,nan,nan,nan,1.1843 0.342 0.98513
0.076,1.48221,0,nan,nan,nan,1.1843 0.342 0.984405
0.077,1.50221,0,nan,nan,nan,1.1843 0.342 0.98367
0.078,1.52215,0,nan,nan,nan,1.1843 0.342 0.982925
0.079,1.54196,0,nan,nan,nan,1.1843 0.342 0.982171
0.08,1.56179,0,nan,nan,nan,1.1843 0.342 0.981406
0.081,1.58172,0,nan,nan,nan,1.1843 0.342 0.980632
0.082,1.60173,0,nan,nan,nan,1.1843 0.342 0.979848
0.083,1.62173,0,nan,nan,nan,1.1843 0.342 0.979054
0.084,1.64168,0,nan,nan,nan,1.1843 0.342 0.978251
0.085,1.66164,0,nan,nan,nan,1.1843 0.342 0.977437
0.086,1.68147,0,nan,nan,nan,1.1843 0.342 0.976614
0.087,1.70128,0,nan,nan,nan,1.1843 0.342 0.975781
0.088,1.72113,0,nan,nan,nan,1.1843 0.342 0.974938
0.089,1.741,0,nan,nan,nan,1.1843 0.342 0.974086
0.09,1.76085,0,nan,nan,nan,1.1843 0.342 0.973223
0.091,1.78075,0,nan,nan,nan,1.1843 0.342 0.972351
0.092,1.80068,0,nan,nan,nan,1.1843 0.342 0.971469
0.093,1.82052,0,nan,nan,nan,1.1843 0.342 0.970577
0.094,1.8402,0,nan,nan,nan,1.1843 0.342 0.969676
0.095,1.86004,0,nan,nan,nan,1.1843 0.342 0.968764
0.096,1.87989,0,nan,nan,nan,1.1843 0.342 0.967843
0.097,1.8997,0,nan,nan,nan,1.1843 0.342 0.966912
0.098,1.91947,0,nan,nan,nan,1.1843 0.342 0.965971
0.099,1.93929,0,nan,nan,nan,1.1843 0.342 0.965021
0.1,1.95917,0,nan,nan,nan,1.1843 0.342 0.96406
0.101,1.979,0,nan,nan,nan,1.1843 0.342 0.96309
0.102,1.99881,0,nan,nan,nan,1.1843 0.342 0.96211
0.103,2.0192,0,nan,nan,nan,1.1843 0.342 0.96112
0.104,2.03901,0,nan,nan,nan,1.1843 0.342 0.960121
0.105,2.05872,0,nan,nan,nan,1.1843 0.342 0.959111
0.106,2.07848,0,nan,nan,nan,1.1843 0.342 0.958092
0.107,2.09815,0,nan,nan,nan,1.1843 0.342 0.957063
0.108,2.11782,0,nan,nan,nan,1.1843 0.342 0.956024
0.109,2.13757,0,nan,nan,nan,1.1843 0.342 0.954976
0.11,2.16248,0,nan,nan,nan,1.1843 0.342 0.953917
0.111,2.18235,0,nan,nan,nan,1.1843 0.342 0.952849
0.112,2.20206,0,nan,nan,nan,1.1843 0.342 0.951771
0.113,2.22186,0,nan,nan,nan,1.1843 0.342 0.950683
0.114,2.24166,0,nan,nan,nan,1.1843 0.342 0.949586
0.115,2.26137,0,nan,nan,nan,1.1843 0.342 0.948478
0.116,2.28101,0,nan,nan,nan,1.1843 0.342 0.947361
0.117,2.30091,0,nan,nan,nan,1.1843 0.342 0.946234
0.118,2.32067,0,nan,nan,nan,1.1843 0.342 0.945097
0.119,2.34026,0,nan,nan,nan,1.1843 0.342 0.943951
0.12,2.36009,0,nan,nan,nan,1.1843 0.342 0.942794
0.121,2.37977,0,nan,nan,nan,1.1843 0.342 0.941628
0.122,2.39956,0,nan,nan,nan,1.1843 0.342 0.940452
0.123,2.41925,0,nan,nan,nan,1.1843 0.342 0.939266
0.124,2.43894,0,nan,nan,nan,1.1843 0.342 0.938071
0.125,2.45869,0,nan,nan,nan,1.1843 0.342 0.936865
0.126,2.47841,0,nan,nan,nan,1.1843 0.342 0.93565
0.127,2.49814,0,nan,nan,nan,1.1843 0.342 0.934425
0.128,2.51784,0,nan,nan,nan,1.1843 0.342 0.93319
0.129,2.53864,0,nan,nan,nan,1.1843 0.342 0.931946
0.13,2.55845,0,nan,nan,nan,1.1843 0.342 0.930691
0.131,2.57819,0,nan,nan,nan,1.1843 0.342 0.929427
0.132,2.5979,0,nan,nan,nan,1.1843 0.342 0.928153
0.133,2.61698,0,nan,nan,nan,1.1843 0.342 0.926869
0.134,2.63599,0,nan,nan,nan,1.1843 0.342 0.925576
0.135,2.65502,0,nan,nan,nan,1.1843 0.342 0.924272
0.136,2.67394,0,nan,nan,nan,1.1843 0.342 0.922959
0.137,2.69297,0,nan,nan,nan,1.1843 0.342 0.921636
0.138,2.71195,0,nan,nan,nan,1.1843 0.342 0.920303
0.139,2.731,0,nan,nan,nan,1.1843 0.342 0.918961
0.14,2.75026,0,nan,nan,nan,1.1843 0.342 0.917608
0.141,2.76923,0,nan,nan,nan,1.1843 0.342 0.916246
0.142,2.78821,0,nan,nan,nan,1.1843 0.342 0.914874
0.143,2.8072,0,nan,nan,nan,1.1843 0.342 0.913492
0.144,2.82639,0,nan,nan,nan,1.1843 0.342 0.912101
0.145,2.8454,0,nan,nan,nan,1.1843 0.342 0.910699
0.146,2.86443,0,nan,nan,nan,1.1843 0.342 0.909288
0.147,2.88366,0,nan,nan,nan,1.1843 0.342 0.907867
0.148,2.90332,0,nan,nan,nan,1.1843 0.342 0.906436
0.149,2.92297,0,nan,nan,nan,1.1843 0.342 0.904996
0.15,2.94262,0,nan,nan,nan,1.1843 0.342 0.903545
0.151,2.96188,0,nan,nan,nan,1.1843 0.342 0.902085
0.152,2.98086,0,nan,nan,nan,1.1843 0.342 0.900615
0.153,2.99987,0,nan,nan,nan,1.1843 0.342 0.899135
0.154,3.01884,0,nan,nan,nan,1.1843 0.342 0.897646
0.155,3.03783,0,nan,nan,nan,1.1843 0.342 0.896146
0.156,3.05686,0,nan,nan,nan,1.1843 0.342 0.894637
0.157,3.07581,0,nan,nan,nan,1.1843 0.342 0.893118
0.158,3.09482,0,nan,nan,nan,1.1843 0.342 0.891589
0.159,3.11382,0,nan,nan,nan,1.1843 0.342 0.890051
0.16,3.1328,0,nan,nan,nan,1.1843 0.342 0.888502
0.161,3.15182,0,nan,nan,nan,1.1843 0.342 0.886944
0.162,3.17083,0,nan,nan,nan,1.1843 0.342 0.885376
0.163,3.18983,0,nan,nan,nan,1.1843 0.342 0.883798
0.164,3.20885,0,nan,nan,nan,1.1843 0.342 0.882211
0.165,3.22784,0,nan,nan,nan,1.1843 0.342 0.880613
0.166,3.2468,0,nan,nan,nan,1.1843 0.342 0.879006
0.167,3.26582,0,nan,nan,nan,1.1843 0.342 0.877389
0.168,3.2848,0,nan,nan,nan,1.1843 0.342 0.875762
0.169,3.30383,0,nan,nan,nan,1.1843 0.342 0.874126
0.17,3.32281,0,nan,nan,nan,1.1843 0.342 0.872479
0.171,3.3418,0,nan,nan,nan,1.1843 0.342 0.870823
0.172,3.36078,0,nan,nan,nan,1.1843 0.342 0.869157
0.173,3.37972,0,nan,nan,nan,1.1843 0.342 0.867481
0.174,3.39873,0,nan,nan,nan,1.1843 0.342 0.865796
0.175,3.41765,0,nan,nan,nan,1.1843 0.342 0.8641
0.176,3.43663,0,nan,nan,nan,1.1843 0.342 0.862395
0.177,3.45566,0,nan,nan,nan,1.1843 0.342 0.86068
0.178,3.47475,0,nan,nan,nan,1.1843 0.342 0.858955
0.179,3.49418,0,nan,nan,nan,1.1843 0.342 0.857221
0.18,3.51388,0,nan,nan,nan,1.1843 0.342 0.855476
0.181,3.53353,0,nan,nan,nan,1.1843 0.342 0.853722
0.182,3.5529,0,nan,nan,nan,1.1843 0.342 0.851958
0.183,3.57194,0,nan,nan,nan,1.1843 0.342 0.850184
0.184,3.59099,0,nan,nan,nan,1.1843 0.342 0.848401
0.185,3.60993,0,nan,nan,nan,1.1843 0.342 0.846607
0.186,3.6289,0,nan,nan,nan,1.1843 0.342 0.844804
0.187,3.64789,0,nan,nan,nan,1.1843 0.342 0.842991
0.188,3.66687,0,nan,nan,nan,1.1843 0.342 0.841168
0.189,3.68584,0,nan,nan,nan,1.1843 0.342 0.839336
0.19,3.70483,0,nan,nan,nan,1.1843 0.342 0.837493
0.191,3.72375,0,nan,nan,nan,1.1843 0.342 0.835641
0.192,3.74274,0,nan,nan,nan,1.1843 0.342 0.833779
0.193,3.76167,0,nan,nan,nan,1.1843 0.342 0.831907
0.194,3.78063,0,nan,nan,nan,1.1843 0.342 0.830026
0.195,3.79969,0,nan,nan,nan,1.1843 0.342 0.828134
0.196,3.81885,0,nan,nan,nan,1.1843 0.342 0.826233
0.197,3.83818,0,nan,nan,nan,1.1843 0.342 0.824322
0.198,3.85745,0,nan,nan,nan,1.1843 0.342 0.822401
0.199,3.87645,0,nan,nan,nan,1.1843 0.342 0.820471
0.2,3.89545,0,nan,nan,nan,1.1843 0.342 0.81853
0.201,3.91442,0,nan,nan,nan,1.1843 0.342 0.81658
0.202,3.93359,0,nan,nan,nan,1.1843 0.342 0.81462
0.203,3.95258,0,nan,nan,nan,1.1843 0.342 0.81265
0.204,3.97155,0,nan,nan,nan,1.1843 0.342 0.810671
0.205,3.99056,0,nan,nan,nan,1.1843 0.342 0.808681
0.206,4.00954,0,nan,nan,nan,1.1843 0.342 0.806682
0.207,4.02849,0,nan,nan,nan,1.1843 0.342 0.804673
0.208,4.04748,0,nan,nan,nan,1.1843 0.342 0.802654
0.209,4.06644,0,nan,nan,nan,1.1843 0.342 0.800626
0.21,4.08559,0,nan,nan,nan,1.1843 0.342 0.798587
0.211,4.1052,0,nan,nan,nan,1.1843 0.342 0.796539
0.212,4.1248,0,nan,nan,nan,1.1843 0.342 0.794481
0.213,4.14441,0,nan,nan,nan,1.1843 0.342 0.792413
0.214,4.16346,0,nan,nan,nan,1.1843 0.342 0.790336
0.215,4.18244,0,nan,nan,nan,1.1843 0.342 0.788248
0.216,4.20152,0,nan,nan,nan,1.1843 0.342 0.786151
0.217,4.2206,0,nan,nan,nan,1.1843 0.342 0.784044
0.218,4.23958,0,nan,nan,nan,1.1843 0.342 0.781927
0.219,4.25855,0,nan,nan,nan,1.1843 0.342 0.779801
0.22,4.2775,0,nan,nan,nan,1.1843 0.342 0.777664
0.221,4.29646,0,nan,nan,nan,1.1843 0.342 0.775518
0.222,4.31542,0,nan,nan,nan,1.1843 0.342 0.773362
0.223,4.33439,0,nan,nan,nan,1.1843 0.342 0.771196
0.224,4.35344,0,nan,nan,nan,1.1843 0.342 0.769021
0.225,4.37241,0,nan,nan,nan,1.1843 0.342 0.766835
0.226,4.39138,0,nan,nan,nan,1.1843 0.342 0.76464
0.227,4.41039,0,nan,nan,nan,1.1843 0.342 0.762435
0.228,4.4293,0,nan,nan,nan,1.1843 0.342 0.76022
0.229,4.44825,0,nan,nan,nan,1.1843 0.342 0.757996
0.23,4.46722,0,nan,nan,nan,1.1843 0.342 0.755761
0.231,4.48619,0,nan,nan,nan,1.1843 0.342 0.753517
0.232,4.50557,0,nan,nan,nan,1.1843 0.342 0.751263
0.233,4.5252,0,nan,nan,nan,1.1843 0.342 0.748999
0.234,4.54483,0,nan,nan,nan,1.1843 0.342 0.746726
0.235,4.56424,0,nan,nan,nan,1.1843 0.342 0.744442
0.236,4.58321,0,nan,nan,nan,1.1843 0.342 0.742149
0.237,4.60234,0,nan,nan,nan,1.1843 0.342 0.739846
0.238,4.62128,0,nan,nan,nan,1.1843 0.342 0.737533
0.239,4.64026,0,nan,nan,nan,1.1843 0.342 0.735211
0.24,4.65925,0,nan,nan,nan,1.1843 0.342 0.732878
0.241,4.67827,0,nan,nan,nan,1.1843 0.342 0.730536
0.242,4.69772,0,nan,nan,nan,1.1843 0.342 0.728184
0.243,4.71735,0,nan,nan,nan,1.1843 0.342 0.725822
0.244,4.73697,0,nan,nan,nan,1.1843 0.342 0.723451
0.245,4.75607,0,nan,nan,nan,1.1843 0.342 0.721069
0.246,4.7752,0,nan,nan,nan,1.1843 0.342 0.718678
0.247,4.79437,0,nan,nan,nan,1.1843 0.342 0.716277
0.248,4.81348,0,nan,nan,nan,1.1843 0.342 0.713866
0.249,4.83257,0,nan,nan,nan,1.1843 0.342 0.711446
0.25,4.85163,0,nan,nan,nan,1.1843 0.342 0.709015
0.251,4.87068,0,nan,nan,nan,1.1843 0.342 0.706575
0.252,4.8896,0,nan,nan,nan,1.1843 0.342 0.704125
0.253,4.90856,0,nan,nan,nan,1.1843 0.342 0.701665
0.254,4.92779,0,nan,nan,nan,1.1843 0.342 0.699196
0.255,4.9469,0,nan,nan,nan,1.1843 0.342 0.696716
0.256,4.96584,0,nan,nan,nan,1.1843 0.342 0.694227
0.257,4.9848,0,nan,nan,nan,1.1843 0.342 0.691728
0.258,5.00378,0,nan,nan,nan,1.1843 0.342 0.689219
0.259,5.02273,0,nan,nan,nan,1.1843 0.342 0.686701
0.26,5.0417,0,nan,nan,nan,1.1843 0.342 0.684172
0.261,5.06066,0,nan,nan,nan,1.1843 0.342 0.681634
0.262,5.07963,0,nan,nan,nan,1.1843 0.342 0.679086
0.263,5.09856,0,nan,nan,nan,1.1843 0.342 0.676528
0.264,5.11753,0,nan,nan,nan,1.1843 0.342 0.673961
0.265,5.13649,0,nan,nan,nan,1.1843 0.342 0.671383
0.266,5.1555,0,nan,nan,nan,1.1843 0.342 0.668796
0.267,5.17446,0,nan,nan,nan,1.1843 0.342 0.666199
0.268,5.19342,0,nan,nan,nan,1.1843 0.342 0.663592
0.269,5.21236,0,nan,nan,nan,1.1843 0.342 0.660976
0.27,5.23127,0,nan,nan,nan,1.1843 0.342 0.658349
0.271,5.25024,0,nan,nan,nan,1.1843 0.342 0.655713
0.272,5.2692,0,nan,nan,nan,1.1843 0.342 0.653067
0.273,5.28818,0,nan,nan,nan,1.1843 0.342 0.650411
0.274,5.30715,0,nan,nan,nan,1.1843 0.342 0.647746
0.275,5.32611,0,nan,nan,nan,1.1843 0.342 0.64507
0.276,5.34508,0,nan,nan,nan,1.1843 0.342 0.642385
0.277,5.36403,0,nan,nan,nan,1.1843 0.342 0.63969
0.278,5.38292,0,nan,nan,nan,1.1843 0.342 0.636985
0.279,5.40196,0,nan,nan,nan,1.1843 0.342 0.634271
0.28,5.42093,0,nan,nan,nan,1.1843 0.342 0.631546
0.281,5.43989,0,nan,nan,nan,1.1843 0.342 0.628812
0.282,5.45886,0,nan,nan,nan,1.1843 0.342 0.626068
0.283,5.47781,0,nan,nan,nan,1.1843 0.342 0.623314
0.284,5.4968,0,nan,nan,nan,1.1843 0.342 0.620551
0.285,5.5158,0,nan,nan,nan,1.1843 0.342 0.617777
0.286,5.5347,0,nan,nan,nan,1.1843 0.342 0.614994
0.287,5.55367,0,nan,nan,nan,1.1843 0.342 0.612201
0.288,5.57271,0,nan,nan,nan,1.1843 0.342 0.609398
0.289,5.59181,0,nan,nan,nan,1.1843 0.342 0.606586
0.29,5.61092,0,nan,nan,nan,1.1843 0.342 0.603763
0.291,5.63002,0,nan,nan,nan,1.1843 0.342 0.600931
0.292,5.64912,0,nan,nan,nan,1.1843 0.342 0.598089
0.293,5.6682,0,nan,nan,nan,1.1843 0.342 0.595237
0.294,5.68716,0,nan,nan,nan,1.1843 0.342 0.592376
0.295,5.70607,0,nan,nan,nan,1.1843 0.342 0.589504
0.296,5.72501,0,nan,nan,nan,1.1843 0.342 0.586623
0.297,5.74396,0,nan,nan,nan,1.1843 0.342 0.583732
0.298,5.76291,0,nan,nan,nan,1.1843 0.342 0.580831
0.299,5.78188,0,nan,nan,nan,1.1843 0.342 0.577921
0.3,5.80094,0,nan,nan,nan,1.1843 0.342 0.575
0.301,5.81997,0,nan,nan,nan,1.1843 0.342 0.57207
0.302,5.83892,0,nan,nan,nan,1.1843 0.342 0.56913
0.303,5.85779,0,nan,nan,nan,1.1843 0.342 0.56618
0.304,5.87687,0,nan,nan,nan,1.1843 0.342 0.563221
0.305,5.89625,0,nan,nan,nan,1.1843 0.342 0.560251
0.306,5.91516,0,nan,nan,nan,1.1843 0.342 0.557272
0.307,5.93433,0,nan,nan,nan,1.1843 0.342 0.554283
0.308,5.9533,0,nan,nan,nan,1.1843 0.342 0.551284
0.309,5.97237,0,nan,nan,nan,1.1843 0.342 0.548276
0.31,5.99135,0,nan,nan,nan,1.1843 0.342 0.545257
0.311,6.01032,0,nan,nan,nan,1.1843 0.342 0.542229
0.312,6.02924,0,nan,nan,nan,1.1843 0.342 0.539191
0.313,6.04835,0,nan,nan,nan,1.1843 0.342 0.536143
0.314,6.06733,0,nan,nan,nan,1.1843 0.342 0.533086
0.315,6.08624,0,nan,nan,nan,1.1843 0.342 0.530018
0.316,6.10547,0,nan,nan,nan,1.1843 0.342 0.526941
0.317,6.12442,0,nan,nan,nan,1.1843 0.342 0.523854
0.318,6.14343,0,nan,nan,nan,1.1843 0.342 0.520757
0.319,6.16257,0,nan,nan,nan,1.1843 0.342 0.517651
0.32,6.18162,0,nan,nan,nan,1.1843 0.342 0.514534
0.321,6.20058,0,nan,nan,nan,1.1843 0.342 0.511408
0.322,6.21952,0,nan,nan,nan,1.1843 0.342 0.508272
0.323,6.2385,0,nan,nan,nan,1.1843 0.342 0.505126
0.324,6.25743,0,nan,nan,nan,1.1843 0.342 0.501971
0.325,6.27639,0,nan,nan,nan,1.1843 0.342 0.498805
0.326,6.29534,0,nan,nan,nan,1.1843 0.342 0.49563
0.327,6.31429,0,nan,nan,nan,1.1843 0.342 0.492445
0.328,6.33326,0,nan,nan,nan,1.1843 0.342 0.48925
0.329,6.35224,0,nan,nan,nan,1.1843 0.342 0.486046
0.33,6.37119,0,nan,nan,nan,1.1843 0.342 0.482831
0.331,6.39013,0,nan,nan,nan,1.1843 0.342 0.479607
0.332,6.40912,0,nan,nan,nan,1.1843 0.342 0.476373
0.333,6.42809,0,nan,nan,nan,1.1843 0.342 0.473129
0.334,6.44704,0,nan,nan,nan,1.1843 0.342 0.469876
0.335,6.46603,0,nan,nan,nan,1.1843 0.342 0.466612
0.336,6.48498,0,nan,nan,nan,1.1843 0.342 0.463339
0.337,6.50394,0,nan,nan,nan,1.1843 0.342 0.460056
0.338,6.52287,0,nan,nan,nan,1.1843 0.342 0.456763
0.339,6.54182,0,nan,nan,nan,1.1843 0.342 0.453461
0.34,6.56077,0,nan,nan,nan,1.1843 0.342 0.450148
0.341,6.57971,0,nan,nan,nan,1.1843 0.342 0.446826
0.342,6.59868,0,nan,nan,nan,1.1843 0.342 0.443494
0.343,6.61761,0,nan,nan,nan,1.1843 0.342 0.440152
0.344,6.63654,0,nan,nan,nan,1.1843 0.342 0.436801
0.345,6.65551,0,nan,nan,nan,1.1843 0.342 0.433439
0.346,6.67444,0,nan,nan,nan,1.1843 0.342 0.430068
0.347,6.69348,0,nan,nan,nan,1.1843 0.342 0.426687
0.348,6.71255,0,nan,nan,nan,1.1843 0.342 0.423296
0.349,6.7315,0,nan,nan,nan,1.1843 0.342 0.419896
0.35,6.75046,0,nan,nan,nan,1.1843 0.342 0.416485
0.351,6.76943,0,nan,nan,nan,1.1843 0.342 0.413065
0.352,6.78838,0,nan,nan,nan,1.1843 0.342 0.409635
0.353,6.80732,0,nan,nan,nan,1.1843 0.342 0.406195
0.354,6.82632,0,nan,nan,nan,1.1843 0.342 0.402746
0.355,6.84528,0,nan,nan,nan,1.1843 0.342 0.399286
0.356,6.86427,0,nan,nan,nan,1.1843 0.342 0.395817
0.357,6.88322,0,nan,nan,nan,1.1843 0.342 0.392338
0.358,6.90217,0,nan,nan,nan,1.1843 0.342 0.388849
0.359,6.92142,0,nan,nan,nan,1.1843 0.342 0.385351
0.36,6.94056,0,nan,nan,nan,1.1843 0.342 0.381842
0.361,6.95992,0,nan,nan,nan,1.1843 0.342 0.378324
0.362,6.97908,0,nan,nan,nan,1.1843 0.342 0.374796
0.363,6.99817,0,nan,nan,nan,1.1843 0.342 0.371258
0.364,7.0179,0,nan,nan,nan,1.1843 0.342 0.367711
0.365,7.03685,0,nan,nan,nan,1.1843 0.342 0.364153
0.366,7.0559,0,nan,nan,nan,1.1843 0.342 0.360586
0.367,7.07496,0,nan,nan,nan,1.1843 0.342 0.357009
0.368,7.0939,0,nan,nan,nan,1.1843 0.342 0.353422
0.369,7.113,0,nan,nan,nan,1.1843 0.342 0.349826
0.37,7.13209,0,nan,nan,nan,1.1843 0.342 0.346219
0.371,7.15106,0,nan,nan,nan,1.1843 0.342 0.342603
0.372,7.17013,0,nan,nan,nan,1.1843 0.342 0.338977
0.373,7.18916,0,nan,nan,nan,1.1843 0.342 0.335341
0.374,7.2083,0,nan,nan,nan,1.1843 0.342 0.331696
0.375,7.22731,0,nan,nan,nan,1.1843 0.342 0.32804
0.376,7.24635,0,nan,nan,nan,1.1843 0.342 0.324375
0.377,7.26529,0,nan,nan,nan,1.1843 0.342 0.3207
0.378,7.28425,0,nan,nan,nan,1.1843 0.342 0.317015
0.379,7.30322,0,nan,nan,nan,1.1843 0.342 0.313321
0.38,7.32221,0,nan,nan,nan,1.1843 0.342 0.309616
0.381,7.34115,0,nan,nan,nan,1.1843 0.342 0.305902
0.382,7.36012,0,nan,nan,nan,1.1843 0.342 0.302178
0.383,7.37908,0,nan,nan,nan,1.1843 0.342 0.298444
0.384,7.39801,0,nan,nan,nan,1.1843 0.342 0.294701
0.385,7.417,0,nan,nan,nan,1.1843 0.342 0.290947
0.386,7.43594,0,nan,nan,nan,1.1843 0.342 0.287184
0.387,7.45488,0,nan,nan,nan,1.1843 0.342 0.283411
0.388,7.47387,0,nan,nan,nan,1.1843 0.342 0.279628
0.389,7.49296,0,nan,nan,nan,1.1843 0.342 0.275836
0.39,7.51201,0,nan,nan,nan,1.1843 0.342 0.272033
0.391,7.5309,0,nan,nan,nan,1.1843 0.342 0.268221
0.392,7.54986,0,nan,nan,nan,1.1843 0.342 0.264399
0.393,7.56878,0,nan,nan,nan,1.1843 0.342 0.260567
0.394,7.58777,0,nan,nan,nan,1.1843 0.342 0.256726
0.395,7.60685,0,nan,nan,nan,1.1843 0.342 0.252874
0.396,7.62582,0,nan,nan,nan,1.1843 0.342 0.249013
0.397,7.64477,0,nan,nan,nan,1.1843 0.342 0.245142
0.398,7.66383,0,nan,nan,nan,1.1843 0.342 0.241261
0.399,7.68289,0,nan,nan,nan,1.1843 0.342 0.237371
0.4,7.70188,0,nan,nan,nan,1.1843 0.342 0.23347
0.401,7.72085,0,nan,nan,nan,1.1843 0.342 0.22956
0.402,7.73995,0,nan,nan,nan,1.1843 0.342 0.22564
0.403,7.75899,0,nan,nan,nan,1.1843 0.342 0.22171
0.404,7.77808,0,nan,nan,nan,1.1843 0.342 0.217771
0.405,7.79708,0,nan,nan,nan,1.1843 0.342 0.213821
0.406,7.81616,0,nan,nan,nan,1.1843 0.342 0.209862
0.407,7.83511,0,nan,nan,nan,1.1843 0.342 0.205893
0.408,7.85409,0,nan,nan,nan,1.1843 0.342 0.201914
0.409,7.87308,0,nan,nan,nan,1.1843 0.342 0.197926
0.41,7.89201,0,nan,nan,nan,1.1843 0.342 0.193927
0.411,7.91097,0,nan,nan,nan,1.1843 0.342 0.189919
0.412,7.93008,0,nan,nan,nan,1.1843 0.342 0.185901
0.413,7.94938,0,nan,nan,nan,1.1843 0.342 0.181873
0.414,7.96834,0,nan,nan,nan,1.1843 0.342 0.177836
0.415,7.98727,0,nan,nan,nan,1.1843 0.342 0.173788
0.416,8.00632,0,nan,nan,nan,1.1843 0.342 0.169731
0.417,8.02546,0,nan,nan,nan,1.1843 0.342 0.165664
0.418,8.04446,0,nan,nan,nan,1.1843 0.342 0.161587
0.419,8.06347,0,nan,nan,nan,1.1843 0.342 0.157501
0.42,8.0825,0,nan,nan,nan,1.1843 0.342 0.153404
0.421,8.10147,0,nan,nan,nan,1.1843 0.342 0.149298
0.422,8.12036,0,nan,nan,nan,1.1843 0.342 0.145182
0.423,8.13931,0,nan,nan,nan,1.1843 0.342 0.141056
0.424,8.15828,0,nan,nan,nan,1.1843 0.342 0.136921
0.425,8.17728,0,nan,nan,nan,1.1843 0.342 0.132775
0.426,8.19623,0,nan,nan,nan,1.1843 0.342 0.12862
0.427,8.2152,0,nan,nan,nan,1.1843 0.342 0.124455
0.428,8.23424,0,nan,nan,nan,1.1843 0.342 0.12028
0.429,8.25333,0,nan,nan,nan,1.1843 0.342 0.116096
0.43,8.27226,0,nan,nan,nan,1.1843 0.342 0.111901
0.431,8.29124,0,nan,nan,nan,1.1843 0.342 0.107697
0.432,8.31036,0,nan,nan,nan,1.1843 0.342 0.103483
0.433,8.32936,0,nan,nan,nan,1.1843 0.342 0.099259
0.434,8.34831,0,nan,nan,nan,1.1843 0.342 0.095026
0.435,8.36736,0,nan,nan,nan,1.1843 0.342 0.090782
0.436,8.38645,0,nan,nan,nan,1.1843 0.342 0.086529
0.437,8.40546,0,nan,nan,nan,1.1843 0.342 0.082266
0.438,8.42431,0,nan,nan,nan,1.1843 0.342 0.077993
0.439,8.44321,0,nan,nan,nan,1.1843 0.342 0.073711
0.44,8.46216,0,nan,nan,nan,1.1843 0.342 0.069418
0.441,8.48129,0,nan,nan,nan,1.1843 0.342 0.065116
0.442,8.50027,0,nan,nan,nan,1.1843 0.342 0.060804
0.443,8.51926,0,nan,nan,nan,1.1843 0.342 0.056482
0.444,8.53822,0,nan,nan,nan,1.1843 0.342 0.052151
0.445,8.55716,0,nan,nan,nan,1.1843 0.342 0.047809
0.446,8.57615,0,nan,nan,nan,1.1843 0.342 0.043458
0.447,8.59529,0,nan,nan,nan,1.1843 0.342 0.039097
0.448,8.61445,0,nan,nan,nan,1.1843 0.342 0.034726
0.449,8.63357,0,nan,nan,nan,1.1843 0.342 0.030346
0.45,8.6527,0,nan,nan,nan,1.1843 0.342 0.025955
0.451,8.67173,0,nan,nan,nan,1.1843 0.342 0.021555
0.452,8.69085,0,nan,nan,nan,1.1843 0.342 0.017145
0.453,8.70986,0,nan,nan,nan,1.1843 0.342 0.012725
0.454,8.72886,0,nan,nan,nan,1.1843 0.342 0.008296
0.455,8.74783,0,nan,nan,nan,1.1843 0.342 0.003856
0.456,8.76682,0,nan,nan,nan,1.1843 0.342 -0.000593
0.457,8.78586,0,nan,nan,nan,1.1843 0.342 -0.005052
0.458,8.80497,0,nan,nan,nan,1.1843 0.342 -0.009521
0.459,8.82415,0,nan,nan,nan,1.1843 0.342 -0.013999
0.46,8.84349,0,nan,nan,nan,1.1843 0.342 -0.018488
0.461,8.86257,0,nan,nan,nan,1.1843 0.342 -0.022986
0.462,8.88165,0,nan,nan,nan,1.1843 0.342 -0.027494
0.463,8.90075,0,nan,nan,nan,1.1843 0.342 -0.032012
0.464,8.91997,0,nan,nan,nan,1.1843 0.342 -0.036539
0.465,8.93917,0,nan,nan,nan,1.1843 0.342 -0.041077
0.466,8.95822,0,nan,nan,nan,1.1843 0.342 -0.045624
0.467,8.97721,0,nan,nan,nan,1.1843 0.342 -0.050181
0.468,8.99616,0,nan,nan,nan,1.1843 0.342 -0.054748
0.469,9.01512,0,nan,nan,nan,1.1843 0.342 -0.059324
0.47,9.03407,0,nan,nan,nan,1.1843 0.342 -0.063911
0.471,9.05304,0,nan,nan,nan,1.1843 0.342 -0.068507
0.472,9.07199,0,nan,nan,nan,1.1843 0.342 -0.073113
0.473,9.09091,0,nan,nan,nan,1.1843 0.342 -0.077729
0.474,9.10982,0,nan,nan,nan,1.1843 0.342 -0.082354
0.475,9.12875,0,nan,nan,nan,1.1843 0.342 -0.08699
0.476,9.14768,0,nan,nan,nan,1.1843 0.342 -0.091635
0.477,9.16662,0,nan,nan,nan,1.1843 0.342 -0.09629
0.478,9.18555,0,nan,nan,nan,1.1843 0.342 -0.100955
0.479,9.20454,0,nan,nan,nan,1.1843 0.342 -0.105629
0.48,9.22353,0,nan,nan,nan,1.1843 0.342 -0.110314
0.481,9.24249,0,nan,nan,nan,1.1843 0.342 -0.115008
0.482,9.26155,0,nan,nan,nan,1.1843 0.342 -0.119712
0.483,9.28059,0,nan,nan,nan,1.1843 0.342 -0.124426
0.484,9.29954,0,nan,nan,nan,1.1843 0.342 -0.129149
0.485,9.31842,0,nan,nan,nan,1.1843 0.342 -0.133883
0.486,9.33781,0,nan,nan,nan,1.1843 0.342 -0.138626
0.487,9.35718,0,nan,nan,nan,1.1843 0.342 -0.143379
0.488,9.37617,0,nan,nan,nan,1.1843 0.342 -0.148142
0.489,9.39516,0,nan,nan,nan,1.1843 0.342 -0.152914
0.49,9.41414,0,nan,nan,nan,1.1843 0.342 -0.157697
0.491,9.43307,0,nan,nan,nan,1.1843 0.342 -0.162489
0.492,9.45226,0,nan,nan,nan,1.1843 0.342 -0.167291
0.493,9.4715,0,nan,nan,nan,1.1843 0.342 -0.172103
0.494,9.49049,0,nan,nan,nan,1.1843 0.342 -0.176924
0.495,9.50945,0,nan,nan,nan,1.1843 0.342 -0.181756
0.496,9.52844,0,nan,nan,nan,1.1843 0.342 -0.186597
0.497,9.54755,0,nan,nan,nan,1.1843 0.342 -0.191448
0.498,9.56646,0,nan,nan,nan,1.1843 0.342 -0.196309
0.499,9.58542,0,nan,nan,nan,1.1843 0.342 -0.201179
0.5,9.60449,0,nan,nan,nan,1.1843 0.342 -0.20606
0.501,9.62362,0,nan,nan,nan,1.1843 0.342 -0.21095
0.502,9.64263,0,nan,nan,nan,1.1843 0.342 -0.21585
0.503,9.66172,0,nan,nan,nan,1.1843 0.342 -0.22076
0.504,9.68076,0,nan,nan,nan,1.1843 0.342 -0.225679
0.505,9.69982,0,nan,nan,nan,1.1843 0.342 -0.230609
0.506,9.71888,0,nan,nan,nan,1.1843 0.342 -0.235548
0.507,9.73786,0,nan,nan,nan,1.1843 0.342 -0.240497
0.508,9.7568,0,nan,nan,nan,1.1843 0.342 -0.245456
0.509,9.77591,0,nan,nan,nan,1.1843 0.342 -0.250424
0.51,9.79501,0,nan,nan,nan,1.1843 0.342 -0.255403
0.511,9.81416,0,nan,nan,nan,1.1843 0.342 -0.260391
0.512,9.83333,0,nan,nan,nan,1.1843 0.342 -0.265389
0.513,9.85236,0,nan,nan,nan,1.1843 0.342 -0.270397
0.514,9.87146,0,nan,nan,nan,1.1843 0.342 -0.275414
0.515,9.89047,0,nan,nan,nan,1.1843 0.342 -0.280442
0.516,9.90951,0,nan,nan,nan,1.1843 0.342 -0.285479
0.517,9.9285,0,nan,nan,nan,1.1843 0.342 -0.290526
0.518,9.94753,0,nan,nan,nan,1.1843 0.342 -0.295583
0.519,9.96667,0,nan,nan,nan,1.1843 0.342 -0.300649
0.52,9.98614,0,nan,nan,nan,1.1843 0.342 -0.305726
0.521,10.0051,0,nan,nan,nan,1.1843 0.342 -0.310812
0.522,10.0241,0,nan,nan,nan,1.1843 0.342 -0.315908
0.523,10.0431,0,nan,nan,nan,1.1843 0.342 -0.321014
0.524,10.062,0,nan,nan,nan,1.1843 0.342 -0.326129
0.525,10.081,0,nan,nan,nan,1.1843 0.342 -0.331255
0.526,10.0999,0,nan,nan,nan,1.1843 0.342 -0.33639
0.527,10.1189,0,nan,nan,nan,1.1843 0.342 -0.341535
0.528,10.1379,0,nan,nan,nan,1.1843 0.342 -0.34669
0.529,10.1568,0,nan,nan,nan,1.1843 0.342 -0.351854
0.53,10.1758,0,nan,nan,nan,1.1843 0.342 -0.357029
0.531,10.1947,0,nan,nan,nan,1.1843 0.342 -0.362213
0.532,10.2136,0,nan,nan,nan,1.1843 0.342 -0.367407
0.533,10.2326,0,nan,nan,nan,1.1843 0.342 -0.372611
0.534,10.2515,0,nan,nan,nan,1.1843 0.342 -0.377824
0.535,10.2705,0,nan,nan,nan,1.1843 0.342 -0.383048
0.536,10.2894,0,nan,nan,nan,1.1843 0.342 -0.388281
0.537,10.3084,0,nan,nan,nan,1.1843 0.342 -0.393524
0.538,10.3273,0,nan,nan,nan,1.1843 0.342 -0.398777
0.539,10.3463,0,nan,nan,nan,1.1843 0.342 -0.404039
0.54,10.3653,0,nan,nan,nan,1.1843 0.342 -0.409312
0.541,10.3844,0,nan,nan,nan,1.1843 0.342 -0.414594
0.542,10.4035,0,nan,nan,nan,1.1843 0.342 -0.419886
0.543,10.4226,0,nan,nan,nan,1.1843 0.342 -0.425188
0.544,10.4418,0,nan,nan,nan,1.1843 0.342 -0.430499
0.545,10.4609,0,nan,nan,nan,1.1843 0.342 -0.435821
0.546,10.4799,0,nan,nan,nan,1.1843 0.342 -0.441152
0.547,10.4991,0,nan,nan,nan,1.1843 0.342 -0.446493
0.548,10.5185,0,nan,nan,nan,1.1843 0.342 -0.451844
0.549,10.5375,0,nan,nan,nan,1.1843 0.342 -0.457204
0.55,10.5565,0,nan,nan,nan,1.1843 0.342 -0.462575
0.551,10.5754,0,nan,nan,nan,1.1843 0.342 -0.467955
0.552,10.5946,0,nan,nan,nan,1.1843 0.342 -0.473345
0.553,10.6136,0,nan,nan,nan,1.1843 0.342 -0.478745
0.554,10.6326,0,nan,nan,nan,1.1843 0.342 -0.484154
0.555,10.6516,0,nan,nan,nan,1.1843 0.342 -0.489574
0.556,10.6706,0,nan,nan,nan,1.1843 0.342 -0.495003
0.557,10.6897,0,nan,nan,nan,1.1843 0.342 -0.500442
0.558,10.7088,0,nan,nan,nan,1.1843 0.342 -0.505891
0.559,10.7279,0,nan,nan,nan,1.1843 0.342 -0.511349
0.56,10.747,0,nan,nan,nan,1.1843 0.342 -0.516818
0.561,10.766,0,nan,nan,nan,1.1843 0.342 -0.522296
0.562,10.785,0,nan,nan,nan,1.1843 0.342 -0.527784
0.563,10.804,0,nan,nan,nan,1.1843 0.342 -0.533282
0.564,10.8231,0,nan,nan,nan,1.1843 0.342 -0.538789
0.565,10.8422,0,nan,nan,nan,1.1843 0.342 -0.544307
0.566,10.8612,0,nan,nan,nan,1.1843 0.342 -0.549834
0.567,10.8802,0,nan,nan,nan,1.1843 0.342 -0.555371
0.568,10.8994,0,nan,nan,nan,1.1843 0.342 -0.560918
0.569,10.9186,0,nan,nan,nan,1.1843 0.342 -0.566474
0.57,10.9377,0,nan,nan,nan,1.1843 0.342 -0.572041
0.571,10.9567,0,nan,nan,nan,1.1843 0.342 -0.577617
0.572,10.9757,0,nan,nan,nan,1.1843 0.342 -0.583203
0.573,10.9946,0,nan,nan,nan,1.1843 0.342 -0.588799
0.574,11.0136,0,nan,nan,nan,1.1843 0.342 -0.594404
0.575,11.0326,0,nan,nan,nan,1.1843 0.342 -0.60002
0.576,11.0517,0,nan,nan,nan,1.1843 0.342 -0.605645
0.577,11.0707,0,nan,nan,nan,1.1843 0.342 -0.61128
0.578,11.0897,0,nan,nan,nan,1.1843 0.342 -0.616925
0.579,11.1087,0,nan,nan,nan,1.1843 0.342 -0.622579
0.58,11.1276,0,nan,nan,nan,1.1843 0.342 -0.628244
0.581,11.1466,0,nan,nan,nan,1.1843 0.342 -0.633918
0.582,11.1656,0,nan,nan,nan,1.1843 0.342 -0.639602
0.583,11.1845,0,nan,nan,nan,1.1843 0.342 -0.645296
0.584,11.2035,0,nan,nan,nan,1.1843 0.342 -0.650999
0.585,11.2225,0,nan,nan,nan,1.1843 0.342 -0.656713
0.586,11.2415,0,nan,nan,nan,1.1843 0.342 -0.662436
0.587,11.2604,0,nan,nan,nan,1.1843 0.342 -0.668169
0.588,11.2794,0,nan,nan,nan,1.1843 0.342 -0.673912
0.589,11.2984,0,nan,nan,nan,1.1843 0.342 -0.679664
0.59,11.3173,0,nan,nan,nan,1.1843 0.342 -0.685427
0.591,11.3362,0,nan,nan,nan,1.1843 0.342 -0.691199
0.592,11.3552,0,nan,nan,nan,1.1843 0.342 -0.696981
0.593,11.3741,0,nan,nan,nan,1.1843 0.342 -0.702773
0.594,11.3932,0,nan,nan,nan,1.1843 0.342 -0.708574
0.595,11.4121,0,nan,nan,nan,1.1843 0.342 -0.714386
0.596,11.4311,0,nan,nan,nan,1.1843 0.342 -0.720207
0.597,11.4501,0,nan,nan,nan,1.1843 0.342 -0.726038
0.598,11.469,0,nan,nan,nan,1.1843 0.342 -0.731879
0.599,11.488,0,nan,nan,nan,1.1843 0.342 -0.737729
0.6,11.5071,0,nan,nan,nan,1.1843 0.342 -0.74359
0.601,11.526,0,nan,nan,nan,1.1843 0.342 -0.74946
0.602,11.5449,0,nan,nan,nan,1.1843 0.342 -0.75534
0.603,11.5639,0,nan,nan,nan,1.1843 0.342 -0.76123
0.604,11.5828,0,nan,nan,nan,1.1843 0.342 -0.767129
0.605,11.6018,0,nan,nan,nan,1.1843 0.342 -0.773039
0.606,11.6209,0,nan,nan,nan,1.1843 0.342 -0.778958
0.607,11.6399,0,nan,nan,nan,1.1843 0.342 -0.784887
0.608,11.6588,0,nan,nan,nan,1.1843 0.342 -0.790826
0.609,11.6777,0,nan,nan,nan,1.1843 0.342 -0.796774
0.61,11.6967,0,nan,nan,nan,1.1843 0.342 -0.802733
0.611,11.7159,0,nan,nan,nan,1.1843 0.342 -0.808701
0.612,11.7351,0,nan,nan,nan,1.1843 0.342 -0.814679
0.613,11.7546,0,nan,nan,nan,1.1843 0.342 -0.820667
0.614,11.7736,0,nan,nan,nan,1.1843 0.342 -0.826664
0.615,11.7926,0,nan,nan,nan,1.1843 0.342 -0.832672
0.616,11.8115,0,nan,nan,nan,1.1843 0.342 -0.838689
0.617,11.8304,0,nan,nan,nan,1.1843 0.342 -0.844716
0.618,11.8494,0,nan,nan,nan,1.1843 0.342 -0.850753
0.619,11.8683,0,nan,nan,nan,1.1843 0.342 -0.856799
0.62,11.8873,0,nan,nan,nan,1.1843 0.342 -0.862856
0.621,11.9063,0,nan,nan,nan,1.1843 0.342 -0.868922
0.622,11.9254,0,nan,nan,nan,1.1843 0.342 -0.874998
0.623,11.9445,0,nan,nan,nan,1.1843 0.342 -0.881084
0.624,11.9637,0,nan,nan,nan,1.1843 0.342 -0.887179
0.625,11.983,0,nan,nan,nan,1.1843 0.342 -0.893285
0.626,12.0022,0,nan,nan,nan,1.1843 0.342 -0.8994
0.627,12.0212,0,nan,nan,nan,1.1843 0.342 -0.905525
0.628,12.0406,0,nan,nan,nan,1.1843 0.342 -0.91166
0.629,12.0597,0,nan,nan,nan,1.1843 0.342 -0.917804
0.63,12.0787,0,nan,nan,nan,1.1843 0.342 -0.923959
0.631,12.0976,0,nan,nan,nan,1.1843 0.342 -0.930123
0.632,12.1166,0,nan,nan,nan,1.1843 0.342 -0.936297
0.633,12.1355,0,nan,nan,nan,1.1843 0.342 -0.942481
0.634,12.1544,0,nan,nan,nan,1.1843 0.342 -0.948674
0.635,12.1734,0,nan,nan,nan,1.1843 0.342 -0.954878
0.636,12.1922,0,nan,nan,nan,1.1843 0.342 -0.961091
0.637,12.2112,0,nan,nan,nan,1.1843 0.342 -0.967314
0.638,12.2302,0,nan,nan,nan,1.1843 0.342 -0.973547
0.639,12.2492,0,nan,nan,nan,1.1843 0.342 -0.979789
0.64,12.2681,0,nan,nan,nan,1.1843 0.342 -0.986042
0.641,12.2871,0,nan,nan,nan,1.1843 0.342 -0.992304
0.642,12.306,0,nan,nan,nan,1.1843 0.342 -0.998576
0.643,12.325,0,nan,nan,nan,1.1843 0.342 -1.00486
0.644,12.344,0,nan,nan,nan,1.1843 0.342 -1.01115
0.645,12.363,0,nan,nan,nan,1.1843 0.342 -1.01745
0.646,12.3819,0,nan,nan,nan,1.1843 0.342 -1.02376
0.647,12.401,0,nan,nan,nan,1.1843 0.342 -1.03008
0.648,12.4201,0,nan,nan,nan,1.1843 0.342 -1.03641
0.649,12.4391,0,nan,nan,nan,1.1843 0.342 -1.04275
0.65,12.4581,0,nan,nan,nan,1.1843 0.342 -1.0491
0.651,12.4773,0,nan,nan,nan,1.1843 0.342 -1.05547
0.652,12.4963,0,nan,nan,nan,1.1843 0.342 -1.06184
0.653,12.5152,0,nan,nan,nan,1.1843 0.342 -1.06821
0.654,12.5341,0,nan,nan,nan,1.1843 0.342 -1.0746
0.655,12.5531,0,nan,nan,nan,1.1843 0.342 -1.081
0.656,12.572,0,nan,nan,nan,1.1843 0.342 -1.08741
0.657,12.591,0,nan,nan,nan,1.1843 0.342 -1.09383
0.658,12.61,0,nan,nan,nan,1.1843 0.342 -1.10026
0.659,12.6289,0,nan,nan,nan,1.1843 0.342 -1.1067
0.66,12.6479,0,nan,nan,nan,1.1843 0.342 -1.11315
0.661,12.667,0,nan,nan,nan,1.1843 0.342 -1.11961
0.662,12.686,0,nan,nan,nan,1.1843 0.342 -1.12607
0.663,12.7049,0,nan,nan,nan,1.1843 0.342 -1.13255
0.664,12.7239,0,nan,nan,nan,1.1843 0.342 -1.13904
0.665,12.7428,0,nan,nan,nan,1.1843 0.342 -1.14554
0.666,12.7618,0,nan,nan,nan,1.1843 0.342 -1.15204
0.667,12.7808,0,nan,nan,nan,1.1843 0.342 -1.15856
0.668,12.7999,0,nan,nan,nan,1.1843 0.342 -1.16509
0.669,12.8189,0,nan,nan,nan,1.1843 0.342 -1.17162
0.67,12.8378,0,nan,nan,nan,1.1843 0.342 -1.17817
0.671,12.8568,0,nan,nan,nan,1.1843 0.342 -1.18473
0.672,12.8757,0,nan,nan,nan,1.1843 0.342 -1.19129
0.673,12.8947,0,nan,nan,nan,1.1843 0.342 -1.19787
0.674,12.9137,0,nan,nan,nan,1.1843 0.342 -1.20445
0.675,12.9328,0,nan,nan,nan,1.1843 0.342 -1.21105
0.676,12.9519,0,nan,nan,nan,1.1843 0.342 -1.21765
0.677,12.971,0,nan,nan,nan,1.1843 0.342 -1.22427
0.678,12.9899,0,nan,nan,nan,1.1843 0.342 -1.2309
0.679,13.0089,0,nan,nan,nan,1.1843 0.342 -1.23753
0.68,13.028,0,nan,nan,nan,1.1843 0.342 -1.24417
0.681,13.047,0,nan,nan,nan,1.1843 0.342 -1.25083
0.682,13.066,0,nan,nan,nan,1.1843 0.342 -1.25749
0.683,13.085,0,nan,nan,nan,1.1843 0.342 -1.26417
0.684,13.104,0,nan,nan,nan,1.1843 0.342 -1.27085
0.685,13.123,0,nan,nan,nan,1.1843 0.342 -1.27754
0.686,13.1419,0,nan,nan,nan,1.1843 0.342 -1.28425
0.687,13.1609,0,nan,nan,nan,1.1843 0.342 -1.29096
0.688,13.18,0,nan,nan,nan,1.1843 0.342 -1.29768
0.689,13.199,0,nan,nan,nan,1.1843 0.342 -1.30441
0.69,13.2179,0,nan,nan,nan,1.1843 0.342 -1.31116
0.691,13.237,0,nan,nan,nan,1.1843 0.342 -1.31791
0.692,13.2561,0,nan,nan,nan,1.1843 0.342 -1.32467
0.693,13.275,0,nan,nan,nan,1.1843 0.342 -1.33144
0.694,13.294,0,nan,nan,nan,1.1843 0.342 -1.33822
0.695,13.3129,0,nan,nan,nan,1.1843 0.342 -1.34502
0.696,13.3319,0,nan,nan,nan,1.1843 0.342 -1.35182
0.697,13.3508,0,nan,nan,nan,1.1843 0.342 -1.35863
0.698,13.3697,0,nan,nan,nan,1.1843 0.342 -1.36545
0.699,13.3888,0,nan,nan,nan,1.1843 0.342 -1.37228
0.7,13.4079,0,nan,nan,nan,1.1843 0.342 -1.37912
0.701,13.427,0,nan,nan,nan,1.1843 0.342 -1.38597
0.702,13.4461,0,nan,nan,nan,1.1843 0.342 -1.39283
0.703,13.465,0,nan,nan,nan,1.1843 0.342 -1.3997
0.704,13.484,0,nan,nan,nan,1.1843 0.342 -1.40658
0.705,13.503,0,nan,nan,nan,1.1843 0.342 -1.41347
0.706,13.5219,0,nan,nan,nan,1.1843 0.342 -1.42037
0.707,13.5408,0,nan,nan,nan,1.1843 0.342 -1.42728
0.708,13.5598,0,nan,nan,nan,1.1843 0.342 -1.4342
0.709,13.5789,0,nan,nan,nan,1.1843 0.342 -1.44112
0.71,13.5978,0,nan,nan,nan,1.1843 0.342 -1.44806
0.711,13.6168,0,nan,nan,nan,1.1843 0.342 -1.45501
0.712,13.6357,0,nan,nan,nan,1.1843 0.342 -1.46197
0.713,13.6547,0,nan,nan,nan,1.1843 0.342 -1.46894
0.714,13.6736,0,nan,nan,nan,1.1843 0.342 -1.47591
0.715,13.6925,0,nan,nan,nan,1.1843 0.342 -1.4829
0.716,13.7116,0,nan,nan,nan,1.1843 0.342 -1.4899
0.717,13.7306,0,nan,nan,nan,1.1843 0.342 -1.49691
0.718,13.7496,0,nan,nan,nan,1.1843 0.342 -1.50392
0.719,13.7686,0,nan,nan,nan,1.1843 0.342 -1.51095
0.72,13.7875,0,nan,nan,nan,1.1843 0.342 -1.51799
0.721,13.8065,0,nan,nan,nan,1.1843 0.342 -1.52503
0.722,13.8254,0,nan,nan,nan,1.1843 0.342 -1.53209
0.723,13.8444,0,nan,nan,nan,1.1843 0.342 -1.53915
0.724,13.8633,0,nan,nan,nan,1.1843 0.342 -1.54623
0.725,13.8822,0,nan,nan,nan,1.1843 0.342 -1.55332
0.726,13.9011,0,nan,nan,nan,1.1843 0.342 -1.56041
0.727,13.9203,0,nan,nan,nan,1.1843 0.342 -1.56751
0.728,13.9393,0,nan,nan,nan,1.1843 0.342 -1.57463
0.729,13.9582,0,nan,nan,nan,1.1843 0.342 -1.58175
0.73,13.9772,0,nan,nan,nan,1.1843 0.342 -1.58889
0.731,13.9962,0,nan,nan,nan,1.1843 0.342 -1.59603
0.732,14.0151,0,nan,nan,nan,1.1843 0.342 -1.60319
0.733,14.0341,0,nan,nan,nan,1.1843 0.342 -1.61035
0.734,14.053,0,nan,nan,nan,1.1843 0.342 -1.61752
0.735,14.072,0,nan,nan,nan,1.1843 0.342 -1.62471
0.736,14.0913,0,nan,nan,nan,1.1843 0.342 -1.6319
0.737,14.1103,0,nan,nan,nan,1.1843 0.342 -1.6391
0.738,14.1293,0,nan,nan,nan,1.1843 0.342 -1.64632
0.739,14.1483,0,nan,nan,nan,1.1843 0.342 -1.65354
0.74,14.1675,0,nan,nan,nan,1.1843 0.342 -1.66077
0.741,14.1865,0,nan,nan,nan,1.1843 0.342 -1.66801
0.742,14.2055,0,nan,nan,nan,1.1843 0.342 -1.67527
0.743,14.2245,0,nan,nan,nan,1.1843 0.342 -1.68253
0.744,14.2435,0,nan,nan,nan,1.1843 0.342 -1.6898
0.745,14.2624,0,nan,nan,nan,1.1843 0.342 -1.69708
0.746,14.2814,0,nan,nan,nan,1.1843 0.342 -1.70437
0.747,14.3004,0,nan,nan,nan,1.1843 0.342 -1.71167
0.748,14.3193,0,nan,nan,nan,1.1843 0.342 -1.71898
0.749,14.3383,0,nan,nan,nan,1.1843 0.342 -1.7263
0.75,14.3572,0,nan,nan,nan,1.1843 0.342 -1.73364
0.751,14.3762,0,nan,nan,nan,1.1843 0.342 -1.74097
0.752,14.3952,0,nan,nan,nan,1.1843 0.342 -1.74832
0.753,14.4142,0,nan,nan,nan,1.1843 0.342 -1.75568
0.754,14.4331,0,nan,nan,nan,1.1843 0.342 -1.76305
0.755,14.4521,0,nan,nan,nan,1.1843 0.342 -1.77043
0.756,14.471,0,nan,nan,nan,1.1843 0.342 -1.77782
0.757,14.49,0,nan,nan,nan,1.1843 0.342 -1.78522
0.758,14.509,0,nan,nan,nan,1.1843 0.342 -1.79263
0.759,14.5279,0,nan,nan,nan,1.1843 0.342 -1.80005
0.76,14.5469,0,nan,nan,nan,1.1843 0.342 -1.80748
0.761,14.5658,0,nan,nan,nan,1.1843 0.342 -1.81492
0.762,14.5848,0,nan,nan,nan,1.1843 0.342 -1.82236
0.763,14.6038,0,nan,nan,nan,1.1843 0.342 -1.82982
0.764,14.6227,0,nan,nan,nan,1.1843 0.342 -1.83729
0.765,14.6417,0,nan,nan,nan,1.1843 0.342 -1.84477
0.766,14.6606,0,nan,nan,nan,1.1843 0.342 -1.85225
0.767,14.6795,0,nan,nan,nan,1.1843 0.342 -1.85975
0.768,14.6985,0,nan,nan,nan,1.1843 0.342 -1.86726
0.769,14.7174,0,nan,nan,nan,1.1843 0.342 -1.87477
0.77,14.7363,0,nan,nan,nan,1.1843 0.342 -1.8823
0.771,14.7553,0,nan,nan,nan,1.1843 0.342 -1.88984
0.772,14.7745,0,nan,nan,nan,1.1843 0.342 -1.89738
0.773,14.7935,0,nan,nan,nan,1.1843 0.342 -1.90494
0.774,14.8125,0,nan,nan,nan,1.1843 0.342 -1.9125
0.775,14.8316,0,nan,nan,nan,1.1843 0.342 -1.92008
0.776,14.8505,0,nan,nan,nan,1.1843 0.342 -1.92766
0.777,14.8695,0,nan,nan,nan,1.1843 0.342 -1.93526
0.778,14.8885,0,nan,nan,nan,1.1843 0.342 -1.94287
0.779,14.9074,0,nan,nan,nan,1.1843 0.342 -1.95048
0.78,14.9266,0,nan,nan,nan,1.1843 0.342 -1.9581
0.781,14.9456,0,nan,nan,nan,1.1843 0.342 -1.96574
0.782,14.9646,0,nan,nan,nan,1.1843 0.342 -1.97338
0.783,14.9835,0,nan,nan,nan,1.1843 0.342 -1.98104
0.784,15.0025,0,nan,nan,nan,1.1843 0.342 -1.9887
0.785,15.0214,0,nan,nan,nan,1.1843 0.342 -1.99637
0.786,15.0402,0,nan,nan,nan,1.1843 0.342 -2.00406
0.787,15.0592,0,nan,nan,nan,1.1843 0.342 -2.01175
0.788,15.0783,0,nan,nan,nan,1.1843 0.342 -2.01945
0.789,15.0972,0,nan,nan,nan,1.1843 0.342 -2.02716
0.79,15.1162,0,nan,nan,nan,1.1843 0.342 -2.03489
0.791,15.1351,0,nan,nan,nan,1.1843 0.342 -2.04262
0.792,15.154,0,nan,nan,nan,1.1843 0.342 -2.05036
0.793,15.1729,0,nan,nan,nan,1.1843 0.342 -2.05811
0.794,15.1919,0,nan,nan,nan,1.1843 0.342 -2.06587
0.795,15.2108,0,nan,nan,nan,1.1843 0.342 -2.07365
0.796,15.2298,0,nan,nan,nan,1.1843 0.342 -2.08143
0.797,15.2487,0,nan,nan,nan,1.1843 0.342 -2.08922
0.798,15.2677,0,nan,nan,nan,1.1843 0.342 -2.09702
0.799,15.2867,0,nan,nan,nan,1.1843 0.342 -2.10483
0.8,15.3057,0,nan,nan,nan,1.1843 0.342 -2.11265
0.801,15.3245,0,nan,nan,nan,1.1843 0.342 -2.12048
0.802,15.3435,0,nan,nan,nan,1.1843 0.342 -2.12832
0.803,15.3624,0,nan,nan,nan,1.1843 0.342 -2.13617
0.804,15.3813,0,nan,nan,nan,1.1843 0.342 -2.14403
0.805,15.4003,0,nan,nan,nan,1.1843 0.342 -2.1519
0.806,15.4192,0,nan,nan,nan,1.1843 0.342 -2.15978
0.807,15.4381,0,nan,nan,nan,1.1843 0.342 -2.16767
0.808,15.4571,0,nan,nan,nan,1.1843 0.342 -2.17557
0.809,15.4761,0,nan,nan,nan,1.1843 0.342 -2.18347
0.81,15.495,0,nan,nan,nan,1.1843 0.342 -2.19139
0.811,15.5141,0,nan,nan,nan,1.1843 0.342 -2.19932
0.812,15.533,0,nan,nan,nan,1.1843 0.342 -2.20726
0.813,15.552,0,nan,nan,nan,1.1843 0.342 -2.21521
0.814,15.571,0,nan,nan,nan,1.1843 0.342 -2.22316
0.815,15.59,0,nan,nan,nan,1.1843 0.342 -2.23113
0.816,15.6089,0,nan,nan,nan,1.1843 0.342 -2.23911
0.817,15.6279,0,nan,nan,nan,1.1843 0.342 -2.2471
0.818,15.6469,0,nan,nan,nan,1.1843 0.342 -2.25509
0.819,15.6658,0,nan,nan,nan,1.1843 0.342 -2.2631
0.82,15.6848,0,nan,nan,nan,1.1843 0.342 -2.27112
0.821,15.7037,0,nan,nan,nan,1.1843 0.342 -2.27914
0.822,15.7227,0,nan,nan,nan,1.1843 0.342 -2.28718
0.823,15.7417,0,nan,nan,nan,1.1843 0.342 -2.29522
0.824,15.7606,0,nan,nan,nan,1.1843 0.342 -2.30328
0.825,15.7796,0,nan,nan,nan,1.1843 0.342 -2.31135
0.826,15.7986,0,nan,nan,nan,1.1843 0.342 -2.31942
0.827,15.8175,0,nan,nan,nan,1.1843 0.342 -2.3275
0.828,15.8365,0,nan,nan,nan,1.1843 0.342 -2.3356
0.829,15.8555,0,nan,nan,nan,1.1843 0.342 -2.3437
0.83,15.8745,0,nan,nan,nan,1.1843 0.342 -2.35182
0.831,15.8934,0,nan,nan,nan,1.1843 0.342 -2.35994
0.832,15.9125,0,nan,nan,nan,1.1843 0.342 -2.36808
0.833,15.9318,0,nan,nan,nan,1.1843 0.342 -2.37622
0.834,15.9509,0,nan,nan,nan,1.1843 0.342 -2.38437
0.835,15.9701,0,nan,nan,nan,1.1843 0.342 -2.39254
0.836,15.9891,0,nan,nan,nan,1.1843 0.342 -2.40071
0.837,16.0081,0,nan,nan,nan,1.1843 0.342 -2.40889
0.838,16.0272,0,nan,nan,nan,1.1843 0.342 -2.41709
0.839,16.0462,0,nan,nan,nan,1.1843 0.342 -2.42529
0.84,16.0652,0,nan,nan,nan,1.1843 0.342 -2.4335
0.841,16.0841,0,nan,nan,nan,1.1843 0.342 -2.44172
0.842,16.1031,0,nan,nan,nan,1.1843 0.342 -2.44996
0.843,16.1221,0,nan,nan,nan,1.1843 0.342 -2.4582
0.844,16.1413,0,nan,nan,nan,1.1843 0.342 -2.46645
0.845,16.1602,0,nan,nan,nan,1.1843 0.342 -2.47471
0.846,16.1792,0,nan,nan,nan,1.1843 0.342 -2.48298
0.847,16.1983,0,nan,nan,nan,1.1843 0.342 -2.49126
0.848,16.2172,0,nan,nan,nan,1.1843 0.342 -2.49955
0.849,16.2361,0,nan,nan,nan,1.1843 0.342 -2.50785
0.85,16.255,0,nan,nan,nan,1.1843 0.342 -2.51616
0.851,16.2739,0,nan,nan,nan,1.1843 0.342 -2.52448
0.852,16.2929,0,nan,nan,nan,1.1843 0.342 -2.53281
0.853,16.3118,0,nan,nan,nan,1.1843 0.342 -2.54115
0.854,16.3307,0,nan,nan,nan,1.1843 0.342 -2.5495
0.855,16.3497,0,nan,nan,nan,1.1843 0.342 -2.55786
0.856,16.3686,0,nan,nan,nan,1.1843 0.342 -2.56623
0.857,16.3875,0,nan,nan,nan,1.1843 0.342 -2.57461
0.858,16.4066,0,nan,nan,nan,1.1843 0.342 -2.583
0.859,16.4259,0,nan,nan,nan,1.1843 0.342 -2.5914
0.86,16.445,0,nan,nan,nan,1.1843 0.342 -2.59981
0.861,16.4641,0,nan,nan,nan,1.1843 0.342 -2.60823
0.862,16.4832,0,nan,nan,nan,1.1843 0.342 -2.61665
0.863,16.5024,0,nan,nan,nan,1.1843 0.342 -2.62509
0.864,16.5215,0,nan,nan,nan,1.1843 0.342 -2.63354
0.865,16.5406,0,nan,nan,nan,1.1843 0.342 -2.642
0.866,16.5597,0,nan,nan,nan,1.1843 0.342 -2.65046
0.867,16.5788,0,nan,nan,nan,1.1843 0.342 -2.65894
0.868,16.5979,0,nan,nan,nan,1.1843 0.342 -2.66743
0.869,16.6169,0,nan,nan,nan,1.1843 0.342 -2.67592
0.87,16.6358,0,nan,nan,nan,1.1843 0.342 -2.68443
0.871,16.6547,0,nan,nan,nan,1.1843 0.342 -2.69295
0.872,16.6737,0,nan,nan,nan,1.1843 0.342 -2.70147
0.873,16.6926,0,nan,nan,nan,1.1843 0.342 -2.71001
0.874,16.7116,0,nan,nan,nan,1.1843 0.342 -2.71855
0.875,16.7305,0,nan,nan,nan,1.1843 0.342 -2.72711
0.876,16.7495,0,nan,nan,nan,1.1843 0.342 -2.73568
0.877,16.7686,0,nan,nan,nan,1.1843 0.342 -2.74425
0.878,16.7876,0,nan,nan,nan,1.1843 0.342 -2.75284
0.879,16.8067,0,nan,nan,nan,1.1843 0.342 -2.76143
0.88,16.8258,0,nan,nan,nan,1.1843 0.342 -2.77003
0.881,16.8449,0,nan,nan,nan,1.1843 0.342 -2.77865
0.882,16.8638,0,nan,nan,nan,1.1843 0.342 -2.78727
0.883,16.8828,0,nan,nan,nan,1.1843 0.342 -2.79591
0.884,16.9018,0,nan,nan,nan,1.1843 0.342 -2.80455
0.885,16.9208,0,nan,nan,nan,1.1843 0.342 -2.8132
0.886,16.9398,0,nan,nan,nan,1.1843 0.342 -2.82187
0.887,16.9589,0,nan,nan,nan,1.1843 0.342 -2.83054
0.888,16.9779,0,nan,nan,nan,1.1843 0.342 -2.83922
0.889,16.9968,0,nan,nan,nan,1.1843 0.342 -2.84791
0.89,17.0159,0,nan,nan,nan,1.1843 0.342 -2.85662
0.891,17.0351,0,nan,nan,nan,1.1843 0.342 -2.86533
0.892,17.054,0,nan,nan,nan,1.1843 0.342 -2.87405
0.893,17.0729,0,nan,nan,nan,1.1843 0.342 -2.88278
0.894,17.0919,0,nan,nan,nan,1.1843 0.342 -2.89152
0.895,17.1108,0,nan,nan,nan,1.1843 0.342 -2.90028
0.896,17.1298,0,nan,nan,nan,1.1843 0.342 -2.90904
0.897,17.1488,0,nan,nan,nan,1.1843 0.342 -2.91781
0.898,17.1677,0,nan,nan,nan,1.1843 0.342 -2.92659
0.899,17.1868,0,nan,nan,nan,1.1843 0.342 -2.93538
0.9,17.2059,0,nan,nan,nan,1.1843 0.342 -2.94418
0.901,17.2251,0,nan,nan,nan,1.1843 0.342 -2.95299
0.902,17.2441,0,nan,nan,nan,1.1843 0.342 -2.96181
0.903,17.2631,0,nan,nan,nan,1.1843 0.342 -2.97064
0.904,17.2821,0,nan,nan,nan,1.1843 0.342 -2.97948
0.905,17.3011,0,nan,nan,nan,1.1843 0.342 -2.98833
0.906,17.32,0,nan,nan,nan,1.1843 0.342 -2.99719
0.907,17.339,0,nan,nan,nan,1.1843 0.342 -3.00606
0.908,17.3579,0,nan,nan,nan,1.1843 0.342 -3.01494
0.909,17.3769,0,nan,nan,nan,1.1843 0.342 -3.02382
0.91,17.3958,0,nan,nan,nan,1.1843 0.342 -3.03272
0.911,17.4148,0,nan,nan,nan,1.1843 0.342 -3.04163
0.912,17.4338,0,nan,nan,nan,1.1843 0.342 -3.05055
0.913,17.4527,0,nan,nan,nan,1.1843 0.342 -3.05948
0.914,17.4716,0,nan,nan,nan,1.1843 0.342 -3.06841
0.915,17.4911,0,nan,nan,nan,1.1843 0.342 -3.07736
0.916,17.5107,0,nan,nan,nan,1.1843 0.342 -3.08632
0.917,17.5305,0,nan,nan,nan,1.1843 0.342 -3.09529
0.918,17.5502,0,nan,nan,nan,1.1843 0.342 -3.10426
0.919,17.57,0,nan,nan,nan,1.1843 0.342 -3.11325
0.92,17.5898,0,nan,nan,nan,1.1843 0.342 -3.12225
0.921,17.6095,0,nan,nan,nan,1.1843 0.342 -3.13125
0.922,17.6293,0,nan,nan,nan,1.1843 0.342 -3.14027
0.923,17.6491,0,nan,nan,nan,1.1843 0.342 -3.14929
0.924,17.6694,0,nan,nan,nan,1.1843 0.342 -3.15833
0.925,17.6891,0,nan,nan,nan,1.1843 0.342 -3.16737
0.926,17.7088,0,nan,nan,nan,1.1843 0.342 -3.17643
0.927,17.7285,0,nan,nan,nan,1.1843 0.342 -3.18549
0.928,17.7483,0,nan,nan,nan,1.1843 0.342 -3.19457
0.929,17.768,0,nan,nan,nan,1.1843 0.342 -3.20365
0.93,17.7877,0,nan,nan,nan,1.1843 0.342 -3.21275
0.931,17.8074,0,nan,nan,nan,1.1843 0.342 -3.22185
0.932,17.827,0,nan,nan,nan,1.1843 0.342 -3.23097
0.933,17.8466,0,nan,nan,nan,1.1843 0.342 -3.24009
0.934,17.8662,0,nan,nan,nan,1.1843 0.342 -3.24922
0.935,17.886,0,nan,nan,nan,1.1843 0.342 -3.25837
0.936,17.9057,0,nan,nan,nan,1.1843 0.342 -3.26752
0.937,17.9255,0,nan,nan,nan,1.1843 0.342 -3.27668
0.938,17.9451,0,nan,nan,nan,1.1843 0.342 -3.28586
0.939,17.9649,0,nan,nan,nan,1.1843 0.342 -3.29504
0.94,17.9846,0,nan,nan,nan,1.1843 0.342 -3.30423
0.941,18.0044,0,nan,nan,nan,1.1843 0.342 -3.31343
0.942,18.0241,0,nan,nan,nan,1.1843 0.342 -3.32265
0.943,18.0439,0,nan,nan,nan,1.1843 0.342 -3.33187
0.944,18.0637,0,nan,nan,nan,1.1843 0.342 -3.3411
0.945,18.0834,0,nan,nan,nan,1.1843 0.342 -3.35034
0.946,18.1032,0,nan,nan,nan,1.1843 0.342 -3.35959
0.947,18.1229,0,nan,nan,nan,1.1843 0.342 -3.36885
0.948,18.1426,0,nan,nan,nan,1.1843 0.342 -3.37812
0.949,18.1623,0,nan,nan,nan,1.1843 0.342 -3.3874
0.95,18.1823,0,nan,nan,nan,1.1843 0.342 -3.39669
0.951,18.2021,0,nan,nan,nan,1.1843 0.342 -3.40599
0.952,18.2218,0,nan,nan,nan,1.1843 0.342 -3.41531
0.953,18.2416,0,nan,nan,nan,1.1843 0.342 -3.42462
0.954,18.2614,0,nan,nan,nan,1.1843 0.342 -3.43395
0.955,18.2811,0,nan,nan,nan,1.1843 0.342 -3.44329
0.956,18.301,0,nan,nan,nan,1.1843 0.342 -3.45264
0.957,18.3207,0,nan,nan,nan,1.1843 0.342 -3.462
0.958,18.3404,0,nan,nan,nan,1.1843 0.342 -3.47137
0.959,18.3601,0,nan,nan,nan,1.1843 0.342 -3.48075
0.96,18.3799,0,nan,nan,nan,1.1843 0.342 -3.49014
0.961,18.3996,0,nan,nan,nan,1.1843 0.342 -3.49954
0.962,18.4193,0,nan,nan,nan,1.1843 0.342 -3.50894
0.963,18.4389,0,nan,nan,nan,1.1843 0.342 -3.51836
0.964,18.4585,0,nan,nan,nan,1.1843 0.342 -3.52779
0.965,18.4782,0,nan,nan,nan,1.1843 0.342 -3.53723
0.966,18.4978,0,nan,nan,nan,1.1843 0.342 -3.54667
0.967,18.5174,0,nan,nan,nan,1.1843 0.342 -3.55613
0.968,18.537,0,nan,nan,nan,1.1843 0.342 -3.5656
0.969,18.5566,0,nan,nan,nan,1.1843 0.342 -3.57507
0.97,18.5763,0,nan,nan,nan,1.1843 0.342 -3.58456
0.971,18.596,0,nan,nan,nan,1.1843 0.342 -3.59406
0.972,18.6157,0,nan,nan,nan,1.1843 0.342 -3.60356
0.973,18.6353,0,nan,nan,nan,1.1843 0.342 -3.61308
0.974,18.6549,0,nan,nan,nan,1.1843 0.342 -3.6226
0.975,18.6745,0,nan,nan,nan,1.1843 0.342 -3.63214
0.976,18.6942,0,nan,nan,nan,1.1843 0.342 -3.64168
0.977,18.7139,0,nan,nan,nan,1.1843 0.342 -3.65124
0.978,18.7335,0,nan,nan,nan,1.1843 0.342 -3.6608
0.979,18.7532,0,nan,nan,nan,1.1843 0.342 -3.67038
0.98,18.7728,0,nan,nan,nan,1.1843 0.342 -3.67996
0.981,18.7925,0,nan,nan,nan,1.1843 0.342 -3.68956
0.982,18.8121,0,nan,nan,nan,1.1843 0.342 -3.69916
0.983,18.8318,0,nan,nan,nan,1.1843 0.342 -3.70878
0.984,18.8514,0,nan,nan,nan,1.1843 0.342 -3.7184
0.985,18.871,0,nan,nan,nan,1.1843 0.342 -3.72803
0.986,18.8906,0,nan,nan,nan,1.1843 0.342 -3.73768
0.987,18.9103,0,nan,nan,nan,1.1843 0.342 -3.74733
0.988,18.9299,0,nan,nan,nan,1.1843 0.342 -3.75699
0.989,18.9496,0,nan,nan,nan,1.1843 0.342 -3.76666
0.99,18.9692,0,nan,nan,nan,1.1843 0.342 -3.77635
0.991,18.9888,0,nan,nan,nan,1.1843 0.342 -3.78604
0.992,19.0085,0,nan,nan,nan,1.1843 0.342 -3.79574
0.993,19.0281,0,nan,nan,nan,1.1843 0.342 -3.80545
0.994,19.0478,0,nan,nan,nan,1.1843 0.342 -3.81517
0.995,19.0674,0,nan,nan,nan,1.1843 0.342 -3.82491
0.996,19.087,0,nan,nan,nan,1.1843 0.342 -3.83465
0.997,19.1064,0,nan,nan,nan,1.1843 0.342 -3.8444
0.998,19.1253,0,nan,nan,nan,1.1843 0.342 -3.85416
0.999,19.1443,0,nan,nan,nan,1.1843 0.342 -3.86393
1,19.1632,0,nan,nan,nan,1.1843 0.342 -3.87371
1.001,19.1823,0,nan,nan,nan,1.1843 0.342 -3.8835
1.002,19.2015,0,nan,nan,nan,1.1843 0.342 -3.8933
1.003,19.2205,0,nan,nan,nan,1.1843 0.342 -3.90311
1.004,19.2395,0,nan,nan,nan,1.1843 0.342 -3.91293
1.005,19.2584,0,nan,nan,nan,1.1843 0.342 -3.92276
1.006,19.2773,0,nan,nan,nan,1.1843 0.342 -3.9326
1.007,19.2963,0,nan,nan,nan,1.1843 0.342 -3.94245
1.008,19.3152,0,nan,nan,nan,1.1843 0.342 -3.95231
1.009,19.3343,0,nan,nan,nan,1.1843 0.342 -3.96217
1.01,19.3532,0,nan,nan,nan,1.1843 0.342 -3.97205
1.011,19.3724,0,nan,nan,nan,1.1843 0.342 -3.98194
1.012,19.3915,0,nan,nan,nan,1.1843 0.342 -3.99184
1.013,19.4105,0,nan,nan,nan,1.1843 0.342 -4.00175
1.014,19.4294,0,nan,nan,nan,1.1843 0.342 -4.01166
1.015,19.4484,0,nan,nan,nan,1.1843 0.342 -4.02159
1.016,19.4674,0,nan,nan,nan,1.1843 0.342 -4.03153
1.017,19.4864,0,nan,nan,nan,1.1843 0.342 -4.04148
1.018,19.5053,0,nan,nan,nan,1.1843 0.342 -4.05143
1.019,19.5244,0,nan,nan,nan,1.1843 0.342 -4.0614
1.02,19.5433,0,nan,nan,nan,1.1843 0.342 -4.07138
1.021,19.5624,0,nan,nan,nan,1.1843 0.342 -4.08136
1.022,19.5814,0,nan,nan,nan,1.1843 0.342 -4.09136
1.023,19.6004,0,nan,nan,nan,1.1843 0.342 -4.10136
