0.001,0.000505476,0,0,0,0,0 0 0.5
0.002,0.00152727,0,3.97266e-15,3.87662e-14,2.13694e-14,-0 -0 0.5
0.003,0.00254068,0,9.36365e-15,4.25175e-15,6.8077e-15,0 -0 0.5
0.004,0.00356939,0,8.02353e-15,2.40631e-15,5.21492e-15,-0 -0 0.5
0.005,0.00459743,0,5.67538e-15,3.38632e-15,4.53085e-15,-0 -0 0.5
0.006,0.00557775,0,5.35353e-15,4.83136e-15,5.09245e-15,-0 -0 0.5
0.007,0.00653016,0,5.73904e-15,5.57464e-15,5.65684e-15,-0 -0 0.5
0.008,0.00753489,0,6.52687e-15,5.54156e-15,6.03421e-15,-0 -0 0.5
0.009,0.00851978,0,7.54017e-15,5.00732e-15,6.27375e-15,-0 -0 0.5
0.01,0.00946294,0,8.66111e-15,4.26486e-15,6.46298e-15,-0 -0 0.5
0.011,0.0104929,0,1.17392e-14,3.37544e-15,7.55731e-15,-0 -0 0.5
0.012,0.011523,0,1.20354e-14,3.09958e-15,7.56748e-15,-0 -0 0.5
0.013,0.0124662,0,1.29483e-14,2.97411e-15,7.9612e-15,-0 -0 0.5
0.014,0.0134599,0,1.52129e-14,3.32141e-15,9.26715e-15,-0 -0 0.5
0.015,0.0144034,0,1.59397e-14,3.92564e-15,9.93267e-15,-0 -0 0.5
0.016,0.0153468,0,1.72375e-14,5.13631e-15,1.11869e-14,-0 -0 0.5
0.017,0.0163718,0,1.85626e-14,6.85056e-15,1.27066e-14,-0 -0 0.5
0.018,0.0173572,0,1.99139e-14,9.12396e-15,1.45189e-14,-0 -0 0.5
0.019,0.0185052,0,2.13179e-14,1.20209e-14,1.66694e-14,-0 -0 0.5
0.02,0.0195363,0,2.54383e-14,1.64697e-14,2.0954e-14,-0 -0 0.5
0.021,0.020565,0,2.57151e-14,1.95541e-14,2.26346e-14,-0 -0 0.5
0.022,0.0215951,0,2.71237e-14,2.40535e-14,2.55886e-14,-0 -0 0.5
0.023,0.022594,0,2.87714e-14,2.9283e-14,2.90272e-14,-0 -0 0.5
0.024,0.0236206,0,3.04483e-14,3.52396e-14,3.28439e-14,-0 -0 0.5
0.025,0.0246077,0,4.05775e-14,4.64222e-14,4.34999e-14,-0 -0 0.5
0.026,0.025637,0,4.29725e-14,5.0654e-14,4.68132e-14,-0 -0 0.5
0.027,0.026663,0,4.7977e-14,5.74006e-14,5.26888e-14,-0 -0 0.5
0.028,0.0276875,0,4.571e-14,5.99159e-14,5.2813e-14,-0 -0 0.5
0.029,0.0286277,0,4.80311e-14,6.78313e-14,5.79312e-14,-0 -0 0.5
0.03,0.0296961,0,4.98477e-14,7.72088e-14,6.35282e-14,-0 -0 0.5
0.031,0.030679,0,5.2921e-14,8.90979e-14,7.10094e-14,-0 -0 0.5
0.032,0.0317062,0,5.55391e-14,1.02412e-13,7.89757e-14,-0 -0 0.5
0.033,0.0326616,0,5.86896e-14,1.17458e-13,8.80737e-14,-0 -0 0.5
0.034,0.0336431,0,6.17169e-14,1.33787e-13,9.77522e-14,-0 -0 0.5
0.035,0.0346262,0,6.49915e-14,1.51487e-13,1.08239e-13,-0 -0 0.5
0.036,0.035605,0,6.82866e-14,1.7046e-13,1.19373e-13,-0 -0 0.5
0.037,0.0365872,0,7.17353e-14,1.90919e-13,1.31327e-13,-0 -0 0.5
0.038,0.0375297,0,7.52448e-14,2.12668e-13,1.43956e-13,-0 -0 0.5
0.039,0.0385158,0,7.88918e-14,2.35777e-13,1.57335e-13,-0 -0 0.5
0.04,0.0394663,0,8.26963e-14,2.60318e-13,1.71507e-13,-0 -0 0.5
0.041,0.0404692,0,8.67057e-14,2.86401e-13,1.86553e-13,-0 -0 0.5
0.042,0.0414719,0,9.09454e-14,3.14144e-13,2.02545e-13,-0 -0 0.5
0.043,0.0424453,0,9.54485e-14,3.43681e-13,2.19565e-13,-0 -0 0.5
0.044,0.0434506,0,1.00238e-13,3.75153e-13,2.37696e-13,-0 -0 0.5
0.045,0.0443973,0,1.0534e-13,4.08709e-13,2.57025e-13,-0 -0 0.5
0.046,0.0454031,0,1.10775e-13,4.445e-13,2.77638e-13,-0 -0 0.5
0.047,0.0463897,0,1.16564e-13,4.82688e-13,2.99626e-13,-0 -0 0.5
0.048,0.0473363,0,1.22726e-13,5.23435e-13,3.23081e-13,-0 -0 0.5
0.049,0.0483543,0,1.29282e-13,5.66914e-13,3.48098e-13,-0 -0 0.5
0.05,0.0493779,0,1.36251e-13,6.13302e-13,3.74776e-13,-0 -0 0.5
0.051,0.0503261,0,1.43653e-13,6.62784e-13,4.03219e-13,-0 -0 0.5
0.052,0.0513167,0,1.51511e-13,7.15553e-13,4.33532e-13,-0 -0 0.5
0.053,0.0523042,0,1.59846e-13,7.71811e-13,4.65828e-13,-0 -0 0.5
0.054,0.0532905,0,1.68681e-13,8.31769e-13,5.00225e-13,-0 -0 0.5
0.055,0.054278,0,1.78042e-13,8.95648e-13,5.36845e-13,-0 -0 0.5
0.056,0.0552804,0,1.87954e-13,9.63682e-13,5.75818e-13,-0 -0 0.5
0.057,0.0562836,0,1.98445e-13,1.03612e-12,6.1728e-13,-0 -0 0.5
0.058,0.0572881,0,2.09545e-13,1.11321e-12,6.61375e-13,-0 -0 0.5
0.059,0.0582336,0,2.21285e-13,1.19522e-12,7.08254e-13,-0 -0 0.5
0.06,0.0592392,0,2.33698e-13,1.28245e-12,7.58075e-13,-0 -0 0.5
0.061,0.0602216,0,2.46821e-13,1.3752e-12,8.11008e-13,-0 -0 0.5
0.062,0.0612596,0,2.60689e-13,1.47377e-12,8.67228e-13,-0 -0 0.5
0.063,0.0622527,0,2.75343e-13,1.5785e-12,9.26924e-13,-0 -0 0.5
0.064,0.0632643,0,2.90824e-13,1.68976e-12,9.9029e-13,-0 -0 0.5
0.065,0.0642582,0,3.07177e-13,1.80789e-12,1.05754e-12,-0 -0 0.5
0.066,0.0652071,0,3.24448e-13,1.93331e-12,1.12888e-12,-0 -0 0.5
0.067,0.0661313,0,3.42688e-13,2.06641e-12,1.20455e-12,-0 -0 0.5
0.068,0.0671625,0,3.61947e-13,2.20764e-12,1.28479e-12,-0 -0 0.5
0.069,0.0681087,0,3.86175e-13,2.36831e-12,1.37724e-12,-0 -0 0.5
0.07,0.0691138,0,4.02534e-13,2.49802e-12,1.45027e-12,-0 -0 0.5
0.071,0.0701488,0,4.25478e-13,2.6666e-12,1.54604e-12,-0 -0 0.5
0.072,0.071186,0,4.48564e-13,2.82605e-12,1.63731e-12,-0 -0 0.5
0.073,0.0722211,0,4.69352e-13,3.00166e-12,1.7355e-12,-0 -0 0.5
0.074,0.0732657,0,4.95544e-13,3.18836e-12,1.84195e-12,-0 -0 0.5
0.075,0.0742967,0,5.22343e-13,3.40878e-12,1.96556e-12,-0 -0 0.5
0.076,0.0752884,0,5.41698e-13,3.56885e-12,2.05528e-12,-0 -0 0.5
0.077,0.0762506,0,5.73798e-13,3.84328e-12,2.20854e-12,-0 -0 0.5
0.078,0.0772409,0,5.99187e-13,4.04348e-12,2.32134e-12,-0 -0 0.5
0.079,0.07823,0,6.24935e-13,4.31638e-12,2.47066e-12,-0 -0 0.5
0.08,0.0792162,0,6.5528e-13,4.54894e-12,2.60211e-12,-0 -0 0.5
0.081,0.0802014,0,6.78567e-13,4.83991e-12,2.75924e-12,-0 -0 0.5
0.082,0.0811913,0,7.19405e-13,5.12686e-12,2.92313e-12,-0 -0 0.5
0.083,0.0821336,0,7.46119e-13,5.45772e-12,3.10192e-12,-0 -0 0.5
0.084,0.0831237,0,7.82027e-13,5.75201e-12,3.26702e-12,-0 -0 0.5
0.085,0.0841123,0,8.11791e-13,6.11974e-12,3.46576e-12,-0 -0 0.5
0.086,0.0851061,0,8.59701e-13,6.47453e-12,3.66712e-12,-0 -0 0.5
0.087,0.0861111,0,8.91565e-13,6.88776e-12,3.88966e-12,-0 -0 0.5
0.088,0.0870883,0,9.34625e-13,7.25327e-12,4.09395e-12,-0 -0 0.5
0.089,0.088083,0,9.70073e-13,7.70818e-12,4.33912e-12,-0 -0 0.5
0.09,0.0890727,0,1.0274e-12,8.14666e-12,4.58703e-12,-0 -0 0.5
0.091,0.0900747,0,1.06534e-12,8.65811e-12,4.86172e-12,-0 -0 0.5
0.092,0.0910225,0,1.11727e-12,9.11075e-12,5.11401e-12,-0 -0 0.5
0.093,0.0920603,0,1.15948e-12,9.67218e-12,5.41583e-12,-0 -0 0.5
0.094,0.0930579,0,1.23059e-12,1.02101e-11,5.72034e-12,-0 -0 0.5
0.095,0.0940501,0,1.27648e-12,1.08545e-11,6.06549e-12,-0 -0 0.5
0.096,0.0950412,0,1.34875e-12,1.14447e-11,6.39673e-12,-0 -0 0.5
0.097,0.096031,0,1.42883e-12,1.22241e-11,6.82646e-12,-0 -0 0.5
0.098,0.0970203,0,1.49764e-12,1.2842e-11,7.16979e-12,-0 -0 0.5
0.099,0.0980124,0,1.56842e-12,1.36624e-11,7.61543e-12,-0 -0 0.5
0.1,0.0990028,0,1.65437e-12,1.43808e-11,8.0176e-12,-0 -0 0.5
0.101,0.0999511,0,1.73018e-12,1.52972e-11,8.51371e-12,-0 -0 0.5
0.102,0.10096,0,1.82498e-12,1.61231e-11,8.97404e-12,-0 -0 0.5
0.103,0.10199,0,1.89278e-12,1.70743e-11,9.48356e-12,-0 -0 0.5
0.104,0.102982,0,2.01141e-12,1.80034e-11,1.00074e-11,-0 -0 0.5
0.105,0.103972,0,2.10344e-12,1.91234e-11,1.06134e-11,-0 -0 0.5
0.106,0.104967,0,2.21124e-12,2.01255e-11,1.11684e-11,-0 -0 0.5
0.107,0.10596,0,2.30295e-12,2.12985e-11,1.18007e-11,-0 -0 0.5
0.108,0.106966,0,2.44192e-12,2.24297e-11,1.24358e-11,-0 -0 0.5
0.109,0.107975,0,2.5428e-12,2.37767e-11,1.31597e-11,-0 -0 0.5
0.11,0.108979,0,2.67652e-12,2.50258e-11,1.38512e-11,-0 -0 0.5
0.111,0.109982,0,2.7863e-12,2.64694e-11,1.46278e-11,-0 -0 0.5
0.112,0.110988,0,2.9432e-12,2.78734e-11,1.54083e-11,-0 -0 0.5
0.113,0.111966,0,3.06262e-12,2.95061e-11,1.62843e-11,-0 -0 0.5
0.114,0.113001,0,3.23168e-12,3.10584e-11,1.7145e-11,-0 -0 0.5
0.115,0.114035,0,3.36205e-12,3.2827e-11,1.80945e-11,-0 -0 0.5
0.116,0.115036,0,3.55423e-12,3.4544e-11,1.90491e-11,-0 -0 0.5
0.117,0.116067,0,3.69538e-12,3.65361e-11,2.01157e-11,-0 -0 0.5
0.118,0.117101,0,3.90291e-12,3.8435e-11,2.11689e-11,-0 -0 0.5
0.119,0.118146,0,4.0581e-12,4.06031e-11,2.23306e-11,-0 -0 0.5
0.12,0.119135,0,4.29479e-12,4.27048e-11,2.34998e-11,-0 -0 0.5
0.121,0.120122,0,4.46662e-12,4.51683e-11,2.48174e-11,-0 -0 0.5
0.122,0.12111,0,4.72824e-12,4.74924e-11,2.61103e-11,-0 -0 0.5
0.123,0.12211,0,4.91095e-12,5.01637e-11,2.75373e-11,-0 -0 0.5
0.124,0.12305,0,5.21307e-12,5.2756e-11,2.89846e-11,-0 -0 0.5
0.125,0.124078,0,5.4146e-12,5.57426e-11,3.05786e-11,-0 -0 0.5
0.126,0.125107,0,5.75119e-12,5.86311e-11,3.21911e-11,-0 -0 0.5
0.127,0.126143,0,5.9749e-12,6.19343e-11,3.39546e-11,-0 -0 0.5
0.128,0.127179,0,6.35483e-12,6.51585e-11,3.57567e-11,-0 -0 0.5
0.129,0.128236,0,6.60614e-12,6.88454e-11,3.77257e-11,-0 -0 0.5
0.13,0.129291,0,7.03278e-12,7.24524e-11,3.97426e-11,-0 -0 0.5
0.131,0.130327,0,7.3151e-12,7.65602e-11,4.19377e-11,-0 -0 0.5
0.132,0.131363,0,7.79053e-12,8.05972e-11,4.41938e-11,-0 -0 0.5
0.133,0.132398,0,8.10579e-12,8.51679e-11,4.66369e-11,-0 -0 0.5
0.134,0.133428,0,8.63438e-12,8.96725e-11,4.91534e-11,-0 -0 0.5
0.135,0.134462,0,8.98878e-12,9.47823e-11,5.18855e-11,-0 -0 0.5
0.136,0.135495,0,9.59258e-12,9.9785e-11,5.46888e-11,-0 -0 0.5
0.137,0.136528,0,1.0006e-11,1.05594e-10,5.78001e-11,-0 -0 0.5
0.138,0.137513,0,1.07179e-11,1.11162e-10,6.09399e-11,-0 -0 0.5
0.139,0.138545,0,1.12178e-11,1.17822e-10,6.45199e-11,-0 -0 0.5
0.14,0.139536,0,1.18207e-11,1.24537e-10,6.81787e-11,-0 -0 0.5
0.141,0.140525,0,1.22937e-11,1.29844e-10,7.10688e-11,-0 -0 0.5
0.142,0.14153,0,1.27601e-11,1.36618e-10,7.46888e-11,-0 -0 0.5
0.143,0.142478,0,1.33266e-11,1.44102e-10,7.87145e-11,-0 -0 0.5
0.144,0.143467,0,1.38808e-11,1.50405e-10,8.21428e-11,-0 -0 0.5
0.145,0.144455,0,1.44337e-11,1.5829e-10,8.63621e-11,-0 -0 0.5
0.146,0.1454,0,1.52173e-11,1.66602e-10,9.09094e-11,-0 -0 0.5
0.147,0.146352,0,1.58871e-11,1.75283e-10,9.55848e-11,-0 -0 0.5
0.148,0.147306,0,1.66819e-11,1.8495e-10,1.00816e-10,-0 -0 0.5
0.149,0.148293,0,1.75356e-11,1.93649e-10,1.05592e-10,-0 -0 0.5
0.15,0.149286,0,1.82315e-11,2.03894e-10,1.11063e-10,-0 -0 0.5
0.151,0.15032,0,1.93004e-11,2.13882e-10,1.16591e-10,-0 -0 0.5
0.152,0.15131,0,2.00658e-11,2.25432e-10,1.22749e-10,-0 -0 0.5
0.153,0.152345,0,2.1229e-11,2.36432e-10,1.2883e-10,-0 -0 0.5
0.154,0.153332,0,2.20542e-11,2.49004e-10,1.35529e-10,-0 -0 0.5
0.155,0.154324,0,2.33608e-11,2.61192e-10,1.42277e-10,-0 -0 0.5
0.156,0.155313,0,2.4279e-11,2.75241e-10,1.4976e-10,-0 -0 0.5
0.157,0.156305,0,2.57153e-11,2.88712e-10,1.57214e-10,-0 -0 0.5
0.158,0.157293,0,2.67208e-11,3.0416e-10,1.6544e-10,-0 -0 0.5
0.159,0.158286,0,2.83214e-11,3.19073e-10,1.73697e-10,-0 -0 0.5
0.16,0.159278,0,2.94378e-11,3.36231e-10,1.82834e-10,-0 -0 0.5
0.161,0.160269,0,3.12102e-11,3.52729e-10,1.9197e-10,-0 -0 0.5
0.162,0.161257,0,3.24418e-11,3.71682e-10,2.02062e-10,-0 -0 0.5
0.163,0.162246,0,3.4413e-11,3.89942e-10,2.12178e-10,-0 -0 0.5
0.164,0.163226,0,3.57802e-11,4.10945e-10,2.23363e-10,-0 -0 0.5
0.165,0.165855,0,3.7971e-11,4.31159e-10,2.34565e-10,-0 -0 0.5
0.166,0.166822,0,3.94873e-11,4.54408e-10,2.46947e-10,-0 -0 0.5
0.167,0.167796,0,4.19253e-11,4.76789e-10,2.59357e-10,-0 -0 0.5
0.168,0.168727,0,4.36108e-11,5.02545e-10,2.73078e-10,-0 -0 0.5
0.169,0.169667,0,4.63245e-11,5.27333e-10,2.86829e-10,-0 -0 0.5
0.17,0.17064,0,4.8199e-11,5.55863e-10,3.02031e-10,-0 -0 0.5
0.171,0.171622,0,5.12202e-11,5.83322e-10,3.17271e-10,-0 -0 0.5
0.172,0.172597,0,5.33061e-11,6.14927e-10,3.34116e-10,-0 -0 0.5
0.173,0.173578,0,5.66682e-11,6.45349e-10,3.51009e-10,-0 -0 0.5
0.174,0.17456,0,5.89894e-11,6.80352e-10,3.69671e-10,-0 -0 0.5
0.175,0.175497,0,6.2728e-11,7.14059e-10,3.88393e-10,-0 -0 0.5
0.176,0.176479,0,6.531e-11,7.52813e-10,4.09062e-10,-0 -0 0.5
0.177,0.177458,0,6.94626e-11,7.90154e-10,4.29808e-10,-0 -0 0.5
0.178,0.178398,0,7.23321e-11,8.33044e-10,4.52688e-10,-0 -0 0.5
0.179,0.179417,0,7.694e-11,8.74401e-10,4.7567e-10,-0 -0 0.5
0.18,0.180396,0,8.01258e-11,9.21854e-10,5.0099e-10,-0 -0 0.5
0.181,0.181375,0,8.52363e-11,9.67643e-10,5.26439e-10,-0 -0 0.5
0.182,0.182354,0,8.87704e-11,1.02014e-09,5.54455e-10,-0 -0 0.5
0.183,0.183291,0,9.44399e-11,1.07082e-09,5.8263e-10,-0 -0 0.5
0.184,0.184267,0,9.83586e-11,1.12891e-09,6.13632e-10,-0 -0 0.5
0.185,0.185244,0,1.04654e-10,1.18499e-09,6.44823e-10,-0 -0 0.5
0.186,0.186205,0,1.08999e-10,1.24928e-09,6.79139e-10,-0 -0 0.5
0.187,0.187166,0,1.16003e-10,1.31135e-09,7.13677e-10,-0 -0 0.5
0.188,0.188147,0,1.20825e-10,1.38254e-09,7.51684e-10,-0 -0 0.5
0.189,0.189124,0,1.28642e-10,1.45125e-09,7.89945e-10,-0 -0 0.5
0.19,0.190113,0,1.34006e-10,1.5302e-09,8.32101e-10,-0 -0 0.5
0.191,0.191095,0,1.42805e-10,1.60625e-09,8.74526e-10,-0 -0 0.5
0.192,0.192075,0,1.48822e-10,1.69418e-09,9.21499e-10,-0 -0 0.5
0.193,0.193015,0,1.59023e-10,1.77821e-09,9.68616e-10,-0 -0 0.5
0.194,0.194036,0,1.65997e-10,1.87782e-09,1.02191e-09,-0 -0 0.5
0.195,0.195016,0,1.77686e-10,1.97252e-09,1.0751e-09,-0 -0 0.5
0.196,0.195979,0,1.85384e-10,2.0813e-09,1.13334e-09,-0 -0 0.5
0.197,0.196964,0,1.96954e-10,2.19045e-09,1.1937e-09,-0 -0 0.5
0.198,0.197949,0,2.04756e-10,2.29432e-09,1.24954e-09,-0 -0 0.5
0.199,0.198937,0,2.15625e-10,2.4109e-09,1.31326e-09,-0 -0 0.5
0.2,0.199923,0,2.25988e-10,2.53188e-09,1.37893e-09,-0 -0 0.5
0.201,0.200913,0,2.37019e-10,2.65862e-09,1.44782e-09,-0 -0 0.5
0.202,0.201856,0,2.48152e-10,2.78726e-09,1.51771e-09,-0 -0 0.5
0.203,0.202838,0,2.60013e-10,2.9296e-09,1.59481e-09,-0 -0 0.5
0.204,0.203822,0,2.75068e-10,3.0672e-09,1.67113e-09,-0 -0 0.5
0.205,0.204803,0,2.88379e-10,3.23523e-09,1.7618e-09,-0 -0 0.5
0.206,0.205781,0,3.05478e-10,3.40014e-09,1.85281e-09,-0 -0 0.5
0.207,0.206774,0,3.18037e-10,3.55904e-09,1.93854e-09,-0 -0 0.5
0.208,0.207771,0,3.33832e-10,3.74011e-09,2.03697e-09,-0 -0 0.5
0.209,0.208728,0,3.52697e-10,3.91277e-09,2.13273e-09,-0 -0 0.5
0.21,0.209713,0,3.70101e-10,4.12626e-09,2.24818e-09,-0 -0 0.5
0.211,0.210694,0,3.91836e-10,4.3343e-09,2.36307e-09,-0 -0 0.5
0.212,0.211658,0,4.0802e-10,4.53535e-09,2.47168e-09,-0 -0 0.5
0.213,0.212646,0,4.27943e-10,4.76399e-09,2.59597e-09,-0 -0 0.5
0.214,0.21363,0,4.52096e-10,4.98193e-09,2.71701e-09,-0 -0 0.5
0.215,0.216166,0,4.74425e-10,5.25209e-09,2.86326e-09,-0 -0 0.5
0.216,0.217151,0,5.02133e-10,5.5147e-09,3.00841e-09,-0 -0 0.5
0.217,0.218144,0,5.22844e-10,5.76859e-09,3.14572e-09,-0 -0 0.5
0.218,0.219132,0,5.47982e-10,6.05707e-09,3.30253e-09,-0 -0 0.5
0.219,0.220119,0,5.78827e-10,6.3318e-09,3.45531e-09,-0 -0 0.5
0.22,0.221107,0,6.07392e-10,6.67316e-09,3.64028e-09,-0 -0 0.5
0.221,0.222097,0,6.42611e-10,7.00424e-09,3.82342e-09,-0 -0 0.5
0.222,0.223084,0,6.69036e-10,7.32444e-09,3.99674e-09,-0 -0 0.5
0.223,0.224074,0,7.00715e-10,7.68796e-09,4.19434e-09,-0 -0 0.5
0.224,0.225026,0,7.39982e-10,8.03393e-09,4.38696e-09,-0 -0 0.5
0.225,0.226009,0,7.76416e-10,8.46436e-09,4.62039e-09,-0 -0 0.5
0.226,0.226995,0,8.21013e-10,8.88114e-09,4.85108e-09,-0 -0 0.5
0.227,0.227984,0,8.54675e-10,9.28452e-09,5.0696e-09,-0 -0 0.5
0.228,0.228933,0,8.94537e-10,9.74199e-09,5.31826e-09,-0 -0 0.5
0.229,0.229932,0,9.44396e-10,1.01772e-08,5.56079e-09,-0 -0 0.5
0.23,0.230922,0,9.90763e-10,1.0719e-08,5.8549e-09,-0 -0 0.5
0.231,0.231912,0,1.04706e-09,1.1243e-08,6.14502e-09,-0 -0 0.5
0.232,0.2329,0,1.08987e-09,1.17506e-08,6.42022e-09,-0 -0 0.5
0.233,0.23389,0,1.13996e-09,1.23255e-08,6.73274e-09,-0 -0 0.5
0.234,0.234947,0,1.20307e-09,1.28724e-08,7.03773e-09,-0 -0 0.5
0.235,0.235938,0,1.26194e-09,1.35532e-08,7.40757e-09,-0 0 0.5
0.236,0.236925,0,1.33278e-09,1.42109e-08,7.77184e-09,-0 0 0.5
0.237,0.237884,0,1.38713e-09,1.4849e-08,8.11806e-09,-0 0 0.5
0.238,0.238873,0,1.45e-09,1.55707e-08,8.51033e-09,-0 0 0.5
0.239,0.239865,0,1.52973e-09,1.6257e-08,8.89339e-09,-0 0 0.5
0.24,0.240826,0,1.60435e-09,1.71115e-08,9.35791e-09,-0 0 0.5
0.241,0.241815,0,1.69329e-09,1.7936e-08,9.81466e-09,-0 0 0.5
0.242,0.242807,0,1.76217e-09,1.87373e-08,1.02497e-08,-0 0 0.5
0.243,0.243801,0,1.841e-09,1.9642e-08,1.07415e-08,-0 0 0.5
0.244,0.244807,0,1.94136e-09,2.05029e-08,1.12221e-08,-0 0 0.5
0.245,0.2458,0,2.03567e-09,2.15727e-08,1.18042e-08,-0 0 0.5
0.246,0.246781,0,2.14692e-09,2.26049e-08,1.23759e-08,-0 0 0.5
0.247,0.247784,0,2.23419e-09,2.36102e-08,1.29222e-08,-0 0 0.5
0.248,0.248789,0,2.33285e-09,2.47432e-08,1.3538e-08,-0 0 0.5
0.249,0.249739,0,2.45935e-09,2.58208e-08,1.41401e-08,-0 0 0.5
0.25,0.25069,0,2.57863e-09,2.71616e-08,1.48701e-08,-0 0 0.5
0.251,0.2517,0,2.71794e-09,2.8453e-08,1.55854e-08,-0 0 0.5
0.252,0.252734,0,2.82801e-09,2.97126e-08,1.62703e-08,-0 0 0.5
0.253,0.253778,0,2.95163e-09,3.11295e-08,1.70406e-08,-0 0 0.5
0.254,0.254817,0,3.10896e-09,3.2481e-08,1.7795e-08,-0 0 0.5
0.255,0.25586,0,3.25849e-09,3.41467e-08,1.87026e-08,-0 0 0.5
0.256,0.256813,0,3.4308e-09,3.57572e-08,1.9594e-08,-0 0 0.5
0.257,0.25783,0,3.57066e-09,3.73358e-08,2.04532e-08,-0 0 0.5
0.258,0.258846,0,3.72433e-09,3.91069e-08,2.14156e-08,-0 0 0.5
0.259,0.259853,0,3.92643e-09,4.07848e-08,2.23556e-08,-0 0 0.5
0.26,0.260864,0,4.11753e-09,4.29e-08,2.35088e-08,-0 0 0.5
0.261,0.261856,0,4.33719e-09,4.49175e-08,2.46273e-08,-0 0 0.5
0.262,0.262894,0,4.5098e-09,4.68906e-08,2.57002e-08,-0 0 0.5
0.263,0.263888,0,4.70706e-09,4.90925e-08,2.68998e-08,-0 0 0.5
0.264,0.264876,0,4.91466e-09,5.12879e-08,2.81013e-08,-0 0 0.5
0.265,0.265886,0,5.13399e-09,5.35986e-08,2.93663e-08,-0 0 0.5
0.266,0.266914,0,5.34935e-09,5.61228e-08,3.07361e-08,-0 0 0.5
0.267,0.267919,0,5.64598e-09,5.84752e-08,3.20606e-08,-0 0 0.5
0.268,0.268928,0,5.92217e-09,6.15768e-08,3.37495e-08,-0 0 0.5
0.269,0.269934,0,6.2808e-09,6.43953e-08,3.5338e-08,-0 0 0.5
0.27,0.270943,0,6.53953e-09,6.74673e-08,3.70034e-08,-0 0 0.5
0.271,0.271951,0,6.86248e-09,7.0583e-08,3.87227e-08,-0 0 0.5
0.272,0.272961,0,7.14425e-09,7.36846e-08,4.04144e-08,-0 0 0.5
0.273,0.273973,0,7.44868e-09,7.71019e-08,4.22753e-08,-0 0 0.5
0.274,0.274922,0,7.78045e-09,8.05123e-08,4.41464e-08,-0 0 0.5
0.275,0.27601,0,8.12928e-09,8.41436e-08,4.61364e-08,-0 0 0.5
0.276,0.277021,0,8.47012e-09,8.80658e-08,4.8268e-08,-0 0 0.5
0.277,0.278053,0,8.93139e-09,9.17212e-08,5.03263e-08,-0 0 0.5
0.278,0.27904,0,9.37072e-09,9.65307e-08,5.29507e-08,-0 0 0.5
0.279,0.280072,0,9.91193e-09,1.00919e-07,5.54154e-08,-0 0 0.5
0.28,0.281102,0,1.03132e-08,1.05616e-07,5.79646e-08,-0 0 0.5
0.281,0.282131,0,1.07996e-08,1.10413e-07,6.06062e-08,-0 0 0.5
0.282,0.283155,0,1.12442e-08,1.15268e-07,6.32561e-08,-0 0 0.5
0.283,0.284183,0,1.17348e-08,1.20509e-07,6.61219e-08,-0 0 0.5
0.284,0.285132,0,1.2198e-08,1.25969e-07,6.90837e-08,-0 0 0.5
0.285,0.286156,0,1.28117e-08,1.31171e-07,7.19915e-08,-0 0 0.5
0.286,0.287104,0,1.34136e-08,1.37896e-07,7.56546e-08,-0 0 0.5
0.287,0.288131,0,1.42194e-08,1.43923e-07,7.9071e-08,-0 0 0.5
0.288,0.289109,0,1.4859e-08,1.51062e-07,8.29606e-08,-0 0 0.5
0.289,0.29009,0,1.56087e-08,1.57975e-07,8.6792e-08,-0 0 0.5
0.29,0.291068,0,1.62227e-08,1.64817e-07,9.05199e-08,-0 0 0.5
0.291,0.292036,0,1.69172e-08,1.72312e-07,9.46147e-08,-0 0 0.5
0.292,0.293017,0,1.75536e-08,1.80034e-07,9.87937e-08,-0 0 0.5
0.293,0.294032,0,1.83586e-08,1.87452e-07,1.02905e-07,-0 0 0.5
0.294,0.29498,0,1.91515e-08,1.96745e-07,1.07948e-07,-0 0 0.5
0.295,0.29599,0,2.02614e-08,2.05082e-07,1.12672e-07,-0 0 0.5
0.296,0.296991,0,2.11826e-08,2.15551e-07,1.18367e-07,-0 0 0.5
0.297,0.297988,0,2.24464e-08,2.25036e-07,1.23741e-07,-0 0 0.5
0.298,0.298971,0,2.3434e-08,2.35947e-07,1.2969e-07,-0 0 0.5
0.299,0.299986,0,2.45684e-08,2.46634e-07,1.35601e-07,-0 0 0.5
0.3,0.300998,0,2.55496e-08,2.57252e-07,1.41401e-07,-0 0 0.5
0.301,0.301974,0,2.65812e-08,2.68989e-07,1.47785e-07,-0 0 0.5
0.302,0.302952,0,2.79117e-08,2.80192e-07,1.54052e-07,-0 0 0.5
0.303,0.303955,0,2.92351e-08,2.9396e-07,1.61598e-07,-0 0 0.5
0.304,0.304907,0,3.06122e-08,3.07141e-07,1.68877e-07,-0 0 0.5
0.305,0.305944,0,3.18366e-08,3.20359e-07,1.76098e-07,-0 0 0.5
0.306,0.306978,0,3.31291e-08,3.34865e-07,1.83997e-07,-0 0 0.5
0.307,0.308011,0,3.45085e-08,3.49286e-07,1.91897e-07,-0 0 0.5
0.308,0.309041,0,3.59379e-08,3.64766e-07,2.00352e-07,-0 0 0.5
0.309,0.310075,0,3.75426e-08,3.80787e-07,2.09165e-07,-0 0 0.5
0.31,0.311111,0,3.92313e-08,3.977e-07,2.18466e-07,-0 0 0.5
0.311,0.312142,0,4.08029e-08,4.15617e-07,2.2821e-07,-0 0 0.5
0.312,0.313173,0,4.28129e-08,4.32777e-07,2.37795e-07,-0 0 0.5
0.313,0.314203,0,4.4846e-08,4.53794e-07,2.4932e-07,-0 0 0.5
0.314,0.31515,0,4.69185e-08,4.73918e-07,2.60418e-07,-0 0 0.5
0.315,0.316173,0,4.88102e-08,4.9421e-07,2.7151e-07,-0 0 0.5
0.316,0.317202,0,5.07652e-08,5.16434e-07,2.83599e-07,-0 0 0.5
0.317,0.318171,0,5.31531e-08,5.37953e-07,2.95553e-07,-0 0 0.5
0.318,0.319173,0,5.55734e-08,5.63289e-07,3.09431e-07,-0 0 0.5
0.319,0.320198,0,5.80383e-08,5.87986e-07,3.23012e-07,-0 0 0.5
0.32,0.321212,0,6.04138e-08,6.13252e-07,3.36833e-07,-0 0 0.5
0.321,0.3222,0,6.28242e-08,6.4068e-07,3.51752e-07,-0 0 0.5
0.322,0.323189,0,6.57725e-08,6.67249e-07,3.66511e-07,-0 0 0.5
0.323,0.324193,0,6.87941e-08,6.9859e-07,3.83692e-07,-0 0 0.5
0.324,0.325271,0,7.1823e-08,7.29182e-07,4.00502e-07,-0 0 0.5
0.325,0.32659,0,7.47974e-08,7.60297e-07,4.17547e-07,-0 0 0.5
0.326,0.327613,0,7.73762e-08,7.95108e-07,4.36242e-07,-0 0 0.5
0.327,0.328601,0,8.01181e-08,8.2649e-07,4.53304e-07,-0 0 0.5
0.328,0.329546,0,8.29446e-08,8.64175e-07,4.7356e-07,-0 0 0.5
0.329,0.330544,0,8.62393e-08,8.99526e-07,4.92882e-07,-0 0 0.5
0.33,0.331532,0,8.93167e-08,9.40434e-07,5.14875e-07,-0 0 0.5
0.331,0.332521,0,9.28628e-08,9.7879e-07,5.35826e-07,-0 0 0.5
0.332,0.333513,0,9.61945e-08,1.02329e-06,5.59741e-07,-0 0 0.5
0.333,0.33447,0,1.00036e-07,1.06499e-06,5.82515e-07,-0 0 0.5
0.334,0.335415,0,1.03643e-07,1.11338e-06,6.08511e-07,-0 0 0.5
0.335,0.336435,0,1.07808e-07,1.15874e-06,6.33272e-07,-0 0 0.5
0.336,0.337472,0,1.11715e-07,1.21135e-06,6.61533e-07,-0 0 0.5
0.337,0.338507,0,1.1623e-07,1.26067e-06,6.88453e-07,-0 0 0.5
0.338,0.339557,0,1.20462e-07,1.31789e-06,7.19175e-07,-0 0 0.5
0.339,0.340589,0,1.25359e-07,1.37153e-06,7.48442e-07,-0 0 0.5
0.34,0.341624,0,1.29943e-07,1.43374e-06,7.81842e-07,-0 0 0.5
0.341,0.342656,0,1.35253e-07,1.49207e-06,8.13661e-07,-0 0 0.500001
0.342,0.343648,0,1.40221e-07,1.55972e-06,8.4997e-07,-0 0 0.500001
0.343,0.344678,0,1.45981e-07,1.62315e-06,8.84565e-07,-0 0 0.500001
0.344,0.345623,0,1.51365e-07,1.69671e-06,9.24039e-07,-0 0 0.500001
0.345,0.346653,0,1.57614e-07,1.76569e-06,9.61653e-07,-0 0 0.500001
0.346,0.347706,0,1.63449e-07,1.84569e-06,1.00457e-06,-0 0 0.500001
0.347,0.348695,0,1.70229e-07,1.9207e-06,1.04546e-06,-0 0 0.500001
0.348,0.349729,0,1.76555e-07,2.00768e-06,1.09212e-06,-0 0 0.500001
0.349,0.350672,0,1.83912e-07,2.08926e-06,1.13659e-06,-0 0 0.500001
0.35,0.351705,0,1.90771e-07,2.18385e-06,1.18731e-06,-0 0 0.500001
0.351,0.352738,0,1.98756e-07,2.27257e-06,1.23566e-06,-0 0 0.500001
0.352,0.353767,0,2.06194e-07,2.37543e-06,1.29081e-06,-0 0 0.500001
0.353,0.354797,0,2.14861e-07,2.47191e-06,1.34339e-06,-0 0 0.500001
0.354,0.355741,0,2.22927e-07,2.58376e-06,1.40335e-06,-0 0 0.500001
0.355,0.356746,0,2.32336e-07,2.68869e-06,1.46052e-06,-0 0 0.500001
0.356,0.357779,0,2.41085e-07,2.81033e-06,1.52571e-06,-0 0 0.500001
0.357,0.358814,0,2.51301e-07,2.92445e-06,1.58787e-06,-0 0 0.500001
0.358,0.359843,0,2.60792e-07,3.05672e-06,1.65876e-06,-0 0 0.500001
0.359,0.360828,0,2.71885e-07,3.18084e-06,1.72636e-06,-0 0 0.500001
0.36,0.361817,0,2.82183e-07,3.32468e-06,1.80343e-06,-0 0 0.500001
0.361,0.3628,0,2.94229e-07,3.45967e-06,1.87695e-06,-0 0 0.500001
0.362,0.363783,0,3.05403e-07,3.6161e-06,1.96075e-06,-0 0 0.500001
0.363,0.364727,0,3.18486e-07,3.76292e-06,2.0407e-06,-0 0 0.500001
0.364,0.365719,0,3.30611e-07,3.93304e-06,2.13182e-06,-0 0 0.500001
0.365,0.36673,0,3.44822e-07,4.09273e-06,2.21878e-06,-0 0 0.500001
0.366,0.367716,0,3.57981e-07,4.27774e-06,2.31786e-06,-0 0 0.500001
0.367,0.368707,0,3.7342e-07,4.45144e-06,2.41243e-06,-0 0 0.500001
0.368,0.369697,0,3.87703e-07,4.65264e-06,2.52017e-06,-0 0 0.500001
0.369,0.370687,0,4.04477e-07,4.84157e-06,2.62302e-06,-0 0 0.500001
0.37,0.371671,0,4.19982e-07,5.06039e-06,2.74019e-06,-0 0 0.500001
0.371,0.372705,0,4.38207e-07,5.2659e-06,2.85205e-06,-0 0 0.500001
0.372,0.373736,0,4.55041e-07,5.50388e-06,2.97946e-06,-0 0 0.500001
0.373,0.374704,0,4.74844e-07,5.72743e-06,3.10114e-06,-0 0 0.500001
0.374,0.375675,0,4.93123e-07,5.98626e-06,3.23969e-06,-0 0 0.500001
0.375,0.376662,0,5.14644e-07,6.22942e-06,3.37203e-06,-0 0 0.500001
0.376,0.377651,0,5.34493e-07,6.51093e-06,3.52271e-06,-0 0 0.500001
0.377,0.378598,0,5.57883e-07,6.77545e-06,3.66666e-06,-0 0 0.500001
0.378,0.379647,0,5.7944e-07,7.08162e-06,3.83053e-06,-0 0 0.500001
0.379,0.380637,0,6.04862e-07,7.36937e-06,3.98712e-06,-0 0 0.500001
0.38,0.381628,0,6.28277e-07,7.70238e-06,4.16533e-06,-0 0 0.500001
0.381,0.382617,0,6.5591e-07,8.01541e-06,4.33566e-06,-0 0 0.500001
0.382,0.383605,0,6.81345e-07,8.37762e-06,4.52948e-06,-0 0 0.500001
0.383,0.384598,0,7.11385e-07,8.71815e-06,4.71477e-06,-0 0 0.500001
0.384,0.385586,0,7.39017e-07,9.11213e-06,4.92557e-06,-0 0 0.500001
0.385,0.386582,0,7.71675e-07,9.48259e-06,5.12713e-06,-0 0 0.500001
0.386,0.387571,0,8.01696e-07,9.91112e-06,5.35641e-06,-0 0 0.500001
0.387,0.388557,0,8.37203e-07,1.03142e-05,5.57568e-06,-0 0 0.500001
0.388,0.389515,0,8.69823e-07,1.07803e-05,5.82506e-06,-0 0 0.500001
0.389,0.390549,0,9.08431e-07,1.12188e-05,6.0636e-06,-0 0 0.500001
0.39,0.39158,0,9.43877e-07,1.17258e-05,6.33484e-06,-0 0 0.500001
0.391,0.392613,0,9.85859e-07,1.22029e-05,6.59436e-06,-0 0 0.500001
0.392,0.393645,0,1.02438e-06,1.27544e-05,6.88939e-06,-0 0 0.500002
0.393,0.394678,0,1.07004e-06,1.32734e-05,7.17173e-06,-0 0 0.500002
0.394,0.395709,0,1.1119e-06,1.38734e-05,7.49265e-06,-0 0 0.500002
0.395,0.39674,0,1.16155e-06,1.44381e-05,7.79983e-06,-0 0 0.500002
0.396,0.397769,0,1.20706e-06,1.50908e-05,8.14891e-06,-0 0 0.500002
0.397,0.398713,0,1.26106e-06,1.57052e-05,8.48312e-06,-0 0 0.500002
0.398,0.399768,0,1.31053e-06,1.64152e-05,8.86285e-06,-0 0 0.500002
0.399,0.400801,0,1.36926e-06,1.70837e-05,9.22647e-06,-0 0 0.500002
0.4,0.401747,0,1.42304e-06,1.78561e-05,9.63955e-06,-0 0 0.500002
0.401,0.402693,0,1.48692e-06,1.85834e-05,1.00352e-05,-0 0 0.500002
0.402,0.403769,0,1.54539e-06,1.94237e-05,1.04845e-05,-0 0 0.500002
0.403,0.404799,0,1.61488e-06,2.02152e-05,1.0915e-05,-0 0 0.500002
0.404,0.405831,0,1.67845e-06,2.11293e-05,1.14039e-05,-0 0 0.500002
0.405,0.406861,0,1.75405e-06,2.19905e-05,1.18723e-05,-0 0 0.500002
0.406,0.407908,0,1.82317e-06,2.2985e-05,1.24041e-05,-0 0 0.500002
0.407,0.408891,0,1.90541e-06,2.39221e-05,1.29137e-05,-0 0 0.500002
0.408,0.40992,0,1.98057e-06,2.5004e-05,1.34923e-05,-0 0 0.500002
0.409,0.410901,0,2.07005e-06,2.60237e-05,1.40469e-05,-0 0 0.500002
0.41,0.411884,0,2.15179e-06,2.72008e-05,1.46763e-05,-0 0 0.500002
0.411,0.412873,0,2.24913e-06,2.83105e-05,1.52798e-05,-0 0 0.500002
0.412,0.413857,0,2.33804e-06,2.95911e-05,1.59646e-05,-0 0 0.500002
0.413,0.414841,0,2.44395e-06,3.07986e-05,1.66213e-05,-0 0 0.500002
0.414,0.415867,0,2.54064e-06,3.21919e-05,1.73663e-05,-0 0 0.500002
0.415,0.416851,0,2.65589e-06,3.35059e-05,1.80809e-05,-0 0 0.500002
0.416,0.417834,0,2.76107e-06,3.50219e-05,1.88915e-05,-0 0 0.500003
0.417,0.418779,0,2.88646e-06,3.64518e-05,1.96691e-05,-0 0 0.500003
0.418,0.419775,0,3.00088e-06,3.81012e-05,2.0551e-05,-0 0 0.500003
0.419,0.420762,0,3.13733e-06,3.96573e-05,2.13973e-05,-0 0 0.500003
0.42,0.42171,0,3.26179e-06,4.14519e-05,2.23568e-05,-0 0 0.500003
0.421,0.422718,0,3.41028e-06,4.31453e-05,2.32778e-05,-0 0 0.500003
0.422,0.423664,0,3.54569e-06,4.50979e-05,2.43218e-05,-0 0 0.500003
0.423,0.424694,0,3.70728e-06,4.69408e-05,2.53241e-05,-0 0 0.500003
0.424,0.425642,0,3.8546e-06,4.90654e-05,2.646e-05,-0 0 0.500003
0.425,0.426629,0,4.03045e-06,5.1071e-05,2.75507e-05,-0 0 0.500003
0.426,0.427617,0,4.19074e-06,5.33827e-05,2.87867e-05,-0 0 0.500003
0.427,0.428563,0,4.38213e-06,5.55654e-05,2.99738e-05,-0 0 0.500003
0.428,0.429564,0,4.55654e-06,5.80808e-05,3.13187e-05,-0 0 0.500003
0.429,0.43053,0,4.76483e-06,6.04562e-05,3.26105e-05,-0 0 0.500003
0.43,0.431522,0,4.95462e-06,6.31932e-05,3.40739e-05,-0 0 0.500003
0.431,0.432491,0,5.18131e-06,6.57785e-05,3.54799e-05,-0 0 0.500003
0.432,0.433483,0,5.38784e-06,6.87566e-05,3.70722e-05,-0 0 0.500004
0.433,0.434473,0,5.63458e-06,7.15703e-05,3.86024e-05,-0 0 0.500004
0.434,0.435463,0,5.85934e-06,7.48109e-05,4.03351e-05,-0 0 0.500004
0.435,0.436458,0,6.1279e-06,7.78731e-05,4.20005e-05,-0 0 0.500004
0.436,0.437446,0,6.37251e-06,8.13993e-05,4.38859e-05,-0 0 0.500004
0.437,0.438436,0,6.66482e-06,8.47321e-05,4.56984e-05,-0 0 0.500004
0.438,0.439391,0,6.93105e-06,8.85692e-05,4.77501e-05,-0 0 0.500004
0.439,0.440382,0,7.24923e-06,9.21964e-05,4.97228e-05,-0 0 0.500004
0.44,0.441371,0,7.53899e-06,9.63718e-05,5.19554e-05,-0 0 0.500004
0.441,0.442361,0,7.88528e-06,0.000100319,5.41023e-05,-0 0 0.500004
0.442,0.443312,0,8.20069e-06,0.000104863,5.65319e-05,-0 0 0.500004
0.443,0.444343,0,8.57765e-06,0.00010916,5.88687e-05,-0 0 0.500005
0.444,0.445336,0,8.92098e-06,0.000114104,6.15126e-05,-0 0 0.500005
0.445,0.44633,0,9.33133e-06,0.000118781,6.4056e-05,-0 0 0.500005
0.446,0.447321,0,9.70506e-06,0.000124161,6.69331e-05,-0 0 0.500005
0.447,0.448316,0,1.01517e-05,0.000129251,6.97013e-05,-0 0 0.500005
0.448,0.44931,0,1.05586e-05,0.000135106,7.28322e-05,-0 0 0.500005
0.449,0.450302,0,1.10449e-05,0.000140645,7.58451e-05,-0 0 0.500005
0.45,0.451294,0,1.14878e-05,0.000147017,7.92523e-05,-0 0 0.500005
0.451,0.452285,0,1.20171e-05,0.000153046,8.25314e-05,-0 0 0.500005
0.452,0.453276,0,1.24993e-05,0.000159979,8.62393e-05,-0 0 0.500005
0.453,0.45427,0,1.30756e-05,0.000166541,8.98084e-05,-0 0 0.500006
0.454,0.455275,0,1.36005e-05,0.000174086,9.38434e-05,-0 0 0.500006
0.455,0.456269,0,1.35237e-05,0.000182994,9.82587e-05,-0 0 0.500006
0.456,0.457264,0,1.20142e-05,0.000182713,9.73639e-05,3e-06 -0 0.500005
0.457,0.458258,0,1.22774e-05,0.000189282,0.00010078,2e-06 -0 0.500005
0.458,0.45925,0,1.31898e-05,0.000196551,0.000104871,2e-06 -0 0.500006
0.459,0.460245,0,1.39403e-05,0.000205987,0.000109964,2e-06 -0 0.500006
0.46,0.461238,0,1.44087e-05,0.000213862,0.000114135,1e-06 -0 0.500006
0.461,0.462258,0,1.57295e-05,0.000226518,0.000121124,1e-06 -1e-06 0.500006
0.462,0.463294,0,1.58868e-05,0.000229075,0.000122481,1e-06 -0 0.500007
0.463,0.464332,0,1.6606e-05,0.000240406,0.000128506,1e-06 -0 0.500007
0.464,0.465376,0,1.69666e-05,0.00024372,0.000130344,0 -0 0.500007
0.465,0.466382,0,1.77377e-05,0.000255923,0.00013683,0 -0 0.500007
0.466,0.467418,0,1.814e-05,0.000259481,0.000138811,0 -0 0.500007
0.467,0.468457,0,1.89573e-05,0.000272516,0.000145736,0 -0 0.500007
0.468,0.469496,0,1.94055e-05,0.000276341,0.000147873,0 -0 0.500008
0.469,0.470535,0,1.94352e-05,0.000294525,0.00015698,0 -0 0.500008
0.47,0.471574,0,2.00399e-05,0.000287581,0.00015381,1e-06 -0 0.500008
0.471,0.472566,0,1.91808e-05,0.000294858,0.000157019,0 -0 0.500008
0.472,0.473602,0,1.97499e-05,0.00030629,0.00016302,0 -0 0.500008
0.473,0.474639,0,2.0499e-05,0.000319611,0.000170055,0 0 0.500008
0.474,0.475668,0,2.13229e-05,0.000331838,0.000176581,0 0 0.500008
0.475,0.476617,0,2.21967e-05,0.000345877,0.000184037,0 0 0.500009
0.476,0.477622,0,2.31234e-05,0.000358958,0.000191041,0 0 0.500009
0.477,0.47866,0,2.40899e-05,0.000374091,0.00019909,0 0 0.500009
0.478,0.479692,0,2.51038e-05,0.000388209,0.000206657,0 0 0.500009
0.479,0.480647,0,2.61631e-05,0.000404572,0.000215368,0 0 0.500009
0.48,0.481637,0,2.72717e-05,0.000419859,0.000223565,0 0 0.500009
0.481,0.482629,0,2.84266e-05,0.000437575,0.000233001,0 0 0.500009
0.482,0.483618,0,2.96322e-05,0.000454119,0.000241876,0 0 0.50001
0.483,0.484608,0,3.08887e-05,0.000473297,0.000252093,0 0 0.50001
0.484,0.485596,0,3.22009e-05,0.000491214,0.000261707,0 0 0.50001
0.485,0.486621,0,3.35659e-05,0.000511975,0.000272771,0 0 0.50001
0.486,0.487649,0,3.49924e-05,0.000531376,0.000283184,0 0 0.50001
0.487,0.488675,0,3.64752e-05,0.000553852,0.000295164,0 0 0.500011
0.488,0.489639,0,3.81948e-05,0.000564758,0.000301476,0 0 0.500011
0.489,0.490665,0,3.88189e-05,0.000598942,0.000318881,0 -0 0.500011
0.49,0.491694,0,3.75989e-05,0.000611527,0.000324563,0 0 0.500011
0.491,0.492715,0,4.09186e-05,0.000658813,0.000349866,0 -1e-06 0.500012
0.492,0.493687,0,3.8869e-05,0.000662035,0.000350452,0 -0 0.500012
0.493,0.494713,0,4.06359e-05,0.000710198,0.000375417,1e-06 -1e-06 0.500012
0.494,0.495735,0,3.88654e-05,0.000720512,0.000379688,1e-06 -0 0.500013
0.495,0.496756,0,4.53836e-05,0.000771293,0.000408339,1e-06 -1e-06 0.500013
0.496,0.497777,0,4.61336e-05,0.000776378,0.000411256,1e-06 -0 0.500013
0.497,0.49876,0,4.65435e-05,0.000807691,0.000427117,1e-06 -1e-06 0.500013
0.498,0.499746,0,4.96915e-05,0.000863358,0.000456525,1e-06 -1e-06 0.500014
0.499,0.500756,0,4.74305e-05,0.000911273,0.000479352,1e-06 -2e-06 0.500014
0.5,0.501747,0,5.02368e-05,0.000991179,0.000520708,2e-06 -2e-06 0.500015
0.501,0.502733,0,5.42326e-05,0.00107607,0.000565152,2e-06 -3e-06 0.500015
0.502,0.503725,0,5.97926e-05,0.00116597,0.000612879,2e-06 -4e-06 0.500016
0.503,0.504648,0,6.43058e-05,0.00124743,0.000655868,3e-06 -5e-06 0.500016
0.504,0.505639,0,6.9105e-05,0.00133747,0.000703286,3e-06 -5e-06 0.500017
0.505,0.506629,0,7.42131e-05,0.00142675,0.000750483,3e-06 -5e-06 0.500017
0.506,0.50762,0,7.97334e-05,0.0015267,0.000803219,4e-06 -5e-06 0.500018
0.507,0.508609,0,8.56038e-05,0.00162555,0.000855577,4e-06 -5e-06 0.500018
0.508,0.509562,0,9.19443e-05,0.00173673,0.000914339,4e-06 -5e-06 0.500019
0.509,0.510559,0,9.86957e-05,0.00184639,0.000972545,5e-06 -6e-06 0.500019
0.51,0.51155,0,0.000105986,0.00197023,0.00103811,5e-06 -6e-06 0.50002
0.511,0.512542,0,0.000113749,0.00209211,0.00110293,5e-06 -6e-06 0.50002
0.512,0.513535,0,0.00012208,0.00222938,0.00117573,6e-06 -6e-06 0.500021
0.513,0.514486,0,0.000130971,0.0023643,0.00124763,6e-06 -6e-06 0.500022
0.514,0.515448,0,0.000376927,0.00156831,0.000972619,6e-06 -6e-06 0.500022
0.515,0.5164,0,6.38047e-05,0.00847698,0.00427039,5e-06 -1e-05 0.500009
0.516,0.517391,0,2.6694e-05,0.00550143,0.00276406,4e-06 3.8e-05 0.500007
0.517,0.518388,0,2.75684e-05,0.00362696,0.00182726,3e-06 3e-05 0.500008
0.518,0.519382,0,2.80961e-05,0.00248846,0.00125828,3e-06 2.3e-05 0.500008
0.519,0.520374,0,2.72341e-05,0.00168787,0.000857553,3e-06 1.7e-05 0.500009
0.52,0.521371,0,2.71382e-05,0.00124911,0.000638124,2e-06 1.3e-05 0.500009
0.521,0.522364,0,2.39422e-05,0.000932123,0.000478033,2e-06 9e-06 0.500009
0.522,0.523362,0,3.55686e-05,0.000812123,0.000423846,2e-06 6e-06 0.50001
0.523,0.52436,0,2.62195e-05,0.000677461,0.00035184,2e-06 4e-06 0.50001
0.524,0.525361,0,2.93603e-05,0.000630088,0.000329724,2e-06 2e-06 0.50001
0.525,0.526354,0,3.43568e-05,0.000608658,0.000321508,3e-06 1e-06 0.50001
0.526,0.527307,0,3.9958e-05,0.000587298,0.000313628,3e-06 -0 0.50001
0.527,0.528301,0,4.41227e-05,0.000569254,0.000306689,3e-06 -2e-06 0.500011
0.528,0.529299,0,5.34199e-05,0.000571936,0.000312678,3e-06 -0 0.500011
0.529,0.530293,0,7.86662e-05,0.000688093,0.00038338,3e-06 2e-06 0.500011
0.53,0.531285,0,7.36401e-05,0.000672461,0.000373051,4e-06 5e-06 0.500011
0.531,0.532281,0,7.85632e-05,0.000669397,0.00037398,4e-06 6e-06 0.500011
0.532,0.533277,0,7.77756e-05,0.00064203,0.000359903,4e-06 4e-06 0.500011
0.533,0.534274,0,0.000118509,0.00076334,0.000440925,4e-06 1e-06 0.500011
0.534,0.535267,0,0.00012312,0.000754784,0.000438952,5e-06 -3e-06 0.500011
0.535,0.536258,0,0.000109037,0.00073304,0.000421038,5e-06 -5e-06 0.500011
0.536,0.53724,0,0.000113325,0.000761577,0.000437451,5e-06 -3e-06 0.500011
0.537,0.53821,0,0.000157535,0.000942963,0.000550249,5e-06 0 0.500012
0.538,0.539207,0,0.00016491,0.000959749,0.00056233,6e-06 -0 0.500012
0.539,0.540205,0,0.000122103,0.000893225,0.000507664,7e-06 -1e-06 0.500012
0.54,0.541201,0,0.000177826,0.00109111,0.000634467,7e-06 -4e-06 0.500013
0.541,0.5422,0,0.000158325,0.0010537,0.000606011,7e-06 -6e-06 0.500013
0.542,0.543155,0,0.000175051,0.00112475,0.000649901,8e-06 -5e-06 0.500013
0.543,0.544154,0,0.000192176,0.00119095,0.000691563,8e-06 -4e-06 0.500014
0.544,0.54515,0,0.000210057,0.00125561,0.000732833,8e-06 -3e-06 0.500014
0.545,0.546147,0,0.000228191,0.00132031,0.000774251,9e-06 -2e-06 0.500014
0.546,0.547166,0,0.000246635,0.00138545,0.000816043,9e-06 -2e-06 0.500014
0.547,0.548213,0,0.000265368,0.00145165,0.000858507,9e-06 -1e-06 0.500015
0.548,0.549165,0,0.000284474,0.00151917,0.000901821,1e-05 -1e-06 0.500015
0.549,0.550191,0,0.000304026,0.0015884,0.000946214,1e-05 -1e-06 0.500015
0.55,0.551221,0,0.00032412,0.00165961,0.000991865,1e-05 -0 0.500016
0.551,0.552221,0,0.000344849,0.00173308,0.00103896,1.1e-05 -0 0.500016
0.552,0.553213,0,0.000366307,0.00180905,0.00108768,1.1e-05 0 0.500016
0.553,0.554213,0,0.000388584,0.00188776,0.00113817,1.1e-05 0 0.500016
0.554,0.555244,0,0.000411768,0.00196944,0.0011906,1.2e-05 0 0.500017
0.555,0.556278,0,0.000435945,0.00205429,0.00124512,1.2e-05 0 0.500017
0.556,0.55731,0,0.000461196,0.00214252,0.00130186,1.3e-05 0 0.500017
0.557,0.558299,0,0.000487602,0.00223435,0.00136097,1.3e-05 1e-06 0.500017
0.558,0.559329,0,0.000515244,0.00232997,0.00142261,1.4e-05 1e-06 0.500018
0.559,0.560364,0,0.000544201,0.00242959,0.0014869,1.4e-05 1e-06 0.500018
0.56,0.561395,0,0.000574552,0.00253343,0.00155399,1.4e-05 1e-06 0.500018
0.561,0.562429,0,0.000606377,0.00264168,0.00162403,1.5e-05 1e-06 0.500019
0.562,0.563394,0,0.000639758,0.00275458,0.00169717,1.5e-05 1e-06 0.500019
0.563,0.564394,0,0.000674778,0.00287235,0.00177356,1.6e-05 1e-06 0.500019
0.564,0.565388,0,0.000711522,0.00299521,0.00185337,1.6e-05 1e-06 0.50002
0.565,0.566425,0,0.000750078,0.0031234,0.00193674,1.7e-05 1e-06 0.50002
0.566,0.56741,0,0.000790536,0.00325717,0.00202386,1.7e-05 1e-06 0.50002
0.567,0.568448,0,0.000832991,0.00339678,0.00211489,1.8e-05 1e-06 0.500021
0.568,0.56948,0,0.00087754,0.0035425,0.00221002,1.9e-05 1e-06 0.500021
0.569,0.570505,0,0.000924284,0.00369459,0.00230944,1.9e-05 1e-06 0.500021
0.57,0.571538,0,0.000973328,0.00385335,0.00241334,2e-05 1e-06 0.500022
0.571,0.572573,0,0.00102478,0.00401908,0.00252193,2e-05 1e-06 0.500022
0.572,0.573603,0,0.00107876,0.00419209,0.00263543,2.1e-05 1e-06 0.500022
0.573,0.574628,0,0.00113538,0.00437272,0.00275405,2.1e-05 1e-06 0.500023
0.574,0.575593,0,0.00119477,0.0045613,0.00287804,2.2e-05 1e-06 0.500023
0.575,0.576585,0,0.00125706,0.00475818,0.00300762,2.3e-05 1e-06 0.500024
0.576,0.577611,0,0.00132239,0.00496375,0.00314307,2.3e-05 1e-06 0.500024
0.577,0.578643,0,0.00139089,0.00517839,0.00328464,2.4e-05 1e-06 0.500024
0.578,0.579674,0,0.00146271,0.0054025,0.00343261,2.5e-05 1e-06 0.500025
0.579,0.580699,0,0.00153802,0.00563651,0.00358726,2.5e-05 1e-06 0.500025
0.58,0.581721,0,0.00161696,0.00588087,0.00374892,2.6e-05 1e-06 0.500026
0.581,0.582752,0,0.00169972,0.00613604,0.00391788,2.7e-05 1e-06 0.500026
0.582,0.583781,0,0.00178647,0.00640249,0.00409448,2.8e-05 1e-06 0.500027
0.583,0.584811,0,0.00187739,0.00668074,0.00427906,2.8e-05 1e-06 0.500027
0.584,0.585833,0,0.00197267,0.00697131,0.00447199,2.9e-05 1e-06 0.500028
0.585,0.586781,0,0.00207253,0.00727476,0.00467365,3e-05 1e-06 0.500028
0.586,0.587731,0,0.00217717,0.00759166,0.00488442,3.1e-05 1e-06 0.500029
0.587,0.588789,0,0.00228681,0.00792262,0.00510472,3.2e-05 1e-06 0.500029
0.588,0.589786,0,0.00240169,0.00826826,0.00533498,3.3e-05 2e-06 0.50003
0.589,0.590777,0,0.00252205,0.00862924,0.00557564,3.3e-05 2e-06 0.50003
0.59,0.591773,0,0.00264813,0.00900625,0.00582719,3.4e-05 2e-06 0.500031
0.591,0.592764,0,0.00278021,0.00940001,0.00609011,3.5e-05 2e-06 0.500031
0.592,0.593756,0,0.00291857,0.00981127,0.00636492,3.6e-05 2e-06 0.500032
0.593,0.594747,0,0.00306348,0.0102408,0.00665214,3.7e-05 2e-06 0.500033
0.594,0.595737,0,0.00321526,0.0106894,0.00695235,3.8e-05 2e-06 0.500033
0.595,0.596693,0,0.00337422,0.0111581,0.00726614,3.9e-05 2e-06 0.500034
0.596,0.597646,0,0.00354069,0.0116475,0.0075941,4e-05 2e-06 0.500034
0.597,0.598595,0,0.00371502,0.0121588,0.00793689,4.1e-05 2e-06 0.500035
0.598,0.599595,0,0.00389757,0.0126928,0.00829518,4.2e-05 2e-06 0.500036
0.599,0.600591,0,0.00408871,0.0132506,0.00866966,4.3e-05 2e-06 0.500036
0.6,0.601546,0,0.00428885,0.0138333,0.00906108,4.4e-05 2e-06 0.500037
0.601,0.602552,0,0.0044984,0.014442,0.00947018,4.6e-05 2e-06 0.500038
0.602,0.603549,0,0.00471779,0.0150778,0.00989778,4.7e-05 2e-06 0.500039
0.603,0.604547,0,0.00494747,0.0157419,0.0103447,4.8e-05 2e-06 0.500039
0.604,0.605538,0,0.00518792,0.0164358,0.0108118,4.9e-05 2e-06 0.50004
0.605,0.606532,0,0.00543963,0.0171606,0.0113001,5e-05 2e-06 0.500041
0.606,0.607535,0,0.00570312,0.0179177,0.0118104,5.2e-05 2e-06 0.500042
0.607,0.608521,0,0.00597892,0.0187087,0.0123438,5.3e-05 2e-06 0.500043
0.608,0.609561,0,0.00626761,0.0195351,0.0129013,5.4e-05 2e-06 0.500043
0.609,0.610604,0,0.00656977,0.0203984,0.0134841,5.6e-05 2e-06 0.500044
0.61,0.611641,0,0.00688603,0.0213003,0.0140932,5.7e-05 2e-06 0.500045
0.611,0.612682,0,0.00721703,0.0222425,0.0147298,5.8e-05 3e-06 0.500046
0.612,0.613725,0,0.00756344,0.023227,0.0153952,6e-05 3e-06 0.500047
0.613,0.614714,0,0.00792598,0.0242554,0.0160907,6.1e-05 3e-06 0.500048
0.614,0.615708,0,0.00830538,0.02533,0.0168177,6.3e-05 3e-06 0.500049
0.615,0.616702,0,0.00870241,0.0264527,0.0175775,6.4e-05 3e-06 0.50005
0.616,0.617696,0,0.00911789,0.0276256,0.0183718,6.6e-05 3e-06 0.500051
0.617,0.61869,0,0.00955265,0.0288512,0.0192019,6.8e-05 3e-06 0.500052
0.618,0.619645,0,0.0100076,0.0301317,0.0200696,6.9e-05 3e-06 0.500053
0.619,0.620597,0,0.0104836,0.0314696,0.0209766,7.1e-05 3e-06 0.500054
0.62,0.621633,0,0.0109817,0.0328676,0.0219247,7.3e-05 3e-06 0.500055
0.621,0.622675,0,0.0115029,0.0343283,0.0229156,7.4e-05 3e-06 0.500056
0.622,0.623716,0,0.0120482,0.0358546,0.0239514,7.6e-05 3e-06 0.500057
0.623,0.624757,0,0.0126187,0.0374494,0.0250341,7.8e-05 3e-06 0.500058
0.624,0.625796,0,0.0132156,0.0391159,0.0261658,8e-05 3e-06 0.50006
0.625,0.626748,0,0.0138401,0.0408573,0.0273487,8.2e-05 3e-06 0.500061
0.626,0.627787,0,0.0144935,0.042677,0.0285852,8.4e-05 4e-06 0.500062
0.627,0.628825,0,0.015177,0.0445785,0.0298778,8.6e-05 4e-06 0.500063
0.628,0.629862,0,0.0158922,0.0465655,0.0312288,8.8e-05 4e-06 0.500065
0.629,0.630906,0,0.0166403,0.0486419,0.0326411,9e-05 4e-06 0.500066
0.63,0.631942,0,0.0174229,0.0508118,0.0341174,9.2e-05 4e-06 0.500067
0.631,0.632979,0,0.0182416,0.0530795,0.0356605,9.4e-05 4e-06 0.500069
0.632,0.634016,0,0.0190981,0.0554492,0.0372737,9.7e-05 4e-06 0.50007
0.633,0.635045,0,0.019994,0.0579258,0.0389599,9.9e-05 4e-06 0.500072
0.634,0.636076,0,0.0209313,0.060514,0.0407226,0.000101 4e-06 0.500073
0.635,0.637113,0,0.0219117,0.0632189,0.0425653,0.000104 4e-06 0.500075
0.636,0.638148,0,0.0229372,0.0660458,0.0444915,0.000106 4e-06 0.500076
0.637,0.639184,0,0.0240099,0.0690002,0.0465051,0.000109 5e-06 0.500078
0.638,0.640181,0,0.0251321,0.072088,0.0486101,0.000111 5e-06 0.500079
0.639,0.641218,0,0.0263058,0.0753153,0.0508106,0.000114 5e-06 0.500081
0.64,0.642198,0,0.0275336,0.0786884,0.053111,0.000117 5e-06 0.500083
0.641,0.643236,0,0.0288178,0.0822138,0.0555158,0.000119 5e-06 0.500084
0.642,0.644267,0,0.030161,0.0858987,0.0580298,0.000122 5e-06 0.500086
0.643,0.645303,0,0.031566,0.0897502,0.0606581,0.000125 5e-06 0.500088
0.644,0.646341,0,0.0330356,0.0937759,0.0634057,0.000128 5e-06 0.50009
0.645,0.647377,0,0.0345727,0.0979838,0.0662783,0.000131 5e-06 0.500092
0.646,0.64841,0,0.0361805,0.102382,0.0692814,0.000134 6e-06 0.500094
0.647,0.649443,0,0.0378621,0.10698,0.072421,0.000137 6e-06 0.500096
0.648,0.650472,0,0.039621,0.111786,0.0757035,0.00014 6e-06 0.500098
0.649,0.651442,0,0.0414607,0.11681,0.0791352,0.000144 6e-06 0.5001
0.65,0.652459,0,0.0433848,0.122061,0.0827231,0.000147 6e-06 0.500102
0.651,0.653444,0,0.0453974,0.127551,0.0864744,0.00015 6e-06 0.500104
0.652,0.654429,0,0.0475023,0.133291,0.0903964,0.000154 6e-06 0.500106
0.653,0.655416,0,0.0497039,0.13929,0.0944971,0.000157 7e-06 0.500109
0.654,0.656405,0,0.0520066,0.145562,0.0987845,0.000161 7e-06 0.500111
0.655,0.657432,0,0.054415,0.15212,0.103267,0.000165 7e-06 0.500113
0.656,0.658455,0,0.056934,0.158975,0.107955,0.000169 7e-06 0.500116
0.657,0.659472,0,0.0595687,0.166143,0.112856,0.000173 7e-06 0.500118
0.658,0.660488,0,0.0623243,0.173636,0.11798,0.000177 7e-06 0.500121
0.659,0.661436,0,0.0652064,0.181471,0.123339,0.000181 8e-06 0.500124
0.66,0.662457,0,0.0682209,0.189662,0.128942,0.000185 8e-06 0.500126
0.661,0.663478,0,0.0713738,0.198227,0.1348,0.000189 8e-06 0.500129
0.662,0.664499,0,0.0746714,0.207182,0.140927,0.000193 8e-06 0.500132
0.663,0.66552,0,0.0781205,0.216546,0.147333,0.000198 8e-06 0.500135
0.664,0.666546,0,0.081728,0.226338,0.154033,0.000202 8e-06 0.500138
0.665,0.667572,0,0.0855011,0.236576,0.161039,0.000207 9e-06 0.500141
0.666,0.668596,0,0.0894476,0.247282,0.168365,0.000212 9e-06 0.500144
0.667,0.669612,0,0.0935753,0.258478,0.176027,0.000217 9e-06 0.500147
0.668,0.670628,0,0.0978927,0.270186,0.184039,0.000222 9e-06 0.50015
0.669,0.67165,0,0.102409,0.282429,0.192419,0.000227 1e-05 0.500153
0.67,0.672594,0,0.107132,0.295234,0.201183,0.000232 1e-05 0.500157
0.671,0.673634,0,0.112072,0.308625,0.210348,0.000237 1e-05 0.50016
0.672,0.67463,0,0.11724,0.322629,0.219935,0.000243 1e-05 0.500164
0.673,0.675614,0,0.122645,0.337277,0.229961,0.000248 1e-05 0.500167
0.674,0.676601,0,0.128298,0.352596,0.240447,0.000254 1.1e-05 0.500171
0.675,0.67759,0,0.134212,0.368619,0.251416,0.00026 1.1e-05 0.500175
0.676,0.678535,0,0.140398,0.385379,0.262888,0.000266 1.1e-05 0.500178
0.677,0.679522,0,0.146868,0.402909,0.274889,0.000272 1.2e-05 0.500182
0.678,0.68051,0,0.153637,0.421245,0.287441,0.000278 1.2e-05 0.500186
0.679,0.681494,0,0.160717,0.440427,0.300572,0.000285 1.2e-05 0.500191
0.68,0.682436,0,0.168123,0.460491,0.314307,0.000291 1.2e-05 0.500195
0.681,0.683427,0,0.17587,0.481482,0.328676,0.000298 1.3e-05 0.500199
0.682,0.684374,0,0.183974,0.50344,0.343707,0.000305 1.3e-05 0.500204
0.683,0.685375,0,0.192451,0.526413,0.359432,0.000311 1.3e-05 0.500208
0.684,0.686324,0,0.20132,0.550447,0.375883,0.000319 1.4e-05 0.500213
0.685,0.687273,0,0.210598,0.575592,0.393095,0.000326 1.4e-05 0.500217
0.686,0.68826,0,0.220303,0.601901,0.411102,0.000333 1.4e-05 0.500222
0.687,0.689251,0,0.230457,0.629429,0.429943,0.000341 1.5e-05 0.500227
0.688,0.690199,0,0.241079,0.658232,0.449656,0.000349 1.5e-05 0.500232
0.689,0.691214,0,0.252193,0.688371,0.470282,0.000357 1.5e-05 0.500238
0.69,0.692206,0,0.263819,0.71991,0.491865,0.000365 1.6e-05 0.500243
0.691,0.693198,0,0.275984,0.752914,0.514449,0.000373 1.6e-05 0.500248
0.692,0.694189,0,0.28871,0.787452,0.538081,0.000382 1.7e-05 0.500254
0.693,0.695183,0,0.302026,0.823598,0.562812,0.00039 1.7e-05 0.50026
0.694,0.696171,0,0.315958,0.861428,0.588693,0.000399 1.7e-05 0.500266
0.695,0.697194,0,0.330536,0.901021,0.615779,0.000408 1.8e-05 0.500272
0.696,0.698131,0,0.345789,0.942463,0.644126,0.000418 1.8e-05 0.500278
0.697,0.699129,0,0.361749,0.985839,0.673794,0.000427 1.9e-05 0.500284
0.698,0.70012,0,0.37845,1.03124,0.704847,0.000437 1.9e-05 0.50029
0.699,0.701122,0,0.395925,1.07877,0.73735,0.000447 2e-05 0.500297
0.7,0.702113,0,0.414212,1.12853,0.771371,0.000457 2e-05 0.500304
0.701,0.703104,0,0.433349,1.18062,0.806984,0.000467 2.1e-05 0.500311
0.702,0.704093,0,0.453375,1.23515,0.844265,0.000478 2.1e-05 0.500318
0.703,0.705086,0,0.474334,1.29225,0.883292,0.000489 2.2e-05 0.500325
0.704,0.70608,0,0.496267,1.35203,0.92415,0.0005 2.2e-05 0.500332
0.705,0.70703,0,0.519223,1.41463,0.966927,0.000511 2.3e-05 0.50034
0.706,0.708027,0,0.543248,1.48018,1.01171,0.000523 2.3e-05 0.500348
0.707,0.709022,0,0.568393,1.54882,1.05861,0.000535 2.4e-05 0.500356
0.708,0.710018,0,0.594713,1.62071,1.10771,0.000547 2.5e-05 0.500364
0.709,0.711012,0,0.622261,1.69599,1.15913,0.000559 2.5e-05 0.500372
0.71,0.712009,0,0.651098,1.77484,1.21297,0.000572 2.6e-05 0.500381
0.711,0.713004,0,0.681283,1.85743,1.26936,0.000585 2.7e-05 0.50039
0.712,0.714,0,0.712881,1.94395,1.32841,0.000599 2.7e-05 0.500399
0.713,0.714993,0,0.745959,2.03457,1.39026,0.000612 2.8e-05 0.500408
0.714,0.715988,0,0.780588,2.12951,1.45505,0.000626 2.9e-05 0.500417
0.715,0.71694,0,0.816842,2.22897,1.5229,0.00064 2.9e-05 0.500427
0.716,0.717978,0,0.854799,2.33317,1.59399,0.000655 3e-05 0.500437
0.717,0.718973,0,0.894539,2.44236,1.66845,0.00067 3.1e-05 0.500447
0.718,0.719929,0,0.936149,2.55677,1.74646,0.000685 3.2e-05 0.500458
0.719,0.720927,0,0.979719,2.67667,1.82819,0.000701 3.3e-05 0.500468
0.72,0.721939,0,1.02534,2.80232,1.91383,0.000717 3.4e-05 0.500479
0.721,0.722896,0,1.07312,2.934,2.00356,0.000733 3.5e-05 0.500491
0.722,0.723908,0,1.12315,3.07203,2.09759,0.00075 3.5e-05 0.500502
0.723,0.724918,0,1.17554,3.21671,2.19613,0.000767 3.6e-05 0.500514
0.724,0.72593,0,1.23042,3.36837,2.29939,0.000784 3.7e-05 0.500526
0.725,0.726927,0,1.28789,3.52737,2.40763,0.000802 3.8e-05 0.500538
0.726,0.727921,0,1.34809,3.69406,2.52108,0.00082 3.9e-05 0.500551
0.727,0.728963,0,1.41115,3.86885,2.64,0.000839 4.1e-05 0.500564
0.728,0.730001,0,1.4772,4.05212,2.76466,0.000858 4.2e-05 0.500578
0.729,0.731009,0,1.5464,4.24432,2.89536,0.000878 4.3e-05 0.500591
0.73,0.732049,0,1.61889,4.44589,3.03239,0.000898 4.4e-05 0.500605
0.731,0.733089,0,1.69483,4.6573,3.17607,0.000918 4.5e-05 0.50062
0.732,0.734129,0,1.7744,4.87905,3.32673,0.000939 4.7e-05 0.500635
0.733,0.735163,0,1.85778,5.11168,3.48473,0.00096 4.8e-05 0.50065
0.734,0.736198,0,1.94514,5.35573,3.65044,0.000982 4.9e-05 0.500665
0.735,0.737288,0,2.0367,5.61179,3.82424,0.001005 5.1e-05 0.500682
0.736,0.738348,0,2.11,5.87508,3.99254,0.001028 5.2e-05 0.500698
0.737,0.739384,0,2.19673,6.2075,4.20212,0.001026 6.2e-05 0.500703
0.738,0.740423,0,2.25959,6.48932,4.37445,0.001024 6.9e-05 0.500711
0.739,0.741372,0,2.32462,6.78527,4.55494,0.001023 7.6e-05 0.500719
0.74,0.742324,0,2.38962,7.09116,4.74039,0.001022 8.2e-05 0.500728
0.741,0.743342,0,2.4563,7.40866,4.93248,0.001023 8.8e-05 0.500737
0.742,0.744294,0,2.52442,7.73746,5.13094,0.001024 9.3e-05 0.500747
0.743,0.745315,0,2.59448,8.07811,5.33629,0.001026 9.8e-05 0.500758
0.744,0.746268,0,2.66651,8.43087,5.54869,0.001029 0.000103 0.50077
0.745,0.74726,0,2.74071,8.79623,5.76847,0.001032 0.000108 0.500782
0.746,0.748247,0,2.81712,9.17464,5.99588,0.001036 0.000112 0.500795
0.747,0.749221,0,2.89581,9.56667,6.23124,0.00104 0.000116 0.500808
0.748,0.75017,0,2.97681,9.9729,6.47486,0.001045 0.000121 0.500822
0.749,0.751124,0,3.06015,10.394,6.72706,0.001051 0.000125 0.500837
0.75,0.752116,0,3.14583,10.8305,6.98817,0.001057 0.000129 0.500853
0.751,0.753069,0,3.23385,11.2833,7.25855,0.001063 0.000133 0.50087
0.752,0.754114,0,3.3242,11.7529,7.53855,0.00107 0.000137 0.500887
0.753,0.75507,0,3.41688,12.2402,7.82853,0.001078 0.000141 0.500905
0.754,0.756022,0,3.51185,12.7459,8.12886,0.001086 0.000145 0.500924
0.755,0.756971,0,3.60911,13.2707,8.43993,0.001095 0.00015 0.500944
0.756,0.757923,0,3.70863,13.8156,8.7621,0.001105 0.000154 0.500964
0.757,0.758901,0,3.81037,14.3812,9.09577,0.001115 0.000158 0.500986
0.758,0.759901,0,3.9143,14.9683,9.44132,0.001126 0.000162 0.501008
0.759,0.760898,0,4.0204,15.5779,9.79914,0.001137 0.000167 0.501031
0.76,0.761894,0,4.12863,16.2106,10.1696,0.001149 0.000171 0.501056
0.761,0.762886,0,4.23893,16.8673,10.5531,0.001161 0.000175 0.501081
0.762,0.763886,0,4.35128,17.5489,10.9501,0.001175 0.00018 0.501107
0.763,0.764883,0,4.46562,18.2562,11.3609,0.001189 0.000184 0.501134
0.764,0.765879,0,4.5819,18.99,11.786,0.001203 0.000189 0.501161
0.765,0.766877,0,4.70008,19.7511,12.2256,0.001218 0.000194 0.50119
0.766,0.76787,0,4.82011,20.5404,12.6803,0.001234 0.000198 0.50122
0.767,0.768867,0,4.94192,21.3588,13.1503,0.00125 0.000203 0.501251
0.768,0.769821,0,5.06544,22.2069,13.6362,0.001267 0.000208 0.501282
0.769,0.770815,0,5.19052,23.0856,14.1381,0.001285 0.000213 0.501315
0.77,0.771814,0,5.31669,23.9957,14.6562,0.001303 0.000218 0.501348
0.771,0.772809,0,5.44872,24.9344,15.1915,0.001322 0.000223 0.501383
0.772,0.773804,0,5.58322,25.9189,15.7511,0.001342 0.000228 0.501417
0.773,0.774799,0,5.71445,26.9269,16.3207,0.001363 0.000233 0.501453
0.774,0.775813,0,5.85119,27.9813,16.9162,0.001385 0.000239 0.501491
0.775,0.776815,0,5.98909,29.0698,17.5294,0.001407 0.000244 0.501529
0.776,0.777806,0,6.12938,30.1976,18.1635,0.00143 0.000249 0.501568
0.777,0.7788,0,6.28128,31.3586,18.8199,0.001453 0.000255 0.501609
0.778,0.779795,0,6.43271,32.5911,19.5119,0.001479 0.000261 0.501647
0.779,0.78075,0,6.56627,33.825,20.1956,0.001506 0.000266 0.50169
0.78,0.78376,0,6.74656,35.0983,20.9224,0.001532 0.000272 0.501735
0.781,0.784737,0,6.94654,36.5392,21.7429,0.001557 0.000279 0.501772
0.782,0.785715,0,7.124,37.8281,22.4761,0.001585 0.000284 0.501816
0.783,0.786682,0,7.35622,39.4244,23.3903,0.00161 0.000292 0.501853
0.784,0.787658,0,7.51206,40.8094,24.1608,0.001639 0.000297 0.501898
0.785,0.788636,0,7.70836,42.4465,25.0774,0.00167 0.000304 0.501942
0.786,0.789614,0,7.85923,43.9879,25.9235,0.001702 0.00031 0.501992
0.787,0.790582,0,8.17332,45.5414,26.8573,0.001737 0.000317 0.502041
0.788,0.791561,0,8.55354,47.6769,28.1152,0.001764 0.000326 0.502066
0.789,0.792542,0,8.65789,49.2468,28.9524,0.001795 0.000332 0.502115
0.79,0.793518,0,8.86175,51.0694,29.9656,0.001833 0.000339 0.502169
0.791,0.7945,0,9.06782,53.0691,31.0685,0.001869 0.000346 0.50222
0.792,0.795482,0,9.22228,54.9732,32.0977,0.001907 0.000353 0.502278
0.793,0.796462,0,20.9063,69.1706,45.0384,0.001949 0.00036 0.502335
0.794,0.797402,0,30.8419,69.4212,50.1315,0.001973 0.000242 0.502454
0.795,0.798429,0,30.316,72.2913,51.3036,0.001981 0.000295 0.502523
0.796,0.799411,0,29.7599,74.6386,52.1993,0.002011 0.000336 0.502572
0.797,0.800401,0,29.4084,77.2449,53.3266,0.002048 0.00037 0.502616
0.798,0.801511,0,29.2515,80.1216,54.6866,0.002094 0.0004 0.502654
0.799,0.802498,0,29.2448,83.2363,56.2406,0.002146 0.000426 0.502689
0.8,0.803482,0,29.3616,86.5766,57.9691,0.002205 0.00045 0.502721
0.801,0.804531,0,29.5795,90.1323,59.8559,0.002269 0.000471 0.502751
0.802,0.80551,0,29.8815,93.898,61.8898,0.002337 0.000491 0.502781
0.803,0.806448,0,30.2547,97.8713,64.063,0.00241 0.000509 0.50281
0.804,0.807427,0,30.689,102.053,66.3708,0.002486 0.000527 0.50284
0.805,0.808406,0,31.1769,106.444,68.8104,0.002567 0.000544 0.50287
0.806,0.80939,0,31.7126,111.049,71.3809,0.00265 0.000562 0.502901
0.807,0.810373,0,32.2919,115.874,74.0829,0.002738 0.000579 0.502933
0.808,0.81136,0,32.9119,120.924,76.918,0.002828 0.000595 0.502966
0.809,0.812341,0,33.5705,126.207,79.8888,0.002921 0.000613 0.503001
0.81,0.813325,0,34.2665,131.731,82.999,0.003017 0.00063 0.503037
0.811,0.814312,0,34.9994,137.506,86.2526,0.003116 0.000647 0.503075
0.812,0.815286,0,35.769,143.54,89.6546,0.003218 0.000665 0.503115
0.813,0.816274,0,36.5758,149.845,93.2105,0.003322 0.000683 0.503156
0.814,0.817261,0,37.4205,156.432,96.9263,0.003429 0.000702 0.5032
0.815,0.818252,0,38.3042,163.313,100.808,0.003539 0.000721 0.503246
0.816,0.819236,0,39.2284,170.5,104.864,0.003651 0.000741 0.503294
0.817,0.82018,0,40.1945,178.007,109.101,0.003766 0.000761 0.503344
0.818,0.821169,0,41.2044,185.848,113.526,0.003884 0.000781 0.503397
0.819,0.822113,0,42.26,194.038,118.149,0.004004 0.000802 0.503452
0.82,0.823117,0,43.3636,202.593,122.978,0.004127 0.000824 0.503509
0.821,0.824061,0,44.5174,211.529,128.023,0.004252 0.000847 0.503569
0.822,0.825089,0,45.7239,220.864,133.294,0.00438 0.00087 0.503631
0.823,0.826075,0,46.9859,230.617,138.801,0.004511 0.000894 0.503696
0.824,0.827063,0,48.3061,240.806,144.556,0.004644 0.000918 0.503763
0.825,0.828048,0,49.6876,251.451,150.569,0.00478 0.000944 0.503834
0.826,0.829015,0,51.1337,262.575,156.854,0.004919 0.00097 0.503907
0.827,0.830005,0,52.648,274.198,163.423,0.005061 0.000997 0.503983
0.828,0.830998,0,54.2345,286.343,170.289,0.005206 0.001024 0.504063
0.829,0.831979,0,55.8982,299.036,177.467,0.005353 0.001053 0.504145
0.83,0.832944,0,57.6488,312.296,184.972,0.005503 0.001083 0.504232
0.831,0.833989,0,59.441,326.207,192.824,0.005656 0.001113 0.504322
0.832,0.835085,0,61.344,340.562,200.953,0.005815 0.001145 0.504415
0.833,0.836009,0,63.4816,355.362,209.422,0.005973 0.001178 0.504509
0.834,0.836997,0,65.7688,370.755,218.262,0.006131 0.001212 0.504559
0.835,0.837943,0,69.0265,388.095,228.561,0.00628 0.001252 0.50461
0.836,0.838897,0,72.589,406.951,239.77,0.006417 0.001295 0.504657
0.837,0.839846,0,76.1306,426.03,251.08,0.006562 0.001338 0.50471
0.838,0.84079,0,80.0031,446.57,263.287,0.00671 0.001384 0.504769
0.839,0.841785,0,83.9658,467.769,275.867,0.006864 0.00143 0.504834
0.84,0.842775,0,88.2094,490.308,289.259,0.007023 0.00148 0.504904
0.841,0.84372,0,92.5994,513.756,303.177,0.007188 0.00153 0.504981
0.842,0.844667,0,97.2509,538.53,317.89,0.007358 0.001583 0.505063
0.843,0.845667,0,102.087,564.401,333.244,0.007533 0.001637 0.505153
0.844,0.846659,0,107.038,591.631,349.334,0.007714 0.001694 0.505248
0.845,0.847649,0,111.827,619.869,365.848,0.007902 0.001738 0.505352
0.846,0.848641,0,116.572,649.078,382.825,0.008095 0.001758 0.505466
0.847,0.849635,0,121.352,679.41,400.381,0.008295 0.001768 0.505591
0.848,0.850583,0,179.615,668.988,424.302,0.0085 0.001775 0.505725
0.849,0.851594,0,110.975,596.187,353.581,0.004632 0.00172 0.507928
0.85,0.852585,0,478.452,858.907,668.679,0.004747 0.000929 0.508103
0.851,0.853536,0,436.104,1148.61,792.357,0.010892 0.00052 0.499341
0.852,0.854491,0,390.056,1174.18,782.117,0.011002 0.000508 0.499522
0.853,0.855442,0,446.873,1290.88,868.876,0.011165 0.000546 0.499723
0.854,0.856484,0,617.122,1558.59,1087.85,0.011374 0.000529 0.499835
0.855,0.857471,0,988.058,1799.18,1393.62,0.011743 0.00296 0.499899
0.856,0.858468,0,931.438,1946.72,1439.08,0.011988 0.000786 0.500031
0.857,0.859464,0,962.799,2015.76,1489.28,0.01227 0.001715 0.500141
0.858,0.860455,0,994.185,2092.09,1543.14,0.012619 0.002752 0.500276
0.859,0.861445,0,1027.37,2175.68,1601.53,0.012991 0.003617 0.500412
0.86,0.86244,0,1063.57,2263.44,1663.5,0.013386 0.004348 0.500546
0.861,0.863433,0,1026.38,2415.19,1720.79,0.013741 0.002557 0.500698
0.862,0.864386,0,1077.46,2496.13,1786.8,0.014094 0.003326 0.500835
0.863,0.865336,0,1126.9,2583.89,1855.4,0.014477 0.004226 0.500978
0.864,0.866286,0,1176.11,2677.83,1926.97,0.014873 0.00499 0.501116
0.865,0.867253,0,1143.54,2846.24,1994.89,0.015283 0.003236 0.501248
0.866,0.86821,0,1204.05,2915.72,2059.88,0.015684 0.004013 0.501361
0.867,0.869206,0,1260.72,3004.57,2132.65,0.016108 0.005058 0.501469
0.868,0.870161,0,1315.44,3099.79,2207.62,0.016541 0.00581 0.501574
0.869,0.87113,0,1262.02,3289.3,2275.66,0.016982 0.003834 0.501667
0.87,0.872085,0,1462.21,3183.16,2322.68,0.017423 0.006824 0.501713
0.871,0.873063,0,1329.38,3398.74,2364.06,0.017435 0.004601 0.501474
0.872,0.874023,0,1381.26,3371.65,2376.46,0.018197 0.004551 0.501745
0.873,0.874979,0,1394.05,3429.57,2411.81,0.018371 0.005848 0.501434
0.874,0.875934,0,1327.78,3612.08,2469.93,0.01886 0.003755 0.501426
0.875,0.87694,0,1534.41,3487.47,2510.94,0.019341 0.006722 0.501372
0.876,0.877984,0,1391.98,3701.92,2546.95,0.019428 0.004581 0.501064
0.877,0.878985,0,1346.62,3737.35,2541.98,0.020158 0.004577 0.501248
0.878,0.879996,0,1382.91,3686.45,2534.68,0.020784 0.004131 0.501042
0.879,0.882693,0,1308.93,3853.59,2581.26,0.021023 0.002966 0.500694
0.88,0.883675,0,1533.25,3718.73,2625.99,0.021493 0.006561 0.500589
0.881,0.884659,0,1386.45,3945.01,2665.73,0.021579 0.004273 0.500276
0.882,0.885599,0,1340.52,3987.47,2663.99,0.022312 0.004393 0.500374
0.883,0.886549,0,1514.78,3815.73,2665.25,0.022988 0.006618 0.500108
0.884,0.887495,0,1351.93,4052.56,2702.25,0.02308 0.004037 0.499772
0.885,0.88844,0,1305.29,4104,2704.65,0.023821 0.004266 0.499834
0.886,0.889426,0,1367.14,4023.35,2695.24,0.024502 0.006548 0.499531
0.887,0.890369,0,1222.04,4223.59,2722.82,0.025225 0.00225 0.49923
0.888,0.891356,0,1308,4157.05,2732.52,0.026024 0.005526 0.499172
0.889,0.892339,0,1165.22,4296.39,2730.81,0.026669 0.001712 0.498861
0.89,0.893321,0,1351.61,4133.58,2742.59,0.027396 0.005124 0.498523
0.891,0.894309,0,1195.32,4367.53,2781.42,0.027511 0.002863 0.498129
0.892,0.89526,0,1149.29,4434.3,2791.8,0.028283 0.003329 0.498088
0.893,0.896293,0,1221.87,4358.99,2790.43,0.029028 0.005959 0.497714
0.894,0.897323,0,1072.38,4530.52,2801.45,0.029785 0.001731 0.497347
0.895,0.898267,0,1162.83,4467.15,2814.99,0.030534 0.005328 0.496971
0.896,0.899297,0,1021.23,4637.85,2829.54,0.03129 0.001328 0.496584
0.897,0.900281,0,1114.85,4574.52,2844.69,0.03205 0.005035 0.496187
0.898,0.901253,0,975.963,4748.65,2862.31,0.032812 0.001119 0.495786
0.899,0.902198,0,1071.74,4688.71,2880.22,0.03358 0.004896 0.495377
0.9,0.903233,0,934.166,4867.85,2901.01,0.034349 0.001009 0.494964
0.901,0.904267,0,1032.19,4812.15,2922.17,0.035125 0.00484 0.494546
0.902,0.905295,0,895.47,4997.1,2946.29,0.035902 0.000958 0.494125
0.903,0.90624,0,995.976,4945.91,2970.94,0.036686 0.004835 0.4937
0.904,0.907244,0,859.885,5137.22,2998.55,0.037472 0.000945 0.493274
0.905,0.908261,0,963.12,5090.7,3026.91,0.038265 0.004864 0.492843
0.906,0.909293,0,827.484,5288.82,3058.15,0.03906 0.00096 0.492412
0.907,0.910341,0,933.688,5247.12,3090.4,0.039862 0.004917 0.491977
0.908,0.911367,0,798.352,5452.51,3125.43,0.040666 0.000993 0.491542
0.909,0.91239,0,907.775,5415.75,3161.76,0.041478 0.004987 0.491103
0.91,0.913421,0,772.584,5628.88,3200.73,0.042292 0.001041 0.490665
0.911,0.914457,0,885.493,5597.21,3241.35,0.043113 0.00507 0.490223
0.912,0.915478,0,750.287,5818.59,3284.44,0.043938 0.001101 0.489781
0.913,0.916534,0,866.971,5792.14,3329.56,0.044769 0.005164 0.489337
0.914,0.917561,0,731.581,6022.29,3376.94,0.045604 0.00117 0.488892
0.915,0.918588,0,852.353,6001.21,3426.78,0.046445 0.005268 0.488444
0.916,0.919613,0,716.598,6240.7,3478.65,0.047291 0.001249 0.487996
0.917,0.920645,0,841.8,6225.13,3533.47,0.048142 0.005381 0.487545
0.918,0.921624,0,705.487,6474.57,3590.03,0.048999 0.001336 0.487094
0.919,0.92265,0,835.484,6464.65,3650.07,0.04986 0.005503 0.486641
0.92,0.92368,0,698.406,6724.66,3711.53,0.050729 0.001432 0.486186
0.921,0.9247,0,833.595,6720.54,3777.07,0.0516 0.005635 0.485729
0.922,0.925724,0,695.531,6991.8,3843.67,0.05248 0.001537 0.485271
0.923,0.926748,0,836.339,6993.62,3914.98,0.053362 0.005775 0.484811
0.924,0.927718,0,697.054,7276.83,3986.94,0.054253 0.001651 0.484349
0.925,0.928782,0,843.936,7284.72,4064.33,0.055145 0.005926 0.483886
0.926,0.929805,0,703.181,7580.62,4141.9,0.056047 0.001776 0.48342
0.927,0.930829,0,856.627,7594.69,4225.66,0.056949 0.006087 0.482953
0.928,0.931808,0,714.14,7904.04,4309.09,0.057862 0.001912 0.482483
0.929,0.932818,0,874.667,7924.39,4399.53,0.058774 0.006258 0.482012
0.93,0.93386,0,730.177,8247.96,4489.07,0.059698 0.002061 0.481537
0.931,0.934889,0,898.333,8274.65,4586.49,0.060619 0.006442 0.481062
0.932,0.935916,0,751.558,8613.22,4682.39,0.061552 0.002223 0.480582
0.933,0.936906,0,927.915,8646.26,4787.09,0.062482 0.006638 0.480103
0.934,0.93794,0,778.573,9000.58,4889.57,0.063425 0.0024 0.479618
0.935,0.938957,0,963.723,9039.93,5001.83,0.064361 0.006847 0.479134
0.936,0.940009,0,811.531,9410.7,5111.11,0.065312 0.002593 0.478643
0.937,0.941032,0,1006.07,9456.23,5231.15,0.066255 0.007069 0.478153
0.938,0.942056,0,850.759,9844.08,5347.42,0.067212 0.002804 0.477655
0.939,0.943036,0,1055.29,9895.55,5475.42,0.068159 0.007306 0.47716
0.94,0.943973,0,896.6,10301,5598.79,0.069121 0.003035 0.476655
0.941,0.944961,0,1111.68,10358,5734.84,0.07007 0.007557 0.476152
0.942,0.94594,0,949.405,10781.3,5865.36,0.071035 0.003286 0.475638
0.943,0.946879,0,1175.55,10843.3,6009.43,0.071982 0.007824 0.475127
0.944,0.947861,0,1009.53,11284.5,6147.04,0.072945 0.003559 0.474601
0.945,0.948842,0,1247.18,11350.7,6298.96,0.073887 0.008104 0.474077
0.946,0.949822,0,1077.6,11810.1,6443.85,0.074843 0.003855 0.473533
0.947,0.950801,0,1111.83,12123,6617.43,0.075768 0.005128 0.47296
0.948,0.951835,0,1384.4,12206.2,6795.29,0.076823 0.009522 0.47231
0.949,0.95282,0,1180.63,12729.5,6955.07,0.077782 0.004444 0.47173
0.95,0.953758,0,1471.57,12792.7,7132.12,0.078696 0.009202 0.471183
0.951,0.954745,0,1283.62,13307.1,7295.35,0.079643 0.004749 0.470624
0.952,0.955684,0,1339,13615.1,7477.02,0.080561 0.006101 0.470093
0.953,0.956677,0,1402.84,13939,7670.91,0.081601 0.007265 0.469495
0.954,0.957618,0,1289.56,14452.6,7871.08,0.082638 0.004391 0.46886
0.955,0.958657,0,1724.58,14409.9,8067.21,0.083551 0.010445 0.468304
0.956,0.959598,0,1527.95,14969.7,8248.84,0.084436 0.005736 0.467769
0.957,0.960582,0,1613.34,15242.7,8428.01,0.085296 0.00718 0.467247
0.958,0.96178,0,1703.86,15528.5,8616.2,0.086253 0.008517 0.466666
0.959,0.962767,0,1583.64,16058.6,8821.13,0.087194 0.005676 0.466098
0.96,0.963751,0,2061.79,15934,8997.89,0.088012 0.011525 0.465607
0.961,0.964866,0,1862.63,16545.5,9204.06,0.088495 0.007041 0.465196
0.962,0.965848,0,1975.45,16747.5,9361.48,0.089249 0.008502 0.464752
0.963,0.966825,0,2087.82,16959,9523.39,0.090066 0.009931 0.464263
0.964,0.967951,0,1957.28,17470,9713.67,0.090852 0.007114 0.463785
0.965,0.96893,0,2108.17,17608.5,9858.33,0.091524 0.00873 0.463378
0.966,0.969866,0,2258.22,17754.7,10006.4,0.092231 0.01029 0.462951
0.967,0.970786,0,2170.36,18237.5,10204,0.092908 0.007618 0.462545
0.968,0.971765,0,2348.21,18316,10332.1,0.093534 0.00924 0.46213
0.969,0.972874,0,2536.69,18377.8,10457.2,0.094123 0.010836 0.461774
0.97,0.973813,0,2509.06,18815.9,10662.5,0.094679 0.008197 0.461438
0.971,0.974839,0,2756.82,18795.3,10776.1,0.0953 0.00973 0.461011
0.972,0.975866,0,3046.48,18705.8,10876.1,0.095762 0.011325 0.460728
0.973,0.976895,0,3426.57,18519.2,10972.9,0.096189 0.012629 0.460465
0.974,0.977924,0,3367.85,18942.6,11155.2,0.096588 0.009113 0.46022
0.975,0.978948,0,3562.01,18817.8,11189.9,0.096845 0.010218 0.459971
0.976,0.979975,0,3632.2,18827.3,11229.8,0.097163 0.011786 0.45977
0.977,0.980957,0,3635.04,18901.7,11268.4,0.097462 0.013057 0.459587
0.978,0.981935,0,3348.34,19480.1,11414.2,0.097738 0.009601 0.459418
0.979,0.982913,0,3381.31,19328.4,11354.9,0.097965 0.010258 0.459317
0.98,0.983896,0,3448.62,19283,11365.8,0.098342 0.012035 0.459191
0.981,0.984879,0,3200.39,19774.6,11487.5,0.098521 0.009396 0.459081
0.982,0.985818,0,3314.85,19511.8,11413.3,0.09829 0.010101 0.458994
0.983,0.986843,0,3439.29,19421.7,11430.5,0.098485 0.011902 0.458884
0.984,0.987826,0,3529.31,19309.9,11419.6,0.098666 0.013174 0.458796
0.985,0.988807,0,3308.25,19770.1,11539.2,0.098826 0.00975 0.458727
0.986,0.989788,0,3171.06,19586.6,11378.8,0.098303 0.010617 0.458683
0.987,0.990814,0,18710,67834.9,43272.4,0.099102 0.009606 0.45881
0.988,0.991837,0,110186,68074.8,89130.4,0.227008 -0.074166 0.43547
0.989,0.992862,0,193196,133305,163251,0.354914 -0.157938 0.412119
0.99,0.99389,0,199066,313841,256453,0.48282 -0.24171 0.388759
0.991,0.994914,0,273784,460097,366941,0.610726 -0.325483 0.365389
0.992,0.995944,0,517705,480201,498953,0.738633 -0.409255 0.342009
0.993,0.996924,0,730578,616609,673593,0.866539 -0.493027 0.318619
0.994,0.997829,0,761304,982982,872143,0.994445 -0.576799 0.29522
0.995,0.998813,0,894873,1.267e+06,1.08094e+06,1.12235 -0.660571 0.27181
0.996,0.999849,0,1.31651e+06,1.31037e+06,1.31344e+06,1.25026 -0.744343 0.248391
0.997,1.00083,0,1.67992e+06,1.48945e+06,1.58468e+06,1.37816 -0.828115 0.224962
0.998,1.00182,0,1.74396e+06,2.02102e+06,1.88249e+06,1.50607 -0.911887 0.201523
0.999,1.0028,0,1.90885e+06,2.47246e+06,2.19066e+06,1.63398 -0.99566 0.178075
1,1.00379,0,2.48435e+06,2.55543e+06,2.51989e+06,1.76188 -1.07943 0.154616
1.001,1.00477,0,3.02587e+06,2.74882e+06,2.88735e+06,1.88979 -1.1632 0.131148
1.002,1.0058,0,3.14371e+06,3.42421e+06,3.28396e+06,2.01769 -1.24698 0.10767
1.003,1.0068,0,3.31568e+06,4.06798e+06,3.69183e+06,2.1456 -1.33075 0.084183
1.004,1.0078,0,4.02158e+06,4.21506e+06,4.11832e+06,2.27351 -1.41452 0.060685
1.005,1.00877,0,4.76333e+06,4.40023e+06,4.58178e+06,2.40141 -1.49829 0.037178
1.006,1.00982,0,4.96276e+06,5.19055e+06,5.07665e+06,2.52932 -1.58207 0.013661
1.007,1.01084,0,5.12402e+06,6.04472e+06,5.58437e+06,2.65723 -1.66584 -0.009866
1.008,1.01187,0,5.93035e+06,6.28707e+06,6.10871e+06,2.78513 -1.74961 -0.033403
1.009,1.0129,0,6.88709e+06,6.44922e+06,6.66815e+06,2.91304 -1.83338 -0.05695
1.01,1.01392,0,7.20153e+06,7.31987e+06,7.2607e+06,3.04094 -1.91715 -0.080506
1.011,1.01495,0,7.34246e+06,8.39398e+06,7.86822e+06,3.16885 -2.00093 -0.104072
1.012,1.01597,0,8.2028e+06,8.76746e+06,8.48513e+06,3.29676 -2.0847 -0.127648
1.013,1.017,0,9.3676e+06,8.90099e+06,9.1343e+06,3.42466 -2.16847 -0.151234
1.014,1.01802,0,9.82256e+06,9.81384e+06,9.8182e+06,3.55257 -2.25224 -0.174829
1.015,1.01901,0,9.92957e+06,1.11077e+07,1.05186e+07,3.68048 -2.33601 -0.198435
