0.001,-0.00282959,0,0,0,0,1.1843 0.342 1.0116
0.002,0.0348742,0,nan,nan,nan,0 0 0
0.003,0.0547688,0,nan,nan,nan,0 0 0
0.004,0.0746275,0,nan,nan,nan,0 0 0
0.005,0.0945525,0,nan,nan,nan,0 0 0
0.006,0.114498,0,nan,nan,nan,0 0 0
0.007,0.134369,0,nan,nan,nan,0 0 0
0.008,0.154261,0,nan,nan,nan,0 0 0
0.009,0.174062,0,nan,nan,nan,0 0 0
0.01,0.193909,0,nan,nan,nan,0 0 0
0.011,0.213968,0,nan,nan,nan,0 0 0
0.012,0.233805,0,nan,nan,nan,0 0 0
0.013,0.253706,0,nan,nan,nan,0 0 0
0.014,0.273266,0,nan,nan,nan,0 0 0
0.015,0.29314,0,nan,nan,nan,0 0 0
0.016,0.313015,0,nan,nan,nan,0 0 0
0.017,0.332837,0,nan,nan,nan,0 0 0
0.018,0.352677,0,nan,nan,nan,0 0 0
0.019,0.372594,0,nan,nan,nan,0 0 0
0.02,0.392606,0,nan,nan,nan,0 0 0
0.021,0.41257,0,nan,nan,nan,0 0 0
0.022,0.432403,0,nan,nan,nan,0 0 0
0.023,0.452275,0,nan,nan,nan,0 0 0
0.024,0.472344,0,nan,nan,nan,0 0 0
0.025,0.492302,0,nan,nan,nan,0 0 0
0.026,0.512173,0,nan,nan,nan,0 0 0
0.027,0.531986,0,nan,nan,nan,0 0 0
0.028,0.551877,0,nan,nan,nan,0 0 0
0.029,0.571829,0,nan,nan,nan,0 0 0
0.03,0.591736,0,nan,nan,nan,0 0 0
0.031,0.611605,0,nan,nan,nan,0 0 0
0.032,0.631405,0,nan,nan,nan,0 0 0
0.033,0.651314,0,nan,nan,nan,0 0 0
0.034,0.671193,0,nan,nan,nan,0 0 0
0.035,0.691003,0,nan,nan,nan,0 0 0
0.036,0.710907,0,nan,nan,nan,0 0 0
0.037,0.730747,0,nan,nan,nan,0 0 0
0.038,0.750681,0,nan,nan,nan,0 0 0
0.039,0.770739,0,nan,nan,nan,0 0 0
0.04,0.790554,0,nan,nan,nan,0 0 0
0.041,0.810743,0,nan,nan,nan,0 0 0
0.042,0.830867,0,nan,nan,nan,0 0 0
0.043,0.850767,0,nan,nan,nan,0 0 0
0.044,0.870716,0,nan,nan,nan,0 0 0
0.045,0.890545,0,nan,nan,nan,0 0 0
0.046,0.910402,0,nan,nan,nan,0 0 0
0.047,0.930317,0,nan,nan,nan,0 0 0
0.048,0.950171,0,nan,nan,nan,0 0 0
0.049,0.97029,0,nan,nan,nan,0 0 0
0.05,0.990413,0,nan,nan,nan,0 0 0
0.051,1.01039,0,nan,nan,nan,0 0 0
0.052,1.03038,0,nan,nan,nan,0 0 0
0.053,1.05038,0,nan,nan,nan,0 0 0
0.054,1.0705,0,nan,nan,nan,0 0 0
0.055,1.09075,0,nan,nan,nan,0 0 0
0.056,1.11094,0,nan,nan,nan,0 0 0
0.057,1.13107,0,nan,nan,nan,0 0 0
0.058,1.15151,0,nan,nan,nan,0 0 0
0.059,1.17221,0,nan,nan,nan,0 0 0
0.06,1.1928,0,nan,nan,nan,0 0 0
0.061,1.21295,0,nan,nan,nan,0 0 0
0.062,1.23344,0,nan,nan,nan,0 0 0
0.063,1.25338,0,nan,nan,nan,0 0 0
0.064,1.27344,0,nan,nan,nan,0 0 0
0.065,1.29368,0,nan,nan,nan,0 0 0
0.066,1.31368,0,nan,nan,nan,0 0 0
0.067,1.33385,0,nan,nan,nan,0 0 0
0.068,1.35372,0,nan,nan,nan,0 0 0
0.069,1.37386,0,nan,nan,nan,0 0 0
0.07,1.3939,0,nan,nan,nan,0 0 0
0.071,1.41389,0,nan,nan,nan,0 0 0
0.072,1.43376,0,nan,nan,nan,0 0 0
0.073,1.4538,0,nan,nan,nan,0 0 0
0.074,1.47383,0,nan,nan,nan,0 0 0
0.075,1.49398,0,nan,nan,nan,0 0 0
0.076,1.51395,0,nan,nan,nan,0 0 0
0.077,1.53398,0,nan,nan,nan,0 0 0
0.078,1.55405,0,nan,nan,nan,0 0 0
0.079,1.57406,0,nan,nan,nan,0 0 0
0.08,1.59396,0,nan,nan,nan,0 0 0
0.081,1.61388,0,nan,nan,nan,0 0 0
0.082,1.63376,0,nan,nan,nan,0 0 0
0.083,1.65364,0,nan,nan,nan,0 0 0
0.084,1.67344,0,nan,nan,nan,0 0 0
0.085,1.69324,0,nan,nan,nan,0 0 0
0.086,1.71309,0,nan,nan,nan,0 0 0
0.087,1.73295,0,nan,nan,nan,0 0 0
0.088,1.7528,0,nan,nan,nan,0 0 0
0.089,1.77285,0,nan,nan,nan,0 0 0
0.09,1.79273,0,nan,nan,nan,0 0 0
0.091,1.81257,0,nan,nan,nan,0 0 0
0.092,1.83248,0,nan,nan,nan,0 0 0
0.093,1.85245,0,nan,nan,nan,0 0 0
0.094,1.87228,0,nan,nan,nan,0 0 0
0.095,1.89237,0,nan,nan,nan,0 0 0
0.096,1.91252,0,nan,nan,nan,0 0 0
0.097,1.93258,0,nan,nan,nan,0 0 0
0.098,1.95247,0,nan,nan,nan,0 0 0
0.099,1.97247,0,nan,nan,nan,0 0 0
0.1,1.9924,0,nan,nan,nan,0 0 0
0.101,2.01223,0,nan,nan,nan,0 0 0
0.102,2.03217,0,nan,nan,nan,0 0 0
0.103,2.05202,0,nan,nan,nan,0 0 0
0.104,2.07194,0,nan,nan,nan,0 0 0
0.105,2.09193,0,nan,nan,nan,0 0 0
0.106,2.11175,0,nan,nan,nan,0 0 0
0.107,2.1316,0,nan,nan,nan,0 0 0
0.108,2.15153,0,nan,nan,nan,0 0 0
0.109,2.17152,0,nan,nan,nan,0 0 0
0.11,2.19142,0,nan,nan,nan,0 0 0
0.111,2.21124,0,nan,nan,nan,0 0 0
0.112,2.23109,0,nan,nan,nan,0 0 0
0.113,2.25094,0,nan,nan,nan,0 0 0
0.114,2.27085,0,nan,nan,nan,0 0 0
0.115,2.29064,0,nan,nan,nan,0 0 0
0.116,2.31049,0,nan,nan,nan,0 0 0
0.117,2.33038,0,nan,nan,nan,0 0 0
0.118,2.35026,0,nan,nan,nan,0 0 0
0.119,2.37013,0,nan,nan,nan,0 0 0
0.12,2.38993,0,nan,nan,nan,0 0 0
0.121,2.40978,0,nan,nan,nan,0 0 0
0.122,2.42988,0,nan,nan,nan,0 0 0
0.123,2.44984,0,nan,nan,nan,0 0 0
0.124,2.46969,0,nan,nan,nan,0 0 0
0.125,2.48966,0,nan,nan,nan,0 0 0
0.126,2.50961,0,nan,nan,nan,0 0 0
0.127,2.52955,0,nan,nan,nan,0 0 0
0.128,2.54944,0,nan,nan,nan,0 0 0
0.129,2.56946,0,nan,nan,nan,0 0 0
0.13,2.58932,0,nan,nan,nan,0 0 0
0.131,2.60927,0,nan,nan,nan,0 0 0
0.132,2.62909,0,nan,nan,nan,0 0 0
0.133,2.64894,0,nan,nan,nan,0 0 0
0.134,2.66887,0,nan,nan,nan,0 0 0
0.135,2.68871,0,nan,nan,nan,0 0 0
0.136,2.70852,0,nan,nan,nan,0 0 0
0.137,2.72833,0,nan,nan,nan,0 0 0
0.138,2.74849,0,nan,nan,nan,0 0 0
0.139,2.76901,0,nan,nan,nan,0 0 0
0.14,2.79414,0,nan,nan,nan,0 0 0
0.141,2.81484,0,nan,nan,nan,0 0 0
0.142,2.83472,0,nan,nan,nan,0 0 0
0.143,2.85459,0,nan,nan,nan,0 0 0
0.144,2.87432,0,nan,nan,nan,0 0 0
0.145,2.89415,0,nan,nan,nan,0 0 0
0.146,2.91397,0,nan,nan,nan,0 0 0
0.147,2.93375,0,nan,nan,nan,0 0 0
0.148,2.95362,0,nan,nan,nan,0 0 0
0.149,2.97335,0,nan,nan,nan,0 0 0
0.15,2.99313,0,nan,nan,nan,0 0 0
0.151,3.01289,0,nan,nan,nan,0 0 0
0.152,3.03273,0,nan,nan,nan,0 0 0
0.153,3.0525,0,nan,nan,nan,0 0 0
0.154,3.0723,0,nan,nan,nan,0 0 0
0.155,3.0921,0,nan,nan,nan,0 0 0
0.156,3.11184,0,nan,nan,nan,0 0 0
0.157,3.13165,0,nan,nan,nan,0 0 0
0.158,3.15167,0,nan,nan,nan,0 0 0
0.159,3.17148,0,nan,nan,nan,0 0 0
0.16,3.19134,0,nan,nan,nan,0 0 0
0.161,3.2111,0,nan,nan,nan,0 0 0
0.162,3.2309,0,nan,nan,nan,0 0 0
0.163,3.25065,0,nan,nan,nan,0 0 0
0.164,3.27042,0,nan,nan,nan,0 0 0
0.165,3.29018,0,nan,nan,nan,0 0 0
0.166,3.30995,0,nan,nan,nan,0 0 0
0.167,3.32969,0,nan,nan,nan,0 0 0
0.168,3.34912,0,nan,nan,nan,0 0 0
0.169,3.36821,0,nan,nan,nan,0 0 0
0.17,3.38733,0,nan,nan,nan,0 0 0
0.171,3.40663,0,nan,nan,nan,0 0 0
0.172,3.42626,0,nan,nan,nan,0 0 0
0.173,3.44603,0,nan,nan,nan,0 0 0
0.174,3.46578,0,nan,nan,nan,0 0 0
0.175,3.48557,0,nan,nan,nan,0 0 0
0.176,3.50536,0,nan,nan,nan,0 0 0
0.177,3.52516,0,nan,nan,nan,0 0 0
0.178,3.54492,0,nan,nan,nan,0 0 0
0.179,3.56472,0,nan,nan,nan,0 0 0
0.18,3.58448,0,nan,nan,nan,0 0 0
0.181,3.60423,0,nan,nan,nan,0 0 0
0.182,3.62401,0,nan,nan,nan,0 0 0
0.183,3.64376,0,nan,nan,nan,0 0 0
0.184,3.66353,0,nan,nan,nan,0 0 0
0.185,3.6833,0,nan,nan,nan,0 0 0
0.186,3.70301,0,nan,nan,nan,0 0 0
0.187,3.72279,0,nan,nan,nan,0 0 0
0.188,3.74255,0,nan,nan,nan,0 0 0
0.189,3.76229,0,nan,nan,nan,0 0 0
0.19,3.78208,0,nan,nan,nan,0 0 0
0.191,3.80184,0,nan,nan,nan,0 0 0
0.192,3.82161,0,nan,nan,nan,0 0 0
0.193,3.84138,0,nan,nan,nan,0 0 0
0.194,3.86113,0,nan,nan,nan,0 0 0
0.195,3.88091,0,nan,nan,nan,0 0 0
0.196,3.90071,0,nan,nan,nan,0 0 0
0.197,3.92043,0,nan,nan,nan,0 0 0
0.198,3.94019,0,nan,nan,nan,0 0 0
0.199,3.95996,0,nan,nan,nan,0 0 0
0.2,3.97969,0,nan,nan,nan,0 0 0
0.201,3.99925,0,nan,nan,nan,0 0 0
0.202,4.01855,0,nan,nan,nan,0 0 0
0.203,4.03789,0,nan,nan,nan,0 0 0
0.204,4.05716,0,nan,nan,nan,0 0 0
0.205,4.07637,0,nan,nan,nan,0 0 0
0.206,4.09566,0,nan,nan,nan,0 0 0
0.207,4.1148,0,nan,nan,nan,0 0 0
0.208,4.13389,0,nan,nan,nan,0 0 0
0.209,4.153,0,nan,nan,nan,0 0 0
0.21,4.17208,0,nan,nan,nan,0 0 0
0.211,4.19119,0,nan,nan,nan,0 0 0
0.212,4.21064,0,nan,nan,nan,0 0 0
0.213,4.22982,0,nan,nan,nan,0 0 0
0.214,4.24895,0,nan,nan,nan,0 0 0
0.215,4.26822,0,nan,nan,nan,0 0 0
0.216,4.28731,0,nan,nan,nan,0 0 0
0.217,4.30647,0,nan,nan,nan,0 0 0
0.218,4.3257,0,nan,nan,nan,0 0 0
0.219,4.34478,0,nan,nan,nan,0 0 0
0.22,4.36383,0,nan,nan,nan,0 0 0
0.221,4.38291,0,nan,nan,nan,0 0 0
0.222,4.40195,0,nan,nan,nan,0 0 0
0.223,4.42104,0,nan,nan,nan,0 0 0
0.224,4.44015,0,nan,nan,nan,0 0 0
0.225,4.45928,0,nan,nan,nan,0 0 0
0.226,4.47839,0,nan,nan,nan,0 0 0
0.227,4.4975,0,nan,nan,nan,0 0 0
0.228,4.51661,0,nan,nan,nan,0 0 0
0.229,4.53572,0,nan,nan,nan,0 0 0
0.23,4.55481,0,nan,nan,nan,0 0 0
0.231,4.57401,0,nan,nan,nan,0 0 0
0.232,4.59312,0,nan,nan,nan,0 0 0
0.233,4.61223,0,nan,nan,nan,0 0 0
0.234,4.63136,0,nan,nan,nan,0 0 0
0.235,4.65049,0,nan,nan,nan,0 0 0
0.236,4.66951,0,nan,nan,nan,0 0 0
0.237,4.68861,0,nan,nan,nan,0 0 0
0.238,4.70792,0,nan,nan,nan,0 0 0
0.239,4.72718,0,nan,nan,nan,0 0 0
0.24,4.74639,0,nan,nan,nan,0 0 0
0.241,4.76567,0,nan,nan,nan,0 0 0
0.242,4.78508,0,nan,nan,nan,0 0 0
0.243,4.80487,0,nan,nan,nan,0 0 0
0.244,4.82461,0,nan,nan,nan,0 0 0
0.245,4.84422,0,nan,nan,nan,0 0 0
0.246,4.86345,0,nan,nan,nan,0 0 0
0.247,4.88267,0,nan,nan,nan,0 0 0
0.248,4.90185,0,nan,nan,nan,0 0 0
0.249,4.92097,0,nan,nan,nan,0 0 0
0.25,4.94014,0,nan,nan,nan,0 0 0
0.251,4.95924,0,nan,nan,nan,0 0 0
0.252,4.97843,0,nan,nan,nan,0 0 0
0.253,4.99747,0,nan,nan,nan,0 0 0
0.254,5.01656,0,nan,nan,nan,0 0 0
0.255,5.03565,0,nan,nan,nan,0 0 0
0.256,5.05469,0,nan,nan,nan,0 0 0
0.257,5.07378,0,nan,nan,nan,0 0 0
0.258,5.09304,0,nan,nan,nan,0 0 0
0.259,5.11212,0,nan,nan,nan,0 0 0
0.26,5.13123,0,nan,nan,nan,0 0 0
0.261,5.15031,0,nan,nan,nan,0 0 0
0.262,5.16933,0,nan,nan,nan,0 0 0
0.263,5.18842,0,nan,nan,nan,0 0 0
0.264,5.20751,0,nan,nan,nan,0 0 0
0.265,5.22664,0,nan,nan,nan,0 0 0
0.266,5.24583,0,nan,nan,nan,0 0 0
0.267,5.2649,0,nan,nan,nan,0 0 0
0.268,5.28392,0,nan,nan,nan,0 0 0
0.269,5.30301,0,nan,nan,nan,0 0 0
0.27,5.32209,0,nan,nan,nan,0 0 0
0.271,5.34127,0,nan,nan,nan,0 0 0
0.272,5.3605,0,nan,nan,nan,0 0 0
0.273,5.3796,0,nan,nan,nan,0 0 0
0.274,5.39869,0,nan,nan,nan,0 0 0
0.275,5.41781,0,nan,nan,nan,0 0 0
0.276,5.43691,0,nan,nan,nan,0 0 0
0.277,5.45602,0,nan,nan,nan,0 0 0
0.278,5.47517,0,nan,nan,nan,0 0 0
0.279,5.49426,0,nan,nan,nan,0 0 0
0.28,5.51339,0,nan,nan,nan,0 0 0
0.281,5.53247,0,nan,nan,nan,0 0 0
0.282,5.55158,0,nan,nan,nan,0 0 0
0.283,5.57068,0,nan,nan,nan,0 0 0
0.284,5.58979,0,nan,nan,nan,0 0 0
0.285,5.60891,0,nan,nan,nan,0 0 0
0.286,5.62802,0,nan,nan,nan,0 0 0
0.287,5.64712,0,nan,nan,nan,0 0 0
0.288,5.66611,0,nan,nan,nan,0 0 0
0.289,5.6852,0,nan,nan,nan,0 0 0
0.29,5.70444,0,nan,nan,nan,0 0 0
0.291,5.72372,0,nan,nan,nan,0 0 0
0.292,5.74298,0,nan,nan,nan,0 0 0
0.293,5.7622,0,nan,nan,nan,0 0 0
0.294,5.7814,0,nan,nan,nan,0 0 0
0.295,5.80065,0,nan,nan,nan,0 0 0
0.296,5.8198,0,nan,nan,nan,0 0 0
0.297,5.83886,0,nan,nan,nan,0 0 0
0.298,5.85795,0,nan,nan,nan,0 0 0
0.299,5.87703,0,nan,nan,nan,0 0 0
0.3,5.89602,0,nan,nan,nan,0 0 0
0.301,5.91522,0,nan,nan,nan,0 0 0
0.302,5.9344,0,nan,nan,nan,0 0 0
0.303,5.95345,0,nan,nan,nan,0 0 0
0.304,5.97253,0,nan,nan,nan,0 0 0
0.305,5.99166,0,nan,nan,nan,0 0 0
0.306,6.01075,0,nan,nan,nan,0 0 0
0.307,6.02983,0,nan,nan,nan,0 0 0
0.308,6.04887,0,nan,nan,nan,0 0 0
0.309,6.06793,0,nan,nan,nan,0 0 0
0.31,6.08701,0,nan,nan,nan,0 0 0
0.311,6.10615,0,nan,nan,nan,0 0 0
0.312,6.12533,0,nan,nan,nan,0 0 0
0.313,6.14445,0,nan,nan,nan,0 0 0
0.314,6.16356,0,nan,nan,nan,0 0 0
0.315,6.18265,0,nan,nan,nan,0 0 0
0.316,6.20195,0,nan,nan,nan,0 0 0
0.317,6.22139,0,nan,nan,nan,0 0 0
0.318,6.24054,0,nan,nan,nan,0 0 0
0.319,6.25974,0,nan,nan,nan,0 0 0
0.32,6.27879,0,nan,nan,nan,0 0 0
0.321,6.29788,0,nan,nan,nan,0 0 0
0.322,6.31696,0,nan,nan,nan,0 0 0
0.323,6.33612,0,nan,nan,nan,0 0 0
0.324,6.35529,0,nan,nan,nan,0 0 0
0.325,6.37452,0,nan,nan,nan,0 0 0
0.326,6.39362,0,nan,nan,nan,0 0 0
0.327,6.41277,0,nan,nan,nan,0 0 0
0.328,6.43186,0,nan,nan,nan,0 0 0
0.329,6.45094,0,nan,nan,nan,0 0 0
0.33,6.47003,0,nan,nan,nan,0 0 0
0.331,6.48905,0,nan,nan,nan,0 0 0
0.332,6.50816,0,nan,nan,nan,0 0 0
0.333,6.52743,0,nan,nan,nan,0 0 0
0.334,6.54655,0,nan,nan,nan,0 0 0
0.335,6.56575,0,nan,nan,nan,0 0 0
0.336,6.585,0,nan,nan,nan,0 0 0
0.337,6.60409,0,nan,nan,nan,0 0 0
0.338,6.62317,0,nan,nan,nan,0 0 0
0.339,6.6423,0,nan,nan,nan,0 0 0
0.34,6.66145,0,nan,nan,nan,0 0 0
0.341,6.68053,0,nan,nan,nan,0 0 0
0.342,6.69963,0,nan,nan,nan,0 0 0
0.343,6.71875,0,nan,nan,nan,0 0 0
0.344,6.73787,0,nan,nan,nan,0 0 0
0.345,6.75698,0,nan,nan,nan,0 0 0
0.346,6.7762,0,nan,nan,nan,0 0 0
0.347,6.79541,0,nan,nan,nan,0 0 0
0.348,6.8145,0,nan,nan,nan,0 0 0
0.349,6.83361,0,nan,nan,nan,0 0 0
0.35,6.85271,0,nan,nan,nan,0 0 0
0.351,6.87177,0,nan,nan,nan,0 0 0
0.352,6.89085,0,nan,nan,nan,0 0 0
0.353,6.90987,0,nan,nan,nan,0 0 0
0.354,6.92898,0,nan,nan,nan,0 0 0
0.355,6.94802,0,nan,nan,nan,0 0 0
0.356,6.96724,0,nan,nan,nan,0 0 0
0.357,6.98645,0,nan,nan,nan,0 0 0
0.358,7.00555,0,nan,nan,nan,0 0 0
0.359,7.02466,0,nan,nan,nan,0 0 0
0.36,7.04366,0,nan,nan,nan,0 0 0
0.361,7.06275,0,nan,nan,nan,0 0 0
0.362,7.08201,0,nan,nan,nan,0 0 0
0.363,7.10122,0,nan,nan,nan,0 0 0
0.364,7.12033,0,nan,nan,nan,0 0 0
0.365,7.13944,0,nan,nan,nan,0 0 0
0.366,7.15854,0,nan,nan,nan,0 0 0
0.367,7.17775,0,nan,nan,nan,0 0 0
0.368,7.19686,0,nan,nan,nan,0 0 0
0.369,7.21597,0,nan,nan,nan,0 0 0
0.37,7.23511,0,nan,nan,nan,0 0 0
0.371,7.25421,0,nan,nan,nan,0 0 0
0.372,7.27341,0,nan,nan,nan,0 0 0
0.373,7.2926,0,nan,nan,nan,0 0 0
0.374,7.31181,0,nan,nan,nan,0 0 0
0.375,7.33102,0,nan,nan,nan,0 0 0
0.376,7.35024,0,nan,nan,nan,0 0 0
0.377,7.36934,0,nan,nan,nan,0 0 0
0.378,7.38842,0,nan,nan,nan,0 0 0
0.379,7.40748,0,nan,nan,nan,0 0 0
0.38,7.42655,0,nan,nan,nan,0 0 0
0.381,7.44561,0,nan,nan,nan,0 0 0
0.382,7.46477,0,nan,nan,nan,0 0 0
0.383,7.48384,0,nan,nan,nan,0 0 0
0.384,7.50293,0,nan,nan,nan,0 0 0
0.385,7.52203,0,nan,nan,nan,0 0 0
0.386,7.5411,0,nan,nan,nan,0 0 0
0.387,7.56012,0,nan,nan,nan,0 0 0
0.388,7.57922,0,nan,nan,nan,0 0 0
0.389,7.5983,0,nan,nan,nan,0 0 0
0.39,7.61742,0,nan,nan,nan,0 0 0
0.391,7.63665,0,nan,nan,nan,0 0 0
0.392,7.65584,0,nan,nan,nan,0 0 0
0.393,7.67509,0,nan,nan,nan,0 0 0
0.394,7.69424,0,nan,nan,nan,0 0 0
0.395,7.71335,0,nan,nan,nan,0 0 0
0.396,7.73247,0,nan,nan,nan,0 0 0
0.397,7.75156,0,nan,nan,nan,0 0 0
0.398,7.77084,0,nan,nan,nan,0 0 0
0.399,7.78997,0,nan,nan,nan,0 0 0
0.4,7.80905,0,nan,nan,nan,0 0 0
0.401,7.82812,0,nan,nan,nan,0 0 0
0.402,7.84721,0,nan,nan,nan,0 0 0
0.403,7.86627,0,nan,nan,nan,0 0 0
0.404,7.88535,0,nan,nan,nan,0 0 0
0.405,7.90441,0,nan,nan,nan,0 0 0
0.406,7.92354,0,nan,nan,nan,0 0 0
0.407,7.94266,0,nan,nan,nan,0 0 0
0.408,7.96178,0,nan,nan,nan,0 0 0
0.409,7.98101,0,nan,nan,nan,0 0 0
0.41,8.00017,0,nan,nan,nan,0 0 0
0.411,8.01926,0,nan,nan,nan,0 0 0
0.412,8.03832,0,nan,nan,nan,0 0 0
0.413,8.05739,0,nan,nan,nan,0 0 0
0.414,8.07643,0,nan,nan,nan,0 0 0
0.415,8.09567,0,nan,nan,nan,0 0 0
0.416,8.11481,0,nan,nan,nan,0 0 0
0.417,8.13392,0,nan,nan,nan,0 0 0
0.418,8.15302,0,nan,nan,nan,0 0 0
0.419,8.17215,0,nan,nan,nan,0 0 0
0.42,8.19142,0,nan,nan,nan,0 0 0
0.421,8.21079,0,nan,nan,nan,0 0 0
0.422,8.22997,0,nan,nan,nan,0 0 0
0.423,8.24922,0,nan,nan,nan,0 0 0
0.424,8.26839,0,nan,nan,nan,0 0 0
0.425,8.28753,0,nan,nan,nan,0 0 0
0.426,8.30666,0,nan,nan,nan,0 0 0
0.427,8.32577,0,nan,nan,nan,0 0 0
0.428,8.3449,0,nan,nan,nan,0 0 0
0.429,8.36397,0,nan,nan,nan,0 0 0
0.43,8.38307,0,nan,nan,nan,0 0 0
0.431,8.40208,0,nan,nan,nan,0 0 0
0.432,8.4212,0,nan,nan,nan,0 0 0
0.433,8.4404,0,nan,nan,nan,0 0 0
0.434,8.45964,0,nan,nan,nan,0 0 0
0.435,8.47874,0,nan,nan,nan,0 0 0
0.436,8.49779,0,nan,nan,nan,0 0 0
0.437,8.51681,0,nan,nan,nan,0 0 0
0.438,8.53604,0,nan,nan,nan,0 0 0
0.439,8.55527,0,nan,nan,nan,0 0 0
0.44,8.57437,0,nan,nan,nan,0 0 0
0.441,8.59348,0,nan,nan,nan,0 0 0
0.442,8.61261,0,nan,nan,nan,0 0 0
0.443,8.63167,0,nan,nan,nan,0 0 0
0.444,8.65073,0,nan,nan,nan,0 0 0
0.445,8.66986,0,nan,nan,nan,0 0 0
0.446,8.68893,0,nan,nan,nan,0 0 0
0.447,8.70796,0,nan,nan,nan,0 0 0
0.448,8.72715,0,nan,nan,nan,0 0 0
0.449,8.74642,0,nan,nan,nan,0 0 0
0.45,8.76552,0,nan,nan,nan,0 0 0
0.451,8.78463,0,nan,nan,nan,0 0 0
0.452,8.80371,0,nan,nan,nan,0 0 0
0.453,8.82281,0,nan,nan,nan,0 0 0
0.454,8.84199,0,nan,nan,nan,0 0 0
0.455,8.86102,0,nan,nan,nan,0 0 0
0.456,8.88012,0,nan,nan,nan,0 0 0
0.457,8.89934,0,nan,nan,nan,0 0 0
0.458,8.91847,0,nan,nan,nan,0 0 0
0.459,8.93754,0,nan,nan,nan,0 0 0
0.46,8.95673,0,nan,nan,nan,0 0 0
0.461,8.97602,0,nan,nan,nan,0 0 0
0.462,8.99527,0,nan,nan,nan,0 0 0
0.463,9.01452,0,nan,nan,nan,0 0 0
0.464,9.03377,0,nan,nan,nan,0 0 0
0.465,9.053,0,nan,nan,nan,0 0 0
0.466,9.07226,0,nan,nan,nan,0 0 0
0.467,9.09146,0,nan,nan,nan,0 0 0
0.468,9.11057,0,nan,nan,nan,0 0 0
0.469,9.12965,0,nan,nan,nan,0 0 0
0.47,9.14864,0,nan,nan,nan,0 0 0
0.471,9.16767,0,nan,nan,nan,0 0 0
0.472,9.18674,0,nan,nan,nan,0 0 0
0.473,9.2058,0,nan,nan,nan,0 0 0
0.474,9.22508,0,nan,nan,nan,0 0 0
0.475,9.2442,0,nan,nan,nan,0 0 0
0.476,9.26325,0,nan,nan,nan,0 0 0
0.477,9.28237,0,nan,nan,nan,0 0 0
0.478,9.30146,0,nan,nan,nan,0 0 0
0.479,9.32059,0,nan,nan,nan,0 0 0
0.48,9.33966,0,nan,nan,nan,0 0 0
0.481,9.35879,0,nan,nan,nan,0 0 0
0.482,9.37807,0,nan,nan,nan,0 0 0
0.483,9.39723,0,nan,nan,nan,0 0 0
0.484,9.41633,0,nan,nan,nan,0 0 0
0.485,9.43549,0,nan,nan,nan,0 0 0
0.486,9.45463,0,nan,nan,nan,0 0 0
0.487,9.4738,0,nan,nan,nan,0 0 0
0.488,9.49293,0,nan,nan,nan,0 0 0
0.489,9.51206,0,nan,nan,nan,0 0 0
0.49,9.53128,0,nan,nan,nan,0 0 0
0.491,9.55053,0,nan,nan,nan,0 0 0
0.492,9.56982,0,nan,nan,nan,0 0 0
0.493,9.58903,0,nan,nan,nan,0 0 0
0.494,9.60822,0,nan,nan,nan,0 0 0
0.495,9.62754,0,nan,nan,nan,0 0 0
0.496,9.64683,0,nan,nan,nan,0 0 0
0.497,9.6661,0,nan,nan,nan,0 0 0
0.498,9.68519,0,nan,nan,nan,0 0 0
0.499,9.70428,0,nan,nan,nan,0 0 0
0.5,9.72337,0,nan,nan,nan,0 0 0
0.501,9.74244,0,nan,nan,nan,0 0 0
0.502,9.76156,0,nan,nan,nan,0 0 0
0.503,9.78071,0,nan,nan,nan,0 0 0
0.504,9.7998,0,nan,nan,nan,0 0 0
0.505,9.8189,0,nan,nan,nan,0 0 0
0.506,9.83802,0,nan,nan,nan,0 0 0
0.507,9.85707,0,nan,nan,nan,0 0 0
0.508,9.87616,0,nan,nan,nan,0 0 0
0.509,9.89529,0,nan,nan,nan,0 0 0
0.51,9.91441,0,nan,nan,nan,0 0 0
0.511,9.93356,0,nan,nan,nan,0 0 0
0.512,9.95274,0,nan,nan,nan,0 0 0
0.513,9.972,0,nan,nan,nan,0 0 0
0.514,9.99112,0,nan,nan,nan,0 0 0
0.515,10.0102,0,nan,nan,nan,0 0 0
0.516,10.0293,0,nan,nan,nan,0 0 0
0.517,10.0484,0,nan,nan,nan,0 0 0
0.518,10.0676,0,nan,nan,nan,0 0 0
0.519,10.0866,0,nan,nan,nan,0 0 0
0.52,10.1057,0,nan,nan,nan,0 0 0
0.521,10.1249,0,nan,nan,nan,0 0 0
0.522,10.144,0,nan,nan,nan,0 0 0
0.523,10.1631,0,nan,nan,nan,0 0 0
0.524,10.1822,0,nan,nan,nan,0 0 0
0.525,10.2015,0,nan,nan,nan,0 0 0
0.526,10.2206,0,nan,nan,nan,0 0 0
0.527,10.2397,0,nan,nan,nan,0 0 0
0.528,10.2588,0,nan,nan,nan,0 0 0
0.529,10.2779,0,nan,nan,nan,0 0 0
0.53,10.2971,0,nan,nan,nan,0 0 0
0.531,10.3162,0,nan,nan,nan,0 0 0
0.532,10.3353,0,nan,nan,nan,0 0 0
0.533,10.3544,0,nan,nan,nan,0 0 0
0.534,10.3735,0,nan,nan,nan,0 0 0
0.535,10.3926,0,nan,nan,nan,0 0 0
0.536,10.4117,0,nan,nan,nan,0 0 0
0.537,10.4307,0,nan,nan,nan,0 0 0
0.538,10.4498,0,nan,nan,nan,0 0 0
0.539,10.4691,0,nan,nan,nan,0 0 0
0.54,10.4882,0,nan,nan,nan,0 0 0
0.541,10.5072,0,nan,nan,nan,0 0 0
0.542,10.5263,0,nan,nan,nan,0 0 0
0.543,10.5453,0,nan,nan,nan,0 0 0
0.544,10.5643,0,nan,nan,nan,0 0 0
0.545,10.5836,0,nan,nan,nan,0 0 0
0.546,10.6028,0,nan,nan,nan,0 0 0
0.547,10.6219,0,nan,nan,nan,0 0 0
0.548,10.641,0,nan,nan,nan,0 0 0
0.549,10.6603,0,nan,nan,nan,0 0 0
0.55,10.6794,0,nan,nan,nan,0 0 0
0.551,10.6986,0,nan,nan,nan,0 0 0
0.552,10.7176,0,nan,nan,nan,0 0 0
0.553,10.7367,0,nan,nan,nan,0 0 0
0.554,10.7559,0,nan,nan,nan,0 0 0
0.555,10.775,0,nan,nan,nan,0 0 0
0.556,10.7943,0,nan,nan,nan,0 0 0
0.557,10.8134,0,nan,nan,nan,0 0 0
0.558,10.8325,0,nan,nan,nan,0 0 0
0.559,10.8516,0,nan,nan,nan,0 0 0
0.56,10.8706,0,nan,nan,nan,0 0 0
0.561,10.8897,0,nan,nan,nan,0 0 0
0.562,10.9088,0,nan,nan,nan,0 0 0
0.563,10.9281,0,nan,nan,nan,0 0 0
0.564,10.9472,0,nan,nan,nan,0 0 0
0.565,10.9667,0,nan,nan,nan,0 0 0
0.566,10.9865,0,nan,nan,nan,0 0 0
0.567,11.0063,0,nan,nan,nan,0 0 0
0.568,11.0261,0,nan,nan,nan,0 0 0
0.569,11.0459,0,nan,nan,nan,0 0 0
0.57,11.0656,0,nan,nan,nan,0 0 0
0.571,11.0854,0,nan,nan,nan,0 0 0
0.572,11.1052,0,nan,nan,nan,0 0 0
0.573,11.1249,0,nan,nan,nan,0 0 0
0.574,11.1447,0,nan,nan,nan,0 0 0
0.575,11.1645,0,nan,nan,nan,0 0 0
0.576,11.1843,0,nan,nan,nan,0 0 0
0.577,11.2041,0,nan,nan,nan,0 0 0
0.578,11.2239,0,nan,nan,nan,0 0 0
0.579,11.2436,0,nan,nan,nan,0 0 0
0.58,11.2634,0,nan,nan,nan,0 0 0
0.581,11.2831,0,nan,nan,nan,0 0 0
0.582,11.3029,0,nan,nan,nan,0 0 0
0.583,11.3227,0,nan,nan,nan,0 0 0
0.584,11.3422,0,nan,nan,nan,0 0 0
0.585,11.362,0,nan,nan,nan,0 0 0
0.586,11.3818,0,nan,nan,nan,0 0 0
0.587,11.4016,0,nan,nan,nan,0 0 0
0.588,11.4214,0,nan,nan,nan,0 0 0
0.589,11.4411,0,nan,nan,nan,0 0 0
0.59,11.4609,0,nan,nan,nan,0 0 0
0.591,11.4807,0,nan,nan,nan,0 0 0
0.592,11.5004,0,nan,nan,nan,0 0 0
0.593,11.5202,0,nan,nan,nan,0 0 0
0.594,11.5399,0,nan,nan,nan,0 0 0
0.595,11.5597,0,nan,nan,nan,0 0 0
0.596,11.5795,0,nan,nan,nan,0 0 0
0.597,11.5992,0,nan,nan,nan,0 0 0
0.598,11.619,0,nan,nan,nan,0 0 0
0.599,11.6388,0,nan,nan,nan,0 0 0
0.6,11.6585,0,nan,nan,nan,0 0 0
0.601,11.6783,0,nan,nan,nan,0 0 0
0.602,11.6981,0,nan,nan,nan,0 0 0
0.603,11.7179,0,nan,nan,nan,0 0 0
0.604,11.7376,0,nan,nan,nan,0 0 0
0.605,11.7571,0,nan,nan,nan,0 0 0
0.606,11.7762,0,nan,nan,nan,0 0 0
0.607,11.7953,0,nan,nan,nan,0 0 0
0.608,11.8149,0,nan,nan,nan,0 0 0
0.609,11.8347,0,nan,nan,nan,0 0 0
0.61,11.8545,0,nan,nan,nan,0 0 0
0.611,11.8742,0,nan,nan,nan,0 0 0
0.612,11.894,0,nan,nan,nan,0 0 0
0.613,11.9139,0,nan,nan,nan,0 0 0
0.614,11.9336,0,nan,nan,nan,0 0 0
0.615,11.9533,0,nan,nan,nan,0 0 0
0.616,11.9731,0,nan,nan,nan,0 0 0
0.617,11.9929,0,nan,nan,nan,0 0 0
0.618,12.0126,0,nan,nan,nan,0 0 0
0.619,12.0324,0,nan,nan,nan,0 0 0
0.62,12.0522,0,nan,nan,nan,0 0 0
0.621,12.072,0,nan,nan,nan,0 0 0
0.622,12.0918,0,nan,nan,nan,0 0 0
0.623,12.1115,0,nan,nan,nan,0 0 0
0.624,12.1313,0,nan,nan,nan,0 0 0
0.625,12.1511,0,nan,nan,nan,0 0 0
0.626,12.1709,0,nan,nan,nan,0 0 0
0.627,12.1906,0,nan,nan,nan,0 0 0
0.628,12.2104,0,nan,nan,nan,0 0 0
0.629,12.2302,0,nan,nan,nan,0 0 0
0.63,12.2499,0,nan,nan,nan,0 0 0
0.631,12.2697,0,nan,nan,nan,0 0 0
0.632,12.2894,0,nan,nan,nan,0 0 0
0.633,12.3092,0,nan,nan,nan,0 0 0
0.634,12.3284,0,nan,nan,nan,0 0 0
0.635,12.3475,0,nan,nan,nan,0 0 0
0.636,12.3666,0,nan,nan,nan,0 0 0
0.637,12.386,0,nan,nan,nan,0 0 0
0.638,12.4057,0,nan,nan,nan,0 0 0
0.639,12.4255,0,nan,nan,nan,0 0 0
0.64,12.4452,0,nan,nan,nan,0 0 0
0.641,12.4644,0,nan,nan,nan,0 0 0
0.642,12.4835,0,nan,nan,nan,0 0 0
0.643,12.5026,0,nan,nan,nan,0 0 0
0.644,12.5217,0,nan,nan,nan,0 0 0
0.645,12.5408,0,nan,nan,nan,0 0 0
0.646,12.5599,0,nan,nan,nan,0 0 0
0.647,12.579,0,nan,nan,nan,0 0 0
0.648,12.5982,0,nan,nan,nan,0 0 0
0.649,12.6174,0,nan,nan,nan,0 0 0
0.65,12.6365,0,nan,nan,nan,0 0 0
0.651,12.6557,0,nan,nan,nan,0 0 0
0.652,12.6747,0,nan,nan,nan,0 0 0
0.653,12.6938,0,nan,nan,nan,0 0 0
0.654,12.7129,0,nan,nan,nan,0 0 0
0.655,12.732,0,nan,nan,nan,0 0 0
0.656,12.7511,0,nan,nan,nan,0 0 0
0.657,12.7703,0,nan,nan,nan,0 0 0
0.658,12.7894,0,nan,nan,nan,0 0 0
0.659,12.8086,0,nan,nan,nan,0 0 0
0.66,12.8277,0,nan,nan,nan,0 0 0
0.661,12.8468,0,nan,nan,nan,0 0 0
0.662,12.866,0,nan,nan,nan,0 0 0
0.663,12.8853,0,nan,nan,nan,0 0 0
0.664,12.9047,0,nan,nan,nan,0 0 0
0.665,12.9244,0,nan,nan,nan,0 0 0
0.666,12.9441,0,nan,nan,nan,0 0 0
0.667,12.9636,0,nan,nan,nan,0 0 0
0.668,12.9828,0,nan,nan,nan,0 0 0
0.669,13.0018,0,nan,nan,nan,0 0 0
0.67,13.021,0,nan,nan,nan,0 0 0
0.671,13.0402,0,nan,nan,nan,0 0 0
0.672,13.0593,0,nan,nan,nan,0 0 0
0.673,13.0784,0,nan,nan,nan,0 0 0
0.674,13.0976,0,nan,nan,nan,0 0 0
0.675,13.1166,0,nan,nan,nan,0 0 0
0.676,13.1358,0,nan,nan,nan,0 0 0
0.677,13.1548,0,nan,nan,nan,0 0 0
0.678,13.1739,0,nan,nan,nan,0 0 0
0.679,13.1932,0,nan,nan,nan,0 0 0
0.68,13.2122,0,nan,nan,nan,0 0 0
0.681,13.2313,0,nan,nan,nan,0 0 0
0.682,13.2503,0,nan,nan,nan,0 0 0
0.683,13.2694,0,nan,nan,nan,0 0 0
0.684,13.2887,0,nan,nan,nan,0 0 0
0.685,13.3079,0,nan,nan,nan,0 0 0
0.686,13.3269,0,nan,nan,nan,0 0 0
0.687,13.3461,0,nan,nan,nan,0 0 0
0.688,13.3652,0,nan,nan,nan,0 0 0
0.689,13.3843,0,nan,nan,nan,0 0 0
0.69,13.4035,0,nan,nan,nan,0 0 0
0.691,13.4228,0,nan,nan,nan,0 0 0
0.692,13.4419,0,nan,nan,nan,0 0 0
0.693,13.4612,0,nan,nan,nan,0 0 0
0.694,13.4809,0,nan,nan,nan,0 0 0
0.695,13.5006,0,nan,nan,nan,0 0 0
0.696,13.5204,0,nan,nan,nan,0 0 0
0.697,13.5399,0,nan,nan,nan,0 0 0
0.698,13.5596,0,nan,nan,nan,0 0 0
0.699,13.5793,0,nan,nan,nan,0 0 0
0.7,13.5988,0,nan,nan,nan,0 0 0
0.701,13.6179,0,nan,nan,nan,0 0 0
0.702,13.637,0,nan,nan,nan,0 0 0
0.703,13.6562,0,nan,nan,nan,0 0 0
0.704,13.6752,0,nan,nan,nan,0 0 0
0.705,13.6943,0,nan,nan,nan,0 0 0
0.706,13.7134,0,nan,nan,nan,0 0 0
0.707,13.7325,0,nan,nan,nan,0 0 0
0.708,13.7516,0,nan,nan,nan,0 0 0
0.709,13.7707,0,nan,nan,nan,0 0 0
0.71,13.7898,0,nan,nan,nan,0 0 0
0.711,13.8089,0,nan,nan,nan,0 0 0
0.712,13.828,0,nan,nan,nan,0 0 0
0.713,13.8472,0,nan,nan,nan,0 0 0
0.714,13.8664,0,nan,nan,nan,0 0 0
0.715,13.8855,0,nan,nan,nan,0 0 0
0.716,13.9047,0,nan,nan,nan,0 0 0
0.717,13.9239,0,nan,nan,nan,0 0 0
0.718,13.943,0,nan,nan,nan,0 0 0
