0.001,-0.0022126,0,0,0,0,1.1843 0.342 1.0116
0.002,0.0147582,0,nan,nan,nan,1.1843 0.342 1.0116
0.003,0.034231,0,nan,nan,nan,1.1843 0.342 1.01159
0.004,0.0537275,0,nan,nan,nan,1.1843 0.342 1.01157
0.005,0.072941,0,nan,nan,nan,1.1843 0.342 1.01154
0.006,0.0922837,0,nan,nan,nan,1.1843 0.342 1.0115
0.007,0.112098,0,nan,nan,nan,1.1843 0.342 1.01145
0.008,0.131853,0,nan,nan,nan,1.1843 0.342 1.01139
0.009,0.151281,0,nan,nan,nan,1.1843 0.342 1.01133
0.01,0.170606,0,nan,nan,nan,1.1843 0.342 1.01125
0.011,0.190274,0,nan,nan,nan,1.1843 0.342 1.01116
0.012,0.21008,0,nan,nan,nan,1.1843 0.342 1.01106
0.013,0.229768,0,nan,nan,nan,1.1843 0.342 1.01095
0.014,0.249025,0,nan,nan,nan,1.1843 0.342 1.01084
0.015,0.268546,0,nan,nan,nan,1.1843 0.342 1.01071
0.016,0.288316,0,nan,nan,nan,1.1843 0.342 1.01057
0.017,0.308032,0,nan,nan,nan,1.1843 0.342 1.01042
0.018,0.3276,0,nan,nan,nan,1.1843 0.342 1.01027
0.019,0.346894,0,nan,nan,nan,1.1843 0.342 1.0101
0.02,0.366622,0,nan,nan,nan,1.1843 0.342 1.00992
0.021,0.38653,0,nan,nan,nan,1.1843 0.342 1.00974
0.022,0.406343,0,nan,nan,nan,1.1843 0.342 1.00954
0.023,0.42557,0,nan,nan,nan,1.1843 0.342 1.00934
0.024,0.444982,0,nan,nan,nan,1.1843 0.342 1.00912
0.025,0.464746,0,nan,nan,nan,1.1843 0.342 1.0089
0.026,0.484687,0,nan,nan,nan,1.1843 0.342 1.00866
0.027,0.504325,0,nan,nan,nan,1.1843 0.342 1.00842
0.028,0.523532,0,nan,nan,nan,1.1843 0.342 1.00816
0.029,0.54318,0,nan,nan,nan,1.1843 0.342 1.0079
0.03,0.563027,0,nan,nan,nan,1.1843 0.342 1.00762
0.031,0.582769,0,nan,nan,nan,1.1843 0.342 1.00734
0.032,0.602092,0,nan,nan,nan,1.1843 0.342 1.00704
0.033,0.621427,0,nan,nan,nan,1.1843 0.342 1.00674
0.034,0.641165,0,nan,nan,nan,1.1843 0.342 1.00643
0.035,0.66092,0,nan,nan,nan,1.1843 0.342 1.0061
0.036,0.680482,0,nan,nan,nan,1.1843 0.342 1.00577
0.037,0.699817,0,nan,nan,nan,1.1843 0.342 1.00543
0.038,0.719516,0,nan,nan,nan,1.1843 0.342 1.00507
0.039,0.739316,0,nan,nan,nan,1.1843 0.342 1.00471
0.04,0.758951,0,nan,nan,nan,1.1843 0.342 1.00434
0.041,0.778294,0,nan,nan,nan,1.1843 0.342 1.00396
0.042,0.79787,0,nan,nan,nan,1.1843 0.342 1.00356
0.043,0.817592,0,nan,nan,nan,1.1843 0.342 1.00316
0.044,0.837339,0,nan,nan,nan,1.1843 0.342 1.00275
0.045,0.856677,0,nan,nan,nan,1.1843 0.342 1.00233
0.046,0.875715,0,nan,nan,nan,1.1843 0.342 1.0019
0.047,0.895391,0,nan,nan,nan,1.1843 0.342 1.00146
0.048,0.915194,0,nan,nan,nan,1.1843 0.342 1.00101
0.049,0.934927,0,nan,nan,nan,1.1843 0.342 1.00055
0.05,0.954668,0,nan,nan,nan,1.1843 0.342 1.00008
0.051,0.974518,0,nan,nan,nan,1.1843 0.342 0.999595
0.052,0.994289,0,nan,nan,nan,1.1843 0.342 0.999105
0.053,1.01408,0,nan,nan,nan,1.1843 0.342 0.998605
0.054,1.03387,0,nan,nan,nan,1.1843 0.342 0.998096
0.055,1.05382,0,nan,nan,nan,1.1843 0.342 0.997576
0.056,1.07374,0,nan,nan,nan,1.1843 0.342 0.997047
0.057,1.09353,0,nan,nan,nan,1.1843 0.342 0.996508
0.058,1.11332,0,nan,nan,nan,1.1843 0.342 0.995959
0.059,1.13321,0,nan,nan,nan,1.1843 0.342 0.995401
0.06,1.15298,0,nan,nan,nan,1.1843 0.342 0.994832
0.061,1.17268,0,nan,nan,nan,1.1843 0.342 0.994254
0.062,1.19243,0,nan,nan,nan,1.1843 0.342 0.993666
0.063,1.2122,0,nan,nan,nan,1.1843 0.342 0.993068
0.064,1.23199,0,nan,nan,nan,1.1843 0.342 0.992461
0.065,1.25157,0,nan,nan,nan,1.1843 0.342 0.991843
0.066,1.27088,0,nan,nan,nan,1.1843 0.342 0.991216
0.067,1.29012,0,nan,nan,nan,1.1843 0.342 0.990579
0.068,1.30922,0,nan,nan,nan,1.1843 0.342 0.989932
0.069,1.32886,0,nan,nan,nan,1.1843 0.342 0.989276
0.07,1.34859,0,nan,nan,nan,1.1843 0.342 0.988609
0.071,1.36812,0,nan,nan,nan,1.1843 0.342 0.987933
0.072,1.38736,0,nan,nan,nan,1.1843 0.342 0.987247
0.073,1.4069,0,nan,nan,nan,1.1843 0.342 0.986551
0.074,1.4267,0,nan,nan,nan,1.1843 0.342 0.985846
0.075,1.4465,0,nan,nan,nan,1.1843 0.342 0.98513
0.076,1.46561,0,nan,nan,nan,1.1843 0.342 0.984405
0.077,1.485,0,nan,nan,nan,1.1843 0.342 0.98367
0.078,1.50472,0,nan,nan,nan,1.1843 0.342 0.982925
0.079,1.52449,0,nan,nan,nan,1.1843 0.342 0.982171
0.08,1.54422,0,nan,nan,nan,1.1843 0.342 0.981406
0.081,1.56369,0,nan,nan,nan,1.1843 0.342 0.980632
0.082,1.58327,0,nan,nan,nan,1.1843 0.342 0.979848
0.083,1.60306,0,nan,nan,nan,1.1843 0.342 0.979054
0.084,1.62281,0,nan,nan,nan,1.1843 0.342 0.978251
0.085,1.6422,0,nan,nan,nan,1.1843 0.342 0.977437
0.086,1.66157,0,nan,nan,nan,1.1843 0.342 0.976614
0.087,1.68126,0,nan,nan,nan,1.1843 0.342 0.975781
0.088,1.70095,0,nan,nan,nan,1.1843 0.342 0.974938
0.089,1.7204,0,nan,nan,nan,1.1843 0.342 0.974086
0.09,1.73951,0,nan,nan,nan,1.1843 0.342 0.973223
0.091,1.75909,0,nan,nan,nan,1.1843 0.342 0.972351
0.092,1.77906,0,nan,nan,nan,1.1843 0.342 0.971469
0.093,1.79889,0,nan,nan,nan,1.1843 0.342 0.970577
0.094,1.81817,0,nan,nan,nan,1.1843 0.342 0.969676
0.095,1.8373,0,nan,nan,nan,1.1843 0.342 0.968764
0.096,1.85701,0,nan,nan,nan,1.1843 0.342 0.967843
0.097,1.87693,0,nan,nan,nan,1.1843 0.342 0.966912
0.098,1.89661,0,nan,nan,nan,1.1843 0.342 0.965971
0.099,1.91602,0,nan,nan,nan,1.1843 0.342 0.965021
0.1,1.93566,0,nan,nan,nan,1.1843 0.342 0.96406
0.101,1.95545,0,nan,nan,nan,1.1843 0.342 0.96309
0.102,1.97517,0,nan,nan,nan,1.1843 0.342 0.96211
0.103,1.99455,0,nan,nan,nan,1.1843 0.342 0.96112
0.104,2.01406,0,nan,nan,nan,1.1843 0.342 0.960121
0.105,2.0339,0,nan,nan,nan,1.1843 0.342 0.959111
0.106,2.05357,0,nan,nan,nan,1.1843 0.342 0.958092
0.107,2.07313,0,nan,nan,nan,1.1843 0.342 0.957063
0.108,2.09224,0,nan,nan,nan,1.1843 0.342 0.956024
0.109,2.11178,0,nan,nan,nan,1.1843 0.342 0.954976
0.11,2.13152,0,nan,nan,nan,1.1843 0.342 0.953917
0.111,2.15118,0,nan,nan,nan,1.1843 0.342 0.952849
0.112,2.17029,0,nan,nan,nan,1.1843 0.342 0.951771
0.113,2.18953,0,nan,nan,nan,1.1843 0.342 0.950683
0.114,2.20921,0,nan,nan,nan,1.1843 0.342 0.949586
0.115,2.22896,0,nan,nan,nan,1.1843 0.342 0.948478
0.116,2.24857,0,nan,nan,nan,1.1843 0.342 0.947361
0.117,2.26785,0,nan,nan,nan,1.1843 0.342 0.946234
0.118,2.28737,0,nan,nan,nan,1.1843 0.342 0.945097
0.119,2.30735,0,nan,nan,nan,1.1843 0.342 0.943951
0.12,2.32725,0,nan,nan,nan,1.1843 0.342 0.942794
0.121,2.34625,0,nan,nan,nan,1.1843 0.342 0.941628
0.122,2.36547,0,nan,nan,nan,1.1843 0.342 0.940452
0.123,2.38535,0,nan,nan,nan,1.1843 0.342 0.939266
0.124,2.40524,0,nan,nan,nan,1.1843 0.342 0.938071
0.125,2.42497,0,nan,nan,nan,1.1843 0.342 0.936865
0.126,2.44427,0,nan,nan,nan,1.1843 0.342 0.93565
0.127,2.46385,0,nan,nan,nan,1.1843 0.342 0.934425
0.128,2.48361,0,nan,nan,nan,1.1843 0.342 0.93319
0.129,2.50328,0,nan,nan,nan,1.1843 0.342 0.931946
0.13,2.52242,0,nan,nan,nan,1.1843 0.342 0.930691
0.131,2.54155,0,nan,nan,nan,1.1843 0.342 0.929427
0.132,2.56122,0,nan,nan,nan,1.1843 0.342 0.928153
0.133,2.58098,0,nan,nan,nan,1.1843 0.342 0.926869
0.134,2.60083,0,nan,nan,nan,1.1843 0.342 0.925576
0.135,2.62024,0,nan,nan,nan,1.1843 0.342 0.924272
0.136,2.63949,0,nan,nan,nan,1.1843 0.342 0.922959
0.137,2.65845,0,nan,nan,nan,1.1843 0.342 0.921636
0.138,2.67749,0,nan,nan,nan,1.1843 0.342 0.920303
0.139,2.69658,0,nan,nan,nan,1.1843 0.342 0.918961
0.14,2.71623,0,nan,nan,nan,1.1843 0.342 0.917608
0.141,2.73876,0,nan,nan,nan,1.1843 0.342 0.916246
0.142,2.76275,0,nan,nan,nan,1.1843 0.342 0.914874
0.143,2.78286,0,nan,nan,nan,1.1843 0.342 0.913492
0.144,2.80254,0,nan,nan,nan,1.1843 0.342 0.912101
0.145,2.82215,0,nan,nan,nan,1.1843 0.342 0.910699
0.146,2.84169,0,nan,nan,nan,1.1843 0.342 0.909288
0.147,2.86125,0,nan,nan,nan,1.1843 0.342 0.907867
0.148,2.88068,0,nan,nan,nan,1.1843 0.342 0.906436
0.149,2.90028,0,nan,nan,nan,1.1843 0.342 0.904996
0.15,2.91983,0,nan,nan,nan,1.1843 0.342 0.903545
0.151,2.93922,0,nan,nan,nan,1.1843 0.342 0.902085
0.152,2.95865,0,nan,nan,nan,1.1843 0.342 0.900615
0.153,2.97803,0,nan,nan,nan,1.1843 0.342 0.899135
0.154,2.99739,0,nan,nan,nan,1.1843 0.342 0.897646
0.155,3.0168,0,nan,nan,nan,1.1843 0.342 0.896146
0.156,3.03612,0,nan,nan,nan,1.1843 0.342 0.894637
0.157,3.05565,0,nan,nan,nan,1.1843 0.342 0.893118
0.158,3.07511,0,nan,nan,nan,1.1843 0.342 0.891589
0.159,3.09452,0,nan,nan,nan,1.1843 0.342 0.890051
0.16,3.11373,0,nan,nan,nan,1.1843 0.342 0.888502
0.161,3.13285,0,nan,nan,nan,1.1843 0.342 0.886944
0.162,3.152,0,nan,nan,nan,1.1843 0.342 0.885376
0.163,3.17116,0,nan,nan,nan,1.1843 0.342 0.883798
0.164,3.19035,0,nan,nan,nan,1.1843 0.342 0.882211
0.165,3.20951,0,nan,nan,nan,1.1843 0.342 0.880613
0.166,3.2287,0,nan,nan,nan,1.1843 0.342 0.879006
0.167,3.24783,0,nan,nan,nan,1.1843 0.342 0.877389
0.168,3.267,0,nan,nan,nan,1.1843 0.342 0.875762
0.169,3.28614,0,nan,nan,nan,1.1843 0.342 0.874126
0.17,3.30529,0,nan,nan,nan,1.1843 0.342 0.872479
0.171,3.32441,0,nan,nan,nan,1.1843 0.342 0.870823
0.172,3.34354,0,nan,nan,nan,1.1843 0.342 0.869157
0.173,3.36267,0,nan,nan,nan,1.1843 0.342 0.867481
0.174,3.38178,0,nan,nan,nan,1.1843 0.342 0.865796
0.175,3.40091,0,nan,nan,nan,1.1843 0.342 0.8641
0.176,3.42003,0,nan,nan,nan,1.1843 0.342 0.862395
0.177,3.43915,0,nan,nan,nan,1.1843 0.342 0.86068
0.178,3.45835,0,nan,nan,nan,1.1843 0.342 0.858955
0.179,3.47747,0,nan,nan,nan,1.1843 0.342 0.857221
0.18,3.49661,0,nan,nan,nan,1.1843 0.342 0.855476
0.181,3.51574,0,nan,nan,nan,1.1843 0.342 0.853722
0.182,3.53487,0,nan,nan,nan,1.1843 0.342 0.851958
0.183,3.55397,0,nan,nan,nan,1.1843 0.342 0.850184
0.184,3.57312,0,nan,nan,nan,1.1843 0.342 0.848401
0.185,3.59224,0,nan,nan,nan,1.1843 0.342 0.846607
0.186,3.61138,0,nan,nan,nan,1.1843 0.342 0.844804
0.187,3.63051,0,nan,nan,nan,1.1843 0.342 0.842991
0.188,3.64965,0,nan,nan,nan,1.1843 0.342 0.841168
0.189,3.66874,0,nan,nan,nan,1.1843 0.342 0.839336
0.19,3.68783,0,nan,nan,nan,1.1843 0.342 0.837493
0.191,3.70696,0,nan,nan,nan,1.1843 0.342 0.835641
0.192,3.72613,0,nan,nan,nan,1.1843 0.342 0.833779
0.193,3.74523,0,nan,nan,nan,1.1843 0.342 0.831907
0.194,3.7644,0,nan,nan,nan,1.1843 0.342 0.830026
0.195,3.78352,0,nan,nan,nan,1.1843 0.342 0.828134
0.196,3.80268,0,nan,nan,nan,1.1843 0.342 0.826233
0.197,3.8218,0,nan,nan,nan,1.1843 0.342 0.824322
0.198,3.84099,0,nan,nan,nan,1.1843 0.342 0.822401
0.199,3.86015,0,nan,nan,nan,1.1843 0.342 0.820471
0.2,3.87926,0,nan,nan,nan,1.1843 0.342 0.81853
0.201,3.89837,0,nan,nan,nan,1.1843 0.342 0.81658
0.202,3.91753,0,nan,nan,nan,1.1843 0.342 0.81462
0.203,3.93666,0,nan,nan,nan,1.1843 0.342 0.81265
0.204,3.95581,0,nan,nan,nan,1.1843 0.342 0.810671
0.205,3.97499,0,nan,nan,nan,1.1843 0.342 0.808681
0.206,3.99405,0,nan,nan,nan,1.1843 0.342 0.806682
0.207,4.01351,0,nan,nan,nan,1.1843 0.342 0.804673
0.208,4.03266,0,nan,nan,nan,1.1843 0.342 0.802654
0.209,4.05187,0,nan,nan,nan,1.1843 0.342 0.800626
0.21,4.07098,0,nan,nan,nan,1.1843 0.342 0.798587
0.211,4.09014,0,nan,nan,nan,1.1843 0.342 0.796539
0.212,4.10933,0,nan,nan,nan,1.1843 0.342 0.794481
0.213,4.12842,0,nan,nan,nan,1.1843 0.342 0.792413
0.214,4.14753,0,nan,nan,nan,1.1843 0.342 0.790336
0.215,4.16669,0,nan,nan,nan,1.1843 0.342 0.788248
0.216,4.18581,0,nan,nan,nan,1.1843 0.342 0.786151
0.217,4.20498,0,nan,nan,nan,1.1843 0.342 0.784044
0.218,4.22416,0,nan,nan,nan,1.1843 0.342 0.781927
0.219,4.24334,0,nan,nan,nan,1.1843 0.342 0.779801
0.22,4.26246,0,nan,nan,nan,1.1843 0.342 0.777664
0.221,4.28152,0,nan,nan,nan,1.1843 0.342 0.775518
0.222,4.3006,0,nan,nan,nan,1.1843 0.342 0.773362
0.223,4.31969,0,nan,nan,nan,1.1843 0.342 0.771196
0.224,4.33881,0,nan,nan,nan,1.1843 0.342 0.769021
0.225,4.35795,0,nan,nan,nan,1.1843 0.342 0.766835
0.226,4.37704,0,nan,nan,nan,1.1843 0.342 0.76464
0.227,4.39612,0,nan,nan,nan,1.1843 0.342 0.762435
0.228,4.41519,0,nan,nan,nan,1.1843 0.342 0.76022
0.229,4.43426,0,nan,nan,nan,1.1843 0.342 0.757996
0.23,4.45332,0,nan,nan,nan,1.1843 0.342 0.755761
0.231,4.47247,0,nan,nan,nan,1.1843 0.342 0.753517
0.232,4.49159,0,nan,nan,nan,1.1843 0.342 0.751263
0.233,4.51071,0,nan,nan,nan,1.1843 0.342 0.748999
0.234,4.52983,0,nan,nan,nan,1.1843 0.342 0.746726
0.235,4.54897,0,nan,nan,nan,1.1843 0.342 0.744442
0.236,4.56811,0,nan,nan,nan,1.1843 0.342 0.742149
0.237,4.58721,0,nan,nan,nan,1.1843 0.342 0.739846
0.238,4.60636,0,nan,nan,nan,1.1843 0.342 0.737533
0.239,4.62551,0,nan,nan,nan,1.1843 0.342 0.735211
0.24,4.64463,0,nan,nan,nan,1.1843 0.342 0.732878
0.241,4.66377,0,nan,nan,nan,1.1843 0.342 0.730536
0.242,4.68287,0,nan,nan,nan,1.1843 0.342 0.728184
0.243,4.70197,0,nan,nan,nan,1.1843 0.342 0.725822
0.244,4.72112,0,nan,nan,nan,1.1843 0.342 0.723451
0.245,4.74027,0,nan,nan,nan,1.1843 0.342 0.721069
0.246,4.75946,0,nan,nan,nan,1.1843 0.342 0.718678
0.247,4.77856,0,nan,nan,nan,1.1843 0.342 0.716277
0.248,4.79771,0,nan,nan,nan,1.1843 0.342 0.713866
0.249,4.81686,0,nan,nan,nan,1.1843 0.342 0.711446
0.25,4.83594,0,nan,nan,nan,1.1843 0.342 0.709015
0.251,4.85505,0,nan,nan,nan,1.1843 0.342 0.706575
0.252,4.87414,0,nan,nan,nan,1.1843 0.342 0.704125
0.253,4.89329,0,nan,nan,nan,1.1843 0.342 0.701665
0.254,4.91237,0,nan,nan,nan,1.1843 0.342 0.699196
0.255,4.93143,0,nan,nan,nan,1.1843 0.342 0.696716
0.256,4.95054,0,nan,nan,nan,1.1843 0.342 0.694227
0.257,4.96965,0,nan,nan,nan,1.1843 0.342 0.691728
0.258,4.98873,0,nan,nan,nan,1.1843 0.342 0.689219
0.259,5.00822,0,nan,nan,nan,1.1843 0.342 0.686701
0.26,5.02738,0,nan,nan,nan,1.1843 0.342 0.684172
0.261,5.04656,0,nan,nan,nan,1.1843 0.342 0.681634
0.262,5.06568,0,nan,nan,nan,1.1843 0.342 0.679086
0.263,5.08469,0,nan,nan,nan,1.1843 0.342 0.676528
0.264,5.10377,0,nan,nan,nan,1.1843 0.342 0.673961
0.265,5.12291,0,nan,nan,nan,1.1843 0.342 0.671383
0.266,5.14203,0,nan,nan,nan,1.1843 0.342 0.668796
0.267,5.16115,0,nan,nan,nan,1.1843 0.342 0.666199
0.268,5.1803,0,nan,nan,nan,1.1843 0.342 0.663592
0.269,5.19939,0,nan,nan,nan,1.1843 0.342 0.660976
0.27,5.21848,0,nan,nan,nan,1.1843 0.342 0.658349
0.271,5.23759,0,nan,nan,nan,1.1843 0.342 0.655713
0.272,5.25669,0,nan,nan,nan,1.1843 0.342 0.653067
0.273,5.2758,0,nan,nan,nan,1.1843 0.342 0.650411
0.274,5.29486,0,nan,nan,nan,1.1843 0.342 0.647746
0.275,5.31394,0,nan,nan,nan,1.1843 0.342 0.64507
0.276,5.33305,0,nan,nan,nan,1.1843 0.342 0.642385
0.277,5.35217,0,nan,nan,nan,1.1843 0.342 0.63969
0.278,5.37126,0,nan,nan,nan,1.1843 0.342 0.636985
0.279,5.3904,0,nan,nan,nan,1.1843 0.342 0.634271
0.28,5.40954,0,nan,nan,nan,1.1843 0.342 0.631546
0.281,5.42863,0,nan,nan,nan,1.1843 0.342 0.628812
0.282,5.44773,0,nan,nan,nan,1.1843 0.342 0.626068
0.283,5.46681,0,nan,nan,nan,1.1843 0.342 0.623314
0.284,5.48595,0,nan,nan,nan,1.1843 0.342 0.620551
0.285,5.50508,0,nan,nan,nan,1.1843 0.342 0.617777
0.286,5.52422,0,nan,nan,nan,1.1843 0.342 0.614994
0.287,5.54344,0,nan,nan,nan,1.1843 0.342 0.612201
0.288,5.56255,0,nan,nan,nan,1.1843 0.342 0.609398
0.289,5.58169,0,nan,nan,nan,1.1843 0.342 0.606586
0.29,5.60077,0,nan,nan,nan,1.1843 0.342 0.603763
0.291,5.61989,0,nan,nan,nan,1.1843 0.342 0.600931
0.292,5.63906,0,nan,nan,nan,1.1843 0.342 0.598089
0.293,5.65811,0,nan,nan,nan,1.1843 0.342 0.595237
0.294,5.67724,0,nan,nan,nan,1.1843 0.342 0.592376
0.295,5.69638,0,nan,nan,nan,1.1843 0.342 0.589504
0.296,5.71552,0,nan,nan,nan,1.1843 0.342 0.586623
0.297,5.73459,0,nan,nan,nan,1.1843 0.342 0.583732
0.298,5.75369,0,nan,nan,nan,1.1843 0.342 0.580831
0.299,5.77287,0,nan,nan,nan,1.1843 0.342 0.577921
0.3,5.79201,0,nan,nan,nan,1.1843 0.342 0.575
0.301,5.81104,0,nan,nan,nan,1.1843 0.342 0.57207
0.302,5.83012,0,nan,nan,nan,1.1843 0.342 0.56913
0.303,5.8492,0,nan,nan,nan,1.1843 0.342 0.56618
0.304,5.86834,0,nan,nan,nan,1.1843 0.342 0.563221
0.305,5.88745,0,nan,nan,nan,1.1843 0.342 0.560251
0.306,5.90657,0,nan,nan,nan,1.1843 0.342 0.557272
0.307,5.92571,0,nan,nan,nan,1.1843 0.342 0.554283
0.308,5.94481,0,nan,nan,nan,1.1843 0.342 0.551284
0.309,5.96389,0,nan,nan,nan,1.1843 0.342 0.548276
0.31,5.98291,0,nan,nan,nan,1.1843 0.342 0.545257
0.311,6.00223,0,nan,nan,nan,1.1843 0.342 0.542229
0.312,6.0214,0,nan,nan,nan,1.1843 0.342 0.539191
0.313,6.0406,0,nan,nan,nan,1.1843 0.342 0.536143
0.314,6.05974,0,nan,nan,nan,1.1843 0.342 0.533086
0.315,6.07887,0,nan,nan,nan,1.1843 0.342 0.530018
0.316,6.09796,0,nan,nan,nan,1.1843 0.342 0.526941
0.317,6.11704,0,nan,nan,nan,1.1843 0.342 0.523854
0.318,6.13619,0,nan,nan,nan,1.1843 0.342 0.520757
0.319,6.15533,0,nan,nan,nan,1.1843 0.342 0.517651
0.32,6.17439,0,nan,nan,nan,1.1843 0.342 0.514534
0.321,6.19349,0,nan,nan,nan,1.1843 0.342 0.511408
0.322,6.21259,0,nan,nan,nan,1.1843 0.342 0.508272
0.323,6.23172,0,nan,nan,nan,1.1843 0.342 0.505126
0.324,6.25082,0,nan,nan,nan,1.1843 0.342 0.501971
0.325,6.2699,0,nan,nan,nan,1.1843 0.342 0.498805
0.326,6.28903,0,nan,nan,nan,1.1843 0.342 0.49563
0.327,6.30814,0,nan,nan,nan,1.1843 0.342 0.492445
0.328,6.32728,0,nan,nan,nan,1.1843 0.342 0.48925
0.329,6.34636,0,nan,nan,nan,1.1843 0.342 0.486046
0.33,6.36545,0,nan,nan,nan,1.1843 0.342 0.482831
0.331,6.3845,0,nan,nan,nan,1.1843 0.342 0.479607
0.332,6.40358,0,nan,nan,nan,1.1843 0.342 0.476373
0.333,6.42267,0,nan,nan,nan,1.1843 0.342 0.473129
0.334,6.44175,0,nan,nan,nan,1.1843 0.342 0.469876
0.335,6.4609,0,nan,nan,nan,1.1843 0.342 0.466612
0.336,6.48001,0,nan,nan,nan,1.1843 0.342 0.463339
0.337,6.49911,0,nan,nan,nan,1.1843 0.342 0.460056
0.338,6.51822,0,nan,nan,nan,1.1843 0.342 0.456763
0.339,6.53735,0,nan,nan,nan,1.1843 0.342 0.453461
0.34,6.5564,0,nan,nan,nan,1.1843 0.342 0.450148
0.341,6.57555,0,nan,nan,nan,1.1843 0.342 0.446826
0.342,6.59461,0,nan,nan,nan,1.1843 0.342 0.443494
0.343,6.61366,0,nan,nan,nan,1.1843 0.342 0.440152
0.344,6.63274,0,nan,nan,nan,1.1843 0.342 0.436801
0.345,6.65183,0,nan,nan,nan,1.1843 0.342 0.433439
0.346,6.67094,0,nan,nan,nan,1.1843 0.342 0.430068
0.347,6.69,0,nan,nan,nan,1.1843 0.342 0.426687
0.348,6.70912,0,nan,nan,nan,1.1843 0.342 0.423296
0.349,6.72827,0,nan,nan,nan,1.1843 0.342 0.419896
0.35,6.74741,0,nan,nan,nan,1.1843 0.342 0.416485
0.351,6.76652,0,nan,nan,nan,1.1843 0.342 0.413065
0.352,6.78562,0,nan,nan,nan,1.1843 0.342 0.409635
0.353,6.80473,0,nan,nan,nan,1.1843 0.342 0.406195
0.354,6.82385,0,nan,nan,nan,1.1843 0.342 0.402746
0.355,6.843,0,nan,nan,nan,1.1843 0.342 0.399286
0.356,6.86212,0,nan,nan,nan,1.1843 0.342 0.395817
0.357,6.88124,0,nan,nan,nan,1.1843 0.342 0.392338
0.358,6.90037,0,nan,nan,nan,1.1843 0.342 0.388849
0.359,6.91948,0,nan,nan,nan,1.1843 0.342 0.385351
0.36,6.93857,0,nan,nan,nan,1.1843 0.342 0.381842
0.361,6.95764,0,nan,nan,nan,1.1843 0.342 0.378324
0.362,6.97678,0,nan,nan,nan,1.1843 0.342 0.374796
0.363,6.99588,0,nan,nan,nan,1.1843 0.342 0.371258
0.364,7.01518,0,nan,nan,nan,1.1843 0.342 0.367711
0.365,7.03441,0,nan,nan,nan,1.1843 0.342 0.364153
0.366,7.05354,0,nan,nan,nan,1.1843 0.342 0.360586
0.367,7.0726,0,nan,nan,nan,1.1843 0.342 0.357009
0.368,7.09168,0,nan,nan,nan,1.1843 0.342 0.353422
0.369,7.1108,0,nan,nan,nan,1.1843 0.342 0.349826
0.37,7.12991,0,nan,nan,nan,1.1843 0.342 0.346219
0.371,7.14902,0,nan,nan,nan,1.1843 0.342 0.342603
0.372,7.16812,0,nan,nan,nan,1.1843 0.342 0.338977
0.373,7.18724,0,nan,nan,nan,1.1843 0.342 0.335341
0.374,7.20633,0,nan,nan,nan,1.1843 0.342 0.331696
0.375,7.22548,0,nan,nan,nan,1.1843 0.342 0.32804
0.376,7.24477,0,nan,nan,nan,1.1843 0.342 0.324375
0.377,7.26394,0,nan,nan,nan,1.1843 0.342 0.3207
0.378,7.28303,0,nan,nan,nan,1.1843 0.342 0.317015
0.379,7.30213,0,nan,nan,nan,1.1843 0.342 0.313321
0.38,7.32131,0,nan,nan,nan,1.1843 0.342 0.309616
0.381,7.34041,0,nan,nan,nan,1.1843 0.342 0.305902
0.382,7.35951,0,nan,nan,nan,1.1843 0.342 0.302178
0.383,7.37864,0,nan,nan,nan,1.1843 0.342 0.298444
0.384,7.39774,0,nan,nan,nan,1.1843 0.342 0.294701
0.385,7.41684,0,nan,nan,nan,1.1843 0.342 0.290947
0.386,7.43599,0,nan,nan,nan,1.1843 0.342 0.287184
0.387,7.4551,0,nan,nan,nan,1.1843 0.342 0.283411
0.388,7.47425,0,nan,nan,nan,1.1843 0.342 0.279628
0.389,7.49332,0,nan,nan,nan,1.1843 0.342 0.275836
0.39,7.51244,0,nan,nan,nan,1.1843 0.342 0.272033
0.391,7.53151,0,nan,nan,nan,1.1843 0.342 0.268221
0.392,7.55065,0,nan,nan,nan,1.1843 0.342 0.264399
0.393,7.56975,0,nan,nan,nan,1.1843 0.342 0.260567
0.394,7.58882,0,nan,nan,nan,1.1843 0.342 0.256726
0.395,7.60793,0,nan,nan,nan,1.1843 0.342 0.252874
0.396,7.62706,0,nan,nan,nan,1.1843 0.342 0.249013
0.397,7.64613,0,nan,nan,nan,1.1843 0.342 0.245142
0.398,7.6652,0,nan,nan,nan,1.1843 0.342 0.241261
0.399,7.68431,0,nan,nan,nan,1.1843 0.342 0.237371
0.4,7.70339,0,nan,nan,nan,1.1843 0.342 0.23347
0.401,7.7224,0,nan,nan,nan,1.1843 0.342 0.22956
0.402,7.7415,0,nan,nan,nan,1.1843 0.342 0.22564
0.403,7.76064,0,nan,nan,nan,1.1843 0.342 0.22171
0.404,7.77974,0,nan,nan,nan,1.1843 0.342 0.217771
0.405,7.79882,0,nan,nan,nan,1.1843 0.342 0.213821
0.406,7.81793,0,nan,nan,nan,1.1843 0.342 0.209862
0.407,7.837,0,nan,nan,nan,1.1843 0.342 0.205893
0.408,7.85612,0,nan,nan,nan,1.1843 0.342 0.201914
0.409,7.87523,0,nan,nan,nan,1.1843 0.342 0.197926
0.41,7.89436,0,nan,nan,nan,1.1843 0.342 0.193927
0.411,7.91347,0,nan,nan,nan,1.1843 0.342 0.189919
0.412,7.93258,0,nan,nan,nan,1.1843 0.342 0.185901
0.413,7.95163,0,nan,nan,nan,1.1843 0.342 0.181873
0.414,7.97071,0,nan,nan,nan,1.1843 0.342 0.177836
0.415,7.98981,0,nan,nan,nan,1.1843 0.342 0.173788
0.416,8.00927,0,nan,nan,nan,1.1843 0.342 0.169731
0.417,8.02843,0,nan,nan,nan,1.1843 0.342 0.165664
0.418,8.04764,0,nan,nan,nan,1.1843 0.342 0.161587
0.419,8.06681,0,nan,nan,nan,1.1843 0.342 0.157501
0.42,8.08593,0,nan,nan,nan,1.1843 0.342 0.153404
0.421,8.10504,0,nan,nan,nan,1.1843 0.342 0.149298
0.422,8.12414,0,nan,nan,nan,1.1843 0.342 0.145182
0.423,8.14325,0,nan,nan,nan,1.1843 0.342 0.141056
0.424,8.16237,0,nan,nan,nan,1.1843 0.342 0.136921
0.425,8.18149,0,nan,nan,nan,1.1843 0.342 0.132775
0.426,8.20061,0,nan,nan,nan,1.1843 0.342 0.12862
0.427,8.21972,0,nan,nan,nan,1.1843 0.342 0.124455
0.428,8.23876,0,nan,nan,nan,1.1843 0.342 0.12028
0.429,8.25782,0,nan,nan,nan,1.1843 0.342 0.116096
0.43,8.27696,0,nan,nan,nan,1.1843 0.342 0.111901
0.431,8.29606,0,nan,nan,nan,1.1843 0.342 0.107697
0.432,8.31515,0,nan,nan,nan,1.1843 0.342 0.103483
0.433,8.33429,0,nan,nan,nan,1.1843 0.342 0.099259
0.434,8.35337,0,nan,nan,nan,1.1843 0.342 0.095026
0.435,8.37253,0,nan,nan,nan,1.1843 0.342 0.090782
0.436,8.39158,0,nan,nan,nan,1.1843 0.342 0.086529
0.437,8.41073,0,nan,nan,nan,1.1843 0.342 0.082266
0.438,8.42988,0,nan,nan,nan,1.1843 0.342 0.077993
0.439,8.44896,0,nan,nan,nan,1.1843 0.342 0.073711
0.44,8.46807,0,nan,nan,nan,1.1843 0.342 0.069418
0.441,8.48717,0,nan,nan,nan,1.1843 0.342 0.065116
0.442,8.5063,0,nan,nan,nan,1.1843 0.342 0.060804
0.443,8.52542,0,nan,nan,nan,1.1843 0.342 0.056482
0.444,8.54456,0,nan,nan,nan,1.1843 0.342 0.052151
0.445,8.56369,0,nan,nan,nan,1.1843 0.342 0.047809
0.446,8.58271,0,nan,nan,nan,1.1843 0.342 0.043458
0.447,8.60173,0,nan,nan,nan,1.1843 0.342 0.039097
0.448,8.62085,0,nan,nan,nan,1.1843 0.342 0.034726
0.449,8.63992,0,nan,nan,nan,1.1843 0.342 0.030346
0.45,8.65905,0,nan,nan,nan,1.1843 0.342 0.025955
0.451,8.67817,0,nan,nan,nan,1.1843 0.342 0.021555
0.452,8.6973,0,nan,nan,nan,1.1843 0.342 0.017145
0.453,8.71643,0,nan,nan,nan,1.1843 0.342 0.012725
0.454,8.73553,0,nan,nan,nan,1.1843 0.342 0.008296
0.455,8.75463,0,nan,nan,nan,1.1843 0.342 0.003856
0.456,8.77372,0,nan,nan,nan,1.1843 0.342 -0.000593
0.457,8.79287,0,nan,nan,nan,1.1843 0.342 -0.005052
0.458,8.81198,0,nan,nan,nan,1.1843 0.342 -0.009521
0.459,8.83107,0,nan,nan,nan,1.1843 0.342 -0.013999
0.46,8.85016,0,nan,nan,nan,1.1843 0.342 -0.018488
0.461,8.86922,0,nan,nan,nan,1.1843 0.342 -0.022986
0.462,8.8883,0,nan,nan,nan,1.1843 0.342 -0.027494
0.463,8.90742,0,nan,nan,nan,1.1843 0.342 -0.032012
0.464,8.92655,0,nan,nan,nan,1.1843 0.342 -0.036539
0.465,8.94564,0,nan,nan,nan,1.1843 0.342 -0.041077
0.466,8.96479,0,nan,nan,nan,1.1843 0.342 -0.045624
0.467,8.98389,0,nan,nan,nan,1.1843 0.342 -0.050181
0.468,9.00316,0,nan,nan,nan,1.1843 0.342 -0.054748
0.469,9.02227,0,nan,nan,nan,1.1843 0.342 -0.059324
0.47,9.04148,0,nan,nan,nan,1.1843 0.342 -0.063911
0.471,9.06064,0,nan,nan,nan,1.1843 0.342 -0.068507
0.472,9.07979,0,nan,nan,nan,1.1843 0.342 -0.073113
0.473,9.09884,0,nan,nan,nan,1.1843 0.342 -0.077729
0.474,9.11797,0,nan,nan,nan,1.1843 0.342 -0.082354
0.475,9.13707,0,nan,nan,nan,1.1843 0.342 -0.08699
0.476,9.15617,0,nan,nan,nan,1.1843 0.342 -0.091635
0.477,9.17537,0,nan,nan,nan,1.1843 0.342 -0.09629
0.478,9.19446,0,nan,nan,nan,1.1843 0.342 -0.100955
0.479,9.21359,0,nan,nan,nan,1.1843 0.342 -0.105629
0.48,9.23271,0,nan,nan,nan,1.1843 0.342 -0.110314
0.481,9.25183,0,nan,nan,nan,1.1843 0.342 -0.115008
0.482,9.27093,0,nan,nan,nan,1.1843 0.342 -0.119712
0.483,9.29004,0,nan,nan,nan,1.1843 0.342 -0.124426
0.484,9.30915,0,nan,nan,nan,1.1843 0.342 -0.129149
0.485,9.32829,0,nan,nan,nan,1.1843 0.342 -0.133883
0.486,9.34742,0,nan,nan,nan,1.1843 0.342 -0.138626
0.487,9.36654,0,nan,nan,nan,1.1843 0.342 -0.143379
0.488,9.38563,0,nan,nan,nan,1.1843 0.342 -0.148142
0.489,9.40471,0,nan,nan,nan,1.1843 0.342 -0.152914
0.49,9.42385,0,nan,nan,nan,1.1843 0.342 -0.157697
0.491,9.4429,0,nan,nan,nan,1.1843 0.342 -0.162489
0.492,9.46204,0,nan,nan,nan,1.1843 0.342 -0.167291
0.493,9.48114,0,nan,nan,nan,1.1843 0.342 -0.172103
0.494,9.50024,0,nan,nan,nan,1.1843 0.342 -0.176924
0.495,9.51938,0,nan,nan,nan,1.1843 0.342 -0.181756
0.496,9.53848,0,nan,nan,nan,1.1843 0.342 -0.186597
0.497,9.55762,0,nan,nan,nan,1.1843 0.342 -0.191448
0.498,9.57676,0,nan,nan,nan,1.1843 0.342 -0.196309
0.499,9.59587,0,nan,nan,nan,1.1843 0.342 -0.201179
0.5,9.615,0,nan,nan,nan,1.1843 0.342 -0.20606
0.501,9.63408,0,nan,nan,nan,1.1843 0.342 -0.21095
0.502,9.65318,0,nan,nan,nan,1.1843 0.342 -0.21585
0.503,9.67228,0,nan,nan,nan,1.1843 0.342 -0.22076
0.504,9.69135,0,nan,nan,nan,1.1843 0.342 -0.225679
0.505,9.71047,0,nan,nan,nan,1.1843 0.342 -0.230609
0.506,9.72958,0,nan,nan,nan,1.1843 0.342 -0.235548
0.507,9.74864,0,nan,nan,nan,1.1843 0.342 -0.240497
0.508,9.76767,0,nan,nan,nan,1.1843 0.342 -0.245456
0.509,9.78673,0,nan,nan,nan,1.1843 0.342 -0.250424
0.51,9.80586,0,nan,nan,nan,1.1843 0.342 -0.255403
0.511,9.82496,0,nan,nan,nan,1.1843 0.342 -0.260391
0.512,9.84406,0,nan,nan,nan,1.1843 0.342 -0.265389
0.513,9.86315,0,nan,nan,nan,1.1843 0.342 -0.270397
0.514,9.88222,0,nan,nan,nan,1.1843 0.342 -0.275414
0.515,9.90132,0,nan,nan,nan,1.1843 0.342 -0.280442
0.516,9.92043,0,nan,nan,nan,1.1843 0.342 -0.285479
0.517,9.93953,0,nan,nan,nan,1.1843 0.342 -0.290526
0.518,9.95865,0,nan,nan,nan,1.1843 0.342 -0.295583
0.519,9.97779,0,nan,nan,nan,1.1843 0.342 -0.300649
0.52,9.9969,0,nan,nan,nan,1.1843 0.342 -0.305726
0.521,10.0162,0,nan,nan,nan,1.1843 0.342 -0.310812
0.522,10.0353,0,nan,nan,nan,1.1843 0.342 -0.315908
0.523,10.0544,0,nan,nan,nan,1.1843 0.342 -0.321014
0.524,10.0735,0,nan,nan,nan,1.1843 0.342 -0.326129
0.525,10.0926,0,nan,nan,nan,1.1843 0.342 -0.331255
0.526,10.1117,0,nan,nan,nan,1.1843 0.342 -0.33639
0.527,10.1309,0,nan,nan,nan,1.1843 0.342 -0.341535
0.528,10.15,0,nan,nan,nan,1.1843 0.342 -0.34669
0.529,10.169,0,nan,nan,nan,1.1843 0.342 -0.351854
0.53,10.1881,0,nan,nan,nan,1.1843 0.342 -0.357029
0.531,10.2072,0,nan,nan,nan,1.1843 0.342 -0.362213
0.532,10.2263,0,nan,nan,nan,1.1843 0.342 -0.367407
0.533,10.2454,0,nan,nan,nan,1.1843 0.342 -0.372611
0.534,10.2646,0,nan,nan,nan,1.1843 0.342 -0.377824
0.535,10.2837,0,nan,nan,nan,1.1843 0.342 -0.383048
0.536,10.3028,0,nan,nan,nan,1.1843 0.342 -0.388281
0.537,10.3219,0,nan,nan,nan,1.1843 0.342 -0.393524
0.538,10.341,0,nan,nan,nan,1.1843 0.342 -0.398777
0.539,10.3601,0,nan,nan,nan,1.1843 0.342 -0.404039
0.54,10.3793,0,nan,nan,nan,1.1843 0.342 -0.409312
0.541,10.3983,0,nan,nan,nan,1.1843 0.342 -0.414594
0.542,10.4174,0,nan,nan,nan,1.1843 0.342 -0.419886
0.543,10.4365,0,nan,nan,nan,1.1843 0.342 -0.425188
0.544,10.4556,0,nan,nan,nan,1.1843 0.342 -0.430499
0.545,10.4747,0,nan,nan,nan,1.1843 0.342 -0.435821
0.546,10.4938,0,nan,nan,nan,1.1843 0.342 -0.441152
0.547,10.5129,0,nan,nan,nan,1.1843 0.342 -0.446493
0.548,10.5321,0,nan,nan,nan,1.1843 0.342 -0.451844
0.549,10.5511,0,nan,nan,nan,1.1843 0.342 -0.457204
0.55,10.5703,0,nan,nan,nan,1.1843 0.342 -0.462575
0.551,10.5894,0,nan,nan,nan,1.1843 0.342 -0.467955
0.552,10.6084,0,nan,nan,nan,1.1843 0.342 -0.473345
0.553,10.6275,0,nan,nan,nan,1.1843 0.342 -0.478745
0.554,10.6466,0,nan,nan,nan,1.1843 0.342 -0.484154
0.555,10.6658,0,nan,nan,nan,1.1843 0.342 -0.489574
0.556,10.6849,0,nan,nan,nan,1.1843 0.342 -0.495003
0.557,10.704,0,nan,nan,nan,1.1843 0.342 -0.500442
0.558,10.7231,0,nan,nan,nan,1.1843 0.342 -0.505891
0.559,10.7423,0,nan,nan,nan,1.1843 0.342 -0.511349
0.56,10.7614,0,nan,nan,nan,1.1843 0.342 -0.516818
0.561,10.7805,0,nan,nan,nan,1.1843 0.342 -0.522296
0.562,10.7996,0,nan,nan,nan,1.1843 0.342 -0.527784
0.563,10.8186,0,nan,nan,nan,1.1843 0.342 -0.533282
0.564,10.8379,0,nan,nan,nan,1.1843 0.342 -0.538789
0.565,10.8571,0,nan,nan,nan,1.1843 0.342 -0.544307
0.566,10.8762,0,nan,nan,nan,1.1843 0.342 -0.549834
0.567,10.8954,0,nan,nan,nan,1.1843 0.342 -0.555371
0.568,10.9145,0,nan,nan,nan,1.1843 0.342 -0.560918
0.569,10.9336,0,nan,nan,nan,1.1843 0.342 -0.566474
0.57,10.9526,0,nan,nan,nan,1.1843 0.342 -0.572041
0.571,10.9718,0,nan,nan,nan,1.1843 0.342 -0.577617
0.572,10.9908,0,nan,nan,nan,1.1843 0.342 -0.583203
0.573,11.0101,0,nan,nan,nan,1.1843 0.342 -0.588799
0.574,11.0292,0,nan,nan,nan,1.1843 0.342 -0.594404
0.575,11.0485,0,nan,nan,nan,1.1843 0.342 -0.60002
0.576,11.0676,0,nan,nan,nan,1.1843 0.342 -0.605645
0.577,11.0867,0,nan,nan,nan,1.1843 0.342 -0.61128
0.578,11.1058,0,nan,nan,nan,1.1843 0.342 -0.616925
0.579,11.1249,0,nan,nan,nan,1.1843 0.342 -0.622579
0.58,11.144,0,nan,nan,nan,1.1843 0.342 -0.628244
0.581,11.1631,0,nan,nan,nan,1.1843 0.342 -0.633918
0.582,11.1823,0,nan,nan,nan,1.1843 0.342 -0.639602
0.583,11.2014,0,nan,nan,nan,1.1843 0.342 -0.645296
0.584,11.2205,0,nan,nan,nan,1.1843 0.342 -0.650999
0.585,11.2396,0,nan,nan,nan,1.1843 0.342 -0.656713
0.586,11.2587,0,nan,nan,nan,1.1843 0.342 -0.662436
0.587,11.2779,0,nan,nan,nan,1.1843 0.342 -0.668169
0.588,11.297,0,nan,nan,nan,1.1843 0.342 -0.673912
0.589,11.3161,0,nan,nan,nan,1.1843 0.342 -0.679664
0.59,11.3352,0,nan,nan,nan,1.1843 0.342 -0.685427
0.591,11.3543,0,nan,nan,nan,1.1843 0.342 -0.691199
0.592,11.3733,0,nan,nan,nan,1.1843 0.342 -0.696981
0.593,11.3924,0,nan,nan,nan,1.1843 0.342 -0.702773
0.594,11.4114,0,nan,nan,nan,1.1843 0.342 -0.708574
0.595,11.4305,0,nan,nan,nan,1.1843 0.342 -0.714386
0.596,11.4496,0,nan,nan,nan,1.1843 0.342 -0.720207
0.597,11.4687,0,nan,nan,nan,1.1843 0.342 -0.726038
0.598,11.4878,0,nan,nan,nan,1.1843 0.342 -0.731879
0.599,11.5069,0,nan,nan,nan,1.1843 0.342 -0.737729
0.6,11.526,0,nan,nan,nan,1.1843 0.342 -0.74359
0.601,11.5451,0,nan,nan,nan,1.1843 0.342 -0.74946
0.602,11.5643,0,nan,nan,nan,1.1843 0.342 -0.75534
0.603,11.5834,0,nan,nan,nan,1.1843 0.342 -0.76123
0.604,11.6024,0,nan,nan,nan,1.1843 0.342 -0.767129
0.605,11.6215,0,nan,nan,nan,1.1843 0.342 -0.773039
0.606,11.6407,0,nan,nan,nan,1.1843 0.342 -0.778958
0.607,11.6598,0,nan,nan,nan,1.1843 0.342 -0.784887
0.608,11.6789,0,nan,nan,nan,1.1843 0.342 -0.790826
0.609,11.6981,0,nan,nan,nan,1.1843 0.342 -0.796774
0.61,11.7172,0,nan,nan,nan,1.1843 0.342 -0.802733
0.611,11.7363,0,nan,nan,nan,1.1843 0.342 -0.808701
0.612,11.7554,0,nan,nan,nan,1.1843 0.342 -0.814679
0.613,11.7745,0,nan,nan,nan,1.1843 0.342 -0.820667
0.614,11.7935,0,nan,nan,nan,1.1843 0.342 -0.826664
0.615,11.8126,0,nan,nan,nan,1.1843 0.342 -0.832672
0.616,11.8318,0,nan,nan,nan,1.1843 0.342 -0.838689
0.617,11.8509,0,nan,nan,nan,1.1843 0.342 -0.844716
0.618,11.87,0,nan,nan,nan,1.1843 0.342 -0.850753
0.619,11.889,0,nan,nan,nan,1.1843 0.342 -0.856799
0.62,11.9081,0,nan,nan,nan,1.1843 0.342 -0.862856
0.621,11.9272,0,nan,nan,nan,1.1843 0.342 -0.868922
0.622,11.9462,0,nan,nan,nan,1.1843 0.342 -0.874998
0.623,11.9654,0,nan,nan,nan,1.1843 0.342 -0.881084
0.624,11.9843,0,nan,nan,nan,1.1843 0.342 -0.887179
0.625,12.0036,0,nan,nan,nan,1.1843 0.342 -0.893285
0.626,12.0226,0,nan,nan,nan,1.1843 0.342 -0.8994
0.627,12.0418,0,nan,nan,nan,1.1843 0.342 -0.905525
0.628,12.0609,0,nan,nan,nan,1.1843 0.342 -0.91166
0.629,12.0799,0,nan,nan,nan,1.1843 0.342 -0.917804
0.63,12.0988,0,nan,nan,nan,1.1843 0.342 -0.923959
0.631,12.1179,0,nan,nan,nan,1.1843 0.342 -0.930123
0.632,12.1368,0,nan,nan,nan,1.1843 0.342 -0.936297
0.633,12.1557,0,nan,nan,nan,1.1843 0.342 -0.942481
0.634,12.1747,0,nan,nan,nan,1.1843 0.342 -0.948674
0.635,12.1936,0,nan,nan,nan,1.1843 0.342 -0.954878
0.636,12.2126,0,nan,nan,nan,1.1843 0.342 -0.961091
0.637,12.2316,0,nan,nan,nan,1.1843 0.342 -0.967314
0.638,12.2506,0,nan,nan,nan,1.1843 0.342 -0.973547
0.639,12.2696,0,nan,nan,nan,1.1843 0.342 -0.979789
0.64,12.2886,0,nan,nan,nan,1.1843 0.342 -0.986042
0.641,12.3077,0,nan,nan,nan,1.1843 0.342 -0.992304
0.642,12.3267,0,nan,nan,nan,1.1843 0.342 -0.998576
0.643,12.3458,0,nan,nan,nan,1.1843 0.342 -1.00486
0.644,12.3647,0,nan,nan,nan,1.1843 0.342 -1.01115
0.645,12.3839,0,nan,nan,nan,1.1843 0.342 -1.01745
0.646,12.4029,0,nan,nan,nan,1.1843 0.342 -1.02376
0.647,12.4219,0,nan,nan,nan,1.1843 0.342 -1.03008
0.648,12.4409,0,nan,nan,nan,1.1843 0.342 -1.03641
0.649,12.4599,0,nan,nan,nan,1.1843 0.342 -1.04275
0.65,12.479,0,nan,nan,nan,1.1843 0.342 -1.0491
0.651,12.4979,0,nan,nan,nan,1.1843 0.342 -1.05547
0.652,12.5169,0,nan,nan,nan,1.1843 0.342 -1.06184
0.653,12.5358,0,nan,nan,nan,1.1843 0.342 -1.06821
0.654,12.5553,0,nan,nan,nan,1.1843 0.342 -1.0746
0.655,12.5748,0,nan,nan,nan,1.1843 0.342 -1.081
0.656,12.5943,0,nan,nan,nan,1.1843 0.342 -1.08741
0.657,12.6135,0,nan,nan,nan,1.1843 0.342 -1.09383
0.658,12.6327,0,nan,nan,nan,1.1843 0.342 -1.10026
0.659,12.652,0,nan,nan,nan,1.1843 0.342 -1.1067
0.66,12.6712,0,nan,nan,nan,1.1843 0.342 -1.11315
0.661,12.6902,0,nan,nan,nan,1.1843 0.342 -1.11961
0.662,12.7093,0,nan,nan,nan,1.1843 0.342 -1.12607
0.663,12.7284,0,nan,nan,nan,1.1843 0.342 -1.13255
0.664,12.7475,0,nan,nan,nan,1.1843 0.342 -1.13904
0.665,12.7666,0,nan,nan,nan,1.1843 0.342 -1.14554
0.666,12.7855,0,nan,nan,nan,1.1843 0.342 -1.15204
0.667,12.8045,0,nan,nan,nan,1.1843 0.342 -1.15856
0.668,12.8235,0,nan,nan,nan,1.1843 0.342 -1.16509
0.669,12.8425,0,nan,nan,nan,1.1843 0.342 -1.17162
0.67,12.8614,0,nan,nan,nan,1.1843 0.342 -1.17817
0.671,12.8804,0,nan,nan,nan,1.1843 0.342 -1.18473
0.672,12.8994,0,nan,nan,nan,1.1843 0.342 -1.19129
0.673,12.9183,0,nan,nan,nan,1.1843 0.342 -1.19787
0.674,12.9373,0,nan,nan,nan,1.1843 0.342 -1.20445
0.675,12.9563,0,nan,nan,nan,1.1843 0.342 -1.21105
0.676,12.9753,0,nan,nan,nan,1.1843 0.342 -1.21765
0.677,12.9942,0,nan,nan,nan,1.1843 0.342 -1.22427
0.678,13.0135,0,nan,nan,nan,1.1843 0.342 -1.2309
0.679,13.0325,0,nan,nan,nan,1.1843 0.342 -1.23753
0.68,13.0515,0,nan,nan,nan,1.1843 0.342 -1.24417
0.681,13.0706,0,nan,nan,nan,1.1843 0.342 -1.25083
0.682,13.0895,0,nan,nan,nan,1.1843 0.342 -1.25749
0.683,13.1085,0,nan,nan,nan,1.1843 0.342 -1.26417
0.684,13.1275,0,nan,nan,nan,1.1843 0.342 -1.27085
0.685,13.1467,0,nan,nan,nan,1.1843 0.342 -1.27754
0.686,13.1656,0,nan,nan,nan,1.1843 0.342 -1.28425
0.687,13.1846,0,nan,nan,nan,1.1843 0.342 -1.29096
0.688,13.2035,0,nan,nan,nan,1.1843 0.342 -1.29768
0.689,13.2224,0,nan,nan,nan,1.1843 0.342 -1.30441
0.69,13.2414,0,nan,nan,nan,1.1843 0.342 -1.31116
0.691,13.2604,0,nan,nan,nan,1.1843 0.342 -1.31791
0.692,13.2792,0,nan,nan,nan,1.1843 0.342 -1.32467
0.693,13.2982,0,nan,nan,nan,1.1843 0.342 -1.33144
0.694,13.3172,0,nan,nan,nan,1.1843 0.342 -1.33822
0.695,13.3361,0,nan,nan,nan,1.1843 0.342 -1.34502
0.696,13.3551,0,nan,nan,nan,1.1843 0.342 -1.35182
0.697,13.374,0,nan,nan,nan,1.1843 0.342 -1.35863
0.698,13.3929,0,nan,nan,nan,1.1843 0.342 -1.36545
0.699,13.4119,0,nan,nan,nan,1.1843 0.342 -1.37228
0.7,13.4309,0,nan,nan,nan,1.1843 0.342 -1.37912
0.701,13.4499,0,nan,nan,nan,1.1843 0.342 -1.38597
0.702,13.4689,0,nan,nan,nan,1.1843 0.342 -1.39283
0.703,13.4878,0,nan,nan,nan,1.1843 0.342 -1.3997
0.704,13.5068,0,nan,nan,nan,1.1843 0.342 -1.40658
0.705,13.5257,0,nan,nan,nan,1.1843 0.342 -1.41347
0.706,13.5447,0,nan,nan,nan,1.1843 0.342 -1.42037
0.707,13.5642,0,nan,nan,nan,1.1843 0.342 -1.42728
0.708,13.5838,0,nan,nan,nan,1.1843 0.342 -1.4342
0.709,13.6028,0,nan,nan,nan,1.1843 0.342 -1.44112
0.71,13.6218,0,nan,nan,nan,1.1843 0.342 -1.44806
0.711,13.6407,0,nan,nan,nan,1.1843 0.342 -1.45501
0.712,13.6597,0,nan,nan,nan,1.1843 0.342 -1.46197
0.713,13.6786,0,nan,nan,nan,1.1843 0.342 -1.46894
0.714,13.6975,0,nan,nan,nan,1.1843 0.342 -1.47591
0.715,13.7165,0,nan,nan,nan,1.1843 0.342 -1.4829
