0.001,-0.00225592,0,0,0,0,1.1843 0.342 1.0116
0.002,0.0145348,0,nan,nan,nan,1.1843 0.342 1.0116
0.003,0.0338169,0,nan,nan,nan,1.1843 0.342 1.01159
0.004,0.052958,0,nan,nan,nan,1.1843 0.342 1.01157
0.005,0.0720842,0,nan,nan,nan,1.1843 0.342 1.01154
0.006,0.0913571,0,nan,nan,nan,1.1843 0.342 1.0115
0.007,0.110733,0,nan,nan,nan,1.1843 0.342 1.01145
0.008,0.130127,0,nan,nan,nan,1.1843 0.342 1.01139
0.009,0.149289,0,nan,nan,nan,1.1843 0.342 1.01133
0.01,0.168556,0,nan,nan,nan,1.1843 0.342 1.01125
0.011,0.187681,0,nan,nan,nan,1.1843 0.342 1.01116
0.012,0.206846,0,nan,nan,nan,1.1843 0.342 1.01106
0.013,0.226108,0,nan,nan,nan,1.1843 0.342 1.01095
0.014,0.245212,0,nan,nan,nan,1.1843 0.342 1.01084
0.015,0.264472,0,nan,nan,nan,1.1843 0.342 1.01071
0.016,0.283899,0,nan,nan,nan,1.1843 0.342 1.01057
0.017,0.303441,0,nan,nan,nan,1.1843 0.342 1.01042
0.018,0.322822,0,nan,nan,nan,1.1843 0.342 1.01027
0.019,0.34215,0,nan,nan,nan,1.1843 0.342 1.0101
0.02,0.361493,0,nan,nan,nan,1.1843 0.342 1.00992
0.021,0.380725,0,nan,nan,nan,1.1843 0.342 1.00974
0.022,0.400073,0,nan,nan,nan,1.1843 0.342 1.00954
0.023,0.419165,0,nan,nan,nan,1.1843 0.342 1.00934
0.024,0.438407,0,nan,nan,nan,1.1843 0.342 1.00912
0.025,0.457545,0,nan,nan,nan,1.1843 0.342 1.0089
0.026,0.476864,0,nan,nan,nan,1.1843 0.342 1.00866
0.027,0.495879,0,nan,nan,nan,1.1843 0.342 1.00842
0.028,0.515011,0,nan,nan,nan,1.1843 0.342 1.00816
0.029,0.534305,0,nan,nan,nan,1.1843 0.342 1.0079
0.03,0.553433,0,nan,nan,nan,1.1843 0.342 1.00762
0.031,0.572676,0,nan,nan,nan,1.1843 0.342 1.00734
0.032,0.591788,0,nan,nan,nan,1.1843 0.342 1.00704
0.033,0.611094,0,nan,nan,nan,1.1843 0.342 1.00674
0.034,0.630225,0,nan,nan,nan,1.1843 0.342 1.00643
0.035,0.649398,0,nan,nan,nan,1.1843 0.342 1.0061
0.036,0.668576,0,nan,nan,nan,1.1843 0.342 1.00577
0.037,0.687546,0,nan,nan,nan,1.1843 0.342 1.00543
0.038,0.706822,0,nan,nan,nan,1.1843 0.342 1.00507
0.039,0.726372,0,nan,nan,nan,1.1843 0.342 1.00471
0.04,0.745614,0,nan,nan,nan,1.1843 0.342 1.00434
0.041,0.765143,0,nan,nan,nan,1.1843 0.342 1.00396
0.042,0.784406,0,nan,nan,nan,1.1843 0.342 1.00356
0.043,0.803865,0,nan,nan,nan,1.1843 0.342 1.00316
0.044,0.823436,0,nan,nan,nan,1.1843 0.342 1.00275
0.045,0.842584,0,nan,nan,nan,1.1843 0.342 1.00233
0.046,0.861751,0,nan,nan,nan,1.1843 0.342 1.0019
0.047,0.881475,0,nan,nan,nan,1.1843 0.342 1.00146
0.048,0.901401,0,nan,nan,nan,1.1843 0.342 1.00101
0.049,0.921291,0,nan,nan,nan,1.1843 0.342 1.00055
0.05,0.941305,0,nan,nan,nan,1.1843 0.342 1.00008
0.051,0.961338,0,nan,nan,nan,1.1843 0.342 0.999595
0.052,0.981371,0,nan,nan,nan,1.1843 0.342 0.999105
0.053,1.00152,0,nan,nan,nan,1.1843 0.342 0.998605
0.054,1.02158,0,nan,nan,nan,1.1843 0.342 0.998096
0.055,1.04092,0,nan,nan,nan,1.1843 0.342 0.997576
0.056,1.06019,0,nan,nan,nan,1.1843 0.342 0.997047
0.057,1.07966,0,nan,nan,nan,1.1843 0.342 0.996508
0.058,1.09914,0,nan,nan,nan,1.1843 0.342 0.995959
0.059,1.11873,0,nan,nan,nan,1.1843 0.342 0.995401
0.06,1.13816,0,nan,nan,nan,1.1843 0.342 0.994832
0.061,1.15733,0,nan,nan,nan,1.1843 0.342 0.994254
0.062,1.17648,0,nan,nan,nan,1.1843 0.342 0.993666
0.063,1.19568,0,nan,nan,nan,1.1843 0.342 0.993068
0.064,1.21502,0,nan,nan,nan,1.1843 0.342 0.992461
0.065,1.23428,0,nan,nan,nan,1.1843 0.342 0.991843
0.066,1.25336,0,nan,nan,nan,1.1843 0.342 0.991216
0.067,1.27255,0,nan,nan,nan,1.1843 0.342 0.990579
0.068,1.29192,0,nan,nan,nan,1.1843 0.342 0.989932
0.069,1.31101,0,nan,nan,nan,1.1843 0.342 0.989276
0.07,1.33028,0,nan,nan,nan,1.1843 0.342 0.988609
0.071,1.34942,0,nan,nan,nan,1.1843 0.342 0.987933
0.072,1.36874,0,nan,nan,nan,1.1843 0.342 0.987247
0.073,1.38793,0,nan,nan,nan,1.1843 0.342 0.986551
0.074,1.40723,0,nan,nan,nan,1.1843 0.342 0.985846
0.075,1.4263,0,nan,nan,nan,1.1843 0.342 0.98513
0.076,1.44545,0,nan,nan,nan,1.1843 0.342 0.984405
0.077,1.46459,0,nan,nan,nan,1.1843 0.342 0.98367
0.078,1.4837,0,nan,nan,nan,1.1843 0.342 0.982925
0.079,1.5029,0,nan,nan,nan,1.1843 0.342 0.982171
0.08,1.52186,0,nan,nan,nan,1.1843 0.342 0.981406
0.081,1.54113,0,nan,nan,nan,1.1843 0.342 0.980632
0.082,1.56038,0,nan,nan,nan,1.1843 0.342 0.979848
0.083,1.57993,0,nan,nan,nan,1.1843 0.342 0.979054
0.084,1.59934,0,nan,nan,nan,1.1843 0.342 0.978251
0.085,1.61858,0,nan,nan,nan,1.1843 0.342 0.977437
0.086,1.63821,0,nan,nan,nan,1.1843 0.342 0.976614
0.087,1.65754,0,nan,nan,nan,1.1843 0.342 0.975781
0.088,1.67704,0,nan,nan,nan,1.1843 0.342 0.974938
0.089,1.6961,0,nan,nan,nan,1.1843 0.342 0.974086
0.09,1.71539,0,nan,nan,nan,1.1843 0.342 0.973223
0.091,1.73447,0,nan,nan,nan,1.1843 0.342 0.972351
0.092,1.75357,0,nan,nan,nan,1.1843 0.342 0.971469
0.093,1.77278,0,nan,nan,nan,1.1843 0.342 0.970577
0.094,1.79186,0,nan,nan,nan,1.1843 0.342 0.969676
0.095,1.81126,0,nan,nan,nan,1.1843 0.342 0.968764
0.096,1.83047,0,nan,nan,nan,1.1843 0.342 0.967843
0.097,1.84983,0,nan,nan,nan,1.1843 0.342 0.966912
0.098,1.86906,0,nan,nan,nan,1.1843 0.342 0.965971
0.099,1.88822,0,nan,nan,nan,1.1843 0.342 0.965021
0.1,1.9075,0,nan,nan,nan,1.1843 0.342 0.96406
0.101,1.92689,0,nan,nan,nan,1.1843 0.342 0.96309
0.102,1.9462,0,nan,nan,nan,1.1843 0.342 0.96211
0.103,1.96525,0,nan,nan,nan,1.1843 0.342 0.96112
0.104,1.98472,0,nan,nan,nan,1.1843 0.342 0.960121
0.105,2.00385,0,nan,nan,nan,1.1843 0.342 0.959111
0.106,2.0231,0,nan,nan,nan,1.1843 0.342 0.958092
0.107,2.04231,0,nan,nan,nan,1.1843 0.342 0.957063
0.108,2.06142,0,nan,nan,nan,1.1843 0.342 0.956024
0.109,2.08059,0,nan,nan,nan,1.1843 0.342 0.954976
0.11,2.09967,0,nan,nan,nan,1.1843 0.342 0.953917
0.111,2.11907,0,nan,nan,nan,1.1843 0.342 0.952849
0.112,2.13831,0,nan,nan,nan,1.1843 0.342 0.951771
0.113,2.15777,0,nan,nan,nan,1.1843 0.342 0.950683
0.114,2.17681,0,nan,nan,nan,1.1843 0.342 0.949586
0.115,2.19614,0,nan,nan,nan,1.1843 0.342 0.948478
0.116,2.21531,0,nan,nan,nan,1.1843 0.342 0.947361
0.117,2.23475,0,nan,nan,nan,1.1843 0.342 0.946234
0.118,2.25401,0,nan,nan,nan,1.1843 0.342 0.945097
0.119,2.27314,0,nan,nan,nan,1.1843 0.342 0.943951
0.12,2.2926,0,nan,nan,nan,1.1843 0.342 0.942794
0.121,2.31158,0,nan,nan,nan,1.1843 0.342 0.941628
0.122,2.33079,0,nan,nan,nan,1.1843 0.342 0.940452
0.123,2.34993,0,nan,nan,nan,1.1843 0.342 0.939266
0.124,2.36899,0,nan,nan,nan,1.1843 0.342 0.938071
0.125,2.38814,0,nan,nan,nan,1.1843 0.342 0.936865
0.126,2.40721,0,nan,nan,nan,1.1843 0.342 0.93565
0.127,2.42646,0,nan,nan,nan,1.1843 0.342 0.934425
0.128,2.44558,0,nan,nan,nan,1.1843 0.342 0.93319
0.129,2.46508,0,nan,nan,nan,1.1843 0.342 0.931946
0.13,2.48422,0,nan,nan,nan,1.1843 0.342 0.930691
0.131,2.50342,0,nan,nan,nan,1.1843 0.342 0.929427
0.132,2.52256,0,nan,nan,nan,1.1843 0.342 0.928153
0.133,2.54157,0,nan,nan,nan,1.1843 0.342 0.926869
0.134,2.56085,0,nan,nan,nan,1.1843 0.342 0.925576
0.135,2.58053,0,nan,nan,nan,1.1843 0.342 0.924272
0.136,2.60027,0,nan,nan,nan,1.1843 0.342 0.922959
0.137,2.61932,0,nan,nan,nan,1.1843 0.342 0.921636
0.138,2.63845,0,nan,nan,nan,1.1843 0.342 0.920303
0.139,2.65751,0,nan,nan,nan,1.1843 0.342 0.918961
0.14,2.67653,0,nan,nan,nan,1.1843 0.342 0.917608
0.141,2.6961,0,nan,nan,nan,1.1843 0.342 0.916246
0.142,2.71679,0,nan,nan,nan,1.1843 0.342 0.914874
0.143,2.74243,0,nan,nan,nan,1.1843 0.342 0.913492
0.144,2.76209,0,nan,nan,nan,1.1843 0.342 0.912101
0.145,2.7817,0,nan,nan,nan,1.1843 0.342 0.910699
0.146,2.8012,0,nan,nan,nan,1.1843 0.342 0.909288
0.147,2.82051,0,nan,nan,nan,1.1843 0.342 0.907867
0.148,2.84006,0,nan,nan,nan,1.1843 0.342 0.906436
0.149,2.85966,0,nan,nan,nan,1.1843 0.342 0.904996
0.15,2.87913,0,nan,nan,nan,1.1843 0.342 0.903545
0.151,2.89849,0,nan,nan,nan,1.1843 0.342 0.902085
0.152,2.91775,0,nan,nan,nan,1.1843 0.342 0.900615
0.153,2.93695,0,nan,nan,nan,1.1843 0.342 0.899135
0.154,2.9561,0,nan,nan,nan,1.1843 0.342 0.897646
0.155,2.97533,0,nan,nan,nan,1.1843 0.342 0.896146
