0.001,0.000144954,0,0,0,0,0 0 0.5
0.002,0.0164502,0,3.97266e-15,3.87662e-14,2.13694e-14,-0 -0 0.5
0.003,0.0173939,0,9.36365e-15,4.25175e-15,6.8077e-15,0 -0 0.5
0.004,0.0184611,0,8.02353e-15,2.40631e-15,5.21492e-15,-0 -0 0.5
0.005,0.019465,0,5.67538e-15,3.38632e-15,4.53085e-15,-0 -0 0.5
0.006,0.0204718,0,5.35353e-15,4.83136e-15,5.09245e-15,-0 -0 0.5
0.007,0.0214811,0,5.73904e-15,5.57464e-15,5.65684e-15,-0 -0 0.5
0.008,0.0224864,0,6.52687e-15,5.54156e-15,6.03421e-15,-0 -0 0.5
0.009,0.023527,0,7.54017e-15,5.00732e-15,6.27375e-15,-0 -0 0.5
0.01,0.0245666,0,8.66111e-15,4.26486e-15,6.46298e-15,-0 -0 0.5
0.011,0.025576,0,1.17392e-14,3.37544e-15,7.55731e-15,-0 -0 0.5
0.012,0.0265803,0,1.20354e-14,3.09958e-15,7.56748e-15,-0 -0 0.5
0.013,0.0275838,0,1.29483e-14,2.97411e-15,7.9612e-15,-0 -0 0.5
0.014,0.0285933,0,1.52129e-14,3.32141e-15,9.26715e-15,-0 -0 0.5
0.015,0.0295358,0,1.59397e-14,3.92564e-15,9.93267e-15,-0 -0 0.5
0.016,0.0305602,0,1.72375e-14,5.13631e-15,1.11869e-14,-0 -0 0.5
0.017,0.0316208,0,1.85626e-14,6.85056e-15,1.27066e-14,-0 -0 0.5
0.018,0.0326453,0,1.99139e-14,9.12396e-15,1.45189e-14,-0 -0 0.5
0.019,0.0336427,0,2.13179e-14,1.20209e-14,1.66694e-14,-0 -0 0.5
0.02,0.0346414,0,2.54383e-14,1.64697e-14,2.0954e-14,-0 -0 0.5
0.021,0.0356407,0,2.57151e-14,1.95541e-14,2.26346e-14,-0 -0 0.5
0.022,0.0366429,0,2.71237e-14,2.40535e-14,2.55886e-14,-0 -0 0.5
0.023,0.0376486,0,2.87714e-14,2.9283e-14,2.90272e-14,-0 -0 0.5
0.024,0.0386531,0,3.04483e-14,3.52396e-14,3.28439e-14,-0 -0 0.5
0.025,0.0396607,0,4.05775e-14,4.64222e-14,4.34999e-14,-0 -0 0.5
0.026,0.040672,0,4.29725e-14,5.0654e-14,4.68132e-14,-0 -0 0.5
0.027,0.0416773,0,4.7977e-14,5.74006e-14,5.26888e-14,-0 -0 0.5
0.028,0.0426838,0,4.571e-14,5.99159e-14,5.2813e-14,-0 -0 0.5
0.029,0.0436871,0,4.80311e-14,6.78313e-14,5.79312e-14,-0 -0 0.5
0.03,0.04469,0,4.98477e-14,7.72088e-14,6.35282e-14,-0 -0 0.5
0.031,0.0456929,0,5.2921e-14,8.90979e-14,7.10094e-14,-0 -0 0.5
0.032,0.046726,0,5.55391e-14,1.02412e-13,7.89757e-14,-0 -0 0.5
0.033,0.0477339,0,5.86896e-14,1.17458e-13,8.80737e-14,-0 -0 0.5
0.034,0.0486816,0,6.17169e-14,1.33787e-13,9.77522e-14,-0 -0 0.5
0.035,0.0496603,0,6.49915e-14,1.51487e-13,1.08239e-13,-0 -0 0.5
0.036,0.0506005,0,6.82866e-14,1.7046e-13,1.19373e-13,-0 -0 0.5
0.037,0.0516402,0,7.17353e-14,1.90919e-13,1.31327e-13,-0 -0 0.5
0.038,0.0525853,0,7.52448e-14,2.12668e-13,1.43956e-13,-0 -0 0.5
0.039,0.053559,0,7.88918e-14,2.35777e-13,1.57335e-13,-0 -0 0.5
0.04,0.0545321,0,8.26963e-14,2.60318e-13,1.71507e-13,-0 -0 0.5
0.041,0.0555061,0,8.67057e-14,2.86401e-13,1.86553e-13,-0 -0 0.5
0.042,0.0564831,0,9.09454e-14,3.14144e-13,2.02545e-13,-0 -0 0.5
0.043,0.0574625,0,9.54485e-14,3.43681e-13,2.19565e-13,-0 -0 0.5
0.044,0.0584153,0,1.00238e-13,3.75153e-13,2.37696e-13,-0 -0 0.5
0.045,0.0593702,0,1.0534e-13,4.08709e-13,2.57025e-13,-0 -0 0.5
0.046,0.0603564,0,1.10775e-13,4.445e-13,2.77638e-13,-0 -0 0.5
0.047,0.0613342,0,1.16564e-13,4.82688e-13,2.99626e-13,-0 -0 0.5
0.048,0.0623105,0,1.22726e-13,5.23435e-13,3.23081e-13,-0 -0 0.5
0.049,0.0632924,0,1.29282e-13,5.66914e-13,3.48098e-13,-0 -0 0.5
0.05,0.0642895,0,1.36251e-13,6.13302e-13,3.74776e-13,-0 -0 0.5
0.051,0.0653127,0,1.43653e-13,6.62784e-13,4.03219e-13,-0 -0 0.5
0.052,0.0663418,0,1.51511e-13,7.15553e-13,4.33532e-13,-0 -0 0.5
0.053,0.0673213,0,1.59846e-13,7.71811e-13,4.65828e-13,-0 -0 0.5
0.054,0.0683323,0,1.68681e-13,8.31769e-13,5.00225e-13,-0 -0 0.5
0.055,0.0693644,0,1.78042e-13,8.95648e-13,5.36845e-13,-0 -0 0.5
0.056,0.0703739,0,1.87954e-13,9.63682e-13,5.75818e-13,-0 -0 0.5
0.057,0.0713803,0,1.98445e-13,1.03612e-12,6.1728e-13,-0 -0 0.5
0.058,0.0723839,0,2.09545e-13,1.11321e-12,6.61375e-13,-0 -0 0.5
0.059,0.0733948,0,2.21285e-13,1.19522e-12,7.08254e-13,-0 -0 0.5
0.06,0.0743978,0,2.33698e-13,1.28245e-12,7.58075e-13,-0 -0 0.5
0.061,0.0754021,0,2.46821e-13,1.3752e-12,8.11008e-13,-0 -0 0.5
0.062,0.0764057,0,2.60689e-13,1.47377e-12,8.67228e-13,-0 -0 0.5
0.063,0.0774163,0,2.75343e-13,1.5785e-12,9.26924e-13,-0 -0 0.5
0.064,0.078404,0,2.90824e-13,1.68976e-12,9.9029e-13,-0 -0 0.5
0.065,0.0794295,0,3.07177e-13,1.80789e-12,1.05754e-12,-0 -0 0.5
0.066,0.0804357,0,3.24448e-13,1.93331e-12,1.12888e-12,-0 -0 0.5
0.067,0.0814415,0,3.42688e-13,2.06641e-12,1.20455e-12,-0 -0 0.5
0.068,0.0824472,0,3.61947e-13,2.20764e-12,1.28479e-12,-0 -0 0.5
0.069,0.0834497,0,3.86175e-13,2.36831e-12,1.37724e-12,-0 -0 0.5
0.07,0.0844589,0,4.02534e-13,2.49802e-12,1.45027e-12,-0 -0 0.5
0.071,0.0854952,0,4.25478e-13,2.6666e-12,1.54604e-12,-0 -0 0.5
0.072,0.0865361,0,4.48564e-13,2.82605e-12,1.63731e-12,-0 -0 0.5
0.073,0.0875427,0,4.69352e-13,3.00166e-12,1.7355e-12,-0 -0 0.5
0.074,0.0885526,0,4.95544e-13,3.18836e-12,1.84195e-12,-0 -0 0.5
0.075,0.0895578,0,5.22343e-13,3.40878e-12,1.96556e-12,-0 -0 0.5
0.076,0.090567,0,5.41698e-13,3.56885e-12,2.05528e-12,-0 -0 0.5
0.077,0.0915754,0,5.73798e-13,3.84328e-12,2.20854e-12,-0 -0 0.5
0.078,0.0925694,0,5.99187e-13,4.04348e-12,2.32134e-12,-0 -0 0.5
0.079,0.0935728,0,6.24935e-13,4.31638e-12,2.47066e-12,-0 -0 0.5
0.08,0.0945998,0,6.5528e-13,4.54894e-12,2.60211e-12,-0 -0 0.5
0.081,0.0956276,0,6.78567e-13,4.83991e-12,2.75924e-12,-0 -0 0.5
0.082,0.09666,0,7.19405e-13,5.12686e-12,2.92313e-12,-0 -0 0.5
0.083,0.0976944,0,7.46119e-13,5.45772e-12,3.10192e-12,-0 -0 0.5
0.084,0.0988292,0,7.82027e-13,5.75201e-12,3.26702e-12,-0 -0 0.5
0.085,0.0997756,0,8.11791e-13,6.11974e-12,3.46576e-12,-0 -0 0.5
0.086,0.100756,0,8.59701e-13,6.47453e-12,3.66712e-12,-0 -0 0.5
0.087,0.101707,0,8.91565e-13,6.88776e-12,3.88966e-12,-0 -0 0.5
0.088,0.102802,0,9.34625e-13,7.25327e-12,4.09395e-12,-0 -0 0.5
0.089,0.103827,0,9.70073e-13,7.70818e-12,4.33912e-12,-0 -0 0.5
0.09,0.10485,0,1.0274e-12,8.14666e-12,4.58703e-12,-0 -0 0.5
0.091,0.105873,0,1.06534e-12,8.65811e-12,4.86172e-12,-0 -0 0.5
0.092,0.106897,0,1.11727e-12,9.11075e-12,5.11401e-12,-0 -0 0.5
0.093,0.107926,0,1.15948e-12,9.67218e-12,5.41583e-12,-0 -0 0.5
0.094,0.108951,0,1.23059e-12,1.02101e-11,5.72034e-12,-0 -0 0.5
0.095,0.109934,0,1.27648e-12,1.08545e-11,6.06549e-12,-0 -0 0.5
0.096,0.110859,0,1.34875e-12,1.14447e-11,6.39673e-12,-0 -0 0.5
0.097,0.111807,0,1.42883e-12,1.22241e-11,6.82646e-12,-0 -0 0.5
0.098,0.112795,0,1.49764e-12,1.2842e-11,7.16979e-12,-0 -0 0.5
0.099,0.113797,0,1.56842e-12,1.36624e-11,7.61543e-12,-0 -0 0.5
0.1,0.114801,0,1.65437e-12,1.43808e-11,8.0176e-12,-0 -0 0.5
0.101,0.115806,0,1.73018e-12,1.52972e-11,8.51371e-12,-0 -0 0.5
0.102,0.116806,0,1.82498e-12,1.61231e-11,8.97404e-12,-0 -0 0.5
0.103,0.117809,0,1.89278e-12,1.70743e-11,9.48356e-12,-0 -0 0.5
0.104,0.11881,0,2.01141e-12,1.80034e-11,1.00074e-11,-0 -0 0.5
0.105,0.119762,0,2.10344e-12,1.91234e-11,1.06134e-11,-0 -0 0.5
0.106,0.120762,0,2.21124e-12,2.01255e-11,1.11684e-11,-0 -0 0.5
0.107,0.121765,0,2.30295e-12,2.12985e-11,1.18007e-11,-0 -0 0.5
0.108,0.122765,0,2.44192e-12,2.24297e-11,1.24358e-11,-0 -0 0.5
0.109,0.123764,0,2.5428e-12,2.37767e-11,1.31597e-11,-0 -0 0.5
0.11,0.124763,0,2.67652e-12,2.50258e-11,1.38512e-11,-0 -0 0.5
0.111,0.125769,0,2.7863e-12,2.64694e-11,1.46278e-11,-0 -0 0.5
0.112,0.126769,0,2.9432e-12,2.78734e-11,1.54083e-11,-0 -0 0.5
0.113,0.127769,0,3.06262e-12,2.95061e-11,1.62843e-11,-0 -0 0.5
0.114,0.128801,0,3.23168e-12,3.10584e-11,1.7145e-11,-0 -0 0.5
0.115,0.129801,0,3.36205e-12,3.2827e-11,1.80945e-11,-0 -0 0.5
0.116,0.130803,0,3.55423e-12,3.4544e-11,1.90491e-11,-0 -0 0.5
0.117,0.131806,0,3.69538e-12,3.65361e-11,2.01157e-11,-0 -0 0.5
0.118,0.132808,0,3.90291e-12,3.8435e-11,2.11689e-11,-0 -0 0.5
0.119,0.133809,0,4.0581e-12,4.06031e-11,2.23306e-11,-0 -0 0.5
0.12,0.134811,0,4.29479e-12,4.27048e-11,2.34998e-11,-0 -0 0.5
0.121,0.135809,0,4.46662e-12,4.51683e-11,2.48174e-11,-0 -0 0.5
0.122,0.136755,0,4.72824e-12,4.74924e-11,2.61103e-11,-0 -0 0.5
0.123,0.137755,0,4.91095e-12,5.01637e-11,2.75373e-11,-0 -0 0.5
0.124,0.138754,0,5.21307e-12,5.2756e-11,2.89846e-11,-0 -0 0.5
0.125,0.139756,0,5.4146e-12,5.57426e-11,3.05786e-11,-0 -0 0.5
0.126,0.140739,0,5.75119e-12,5.86311e-11,3.21911e-11,-0 -0 0.5
0.127,0.141722,0,5.9749e-12,6.19343e-11,3.39546e-11,-0 -0 0.5
0.128,0.1427,0,6.35483e-12,6.51585e-11,3.57567e-11,-0 -0 0.5
0.129,0.143678,0,6.60614e-12,6.88454e-11,3.77257e-11,-0 -0 0.5
0.13,0.144656,0,7.03278e-12,7.24524e-11,3.97426e-11,-0 -0 0.5
0.131,0.145631,0,7.3151e-12,7.65602e-11,4.19377e-11,-0 -0 0.5
0.132,0.146611,0,7.79053e-12,8.05972e-11,4.41938e-11,-0 -0 0.5
0.133,0.14759,0,8.10579e-12,8.51679e-11,4.66369e-11,-0 -0 0.5
0.134,0.148568,0,8.63438e-12,8.96725e-11,4.91534e-11,-0 -0 0.5
0.135,0.149552,0,8.98878e-12,9.47823e-11,5.18855e-11,-0 -0 0.5
0.136,0.150535,0,9.59258e-12,9.9785e-11,5.46888e-11,-0 -0 0.5
0.137,0.151491,0,1.0006e-11,1.05594e-10,5.78001e-11,-0 -0 0.5
0.138,0.152473,0,1.07179e-11,1.11162e-10,6.09399e-11,-0 -0 0.5
0.139,0.153429,0,1.12178e-11,1.17822e-10,6.45199e-11,-0 -0 0.5
0.14,0.154442,0,1.18207e-11,1.24537e-10,6.81787e-11,-0 -0 0.5
0.141,0.155427,0,1.22937e-11,1.29844e-10,7.10688e-11,-0 -0 0.5
0.142,0.156417,0,1.27601e-11,1.36618e-10,7.46888e-11,-0 -0 0.5
0.143,0.157402,0,1.33266e-11,1.44102e-10,7.87145e-11,-0 -0 0.5
0.144,0.158382,0,1.38808e-11,1.50405e-10,8.21428e-11,-0 -0 0.5
0.145,0.159366,0,1.44337e-11,1.5829e-10,8.63621e-11,-0 -0 0.5
0.146,0.160368,0,1.52173e-11,1.66602e-10,9.09094e-11,-0 -0 0.5
0.147,0.161346,0,1.58871e-11,1.75283e-10,9.55848e-11,-0 -0 0.5
0.148,0.162351,0,1.66819e-11,1.8495e-10,1.00816e-10,-0 -0 0.5
0.149,0.163332,0,1.75356e-11,1.93649e-10,1.05592e-10,-0 -0 0.5
0.15,0.16434,0,1.82315e-11,2.03894e-10,1.11063e-10,-0 -0 0.5
0.151,0.16535,0,1.93004e-11,2.13882e-10,1.16591e-10,-0 -0 0.5
0.152,0.166359,0,2.00658e-11,2.25432e-10,1.22749e-10,-0 -0 0.5
0.153,0.16737,0,2.1229e-11,2.36432e-10,1.2883e-10,-0 -0 0.5
0.154,0.16838,0,2.20542e-11,2.49004e-10,1.35529e-10,-0 -0 0.5
0.155,0.169389,0,2.33608e-11,2.61192e-10,1.42277e-10,-0 -0 0.5
0.156,0.170397,0,2.4279e-11,2.75241e-10,1.4976e-10,-0 -0 0.5
0.157,0.171381,0,2.57153e-11,2.88712e-10,1.57214e-10,-0 -0 0.5
0.158,0.172389,0,2.67208e-11,3.0416e-10,1.6544e-10,-0 -0 0.5
0.159,0.1734,0,2.83214e-11,3.19073e-10,1.73697e-10,-0 -0 0.5
0.16,0.174387,0,2.94378e-11,3.36231e-10,1.82834e-10,-0 -0 0.5
0.161,0.175391,0,3.12102e-11,3.52729e-10,1.9197e-10,-0 -0 0.5
0.162,0.176398,0,3.24418e-11,3.71682e-10,2.02062e-10,-0 -0 0.5
0.163,0.177412,0,3.4413e-11,3.89942e-10,2.12178e-10,-0 -0 0.5
0.164,0.178423,0,3.57802e-11,4.10945e-10,2.23363e-10,-0 -0 0.5
0.165,0.179434,0,3.7971e-11,4.31159e-10,2.34565e-10,-0 -0 0.5
0.166,0.180446,0,3.94873e-11,4.54408e-10,2.46947e-10,-0 -0 0.5
0.167,0.181446,0,4.19253e-11,4.76789e-10,2.59357e-10,-0 -0 0.5
0.168,0.182467,0,4.36108e-11,5.02545e-10,2.73078e-10,-0 -0 0.5
0.169,0.183448,0,4.63245e-11,5.27333e-10,2.86829e-10,-0 -0 0.5
0.17,0.184473,0,4.8199e-11,5.55863e-10,3.02031e-10,-0 -0 0.5
0.171,0.185496,0,5.12202e-11,5.83322e-10,3.17271e-10,-0 -0 0.5
0.172,0.186503,0,5.33061e-11,6.14927e-10,3.34116e-10,-0 -0 0.5
0.173,0.187525,0,5.66682e-11,6.45349e-10,3.51009e-10,-0 -0 0.5
0.174,0.188512,0,5.89894e-11,6.80352e-10,3.69671e-10,-0 -0 0.5
0.175,0.189468,0,6.2728e-11,7.14059e-10,3.88393e-10,-0 -0 0.5
0.176,0.190455,0,6.531e-11,7.52813e-10,4.09062e-10,-0 -0 0.5
0.177,0.191492,0,6.94626e-11,7.90154e-10,4.29808e-10,-0 -0 0.5
0.178,0.192512,0,7.23321e-11,8.33044e-10,4.52688e-10,-0 -0 0.5
0.179,0.193537,0,7.694e-11,8.74401e-10,4.7567e-10,-0 -0 0.5
0.18,0.194483,0,8.01258e-11,9.21854e-10,5.0099e-10,-0 -0 0.5
0.181,0.195517,0,8.52363e-11,9.67643e-10,5.26439e-10,-0 -0 0.5
0.182,0.196537,0,8.87704e-11,1.02014e-09,5.54455e-10,-0 -0 0.5
0.183,0.197558,0,9.44399e-11,1.07082e-09,5.8263e-10,-0 -0 0.5
0.184,0.198585,0,9.83586e-11,1.12891e-09,6.13632e-10,-0 -0 0.5
0.185,0.199611,0,1.04654e-10,1.18499e-09,6.44823e-10,-0 -0 0.5
0.186,0.20063,0,1.08999e-10,1.24928e-09,6.79139e-10,-0 -0 0.5
0.187,0.201674,0,1.16003e-10,1.31135e-09,7.13677e-10,-0 -0 0.5
0.188,0.202706,0,1.20825e-10,1.38254e-09,7.51684e-10,-0 -0 0.5
0.189,0.203732,0,1.28642e-10,1.45125e-09,7.89945e-10,-0 -0 0.5
0.19,0.204759,0,1.34006e-10,1.5302e-09,8.32101e-10,-0 -0 0.5
0.191,0.205704,0,1.42805e-10,1.60625e-09,8.74526e-10,-0 -0 0.5
0.192,0.206735,0,1.48822e-10,1.69418e-09,9.21499e-10,-0 -0 0.5
0.193,0.207768,0,1.59023e-10,1.77821e-09,9.68616e-10,-0 -0 0.5
0.194,0.208786,0,1.65997e-10,1.87782e-09,1.02191e-09,-0 -0 0.5
0.195,0.209817,0,1.77686e-10,1.97252e-09,1.0751e-09,-0 -0 0.5
0.196,0.210838,0,1.85384e-10,2.0813e-09,1.13334e-09,-0 -0 0.5
0.197,0.211858,0,1.96954e-10,2.19045e-09,1.1937e-09,-0 -0 0.5
0.198,0.212875,0,2.04756e-10,2.29432e-09,1.24954e-09,-0 -0 0.5
0.199,0.213893,0,2.15625e-10,2.4109e-09,1.31326e-09,-0 -0 0.5
0.2,0.214914,0,2.25988e-10,2.53188e-09,1.37893e-09,-0 -0 0.5
0.201,0.215934,0,2.37019e-10,2.65862e-09,1.44782e-09,-0 -0 0.5
0.202,0.216963,0,2.48152e-10,2.78726e-09,1.51771e-09,-0 -0 0.5
0.203,0.217923,0,2.60013e-10,2.9296e-09,1.59481e-09,-0 -0 0.5
0.204,0.218947,0,2.75068e-10,3.0672e-09,1.67113e-09,-0 -0 0.5
0.205,0.219965,0,2.88379e-10,3.23523e-09,1.7618e-09,-0 -0 0.5
0.206,0.220976,0,3.05478e-10,3.40014e-09,1.85281e-09,-0 -0 0.5
0.207,0.221994,0,3.18037e-10,3.55904e-09,1.93854e-09,-0 -0 0.5
0.208,0.223011,0,3.33832e-10,3.74011e-09,2.03697e-09,-0 -0 0.5
0.209,0.224036,0,3.52697e-10,3.91277e-09,2.13273e-09,-0 -0 0.5
0.21,0.225058,0,3.70101e-10,4.12626e-09,2.24818e-09,-0 -0 0.5
0.211,0.226073,0,3.91836e-10,4.3343e-09,2.36307e-09,-0 -0 0.5
0.212,0.227088,0,4.0802e-10,4.53535e-09,2.47168e-09,-0 -0 0.5
0.213,0.228117,0,4.27943e-10,4.76399e-09,2.59597e-09,-0 -0 0.5
0.214,0.229073,0,4.52096e-10,4.98193e-09,2.71701e-09,-0 -0 0.5
0.215,0.230097,0,4.74425e-10,5.25209e-09,2.86326e-09,-0 -0 0.5
0.216,0.231112,0,5.02133e-10,5.5147e-09,3.00841e-09,-0 -0 0.5
0.217,0.23211,0,5.22844e-10,5.76859e-09,3.14572e-09,-0 -0 0.5
0.218,0.233139,0,5.47982e-10,6.05707e-09,3.30253e-09,-0 -0 0.5
0.219,0.234166,0,5.78827e-10,6.3318e-09,3.45531e-09,-0 -0 0.5
0.22,0.235149,0,6.07392e-10,6.67316e-09,3.64028e-09,-0 -0 0.5
0.221,0.236178,0,6.42611e-10,7.00424e-09,3.82342e-09,-0 -0 0.5
0.222,0.237203,0,6.69036e-10,7.32444e-09,3.99674e-09,-0 -0 0.5
0.223,0.238231,0,7.00715e-10,7.68796e-09,4.19434e-09,-0 -0 0.5
0.224,0.239226,0,7.39982e-10,8.03393e-09,4.38696e-09,-0 -0 0.5
0.225,0.24021,0,7.76416e-10,8.46436e-09,4.62039e-09,-0 -0 0.5
0.226,0.241192,0,8.21013e-10,8.88114e-09,4.85108e-09,-0 -0 0.5
0.227,0.242173,0,8.54675e-10,9.28452e-09,5.0696e-09,-0 -0 0.5
0.228,0.243174,0,8.94537e-10,9.74199e-09,5.31826e-09,-0 -0 0.5
0.229,0.244177,0,9.44396e-10,1.01772e-08,5.56079e-09,-0 -0 0.5
0.23,0.245176,0,9.90763e-10,1.0719e-08,5.8549e-09,-0 -0 0.5
0.231,0.246164,0,1.04706e-09,1.1243e-08,6.14502e-09,-0 -0 0.5
0.232,0.247164,0,1.08987e-09,1.17506e-08,6.42022e-09,-0 -0 0.5
0.233,0.24811,0,1.13996e-09,1.23255e-08,6.73274e-09,-0 -0 0.5
0.234,0.24911,0,1.20307e-09,1.28724e-08,7.03773e-09,-0 -0 0.5
0.235,0.250113,0,1.26194e-09,1.35532e-08,7.40757e-09,-0 0 0.5
0.236,0.251115,0,1.33278e-09,1.42109e-08,7.77184e-09,-0 0 0.5
0.237,0.25212,0,1.38713e-09,1.4849e-08,8.11806e-09,-0 0 0.5
0.238,0.253123,0,1.45e-09,1.55707e-08,8.51033e-09,-0 0 0.5
0.239,0.254126,0,1.52973e-09,1.6257e-08,8.89339e-09,-0 0 0.5
0.24,0.255128,0,1.60435e-09,1.71115e-08,9.35791e-09,-0 0 0.5
0.241,0.256125,0,1.69329e-09,1.7936e-08,9.81466e-09,-0 0 0.5
0.242,0.257116,0,1.76217e-09,1.87373e-08,1.02497e-08,-0 0 0.5
0.243,0.25812,0,1.841e-09,1.9642e-08,1.07415e-08,-0 0 0.5
0.244,0.259123,0,1.94136e-09,2.05029e-08,1.12221e-08,-0 0 0.5
0.245,0.260123,0,2.03567e-09,2.15727e-08,1.18042e-08,-0 0 0.5
0.246,0.261126,0,2.14692e-09,2.26049e-08,1.23759e-08,-0 0 0.5
0.247,0.262108,0,2.23419e-09,2.36102e-08,1.29222e-08,-0 0 0.5
0.248,0.26314,0,2.33285e-09,2.47432e-08,1.3538e-08,-0 0 0.5
0.249,0.264169,0,2.45935e-09,2.58208e-08,1.41401e-08,-0 0 0.5
0.25,0.2652,0,2.57863e-09,2.71616e-08,1.48701e-08,-0 0 0.5
0.251,0.266228,0,2.71794e-09,2.8453e-08,1.55854e-08,-0 0 0.5
0.252,0.267204,0,2.82801e-09,2.97126e-08,1.62703e-08,-0 0 0.5
0.253,0.268236,0,2.95163e-09,3.11295e-08,1.70406e-08,-0 0 0.5
0.254,0.269266,0,3.10896e-09,3.2481e-08,1.7795e-08,-0 0 0.5
0.255,0.270293,0,3.25849e-09,3.41467e-08,1.87026e-08,-0 0 0.5
0.256,0.271337,0,3.4308e-09,3.57572e-08,1.9594e-08,-0 0 0.5
0.257,0.272317,0,3.57066e-09,3.73358e-08,2.04532e-08,-0 0 0.5
0.258,0.27334,0,3.72433e-09,3.91069e-08,2.14156e-08,-0 0 0.5
0.259,0.274363,0,3.92643e-09,4.07848e-08,2.23556e-08,-0 0 0.5
0.26,0.275386,0,4.11753e-09,4.29e-08,2.35088e-08,-0 0 0.5
0.261,0.276409,0,4.33719e-09,4.49175e-08,2.46273e-08,-0 0 0.5
0.262,0.277376,0,4.5098e-09,4.68906e-08,2.57002e-08,-0 0 0.5
0.263,0.278319,0,4.70706e-09,4.90925e-08,2.68998e-08,-0 0 0.5
0.264,0.279306,0,4.91466e-09,5.12879e-08,2.81013e-08,-0 0 0.5
0.265,0.280323,0,5.13399e-09,5.35986e-08,2.93663e-08,-0 0 0.5
0.266,0.281281,0,5.34935e-09,5.61228e-08,3.07361e-08,-0 0 0.5
0.267,0.282252,0,5.64598e-09,5.84752e-08,3.20606e-08,-0 0 0.5
0.268,0.283226,0,5.92217e-09,6.15768e-08,3.37495e-08,-0 0 0.5
0.269,0.284202,0,6.2808e-09,6.43953e-08,3.5338e-08,-0 0 0.5
0.27,0.285181,0,6.53953e-09,6.74673e-08,3.70034e-08,-0 0 0.5
0.271,0.286162,0,6.86248e-09,7.0583e-08,3.87227e-08,-0 0 0.5
0.272,0.287118,0,7.14425e-09,7.36846e-08,4.04144e-08,-0 0 0.5
0.273,0.288099,0,7.44868e-09,7.71019e-08,4.22753e-08,-0 0 0.5
0.274,0.289086,0,7.78045e-09,8.05123e-08,4.41464e-08,-0 0 0.5
0.275,0.290066,0,8.12928e-09,8.41436e-08,4.61364e-08,-0 0 0.5
0.276,0.291048,0,8.47012e-09,8.80658e-08,4.8268e-08,-0 0 0.5
0.277,0.292034,0,8.93139e-09,9.17212e-08,5.03263e-08,-0 0 0.5
0.278,0.293045,0,9.37072e-09,9.65307e-08,5.29507e-08,-0 0 0.5
0.279,0.293998,0,9.91193e-09,1.00919e-07,5.54154e-08,-0 0 0.5
0.28,0.294955,0,1.03132e-08,1.05616e-07,5.79646e-08,-0 0 0.5
0.281,0.295936,0,1.07996e-08,1.10413e-07,6.06062e-08,-0 0 0.5
0.282,0.296914,0,1.12442e-08,1.15268e-07,6.32561e-08,-0 0 0.5
0.283,0.297917,0,1.17348e-08,1.20509e-07,6.61219e-08,-0 0 0.5
0.284,0.298896,0,1.2198e-08,1.25969e-07,6.90837e-08,-0 0 0.5
0.285,0.299876,0,1.28117e-08,1.31171e-07,7.19915e-08,-0 0 0.5
0.286,0.300858,0,1.34136e-08,1.37896e-07,7.56546e-08,-0 0 0.5
0.287,0.301874,0,1.42194e-08,1.43923e-07,7.9071e-08,-0 0 0.5
0.288,0.302831,0,1.4859e-08,1.51062e-07,8.29606e-08,-0 0 0.5
0.289,0.303816,0,1.56087e-08,1.57975e-07,8.6792e-08,-0 0 0.5
0.29,0.304802,0,1.62227e-08,1.64817e-07,9.05199e-08,-0 0 0.5
0.291,0.305785,0,1.69172e-08,1.72312e-07,9.46147e-08,-0 0 0.5
0.292,0.306769,0,1.75536e-08,1.80034e-07,9.87937e-08,-0 0 0.5
0.293,0.307755,0,1.83586e-08,1.87452e-07,1.02905e-07,-0 0 0.5
0.294,0.308736,0,1.91515e-08,1.96745e-07,1.07948e-07,-0 0 0.5
0.295,0.309718,0,2.02614e-08,2.05082e-07,1.12672e-07,-0 0 0.5
0.296,0.310678,0,2.11826e-08,2.15551e-07,1.18367e-07,-0 0 0.5
0.297,0.311683,0,2.24464e-08,2.25036e-07,1.23741e-07,-0 0 0.5
0.298,0.312651,0,2.3434e-08,2.35947e-07,1.2969e-07,-0 0 0.5
0.299,0.313638,0,2.45684e-08,2.46634e-07,1.35601e-07,-0 0 0.5
0.3,0.314644,0,2.55496e-08,2.57252e-07,1.41401e-07,-0 0 0.5
0.301,0.315657,0,2.65812e-08,2.68989e-07,1.47785e-07,-0 0 0.5
0.302,0.316658,0,2.79117e-08,2.80192e-07,1.54052e-07,-0 0 0.5
0.303,0.317613,0,2.92351e-08,2.9396e-07,1.61598e-07,-0 0 0.5
0.304,0.318564,0,3.06122e-08,3.07141e-07,1.68877e-07,-0 0 0.5
0.305,0.319601,0,3.18366e-08,3.20359e-07,1.76098e-07,-0 0 0.5
0.306,0.320593,0,3.31291e-08,3.34865e-07,1.83997e-07,-0 0 0.5
0.307,0.32163,0,3.45085e-08,3.49286e-07,1.91897e-07,-0 0 0.5
0.308,0.322592,0,3.59379e-08,3.64766e-07,2.00352e-07,-0 0 0.5
0.309,0.323656,0,3.75426e-08,3.80787e-07,2.09165e-07,-0 0 0.5
0.31,0.3247,0,3.92313e-08,3.977e-07,2.18466e-07,-0 0 0.5
0.311,0.325753,0,4.08029e-08,4.15617e-07,2.2821e-07,-0 0 0.5
0.312,0.326791,0,4.28129e-08,4.32777e-07,2.37795e-07,-0 0 0.5
0.313,0.327826,0,4.4846e-08,4.53794e-07,2.4932e-07,-0 0 0.5
0.314,0.32881,0,4.69185e-08,4.73918e-07,2.60418e-07,-0 0 0.5
0.315,0.329804,0,4.88102e-08,4.9421e-07,2.7151e-07,-0 0 0.5
0.316,0.330809,0,5.07652e-08,5.16434e-07,2.83599e-07,-0 0 0.5
0.317,0.331816,0,5.31531e-08,5.37953e-07,2.95553e-07,-0 0 0.5
0.318,0.332769,0,5.55734e-08,5.63289e-07,3.09431e-07,-0 0 0.5
0.319,0.333781,0,5.80383e-08,5.87986e-07,3.23012e-07,-0 0 0.5
0.32,0.334791,0,6.04138e-08,6.13252e-07,3.36833e-07,-0 0 0.5
0.321,0.335802,0,6.28242e-08,6.4068e-07,3.51752e-07,-0 0 0.5
0.322,0.336755,0,6.57725e-08,6.67249e-07,3.66511e-07,-0 0 0.5
0.323,0.337787,0,6.87941e-08,6.9859e-07,3.83692e-07,-0 0 0.5
0.324,0.3388,0,7.1823e-08,7.29182e-07,4.00502e-07,-0 0 0.5
0.325,0.339811,0,7.47974e-08,7.60297e-07,4.17547e-07,-0 0 0.5
0.326,0.340815,0,7.73762e-08,7.95108e-07,4.36242e-07,-0 0 0.5
0.327,0.341824,0,8.01181e-08,8.2649e-07,4.53304e-07,-0 0 0.5
0.328,0.342829,0,8.29446e-08,8.64175e-07,4.7356e-07,-0 0 0.5
0.329,0.343839,0,8.62393e-08,8.99526e-07,4.92882e-07,-0 0 0.5
0.33,0.344848,0,8.93167e-08,9.40434e-07,5.14875e-07,-0 0 0.5
0.331,0.345801,0,9.28628e-08,9.7879e-07,5.35826e-07,-0 0 0.5
0.332,0.346848,0,9.61945e-08,1.02329e-06,5.59741e-07,-0 0 0.5
0.333,0.347854,0,1.00036e-07,1.06499e-06,5.82515e-07,-0 0 0.5
0.334,0.348862,0,1.03643e-07,1.11338e-06,6.08511e-07,-0 0 0.5
0.335,0.349868,0,1.07808e-07,1.15874e-06,6.33272e-07,-0 0 0.5
0.336,0.350872,0,1.11715e-07,1.21135e-06,6.61533e-07,-0 0 0.5
0.337,0.35188,0,1.1623e-07,1.26067e-06,6.88453e-07,-0 0 0.5
0.338,0.352886,0,1.20462e-07,1.31789e-06,7.19175e-07,-0 0 0.5
0.339,0.353894,0,1.25359e-07,1.37153e-06,7.48442e-07,-0 0 0.5
0.34,0.354902,0,1.29943e-07,1.43374e-06,7.81842e-07,-0 0 0.5
0.341,0.355889,0,1.35253e-07,1.49207e-06,8.13661e-07,-0 0 0.500001
0.342,0.356896,0,1.40221e-07,1.55972e-06,8.4997e-07,-0 0 0.500001
0.343,0.357905,0,1.45981e-07,1.62315e-06,8.84565e-07,-0 0 0.500001
0.344,0.358912,0,1.51365e-07,1.69671e-06,9.24039e-07,-0 0 0.500001
0.345,0.359897,0,1.57614e-07,1.76569e-06,9.61653e-07,-0 0 0.500001
0.346,0.360881,0,1.63449e-07,1.84569e-06,1.00457e-06,-0 0 0.500001
0.347,0.361865,0,1.70229e-07,1.9207e-06,1.04546e-06,-0 0 0.500001
0.348,0.362849,0,1.76555e-07,2.00768e-06,1.09212e-06,-0 0 0.500001
0.349,0.363872,0,1.83912e-07,2.08926e-06,1.13659e-06,-0 0 0.500001
0.35,0.364833,0,1.90771e-07,2.18385e-06,1.18731e-06,-0 0 0.500001
0.351,0.365824,0,1.98756e-07,2.27257e-06,1.23566e-06,-0 0 0.500001
0.352,0.366812,0,2.06194e-07,2.37543e-06,1.29081e-06,-0 0 0.500001
0.353,0.367804,0,2.14861e-07,2.47191e-06,1.34339e-06,-0 0 0.500001
0.354,0.36879,0,2.22927e-07,2.58376e-06,1.40335e-06,-0 0 0.500001
0.355,0.369773,0,2.32336e-07,2.68869e-06,1.46052e-06,-0 0 0.500001
0.356,0.37076,0,2.41085e-07,2.81033e-06,1.52571e-06,-0 0 0.500001
0.357,0.37175,0,2.51301e-07,2.92445e-06,1.58787e-06,-0 0 0.500001
0.358,0.372707,0,2.60792e-07,3.05672e-06,1.65876e-06,-0 0 0.500001
0.359,0.373683,0,2.71885e-07,3.18084e-06,1.72636e-06,-0 0 0.500001
0.36,0.37467,0,2.82183e-07,3.32468e-06,1.80343e-06,-0 0 0.500001
0.361,0.375666,0,2.94229e-07,3.45967e-06,1.87695e-06,-0 0 0.500001
0.362,0.376655,0,3.05403e-07,3.6161e-06,1.96075e-06,-0 0 0.500001
0.363,0.377643,0,3.18486e-07,3.76292e-06,2.0407e-06,-0 0 0.500001
0.364,0.378634,0,3.30611e-07,3.93304e-06,2.13182e-06,-0 0 0.500001
0.365,0.37962,0,3.44822e-07,4.09273e-06,2.21878e-06,-0 0 0.500001
0.366,0.380609,0,3.57981e-07,4.27774e-06,2.31786e-06,-0 0 0.500001
0.367,0.381567,0,3.7342e-07,4.45144e-06,2.41243e-06,-0 0 0.500001
0.368,0.382524,0,3.87703e-07,4.65264e-06,2.52017e-06,-0 0 0.500001
0.369,0.383568,0,4.04477e-07,4.84157e-06,2.62302e-06,-0 0 0.500001
0.37,0.384552,0,4.19982e-07,5.06039e-06,2.74019e-06,-0 0 0.500001
0.371,0.385541,0,4.38207e-07,5.2659e-06,2.85205e-06,-0 0 0.500001
0.372,0.386525,0,4.55041e-07,5.50388e-06,2.97946e-06,-0 0 0.500001
0.373,0.387521,0,4.74844e-07,5.72743e-06,3.10114e-06,-0 0 0.500001
0.374,0.388509,0,4.93123e-07,5.98626e-06,3.23969e-06,-0 0 0.500001
0.375,0.389502,0,5.14644e-07,6.22942e-06,3.37203e-06,-0 0 0.500001
0.376,0.390489,0,5.34493e-07,6.51093e-06,3.52271e-06,-0 0 0.500001
0.377,0.391452,0,5.57883e-07,6.77545e-06,3.66666e-06,-0 0 0.500001
0.378,0.392457,0,5.7944e-07,7.08162e-06,3.83053e-06,-0 0 0.500001
0.379,0.39345,0,6.04862e-07,7.36937e-06,3.98712e-06,-0 0 0.500001
0.38,0.394439,0,6.28277e-07,7.70238e-06,4.16533e-06,-0 0 0.500001
0.381,0.395452,0,6.5591e-07,8.01541e-06,4.33566e-06,-0 0 0.500001
0.382,0.396492,0,6.81345e-07,8.37762e-06,4.52948e-06,-0 0 0.500001
0.383,0.397508,0,7.11385e-07,8.71815e-06,4.71477e-06,-0 0 0.500001
0.384,0.398521,0,7.39017e-07,9.11213e-06,4.92557e-06,-0 0 0.500001
0.385,0.399534,0,7.71675e-07,9.48259e-06,5.12713e-06,-0 0 0.500001
0.386,0.400547,0,8.01696e-07,9.91112e-06,5.35641e-06,-0 0 0.500001
0.387,0.401562,0,8.37203e-07,1.03142e-05,5.57568e-06,-0 0 0.500001
0.388,0.402578,0,8.69823e-07,1.07803e-05,5.82506e-06,-0 0 0.500001
0.389,0.403577,0,9.08431e-07,1.12188e-05,6.0636e-06,-0 0 0.500001
0.39,0.404614,0,9.43877e-07,1.17258e-05,6.33484e-06,-0 0 0.500001
0.391,0.405656,0,9.85859e-07,1.22029e-05,6.59436e-06,-0 0 0.500001
0.392,0.406713,0,1.02438e-06,1.27544e-05,6.88939e-06,-0 0 0.500002
0.393,0.407714,0,1.07004e-06,1.32734e-05,7.17173e-06,-0 0 0.500002
0.394,0.408709,0,1.1119e-06,1.38734e-05,7.49265e-06,-0 0 0.500002
0.395,0.409704,0,1.16155e-06,1.44381e-05,7.79983e-06,-0 0 0.500002
0.396,0.410701,0,1.20706e-06,1.50908e-05,8.14891e-06,-0 0 0.500002
0.397,0.411737,0,1.26106e-06,1.57052e-05,8.48312e-06,-0 0 0.500002
0.398,0.41278,0,1.31053e-06,1.64152e-05,8.86285e-06,-0 0 0.500002
0.399,0.413768,0,1.36926e-06,1.70837e-05,9.22647e-06,-0 0 0.500002
0.4,0.414826,0,1.42304e-06,1.78561e-05,9.63955e-06,-0 0 0.500002
0.401,0.415834,0,1.48692e-06,1.85834e-05,1.00352e-05,-0 0 0.500002
0.402,0.416874,0,1.54539e-06,1.94237e-05,1.04845e-05,-0 0 0.500002
0.403,0.417913,0,1.61488e-06,2.02152e-05,1.0915e-05,-0 0 0.500002
0.404,0.418952,0,1.67845e-06,2.11293e-05,1.14039e-05,-0 0 0.500002
0.405,0.419986,0,1.75405e-06,2.19905e-05,1.18723e-05,-0 0 0.500002
0.406,0.421026,0,1.82317e-06,2.2985e-05,1.24041e-05,-0 0 0.500002
0.407,0.42206,0,1.90541e-06,2.39221e-05,1.29137e-05,-0 0 0.500002
0.408,0.423094,0,1.98057e-06,2.5004e-05,1.34923e-05,-0 0 0.500002
0.409,0.424158,0,2.07005e-06,2.60237e-05,1.40469e-05,-0 0 0.500002
0.41,0.425196,0,2.15179e-06,2.72008e-05,1.46763e-05,-0 0 0.500002
0.411,0.426229,0,2.24913e-06,2.83105e-05,1.52798e-05,-0 0 0.500002
0.412,0.427278,0,2.33804e-06,2.95911e-05,1.59646e-05,-0 0 0.500002
0.413,0.428256,0,2.44395e-06,3.07986e-05,1.66213e-05,-0 0 0.500002
0.414,0.429287,0,2.54064e-06,3.21919e-05,1.73663e-05,-0 0 0.500002
0.415,0.43032,0,2.65589e-06,3.35059e-05,1.80809e-05,-0 0 0.500002
0.416,0.431354,0,2.76107e-06,3.50219e-05,1.88915e-05,-0 0 0.500003
0.417,0.432384,0,2.88646e-06,3.64518e-05,1.96691e-05,-0 0 0.500003
0.418,0.43337,0,3.00088e-06,3.81012e-05,2.0551e-05,-0 0 0.500003
0.419,0.434389,0,3.13733e-06,3.96573e-05,2.13973e-05,-0 0 0.500003
0.42,0.435426,0,3.26179e-06,4.14519e-05,2.23568e-05,-0 0 0.500003
0.421,0.4364,0,3.41028e-06,4.31453e-05,2.32778e-05,-0 0 0.500003
0.422,0.437429,0,3.54569e-06,4.50979e-05,2.43218e-05,-0 0 0.500003
0.423,0.438457,0,3.70728e-06,4.69408e-05,2.53241e-05,-0 0 0.500003
0.424,0.439464,0,3.8546e-06,4.90654e-05,2.646e-05,-0 0 0.500003
0.425,0.440492,0,4.03045e-06,5.1071e-05,2.75507e-05,-0 0 0.500003
0.426,0.441523,0,4.19074e-06,5.33827e-05,2.87867e-05,-0 0 0.500003
0.427,0.442553,0,4.38213e-06,5.55654e-05,2.99738e-05,-0 0 0.500003
0.428,0.443539,0,4.55654e-06,5.80808e-05,3.13187e-05,-0 0 0.500003
0.429,0.44454,0,4.76483e-06,6.04562e-05,3.26105e-05,-0 0 0.500003
0.43,0.445559,0,4.95462e-06,6.31932e-05,3.40739e-05,-0 0 0.500003
0.431,0.446592,0,5.18131e-06,6.57785e-05,3.54799e-05,-0 0 0.500003
0.432,0.447622,0,5.38784e-06,6.87566e-05,3.70722e-05,-0 0 0.500004
0.433,0.448666,0,5.63458e-06,7.15703e-05,3.86024e-05,-0 0 0.500004
0.434,0.449695,0,5.85934e-06,7.48109e-05,4.03351e-05,-0 0 0.500004
0.435,0.45069,0,6.1279e-06,7.78731e-05,4.20005e-05,-0 0 0.500004
0.436,0.451717,0,6.37251e-06,8.13993e-05,4.38859e-05,-0 0 0.500004
0.437,0.452723,0,6.66482e-06,8.47321e-05,4.56984e-05,-0 0 0.500004
0.438,0.453728,0,6.93105e-06,8.85692e-05,4.77501e-05,-0 0 0.500004
0.439,0.454734,0,7.24923e-06,9.21964e-05,4.97228e-05,-0 0 0.500004
0.44,0.455725,0,7.53899e-06,9.63718e-05,5.19554e-05,-0 0 0.500004
0.441,0.45673,0,7.88528e-06,0.000100319,5.41023e-05,-0 0 0.500004
0.442,0.457734,0,8.20069e-06,0.000104863,5.65319e-05,-0 0 0.500004
0.443,0.458737,0,8.57765e-06,0.00010916,5.88687e-05,-0 0 0.500005
0.444,0.459724,0,8.92098e-06,0.000114104,6.15126e-05,-0 0 0.500005
0.445,0.460731,0,9.33133e-06,0.000118781,6.4056e-05,-0 0 0.500005
0.446,0.461739,0,9.70506e-06,0.000124161,6.69331e-05,-0 0 0.500005
0.447,0.462727,0,1.01517e-05,0.000129251,6.97013e-05,-0 0 0.500005
0.448,0.463725,0,1.05586e-05,0.000135106,7.28322e-05,-0 0 0.500005
0.449,0.464759,0,1.10449e-05,0.000140645,7.58451e-05,-0 0 0.500005
0.45,0.465766,0,1.14878e-05,0.000147017,7.92523e-05,-0 0 0.500005
0.451,0.466772,0,1.20171e-05,0.000153046,8.25314e-05,-0 0 0.500005
0.452,0.467775,0,1.24994e-05,0.000159979,8.62392e-05,-0 0 0.500005
0.453,0.468777,0,1.30755e-05,0.000166541,8.98083e-05,-0 0 0.500006
0.454,0.469783,0,1.36006e-05,0.000174086,9.38433e-05,-0 0 0.500006
0.455,0.470788,0,1.42278e-05,0.000181228,9.77279e-05,-0 0 0.500006
0.456,0.47179,0,1.47995e-05,0.000189438,0.000102119,-0 0 0.500006
0.457,0.472796,0,1.54823e-05,0.000197212,0.000106347,-0 0 0.500006
0.458,0.473801,0,1.61048e-05,0.000206146,0.000111126,-0 0 0.500006
0.459,0.474776,0,1.68481e-05,0.000214607,0.000115727,-0 0 0.500006
0.46,0.475795,0,1.75259e-05,0.00022433,0.000120928,-0 0 0.500006
0.461,0.476803,0,1.83351e-05,0.000233538,0.000125936,-0 0 0.500007
0.462,0.477809,0,1.90732e-05,0.000244118,0.000131596,-0 0 0.500007
0.463,0.478815,0,1.99541e-05,0.00025414,0.000137047,-0 0 0.500007
0.464,0.47982,0,2.07578e-05,0.000265654,0.000143206,-0 0 0.500007
0.465,0.480829,0,2.17169e-05,0.000276562,0.00014914,-0 0 0.500007
0.466,0.48184,0,2.2592e-05,0.000289092,0.000155842,-0 0 0.500007
0.467,0.482849,0,2.36361e-05,0.000300964,0.0001623,-0 0 0.500007
0.468,0.483855,0,2.45891e-05,0.000314599,0.000169594,-0 0 0.500008
0.469,0.484888,0,2.57259e-05,0.00032752,0.000176623,-0 0 0.500008
0.47,0.485901,0,2.67637e-05,0.000342358,0.000184561,-0 0 0.500008
0.471,0.486895,0,2.80012e-05,0.000356421,0.000192211,-0 0 0.500008
0.472,0.4879,0,2.91314e-05,0.000372567,0.000200849,-0 0 0.500008
0.473,0.488904,0,3.04787e-05,0.000387874,0.000209176,-0 0 0.500008
0.474,0.489906,0,3.17414e-05,0.000401799,0.00021677,-0 0 0.500009
0.475,0.490932,0,3.34238e-05,0.000411427,0.000222425,-0 -0 0.500009
0.476,0.491958,0,3.37942e-05,0.000430272,0.000232033,-0 -0 0.500009
0.477,0.49299,0,3.54602e-05,0.00046495,0.000250205,-0 -1e-06 0.500009
0.478,0.494024,0,3.41123e-05,0.000473182,0.000253647,-0 -0 0.500009
0.479,0.495038,0,3.31468e-05,0.000520029,0.000276588,-0 -1e-06 0.50001
0.48,0.496068,0,3.15123e-05,0.000508303,0.000269908,0 -0 0.50001
0.481,0.497098,0,3.33141e-05,0.000537122,0.000285218,0 -1e-06 0.500011
0.482,0.498088,0,3.53521e-05,0.000560782,0.000298067,0 -0 0.500011
0.483,0.499093,0,3.71578e-05,0.000586788,0.000311973,0 0 0.500011
0.484,0.500121,0,3.90895e-05,0.000606158,0.000322624,0 0 0.500011
0.485,0.50116,0,4.01958e-05,0.000616492,0.000328344,0 0 0.500011
0.486,0.502183,0,4.61179e-05,0.000653602,0.00034986,1e-06 -0 0.500012
0.487,0.50321,0,3.83646e-05,0.000651853,0.000345109,1e-06 -1e-06 0.500012
0.488,0.504234,0,7.26009e-05,0.00077623,0.000424416,1e-06 -1e-06 0.500012
0.489,0.50528,0,6.83378e-05,0.000756802,0.00041257,1e-06 -1e-06 0.500012
0.49,0.506302,0,7.41328e-05,0.000799564,0.000436849,1e-06 -2e-06 0.500012
0.491,0.507325,0,7.28617e-05,0.000822158,0.00044751,2e-06 -4e-06 0.500013
0.492,0.508347,0,8.06893e-05,0.000876175,0.000478432,2e-06 -3e-06 0.500013
0.493,0.509353,0,8.99352e-05,0.000929762,0.000509848,2e-06 -2e-06 0.500013
0.494,0.510377,0,9.97985e-05,0.000981771,0.000540785,2e-06 -2e-06 0.500014
0.495,0.511401,0,0.000110115,0.0010339,0.000572007,3e-06 -1e-06 0.500014
0.496,0.512423,0,0.000120714,0.00108577,0.00060324,3e-06 -1e-06 0.500014
0.497,0.513415,0,0.00013159,0.00113834,0.000634963,3e-06 -1e-06 0.500015
0.498,0.514435,0,0.000142734,0.00119151,0.000667124,4e-06 -0 0.500015
0.499,0.515461,0,0.0001542,0.00124589,0.000700044,4e-06 -0 0.500015
0.5,0.516482,0,0.000166031,0.00130151,0.000733771,4e-06 -0 0.500015
0.501,0.517506,0,0.000178294,0.00135876,0.000768526,5e-06 0 0.500016
0.502,0.518533,0,0.000191049,0.00141775,0.0008044,5e-06 0 0.500016
0.503,0.519557,0,0.000204361,0.00147875,0.000841555,5e-06 0 0.500016
0.504,0.520584,0,0.000218293,0.0015419,0.000880096,6e-06 0 0.500016
0.505,0.521564,0,0.000232907,0.0016074,0.000920155,6e-06 0 0.500017
0.506,0.522591,0,0.000248264,0.00167542,0.00096184,6e-06 0 0.500017
0.507,0.523613,0,0.000264423,0.00174612,0.00100527,7e-06 0 0.500017
0.508,0.524636,0,0.000281445,0.00181966,0.00105055,7e-06 1e-06 0.500017
0.509,0.525655,0,0.000299388,0.00189621,0.0010978,7e-06 1e-06 0.500018
0.51,0.526676,0,0.000318313,0.00197594,0.00114713,8e-06 1e-06 0.500018
0.511,0.527698,0,0.00033828,0.00205901,0.00119864,8e-06 1e-06 0.500018
0.512,0.528717,0,0.000359349,0.00214558,0.00125247,9e-06 1e-06 0.500018
0.513,0.529739,0,0.000381585,0.00223585,0.00130872,9e-06 1e-06 0.500019
0.514,0.530652,0,0.000405051,0.00232997,0.00136751,9e-06 1e-06 0.500019
0.515,0.531644,0,0.000429815,0.00242815,0.00142898,1e-05 1e-06 0.500019
0.516,0.532638,0,0.000455943,0.00253056,0.00149325,1e-05 1e-06 0.50002
0.517,0.533633,0,0.000483509,0.00263741,0.00156046,1.1e-05 1e-06 0.50002
0.518,0.534627,0,0.000512585,0.00274891,0.00163075,1.1e-05 1e-06 0.50002
0.519,0.535569,0,0.000543249,0.00286525,0.00170425,1.2e-05 1e-06 0.50002
0.52,0.536541,0,0.000575581,0.00298668,0.00178113,1.2e-05 1e-06 0.500021
0.521,0.537513,0,0.000609663,0.00311342,0.00186154,1.3e-05 1e-06 0.500021
0.522,0.53846,0,0.000645584,0.00324571,0.00194565,1.3e-05 1e-06 0.500021
0.523,0.539433,0,0.000683434,0.00338381,0.00203362,1.4e-05 1e-06 0.500022
0.524,0.540406,0,0.000723309,0.00352798,0.00212564,1.4e-05 1e-06 0.500022
0.525,0.541381,0,0.000765307,0.00367849,0.0022219,1.5e-05 1e-06 0.500022
0.526,0.542419,0,0.000809532,0.00383563,0.00232258,1.5e-05 1e-06 0.500023
0.527,0.543436,0,0.000856094,0.0039997,0.0024279,1.6e-05 1e-06 0.500023
0.528,0.544435,0,0.000905105,0.00417102,0.00253806,1.7e-05 1e-06 0.500024
0.529,0.545434,0,0.000956684,0.00434992,0.0026533,1.7e-05 1e-06 0.500024
0.53,0.546431,0,0.00101096,0.00453672,0.00277384,1.8e-05 1e-06 0.500024
0.531,0.547435,0,0.00106805,0.0047318,0.00289993,1.8e-05 1e-06 0.500025
0.532,0.548446,0,0.0011281,0.00493553,0.00303182,1.9e-05 1e-06 0.500025
0.533,0.549353,0,0.00119126,0.00514829,0.00316978,2e-05 1e-06 0.500026
0.534,0.550359,0,0.00125767,0.0053705,0.00331408,2e-05 1e-06 0.500026
0.535,0.551365,0,0.00132748,0.00560258,0.00346503,2.1e-05 1e-06 0.500026
0.536,0.552363,0,0.00140086,0.00584499,0.00362292,2.2e-05 1e-06 0.500027
0.537,0.553362,0,0.00147798,0.00609817,0.00378808,2.3e-05 1e-06 0.500027
0.538,0.55434,0,0.00155902,0.00636264,0.00396083,2.3e-05 1e-06 0.500028
0.539,0.555352,0,0.00164417,0.00663888,0.00414153,2.4e-05 1e-06 0.500028
0.54,0.556277,0,0.00173362,0.00692744,0.00433053,2.5e-05 1e-06 0.500029
0.541,0.557252,0,0.00182758,0.00722888,0.00452823,2.6e-05 1e-06 0.500029
0.542,0.558231,0,0.00192626,0.00754377,0.00473502,2.6e-05 1e-06 0.50003
0.543,0.559209,0,0.00202989,0.00787273,0.00495131,2.7e-05 1e-06 0.50003
0.544,0.560192,0,0.0021387,0.00821639,0.00517754,2.8e-05 2e-06 0.500031
0.545,0.561174,0,0.00225293,0.00857542,0.00541418,2.9e-05 2e-06 0.500031
0.546,0.562152,0,0.00237285,0.00895052,0.00566168,3e-05 2e-06 0.500032
0.547,0.56313,0,0.00249873,0.0093424,0.00592056,3.1e-05 2e-06 0.500032
0.548,0.564084,0,0.00263084,0.00975184,0.00619134,3.2e-05 2e-06 0.500033
0.549,0.565112,0,0.00276948,0.0101796,0.00647455,3.3e-05 2e-06 0.500034
0.55,0.566093,0,0.00291496,0.0106266,0.00677078,3.4e-05 2e-06 0.500034
0.551,0.567094,0,0.00306761,0.0110936,0.00708061,3.5e-05 2e-06 0.500035
0.552,0.568072,0,0.00322775,0.0115816,0.00740468,3.6e-05 2e-06 0.500035
0.553,0.569049,0,0.00339575,0.0120915,0.00774362,3.7e-05 2e-06 0.500036
0.554,0.570032,0,0.00357198,0.0126243,0.00809813,3.8e-05 2e-06 0.500037
0.555,0.570983,0,0.00375681,0.013181,0.00846892,3.9e-05 2e-06 0.500037
0.556,0.571929,0,0.00395067,0.0137628,0.00885674,4e-05 2e-06 0.500038
0.557,0.572935,0,0.00415396,0.0143708,0.00926236,4.1e-05 2e-06 0.500039
0.558,0.573883,0,0.00436715,0.0150061,0.00968661,4.2e-05 2e-06 0.500039
0.559,0.57483,0,0.00459068,0.01567,0.0101303,4.4e-05 2e-06 0.50004
0.56,0.575776,0,0.00482505,0.0163638,0.0105944,4.5e-05 2e-06 0.500041
0.561,0.576725,0,0.00507076,0.0170889,0.0110798,4.6e-05 2e-06 0.500042
0.562,0.577764,0,0.00532835,0.0178466,0.0115875,4.7e-05 2e-06 0.500042
0.563,0.57875,0,0.00559838,0.0186386,0.0121185,4.9e-05 2e-06 0.500043
0.564,0.579737,0,0.00588142,0.0194662,0.0126738,5e-05 2e-06 0.500044
0.565,0.580769,0,0.00617808,0.0203312,0.0132547,5.1e-05 2e-06 0.500045
0.566,0.581816,0,0.00648902,0.0212353,0.0138622,5.3e-05 3e-06 0.500046
0.567,0.582827,0,0.00681488,0.0221802,0.0144976,5.4e-05 3e-06 0.500047
0.568,0.58382,0,0.00715637,0.0231678,0.0151621,5.6e-05 3e-06 0.500048
0.569,0.584857,0,0.00751423,0.0242001,0.0158572,5.7e-05 3e-06 0.500048
0.57,0.585889,0,0.00788921,0.025279,0.0165841,5.9e-05 3e-06 0.500049
0.571,0.586881,0,0.00828211,0.0264068,0.0173444,6e-05 3e-06 0.50005
0.572,0.587916,0,0.00869378,0.0275855,0.0181397,6.2e-05 3e-06 0.500051
0.573,0.588952,0,0.00912509,0.0288177,0.0189714,6.3e-05 3e-06 0.500052
0.574,0.589986,0,0.00957696,0.0301056,0.0198413,6.5e-05 3e-06 0.500053
0.575,0.591018,0,0.0100503,0.0314519,0.0207511,6.7e-05 3e-06 0.500054
0.576,0.592047,0,0.0105462,0.0328592,0.0217027,6.8e-05 3e-06 0.500055
0.577,0.593081,0,0.0110657,0.0343303,0.022698,7e-05 3e-06 0.500057
0.578,0.594115,0,0.0116098,0.0358682,0.023739,7.2e-05 3e-06 0.500058
0.579,0.595144,0,0.0121798,0.0374758,0.0248278,7.4e-05 3e-06 0.500059
0.58,0.596174,0,0.0127768,0.0391564,0.0259666,7.6e-05 3e-06 0.50006
0.581,0.597207,0,0.013402,0.0409132,0.0271576,7.8e-05 4e-06 0.500061
0.582,0.598202,0,0.0140569,0.0427499,0.0284034,8e-05 4e-06 0.500062
0.583,0.59923,0,0.0147427,0.0446701,0.0297064,8.2e-05 4e-06 0.500064
0.584,0.600264,0,0.0154609,0.0466775,0.0310692,8.4e-05 4e-06 0.500065
0.585,0.601296,0,0.0162131,0.0487762,0.0324947,8.6e-05 4e-06 0.500066
0.586,0.602323,0,0.0170008,0.0509704,0.0339856,8.8e-05 4e-06 0.500068
0.587,0.603358,0,0.0178256,0.0532644,0.035545,9e-05 4e-06 0.500069
0.588,0.604384,0,0.0186893,0.0556629,0.0371761,9.3e-05 4e-06 0.50007
0.589,0.60538,0,0.0195937,0.0581706,0.0388822,9.5e-05 4e-06 0.500072
0.59,0.606409,0,0.0205407,0.0607925,0.0406666,9.7e-05 4e-06 0.500073
0.591,0.607436,0,0.0215323,0.0635339,0.0425331,0.0001 4e-06 0.500075
0.592,0.608464,0,0.0225705,0.0664003,0.0444854,0.000102 5e-06 0.500076
0.593,0.609491,0,0.0236575,0.0693975,0.0465275,0.000105 5e-06 0.500078
0.594,0.610517,0,0.0247956,0.0725313,0.0486635,0.000107 5e-06 0.500079
0.595,0.611542,0,0.0259872,0.0758083,0.0508977,0.00011 5e-06 0.500081
0.596,0.612577,0,0.0272347,0.0792349,0.0532348,0.000113 5e-06 0.500083
0.597,0.61361,0,0.0285407,0.0828179,0.0556793,0.000115 5e-06 0.500085
0.598,0.614612,0,0.029908,0.0865648,0.0582364,0.000118 5e-06 0.500086
0.599,0.6156,0,0.0313394,0.0904829,0.0609112,0.000121 5e-06 0.500088
0.6,0.616626,0,0.0328379,0.0945802,0.0637091,0.000124 5e-06 0.50009
0.601,0.617649,0,0.0344066,0.098865,0.0666358,0.000127 6e-06 0.500092
0.602,0.618669,0,0.0360488,0.103346,0.0696974,0.00013 6e-06 0.500094
0.603,0.619693,0,0.0377679,0.108032,0.0729,0.000134 6e-06 0.500096
0.604,0.620721,0,0.0395675,0.112933,0.0762502,0.000137 6e-06 0.500098
0.605,0.621744,0,0.0414513,0.118058,0.0797548,0.00014 6e-06 0.5001
0.606,0.622764,0,0.0434231,0.123419,0.0834209,0.000143 6e-06 0.500102
0.607,0.623737,0,0.0454873,0.129025,0.0872561,0.000147 6e-06 0.500104
0.608,0.624734,0,0.0476479,0.134888,0.0912682,0.00015 7e-06 0.500106
0.609,0.625678,0,0.0499096,0.141021,0.0954654,0.000154 7e-06 0.500109
0.61,0.626623,0,0.0522769,0.147436,0.0998563,0.000158 7e-06 0.500111
0.611,0.627622,0,0.0547549,0.154145,0.10445,0.000162 7e-06 0.500113
0.612,0.628603,0,0.0573487,0.161163,0.109256,0.000166 7e-06 0.500116
0.613,0.629577,0,0.0600636,0.168503,0.114283,0.000169 7e-06 0.500118
0.614,0.630552,0,0.0629054,0.176181,0.119543,0.000174 8e-06 0.500121
0.615,0.631526,0,0.0658798,0.184213,0.125046,0.000178 8e-06 0.500123
0.616,0.632501,0,0.0689932,0.192615,0.130804,0.000182 8e-06 0.500126
0.617,0.633476,0,0.0722519,0.201404,0.136828,0.000186 8e-06 0.500129
0.618,0.634431,0,0.0756627,0.210598,0.14313,0.000191 8e-06 0.500131
0.619,0.635407,0,0.0792328,0.220216,0.149724,0.000195 8e-06 0.500134
0.62,0.636386,0,0.0829696,0.230278,0.156624,0.0002 9e-06 0.500137
0.621,0.637358,0,0.0868808,0.240805,0.163843,0.000205 9e-06 0.50014
0.622,0.638338,0,0.0909745,0.251819,0.171397,0.000209 9e-06 0.500143
0.623,0.639315,0,0.0952594,0.263341,0.1793,0.000214 9e-06 0.500146
0.624,0.640292,0,0.0997442,0.275397,0.18757,0.00022 1e-05 0.500149
0.625,0.641244,0,0.104438,0.28801,0.196224,0.000225 1e-05 0.500153
0.626,0.642197,0,0.109352,0.301208,0.20528,0.00023 1e-05 0.500156
0.627,0.643202,0,0.114494,0.315017,0.214756,0.000235 1e-05 0.50016
0.628,0.644183,0,0.119877,0.329466,0.224672,0.000241 1e-05 0.500163
0.629,0.645232,0,0.125511,0.344586,0.235049,0.000247 1.1e-05 0.500167
0.63,0.646273,0,0.131408,0.360407,0.245908,0.000253 1.1e-05 0.50017
0.631,0.647279,0,0.137581,0.376964,0.257272,0.000258 1.1e-05 0.500174
0.632,0.648281,0,0.144042,0.39429,0.269166,0.000265 1.2e-05 0.500178
0.633,0.649287,0,0.150804,0.412422,0.281613,0.000271 1.2e-05 0.500182
0.634,0.650289,0,0.157883,0.431397,0.29464,0.000277 1.2e-05 0.500186
0.635,0.651294,0,0.165292,0.451257,0.308275,0.000284 1.2e-05 0.50019
0.636,0.652301,0,0.173048,0.472042,0.322545,0.00029 1.3e-05 0.500194
0.637,0.653314,0,0.181166,0.493796,0.337481,0.000297 1.3e-05 0.500198
0.638,0.654323,0,0.189663,0.516566,0.353114,0.000304 1.3e-05 0.500203
0.639,0.655336,0,0.198558,0.540398,0.369478,0.000311 1.4e-05 0.500207
0.64,0.656357,0,0.207869,0.565345,0.386607,0.000318 1.4e-05 0.500212
0.641,0.657358,0,0.217616,0.591459,0.404537,0.000326 1.4e-05 0.500217
0.642,0.658359,0,0.227818,0.618794,0.423306,0.000333 1.5e-05 0.500222
0.643,0.659358,0,0.238498,0.647411,0.442954,0.000341 1.5e-05 0.500227
0.644,0.660363,0,0.249678,0.677369,0.463524,0.000349 1.5e-05 0.500232
0.645,0.661362,0,0.261382,0.708732,0.485057,0.000357 1.6e-05 0.500237
0.646,0.662363,0,0.273635,0.741568,0.507601,0.000366 1.6e-05 0.500242
0.647,0.66332,0,0.286461,0.775947,0.531204,0.000374 1.7e-05 0.500248
0.648,0.664324,0,0.299889,0.811943,0.555916,0.000383 1.7e-05 0.500253
0.649,0.665331,0,0.313947,0.849634,0.58179,0.000392 1.7e-05 0.500259
0.65,0.666356,0,0.328664,0.889101,0.608882,0.000401 1.8e-05 0.500265
0.651,0.66735,0,0.344072,0.930429,0.63725,0.00041 1.8e-05 0.500271
0.652,0.668355,0,0.360204,0.973707,0.666955,0.00042 1.9e-05 0.500277
0.653,0.669357,0,0.377093,1.01903,0.698062,0.000429 1.9e-05 0.500283
0.654,0.670361,0,0.394776,1.0665,0.730637,0.000439 2e-05 0.50029
0.655,0.671365,0,0.413291,1.11621,0.764751,0.00045 2e-05 0.500297
0.656,0.672313,0,0.432677,1.16828,0.800479,0.00046 2.1e-05 0.500303
0.657,0.673268,0,0.452975,1.22282,0.837898,0.000471 2.1e-05 0.50031
0.658,0.674255,0,0.474229,1.27995,0.87709,0.000482 2.2e-05 0.500317
0.659,0.675246,0,0.496485,1.33979,0.91814,0.000493 2.2e-05 0.500325
0.66,0.676251,0,0.51979,1.40249,0.961138,0.000504 2.3e-05 0.500332
0.661,0.677297,0,0.544194,1.46816,1.00618,0.000516 2.4e-05 0.50034
0.662,0.678303,0,0.569751,1.53697,1.05336,0.000528 2.4e-05 0.500348
0.663,0.679306,0,0.596514,1.60907,1.10279,0.00054 2.5e-05 0.500356
0.664,0.680329,0,0.624542,1.68461,1.15458,0.000553 2.6e-05 0.500364
0.665,0.681273,0,0.653895,1.76377,1.20883,0.000565 2.6e-05 0.500372
0.666,0.682318,0,0.684637,1.84671,1.26568,0.000578 2.7e-05 0.500381
0.667,0.683322,0,0.716835,1.93364,1.32524,0.000592 2.8e-05 0.50039
0.668,0.684323,0,0.750559,2.02474,1.38765,0.000606 2.8e-05 0.500399
0.669,0.68533,0,0.785882,2.12022,1.45305,0.00062 2.9e-05 0.500408
0.67,0.686288,0,0.822881,2.2203,1.52159,0.000634 3e-05 0.500418
0.671,0.687291,0,0.861637,2.3252,1.59342,0.000649 3.1e-05 0.500428
0.672,0.688293,0,0.902235,2.43517,1.6687,0.000664 3.2e-05 0.500438
0.673,0.689294,0,0.944764,2.55046,1.74761,0.000679 3.2e-05 0.500448
0.674,0.690294,0,0.989318,2.67132,1.83032,0.000695 3.3e-05 0.500458
0.675,0.691247,0,1.03599,2.79804,1.91702,0.000711 3.4e-05 0.500469
0.676,0.69225,0,1.0849,2.93092,2.00791,0.000727 3.5e-05 0.50048
0.677,0.693257,0,1.13613,3.07026,2.10319,0.000744 3.6e-05 0.500492
0.678,0.694258,0,1.18981,3.21637,2.20309,0.000761 3.7e-05 0.500503
0.679,0.695262,0,1.24606,3.36962,2.30784,0.000779 3.8e-05 0.500515
0.68,0.696211,0,1.30501,3.53035,2.41768,0.000797 3.9e-05 0.500527
0.681,0.697213,0,1.36677,3.69894,2.53286,0.000815 4e-05 0.50054
0.682,0.698216,0,1.4315,3.87579,2.65365,0.000834 4.1e-05 0.500553
0.683,0.699162,0,1.49933,4.06132,2.78033,0.000853 4.2e-05 0.500566
0.684,0.700195,0,1.57043,4.25597,2.9132,0.000873 4.4e-05 0.50058
0.685,0.701202,0,1.64494,4.46021,3.05257,0.000893 4.5e-05 0.500594
0.686,0.70221,0,1.72304,4.67452,3.19878,0.000914 4.6e-05 0.500608
0.687,0.703218,0,1.80491,4.89942,3.35216,0.000935 4.7e-05 0.500623
0.688,0.704224,0,1.89072,5.13545,3.51308,0.000956 4.9e-05 0.500638
0.689,0.705232,0,1.98068,5.38318,3.68193,0.000979 5e-05 0.500653
0.69,0.706237,0,2.075,5.64322,3.85911,0.001001 5.2e-05 0.500669
0.691,0.707241,0,2.17388,5.91621,4.04504,0.001024 5.3e-05 0.500685
0.692,0.708243,0,2.25437,6.19673,4.22555,0.001048 5.5e-05 0.500702
0.693,0.709245,0,2.34905,6.55291,4.45098,0.001046 6.4e-05 0.500707
0.694,0.710248,0,2.41675,6.85032,4.63353,0.001044 7.2e-05 0.500715
0.695,0.711217,0,2.48713,7.16341,4.82527,0.001043 7.9e-05 0.500724
0.696,0.712206,0,2.55731,7.48696,5.02213,0.001042 8.6e-05 0.500733
0.697,0.71318,0,2.62929,7.82295,5.22612,0.001043 9.2e-05 0.500743
0.698,0.714303,0,2.70272,8.17096,5.43684,0.001044 9.7e-05 0.500753
0.699,0.715312,0,2.77817,8.53163,5.6549,0.001046 0.000102 0.500765
0.7,0.716302,0,2.85567,8.90522,5.88045,0.001049 0.000107 0.500777
0.701,0.717312,0,2.93541,9.29224,6.11383,0.001052 0.000112 0.500789
0.702,0.71837,0,3.01745,9.69319,6.35532,0.001056 0.000116 0.500803
0.703,0.719379,0,3.10186,10.1087,6.60526,0.001061 0.000121 0.500817
0.704,0.720407,0,3.18868,10.5393,6.86397,0.001066 0.000125 0.500832
0.705,0.721415,0,3.27792,10.9857,7.13179,0.001072 0.00013 0.500847
0.706,0.72247,0,3.36959,11.4486,7.40908,0.001078 0.000134 0.500864
0.707,0.723496,0,3.4637,11.9287,7.6962,0.001085 0.000138 0.500881
0.708,0.724502,0,3.56023,12.4268,7.99353,0.001092 0.000142 0.500899
0.709,0.725533,0,3.65916,12.9437,8.30145,0.0011 0.000147 0.500918
0.71,0.726562,0,3.76049,13.4802,8.62034,0.001109 0.000151 0.500938
0.711,0.72758,0,3.86418,14.037,8.95061,0.001118 0.000155 0.500958
0.712,0.728598,0,3.9702,14.6151,9.29265,0.001128 0.00016 0.50098
0.713,0.729615,0,4.07853,15.2152,9.64686,0.001138 0.000164 0.501002
0.714,0.730598,0,4.18912,15.8382,10.0136,0.001149 0.000168 0.501026
0.715,0.731624,0,4.30193,16.4849,10.3934,0.001161 0.000173 0.50105
0.716,0.732643,0,4.41692,17.1561,10.7865,0.001173 0.000177 0.501075
0.717,0.733665,0,4.53403,17.8529,11.1934,0.001186 0.000182 0.501101
0.718,0.734699,0,4.65321,18.5759,11.6145,0.001199 0.000187 0.501128
0.719,0.735664,0,4.7744,19.326,12.0502,0.001214 0.000191 0.501156
0.72,0.736683,0,4.89751,20.1041,12.5008,0.001229 0.000196 0.501185
0.721,0.737706,0,5.02244,20.911,12.9667,0.001244 0.000201 0.501215
0.722,0.738721,0,5.14902,21.7475,13.4483,0.00126 0.000206 0.501246
0.723,0.73974,0,5.27675,22.6143,13.9455,0.001277 0.000211 0.501277
0.724,0.740764,0,5.41339,23.5078,14.4606,0.001294 0.000216 0.50131
0.725,0.741785,0,5.55419,24.453,15.0036,0.001313 0.000221 0.501342
0.726,0.742805,0,5.68924,25.4207,15.555,0.001334 0.000226 0.501377
0.727,0.743822,0,5.8297,26.4345,16.1321,0.001355 0.000231 0.501413
0.728,0.744843,0,5.97181,27.4848,16.7283,0.001378 0.000236 0.50145
0.729,0.745815,0,6.11544,28.5728,17.3441,0.001401 0.000242 0.501489
0.73,0.746837,0,6.26056,29.6995,17.98,0.001425 0.000247 0.501528
0.731,0.747853,0,6.4071,30.866,18.6365,0.00145 0.000253 0.501568
0.732,0.748867,0,6.55502,32.0734,19.3142,0.001476 0.000258 0.50161
0.733,0.749884,0,6.7043,33.3228,20.0136,0.001502 0.000264 0.501652
0.734,0.750905,0,6.85497,34.6155,20.7352,0.001529 0.00027 0.501695
0.735,0.751928,0,7.00718,35.9526,21.4799,0.001557 0.000276 0.50174
0.736,0.752948,0,7.16122,37.3355,22.2483,0.001586 0.000282 0.501786
0.737,0.753961,0,7.31765,38.7656,23.0416,0.001615 0.000288 0.501832
0.738,0.75494,0,7.4772,40.245,23.8611,0.001646 0.000294 0.50188
0.739,0.755924,0,7.64076,41.7755,24.7081,0.001677 0.0003 0.501928
0.74,0.756906,0,7.80702,43.3619,25.5845,0.001708 0.000307 0.501977
0.741,0.757911,0,7.96282,45.0073,26.4851,0.001741 0.000313 0.502027
0.742,0.758899,0,75.8299,114.942,95.3859,0.001774 0.000319 0.502081
0.743,0.759882,0,198.253,209.72,203.987,0.001777 0.000275 0.502196
0.744,0.760862,0,204.185,225.658,214.921,0.0018 0.000303 0.50226
0.745,0.761845,0,201.48,237.317,219.398,0.001892 0.0005 0.502307
0.746,0.762827,0,199.819,250.718,225.269,0.001981 0.000663 0.502317
0.747,0.763815,0,200.224,266.717,233.47,0.002106 0.000804 0.502303
0.748,0.764802,0,202.164,284.806,243.485,0.002252 0.00093 0.502278
0.749,0.76579,0,205.429,304.839,255.134,0.002415 0.001045 0.502247
0.75,0.766775,0,209.873,326.74,268.307,0.002592 0.001151 0.502211
0.751,0.767769,0,215.39,350.479,282.935,0.002781 0.001253 0.502175
0.752,0.768751,0,221.906,376.056,298.981,0.002981 0.001352 0.502138
0.753,0.769735,0,229.374,403.498,316.436,0.00319 0.00145 0.502101
0.754,0.770724,0,237.768,432.85,335.309,0.003409 0.001548 0.502067
0.755,0.77171,0,247.08,464.176,355.628,0.003637 0.001647 0.502035
0.756,0.772691,0,257.322,497.555,377.438,0.003874 0.001748 0.502007
0.757,0.773675,0,268.523,533.076,400.799,0.004119 0.001852 0.501983
0.758,0.774662,0,280.735,570.841,425.788,0.004372 0.001959 0.501964
0.759,0.775644,0,294.043,610.96,452.502,0.004633 0.00207 0.50195
0.76,0.776598,0,308.616,653.536,481.076,0.0049 0.002187 0.501943
0.761,0.777584,0,323.818,699.191,511.504,0.005171 0.002308 0.501946
0.762,0.778579,0,339.371,746.474,542.922,0.005463 0.002434 0.501908
0.763,0.779567,0,356.24,797.021,576.63,0.00576 0.002566 0.501872
0.764,0.780552,0,374.132,850.291,612.211,0.006068 0.002704 0.501842
0.765,0.781545,0,393.14,906.482,649.811,0.006387 0.002847 0.501819
0.766,0.782573,0,413.301,965.689,689.495,0.006717 0.002995 0.501803
0.767,0.783605,0,434.657,1028.01,731.334,0.007059 0.00315 0.501795
0.768,0.784636,0,457.245,1093.54,775.393,0.007412 0.00331 0.501796
0.769,0.785671,0,481.101,1162.36,821.73,0.007775 0.003477 0.501808
0.77,0.786711,0,506.258,1234.53,870.395,0.00815 0.00365 0.50183
0.771,0.787738,0,532.742,1310.12,921.428,0.008534 0.003829 0.501863
0.772,0.788763,0,560.575,1389.14,974.858,0.008929 0.004014 0.501909
0.773,0.789789,0,589.771,1471.63,1030.7,0.009334 0.004205 0.501968
0.774,0.790813,0,620.339,1557.57,1088.95,0.009747 0.004402 0.50204
0.775,0.79182,0,598.03,1673.75,1135.89,0.010169 0.002423 0.502126
0.776,0.792846,0,638.247,1756.46,1197.35,0.010575 0.002866 0.502223
0.777,0.793873,0,676.585,1840.75,1258.67,0.011001 0.003451 0.502321
0.778,0.794921,0,715.721,1930.41,1323.07,0.011432 0.003966 0.502433
0.779,0.795925,0,755.611,2024.72,1390.16,0.011871 0.004425 0.502562
0.78,0.796911,0,732.356,2164.58,1448.47,0.012316 0.002596 0.502708
0.781,0.797917,0,781.309,2252.06,1516.68,0.012738 0.003201 0.502864
0.782,0.798902,0,828.558,2343.43,1585.99,0.013182 0.003941 0.503027
0.783,0.799909,0,875.771,2440.45,1658.11,0.013627 0.004581 0.503205
0.784,0.800876,0,923.042,2542.21,1732.63,0.014074 0.005142 0.503401
0.785,0.801861,0,888.259,2709.79,1799.03,0.014523 0.00312 0.503616
0.786,0.802809,0,1032.82,2691.96,1862.39,0.014941 0.006191 0.503838
0.787,0.803754,0,951.298,2902.4,1926.85,0.015351 0.003974 0.503996
0.788,0.80474,0,980.36,2939.15,1959.75,0.016098 0.003905 0.504296
0.789,0.805772,0,1028.18,3031.08,2029.63,0.016511 0.004892 0.504626
0.79,0.806756,0,1071.23,3126.97,2099.1,0.016925 0.005593 0.50493
0.791,0.807795,0,1016.31,3304.62,2160.46,0.017309 0.003568 0.505256
0.792,0.808778,0,1090.5,3312.8,2201.65,0.017662 0.004053 0.505588
0.793,0.809763,0,1130.18,3374.91,2252.54,0.017585 0.005349 0.505959
0.794,0.81075,0,1081.55,3560.52,2321.03,0.017942 0.003579 0.506311
0.795,0.811707,0,1280.18,3449.71,2364.94,0.018271 0.006793 0.506666
0.796,0.812696,0,1150.41,3658.72,2404.57,0.018102 0.004538 0.506939
0.797,0.81364,0,1114.66,3687.43,2401.05,0.018803 0.004518 0.507312
0.798,0.814628,0,1267.36,3525.62,2396.49,0.01911 0.006526 0.507877
0.799,0.815575,0,1121.19,3740.17,2430.68,0.018904 0.004061 0.50814
0.8,0.816523,0,1083.15,3774.91,2429.03,0.019566 0.004194 0.508571
0.801,0.817552,0,1233.9,3613.39,2423.65,0.019851 0.006301 0.509184
0.802,0.818583,0,1083.84,3832.4,2458.12,0.01964 0.003757 0.509469
0.803,0.819618,0,1045.4,3872.09,2458.75,0.020274 0.003981 0.509936
0.804,0.820651,0,1197.13,3710.54,2453.83,0.020546 0.006197 0.510585
0.805,0.82168,0,1045.23,3933.29,2489.26,0.020335 0.00358 0.510885
0.806,0.822709,0,1007.02,3978.53,2492.77,0.020948 0.003864 0.511382
0.807,0.823742,0,1060.45,3894.6,2477.53,0.021213 0.006178 0.512065
0.808,0.82478,0,924.049,4079.64,2501.85,0.021522 0.001943 0.512778
0.809,0.825763,0,1098.73,3944.03,2521.38,0.022081 0.00522 0.513397
0.81,0.826741,0,957.102,4160.25,2558.68,0.021877 0.002966 0.513745
0.811,0.827744,0,918.482,4212.79,2565.64,0.022445 0.003355 0.514303
0.812,0.828777,0,980.296,4131.95,2556.12,0.022714 0.005875 0.51505
0.813,0.829811,0,841.064,4279.9,2560.48,0.023005 0.001713 0.515811
0.814,0.830861,0,921.196,4212.66,2566.93,0.023282 0.005203 0.516577
0.815,0.831902,0,789.642,4359.83,2574.74,0.023553 0.001266 0.517354
0.816,0.832904,0,872.533,4292.63,2582.58,0.023819 0.004873 0.518142
0.817,0.833914,0,743.867,4442.63,2593.25,0.024081 0.001023 0.518932
0.818,0.834922,0,828.654,4378.47,2603.56,0.02434 0.004703 0.519735
0.819,0.835929,0,701.609,4532.65,2617.13,0.024597 0.000886 0.520538
0.82,0.836962,0,788.356,4472.33,2630.34,0.024854 0.004622 0.521353
0.821,0.837999,0,662.519,4631.35,2646.94,0.025109 0.000814 0.522167
0.822,0.838998,0,751.424,4575.12,2663.27,0.025366 0.004595 0.522991
0.823,0.840003,0,626.606,4739.43,2683.02,0.025622 0.000783 0.523815
0.824,0.841005,0,717.872,4687.42,2702.65,0.02588 0.004604 0.524648
0.825,0.84201,0,593.938,4857.39,2725.66,0.026138 0.000781 0.525481
0.826,0.84304,0,687.765,4809.71,2748.74,0.026399 0.004638 0.526323
0.827,0.844044,0,564.598,4985.7,2775.15,0.026661 0.000798 0.527165
0.828,0.845053,0,661.193,4942.45,2801.82,0.026926 0.004688 0.528015
0.829,0.846055,0,538.675,5124.83,2831.75,0.027192 0.000829 0.528865
0.83,0.847044,0,638.259,5086.12,2862.19,0.027461 0.004752 0.529724
0.831,0.848047,0,516.265,5275.28,2895.77,0.027731 0.000872 0.530582
0.832,0.849052,0,619.075,5241.21,2930.14,0.028005 0.004826 0.531449
0.833,0.850055,0,497.476,5437.58,2967.53,0.028281 0.000923 0.532316
0.834,0.851058,0,603.766,5408.26,3006.01,0.02856 0.004908 0.533191
0.835,0.852061,0,482.42,5612.28,3047.35,0.028842 0.000981 0.534067
0.836,0.853065,0,592.466,5587.81,3090.14,0.029126 0.004998 0.53495
0.837,0.854064,0,471.22,5799.96,3135.59,0.029413 0.001047 0.535835
0.838,0.855101,0,585.318,5780.46,3182.89,0.029703 0.005096 0.536726
0.839,0.856101,0,464.008,6001.26,3232.63,0.029995 0.001119 0.537621
0.84,0.857104,0,582.474,5986.84,3284.66,0.030291 0.005201 0.538521
0.841,0.858058,0,460.921,6216.82,3338.87,0.030589 0.001197 0.539425
0.842,0.859036,0,584.098,6207.6,3395.85,0.03089 0.005313 0.540334
0.843,0.860017,0,462.109,6447.34,3454.72,0.031195 0.001283 0.541248
0.844,0.860995,0,590.361,6443.45,3516.9,0.031501 0.005433 0.542166
0.845,0.861977,0,467.729,6693.55,3580.64,0.031811 0.001376 0.543089
0.846,0.862956,0,601.448,6695.1,3648.27,0.032123 0.005561 0.544017
0.847,0.863937,0,477.948,6956.23,3717.09,0.03244 0.001477 0.54495
0.848,0.864914,0,617.555,6963.32,3790.44,0.032757 0.005697 0.545887
0.849,0.865869,0,492.946,7236.15,3864.55,0.033079 0.001588 0.546831
0.85,0.866836,0,638.888,7248.9,3943.89,0.033402 0.005843 0.547777
0.851,0.867816,0,512.916,7534.15,4023.53,0.033729 0.001707 0.548732
0.852,0.868796,0,665.667,7552.65,4109.16,0.034057 0.005999 0.549688
0.853,0.869778,0,538.06,7851.04,4194.55,0.034389 0.001838 0.550653
0.854,0.870757,0,698.126,7875.36,4286.74,0.034721 0.006165 0.551618
0.855,0.871738,0,568.598,8187.66,4378.13,0.035059 0.00198 0.552594
0.856,0.872724,0,736.507,8217.85,4477.18,0.035395 0.006342 0.553568
0.857,0.873683,0,604.758,8544.8,4574.78,0.035737 0.002134 0.554554
0.858,0.874688,0,781.065,8580.87,4680.97,0.036076 0.006531 0.555538
0.859,0.875661,0,646.786,8923.23,4785.01,0.036421 0.002303 0.556535
0.86,0.876619,0,832.056,8965.11,4898.58,0.036763 0.006733 0.557527
0.861,0.877604,0,694.932,9323.59,5009.26,0.037111 0.002488 0.558534
0.862,0.878587,0,889.741,9371.16,5130.45,0.037454 0.006948 0.559535
0.863,0.879572,0,749.455,9746.4,5247.93,0.037803 0.002689 0.560551
0.864,0.880556,0,954.365,9799.44,5376.9,0.038145 0.007178 0.561559
0.865,0.881515,0,810.605,10192,5501.29,0.038494 0.002909 0.562585
0.866,0.882475,0,1026.15,10250.1,5638.14,0.038834 0.007421 0.5636
0.867,0.883463,0,878.616,10660.3,5769.48,0.039179 0.003149 0.564634
0.868,0.884446,0,1105.26,10723.1,5914.17,0.039515 0.00768 0.565655
0.869,0.885433,0,953.665,11151.1,6052.38,0.039853 0.00341 0.566696
0.87,0.886441,0,1191.74,11217.7,6204.72,0.04018 0.007953 0.567722
0.871,0.887394,0,1035.77,11663.3,6349.54,0.040506 0.003694 0.568771
0.872,0.88843,0,1285.14,11733.5,6509.34,0.040813 0.00824 0.569805
0.873,0.889462,0,1124.24,12195.7,6659.98,0.041092 0.004 0.570883
0.874,0.890469,0,1169.96,12510.4,6840.18,0.041367 0.005284 0.571935
0.875,0.89147,0,1225.54,12841,7033.27,0.041681 0.006315 0.573129
0.876,0.892508,0,1130.94,13323.1,7227,0.042007 0.003461 0.574329
0.877,0.893516,0,1537.69,13290.7,7414.22,0.042304 0.009622 0.575393
0.878,0.894561,0,1364.45,13825.1,7594.77,0.042601 0.00482 0.576416
0.879,0.895599,0,1700.02,13864.4,7782.2,0.042933 0.009738 0.577434
0.88,0.896614,0,1519.16,14391.8,7955.46,0.04327 0.005383 0.578468
0.881,0.897612,0,1598.5,14680.1,8139.28,0.043589 0.006777 0.57946
0.882,0.898642,0,1684.41,14981.2,8332.82,0.043945 0.008031 0.580567
0.883,0.899673,0,1575.12,15499.2,8537.14,0.044293 0.005184 0.581662
0.884,0.900705,0,2035.37,15442,8738.68,0.044589 0.011042 0.582621
0.885,0.901734,0,1842.84,16002,8922.44,0.044872 0.006471 0.583551
0.886,0.902764,0,1949.6,16236.7,9093.13,0.045134 0.007928 0.584448
0.887,0.903793,0,2058.16,16483.3,9270.73,0.045425 0.00932 0.585433
0.888,0.904803,0,1937.9,16999.7,9468.81,0.045727 0.006497 0.586391
0.889,0.905817,0,2425.18,16899,9662.07,0.045983 0.012051 0.587218
0.89,0.906849,0,2221.43,17447.3,9834.38,0.046229 0.007685 0.588017
0.891,0.907881,0,2343.44,17601.7,9972.55,0.046454 0.009138 0.588768
0.892,0.908913,0,2461.39,17766.9,10114.1,0.046705 0.010582 0.589578
0.893,0.909943,0,2323.07,18255.5,10289.3,0.046949 0.007775 0.590354
0.894,0.910978,0,2473.96,18349.2,10411.6,0.047154 0.009352 0.591012
0.895,0.912008,0,2627.83,18444.4,10536.1,0.047366 0.010894 0.591699
0.896,0.91304,0,2541.53,18878.9,10710.2,0.047568 0.008199 0.59235
0.897,0.91407,0,2718.89,18911.5,10815.2,0.047793 0.009774 0.592932
0.898,0.915096,0,2953.56,18884.1,10918.8,0.047964 0.011335 0.593493
0.899,0.916121,0,3271.37,18777.8,11024.6,0.048124 0.01261 0.594012
0.9,0.917139,0,3380.13,19000.2,11190.2,0.048276 0.009032 0.594498
0.901,0.918138,0,3500.58,18915.1,11207.8,0.048448 0.010324 0.594794
0.902,0.919142,0,3485.31,18846.2,11165.7,0.048613 0.011176 0.595071
0.903,0.920144,0,3580.97,18901.4,11241.2,0.048733 0.012524 0.595495
0.904,0.921143,0,3260.97,19492.9,11376.9,0.048846 0.009099 0.595898
0.905,0.922086,0,3145.17,19454.7,11299.9,0.048966 0.009901 0.596104
0.906,0.923131,0,3255.64,20195.4,11725.5,0.048828 0.008607 0.59707
0.907,0.924138,0,3599.52,20656.8,12128.2,0.04868 0.008908 0.600165
0.908,0.925143,0,3713.41,20912,12312.7,0.048554 0.009284 0.600475
0.909,0.926148,0,3811.78,21145.5,12478.6,0.048361 0.010282 0.601848
0.91,0.92712,0,3805.56,22425.6,13115.6,0.048147 0.008202 0.605039
0.911,0.928127,0,3891.46,22576.4,13233.9,0.048029 0.009378 0.606039
0.912,0.929128,0,5670.03,39390.4,22530.2,0.0483 0.009961 0.607608
0.913,0.930129,0,41388.4,35251.9,38320.1,0.059173 -0.034503 0.666554
0.914,0.931145,0,83052.7,35347.1,59199.9,0.070047 -0.078967 0.722092
0.915,0.932101,0,110941,63134.8,87037.8,0.08092 -0.123431 0.777621
0.916,0.933114,0,112214,125672,118943,0.091794 -0.167895 0.833139
0.917,0.934073,0,102607,201753,152180,0.102667 -0.212359 0.888648
0.918,0.935058,0,117438,255301,186370,0.113541 -0.256823 0.944147
0.919,0.936037,0,181427,269686,225557,0.124414 -0.301287 0.999636
0.92,0.937021,0,282776,259504,271140,0.135288 -0.345751 1.05512
0.921,0.93797,0,376865,274821,325843,0.146161 -0.390214 1.11058
0.922,0.93895,0,421180,356903,389042,0.157035 -0.434678 1.16604
0.923,0.939932,0,414002,499525,456763,0.167908 -0.479142 1.22149
0.924,0.940926,0,402429,646884,524657,0.178782 -0.523606 1.27693
0.925,0.941906,0,453954,735149,594552,0.189655 -0.56807 1.33237
0.926,0.942885,0,590601,746763,668682,0.200529 -0.612534 1.38779
0.927,0.943869,0,772288,731635,751962,0.211402 -0.656998 1.4432
0.928,0.944852,0,919518,772868,846193,0.222276 -0.701462 1.4986
0.929,0.945836,0,977395,920125,948760,0.233149 -0.745926 1.55399
0.93,0.946816,0,965529,1.14403e+06,1.05478e+06,0.244023 -0.790389 1.60937
0.931,0.947775,0,969384,1.3525e+06,1.16094e+06,0.254897 -0.834853 1.66474
0.932,0.948744,0,1.07466e+06,1.46136e+06,1.26801e+06,0.26577 -0.879317 1.7201
0.933,0.949728,0,1.29506e+06,1.46518e+06,1.38012e+06,0.276644 -0.923781 1.77545
0.934,0.950729,0,1.55398e+06,1.4489e+06,1.50144e+06,0.287517 -0.968245 1.8308
0.935,0.951714,0,1.74038e+06,1.52564e+06,1.63301e+06,0.298391 -1.01271 1.88613
0.936,0.952693,0,1.79825e+06,1.74582e+06,1.77203e+06,0.309264 -1.05717 1.94145
0.937,0.953675,0,1.7777e+06,2.05072e+06,1.91421e+06,0.320138 -1.10164 1.99676
0.938,0.954654,0,1.80211e+06,2.31211e+06,2.05711e+06,0.331011 -1.1461 2.05207
0.939,0.95564,0,1.97202e+06,2.43191e+06,2.20196e+06,0.341885 -1.19056 2.10736
0.94,0.956611,0,2.28067e+06,2.42436e+06,2.35252e+06,0.352758 -1.23503 2.16264
0.941,0.957571,0,2.61184e+06,2.41228e+06,2.51206e+06,0.363632 -1.27949 2.21792
0.942,0.958554,0,2.82732e+06,2.53449e+06,2.6809e+06,0.374505 -1.32396 2.27318
0.943,0.959536,0,2.87845e+06,2.83426e+06,2.85635e+06,0.385379 -1.36842 2.32843
0.944,0.960522,0,2.85171e+06,3.21816e+06,3.03493e+06,0.396252 -1.41288 2.38368
0.945,0.961507,0,2.90692e+06,3.52332e+06,3.21512e+06,0.407126 -1.45735 2.43891
0.946,0.962493,0,3.14495e+06,3.6449e+06,3.39492e+06,0.417999 -1.50181 2.49414
0.947,0.963454,0,3.53669e+06,3.62404e+06,3.58037e+06,0.428873 -1.54628 2.54935
0.948,0.964417,0,3.92536e+06,3.62289e+06,3.77412e+06,0.439746 -1.59074 2.60456
0.949,0.965406,0,4.15219e+06,3.80066e+06,3.97642e+06,0.45062 -1.6352 2.65975
0.95,0.966395,0,4.18429e+06,4.1854e+06,4.18485e+06,0.461493 -1.67967 2.71494
0.951,0.967384,0,4.14776e+06,4.64464e+06,4.3962e+06,0.472367 -1.72413 2.77011
0.952,0.968346,0,4.23434e+06,4.98367e+06,4.60901e+06,0.48324 -1.76859 2.82528
0.953,0.969334,0,4.55069e+06,5.09865e+06,4.82467e+06,0.494114 -1.81306 2.88043
0.954,0.97032,0,5.02854e+06,5.06419e+06,5.04636e+06,0.504988 -1.85752 2.93558
0.955,0.971284,0,5.47114e+06,5.082e+06,5.27657e+06,0.515861 -1.90199 2.99072
0.956,0.972248,0,5.70496e+06,5.32528e+06,5.51512e+06,0.526735 -1.94645 3.04584
0.957,0.973265,0,5.71977e+06,5.79892e+06,5.75934e+06,0.537608 -1.99091 3.10096
0.958,0.974274,0,5.68402e+06,6.32822e+06,6.00612e+06,0.548482 -2.03538 3.15607
0.959,0.975286,0,5.81796e+06,6.6907e+06,6.25433e+06,0.559355 -2.07984 3.21116
0.96,0.976296,0,6.21975e+06,6.79168e+06,6.50572e+06,0.570229 -2.12431 3.26625
0.961,0.977311,0,6.78198e+06,6.74507e+06,6.76352e+06,0.581102 -2.16877 3.32133
0.962,0.978357,0,7.26899e+06,6.79095e+06,7.02997e+06,0.591976 -2.21323 3.3764
0.963,0.979374,0,7.49979e+06,7.10928e+06,7.30453e+06,0.602849 -2.2577 3.43146
0.964,0.980477,0,7.49447e+06,7.67417e+06,7.58432e+06,0.613723 -2.30216 3.4865
0.965,0.981514,0,7.46598e+06,8.26673e+06,7.86636e+06,0.624596 -2.34663 3.54154
0.966,0.982508,0,7.65777e+06,8.64198e+06,8.14988e+06,0.63547 -2.39109 3.59657
0.967,0.983546,0,8.15107e+06,8.72278e+06,8.43692e+06,0.646343 -2.43555 3.65159
0.968,0.984527,0,8.79435e+06,8.66719e+06,8.73077e+06,0.657217 -2.48002 3.7066
0.969,0.985563,0,9.31553e+06,8.75116e+06,9.03334e+06,0.66809 -2.52448 3.7616
0.97,0.986604,0,9.53409e+06,9.15342e+06,9.34375e+06,0.678964 -2.56894 3.81659
0.971,0.987644,0,9.50767e+06,9.81023e+06,9.65895e+06,0.689837 -2.61341 3.87156
0.972,0.988699,0,9.49442e+06,1.04579e+07,9.97614e+06,0.700711 -2.65787 3.92653
0.973,0.989739,0,9.75462e+06,1.08352e+07,1.02949e+07,0.711584 -2.70234 3.98149
