0.001,-0.00207925,0,0,0,0,1.1843 0.342 1.0116
0.002,0.0148855,0,nan,nan,nan,1.1843 0.342 1.0116
0.003,0.0341702,0,nan,nan,nan,1.1843 0.342 1.01159
0.004,0.0534769,0,nan,nan,nan,1.1843 0.342 1.01157
0.005,0.0725897,0,nan,nan,nan,1.1843 0.342 1.01154
0.006,0.0918652,0,nan,nan,nan,1.1843 0.342 1.0115
0.007,0.110983,0,nan,nan,nan,1.1843 0.342 1.01145
0.008,0.13023,0,nan,nan,nan,1.1843 0.342 1.01139
0.009,0.149329,0,nan,nan,nan,1.1843 0.342 1.01133
0.01,0.168399,0,nan,nan,nan,1.1843 0.342 1.01125
0.011,0.187616,0,nan,nan,nan,1.1843 0.342 1.01116
0.012,0.206681,0,nan,nan,nan,1.1843 0.342 1.01106
0.013,0.225958,0,nan,nan,nan,1.1843 0.342 1.01095
0.014,0.245077,0,nan,nan,nan,1.1843 0.342 1.01084
0.015,0.264512,0,nan,nan,nan,1.1843 0.342 1.01071
0.016,0.283731,0,nan,nan,nan,1.1843 0.342 1.01057
0.017,0.302891,0,nan,nan,nan,1.1843 0.342 1.01042
0.018,0.322028,0,nan,nan,nan,1.1843 0.342 1.01027
0.019,0.341122,0,nan,nan,nan,1.1843 0.342 1.0101
0.02,0.360446,0,nan,nan,nan,1.1843 0.342 1.00992
0.021,0.379543,0,nan,nan,nan,1.1843 0.342 1.00974
0.022,0.398851,0,nan,nan,nan,1.1843 0.342 1.00954
0.023,0.417948,0,nan,nan,nan,1.1843 0.342 1.00934
0.024,0.437154,0,nan,nan,nan,1.1843 0.342 1.00912
0.025,0.456275,0,nan,nan,nan,1.1843 0.342 1.0089
0.026,0.475453,0,nan,nan,nan,1.1843 0.342 1.00866
0.027,0.494716,0,nan,nan,nan,1.1843 0.342 1.00842
0.028,0.513818,0,nan,nan,nan,1.1843 0.342 1.00816
0.029,0.533251,0,nan,nan,nan,1.1843 0.342 1.0079
0.03,0.55228,0,nan,nan,nan,1.1843 0.342 1.00762
0.031,0.571547,0,nan,nan,nan,1.1843 0.342 1.00734
0.032,0.59073,0,nan,nan,nan,1.1843 0.342 1.00704
0.033,0.610142,0,nan,nan,nan,1.1843 0.342 1.00674
0.034,0.62929,0,nan,nan,nan,1.1843 0.342 1.00643
0.035,0.648365,0,nan,nan,nan,1.1843 0.342 1.0061
0.036,0.667854,0,nan,nan,nan,1.1843 0.342 1.00577
0.037,0.687102,0,nan,nan,nan,1.1843 0.342 1.00543
0.038,0.706449,0,nan,nan,nan,1.1843 0.342 1.00507
0.039,0.725659,0,nan,nan,nan,1.1843 0.342 1.00471
0.04,0.745082,0,nan,nan,nan,1.1843 0.342 1.00434
0.041,0.764475,0,nan,nan,nan,1.1843 0.342 1.00396
0.042,0.783675,0,nan,nan,nan,1.1843 0.342 1.00356
0.043,0.803334,0,nan,nan,nan,1.1843 0.342 1.00316
0.044,0.82248,0,nan,nan,nan,1.1843 0.342 1.00275
0.045,0.841726,0,nan,nan,nan,1.1843 0.342 1.00233
0.046,0.860861,0,nan,nan,nan,1.1843 0.342 1.0019
0.047,0.880146,0,nan,nan,nan,1.1843 0.342 1.00146
0.048,0.89937,0,nan,nan,nan,1.1843 0.342 1.00101
0.049,0.918541,0,nan,nan,nan,1.1843 0.342 1.00055
0.05,0.937722,0,nan,nan,nan,1.1843 0.342 1.00008
0.051,0.957261,0,nan,nan,nan,1.1843 0.342 0.999595
0.052,0.976566,0,nan,nan,nan,1.1843 0.342 0.999105
0.053,0.995623,0,nan,nan,nan,1.1843 0.342 0.998605
0.054,1.01488,0,nan,nan,nan,1.1843 0.342 0.998096
0.055,1.03394,0,nan,nan,nan,1.1843 0.342 0.997576
0.056,1.05312,0,nan,nan,nan,1.1843 0.342 0.997047
0.057,1.07222,0,nan,nan,nan,1.1843 0.342 0.996508
0.058,1.0913,0,nan,nan,nan,1.1843 0.342 0.995959
0.059,1.11063,0,nan,nan,nan,1.1843 0.342 0.995401
0.06,1.12972,0,nan,nan,nan,1.1843 0.342 0.994832
0.061,1.14925,0,nan,nan,nan,1.1843 0.342 0.994254
0.062,1.16903,0,nan,nan,nan,1.1843 0.342 0.993666
0.063,1.18905,0,nan,nan,nan,1.1843 0.342 0.993068
0.064,1.20944,0,nan,nan,nan,1.1843 0.342 0.992461
0.065,1.22931,0,nan,nan,nan,1.1843 0.342 0.991843
0.066,1.24938,0,nan,nan,nan,1.1843 0.342 0.991216
0.067,1.26973,0,nan,nan,nan,1.1843 0.342 0.990579
0.068,1.28982,0,nan,nan,nan,1.1843 0.342 0.989932
0.069,1.31004,0,nan,nan,nan,1.1843 0.342 0.989276
0.07,1.33009,0,nan,nan,nan,1.1843 0.342 0.988609
0.071,1.34977,0,nan,nan,nan,1.1843 0.342 0.987933
0.072,1.36923,0,nan,nan,nan,1.1843 0.342 0.987247
0.073,1.38871,0,nan,nan,nan,1.1843 0.342 0.986551
0.074,1.40799,0,nan,nan,nan,1.1843 0.342 0.985846
0.075,1.42733,0,nan,nan,nan,1.1843 0.342 0.98513
0.076,1.44647,0,nan,nan,nan,1.1843 0.342 0.984405
0.077,1.46567,0,nan,nan,nan,1.1843 0.342 0.98367
0.078,1.48478,0,nan,nan,nan,1.1843 0.342 0.982925
0.079,1.50397,0,nan,nan,nan,1.1843 0.342 0.982171
0.08,1.52333,0,nan,nan,nan,1.1843 0.342 0.981406
0.081,1.5424,0,nan,nan,nan,1.1843 0.342 0.980632
0.082,1.5617,0,nan,nan,nan,1.1843 0.342 0.979848
0.083,1.58081,0,nan,nan,nan,1.1843 0.342 0.979054
0.084,1.60006,0,nan,nan,nan,1.1843 0.342 0.978251
0.085,1.6195,0,nan,nan,nan,1.1843 0.342 0.977437
0.086,1.63868,0,nan,nan,nan,1.1843 0.342 0.976614
0.087,1.65796,0,nan,nan,nan,1.1843 0.342 0.975781
0.088,1.67748,0,nan,nan,nan,1.1843 0.342 0.974938
0.089,1.69707,0,nan,nan,nan,1.1843 0.342 0.974086
0.09,1.71654,0,nan,nan,nan,1.1843 0.342 0.973223
0.091,1.73598,0,nan,nan,nan,1.1843 0.342 0.972351
0.092,1.7554,0,nan,nan,nan,1.1843 0.342 0.971469
0.093,1.77484,0,nan,nan,nan,1.1843 0.342 0.970577
0.094,1.79433,0,nan,nan,nan,1.1843 0.342 0.969676
0.095,1.8138,0,nan,nan,nan,1.1843 0.342 0.968764
0.096,1.83318,0,nan,nan,nan,1.1843 0.342 0.967843
0.097,1.85264,0,nan,nan,nan,1.1843 0.342 0.966912
0.098,1.87195,0,nan,nan,nan,1.1843 0.342 0.965971
0.099,1.89114,0,nan,nan,nan,1.1843 0.342 0.965021
0.1,1.91042,0,nan,nan,nan,1.1843 0.342 0.96406
0.101,1.92954,0,nan,nan,nan,1.1843 0.342 0.96309
0.102,1.94876,0,nan,nan,nan,1.1843 0.342 0.96211
0.103,1.96801,0,nan,nan,nan,1.1843 0.342 0.96112
0.104,1.9871,0,nan,nan,nan,1.1843 0.342 0.960121
0.105,2.00634,0,nan,nan,nan,1.1843 0.342 0.959111
0.106,2.0254,0,nan,nan,nan,1.1843 0.342 0.958092
0.107,2.04462,0,nan,nan,nan,1.1843 0.342 0.957063
0.108,2.06368,0,nan,nan,nan,1.1843 0.342 0.956024
0.109,2.08279,0,nan,nan,nan,1.1843 0.342 0.954976
0.11,2.10181,0,nan,nan,nan,1.1843 0.342 0.953917
0.111,2.12089,0,nan,nan,nan,1.1843 0.342 0.952849
0.112,2.14017,0,nan,nan,nan,1.1843 0.342 0.951771
0.113,2.15934,0,nan,nan,nan,1.1843 0.342 0.950683
0.114,2.17859,0,nan,nan,nan,1.1843 0.342 0.949586
0.115,2.19762,0,nan,nan,nan,1.1843 0.342 0.948478
0.116,2.21678,0,nan,nan,nan,1.1843 0.342 0.947361
0.117,2.23588,0,nan,nan,nan,1.1843 0.342 0.946234
0.118,2.25493,0,nan,nan,nan,1.1843 0.342 0.945097
0.119,2.27417,0,nan,nan,nan,1.1843 0.342 0.943951
0.12,2.29326,0,nan,nan,nan,1.1843 0.342 0.942794
0.121,2.31254,0,nan,nan,nan,1.1843 0.342 0.941628
0.122,2.33162,0,nan,nan,nan,1.1843 0.342 0.940452
0.123,2.35089,0,nan,nan,nan,1.1843 0.342 0.939266
0.124,2.36998,0,nan,nan,nan,1.1843 0.342 0.938071
0.125,2.38919,0,nan,nan,nan,1.1843 0.342 0.936865
0.126,2.40834,0,nan,nan,nan,1.1843 0.342 0.93565
0.127,2.42741,0,nan,nan,nan,1.1843 0.342 0.934425
0.128,2.44663,0,nan,nan,nan,1.1843 0.342 0.93319
0.129,2.46572,0,nan,nan,nan,1.1843 0.342 0.931946
0.13,2.48515,0,nan,nan,nan,1.1843 0.342 0.930691
0.131,2.5043,0,nan,nan,nan,1.1843 0.342 0.929427
0.132,2.5235,0,nan,nan,nan,1.1843 0.342 0.928153
0.133,2.54265,0,nan,nan,nan,1.1843 0.342 0.926869
0.134,2.56163,0,nan,nan,nan,1.1843 0.342 0.925576
0.135,2.58094,0,nan,nan,nan,1.1843 0.342 0.924272
0.136,2.6002,0,nan,nan,nan,1.1843 0.342 0.922959
0.137,2.61942,0,nan,nan,nan,1.1843 0.342 0.921636
0.138,2.63914,0,nan,nan,nan,1.1843 0.342 0.920303
0.139,2.65844,0,nan,nan,nan,1.1843 0.342 0.918961
0.14,2.67748,0,nan,nan,nan,1.1843 0.342 0.917608
0.141,2.69656,0,nan,nan,nan,1.1843 0.342 0.916246
0.142,2.71561,0,nan,nan,nan,1.1843 0.342 0.914874
0.143,2.73468,0,nan,nan,nan,1.1843 0.342 0.913492
0.144,2.75436,0,nan,nan,nan,1.1843 0.342 0.912101
0.145,2.77611,0,nan,nan,nan,1.1843 0.342 0.910699
0.146,2.80181,0,nan,nan,nan,1.1843 0.342 0.909288
0.147,2.82161,0,nan,nan,nan,1.1843 0.342 0.907867
0.148,2.84123,0,nan,nan,nan,1.1843 0.342 0.906436
0.149,2.8608,0,nan,nan,nan,1.1843 0.342 0.904996
0.15,2.88012,0,nan,nan,nan,1.1843 0.342 0.903545
0.151,2.89943,0,nan,nan,nan,1.1843 0.342 0.902085
0.152,2.91899,0,nan,nan,nan,1.1843 0.342 0.900615
0.153,2.93858,0,nan,nan,nan,1.1843 0.342 0.899135
0.154,2.95791,0,nan,nan,nan,1.1843 0.342 0.897646
0.155,2.97743,0,nan,nan,nan,1.1843 0.342 0.896146
0.156,2.99719,0,nan,nan,nan,1.1843 0.342 0.894637
0.157,3.01662,0,nan,nan,nan,1.1843 0.342 0.893118
0.158,3.03604,0,nan,nan,nan,1.1843 0.342 0.891589
0.159,3.05556,0,nan,nan,nan,1.1843 0.342 0.890051
0.16,3.07492,0,nan,nan,nan,1.1843 0.342 0.888502
0.161,3.09429,0,nan,nan,nan,1.1843 0.342 0.886944
