0.001,-0.0030051,0,0,0,0,1.1843 0.342 1.0116
0.002,0.014196,0,nan,nan,nan,1.1843 0.342 1.0116
0.003,0.0340159,0,nan,nan,nan,1.1843 0.342 1.01159
0.004,0.0537995,0,nan,nan,nan,1.1843 0.342 1.01157
0.005,0.073708,0,nan,nan,nan,1.1843 0.342 1.01154
0.006,0.0937321,0,nan,nan,nan,1.1843 0.342 1.0115
0.007,0.113537,0,nan,nan,nan,1.1843 0.342 1.01145
0.008,0.133361,0,nan,nan,nan,1.1843 0.342 1.01139
0.009,0.153173,0,nan,nan,nan,1.1843 0.342 1.01133
0.01,0.172998,0,nan,nan,nan,1.1843 0.342 1.01125
0.011,0.192859,0,nan,nan,nan,1.1843 0.342 1.01116
0.012,0.212663,0,nan,nan,nan,1.1843 0.342 1.01106
0.013,0.232347,0,nan,nan,nan,1.1843 0.342 1.01095
0.014,0.2519,0,nan,nan,nan,1.1843 0.342 1.01084
0.015,0.271187,0,nan,nan,nan,1.1843 0.342 1.01071
0.016,0.291032,0,nan,nan,nan,1.1843 0.342 1.01057
0.017,0.311168,0,nan,nan,nan,1.1843 0.342 1.01042
0.018,0.331551,0,nan,nan,nan,1.1843 0.342 1.01027
0.019,0.351841,0,nan,nan,nan,1.1843 0.342 1.0101
0.02,0.37225,0,nan,nan,nan,1.1843 0.342 1.00992
0.021,0.392841,0,nan,nan,nan,1.1843 0.342 1.00974
0.022,0.413661,0,nan,nan,nan,1.1843 0.342 1.00954
0.023,0.434507,0,nan,nan,nan,1.1843 0.342 1.00934
0.024,0.455775,0,nan,nan,nan,1.1843 0.342 1.00912
0.025,0.476544,0,nan,nan,nan,1.1843 0.342 1.0089
0.026,0.49691,0,nan,nan,nan,1.1843 0.342 1.00866
0.027,0.517207,0,nan,nan,nan,1.1843 0.342 1.00842
0.028,0.538175,0,nan,nan,nan,1.1843 0.342 1.00816
0.029,0.558847,0,nan,nan,nan,1.1843 0.342 1.0079
0.03,0.579148,0,nan,nan,nan,1.1843 0.342 1.00762
0.031,0.599832,0,nan,nan,nan,1.1843 0.342 1.00734
0.032,0.620583,0,nan,nan,nan,1.1843 0.342 1.00704
0.033,0.641135,0,nan,nan,nan,1.1843 0.342 1.00674
0.034,0.661476,0,nan,nan,nan,1.1843 0.342 1.00643
0.035,0.681962,0,nan,nan,nan,1.1843 0.342 1.0061
0.036,0.702715,0,nan,nan,nan,1.1843 0.342 1.00577
0.037,0.723247,0,nan,nan,nan,1.1843 0.342 1.00543
0.038,0.743014,0,nan,nan,nan,1.1843 0.342 1.00507
0.039,0.763028,0,nan,nan,nan,1.1843 0.342 1.00471
0.04,0.78345,0,nan,nan,nan,1.1843 0.342 1.00434
0.041,0.804628,0,nan,nan,nan,1.1843 0.342 1.00396
0.042,0.825494,0,nan,nan,nan,1.1843 0.342 1.00356
0.043,0.845694,0,nan,nan,nan,1.1843 0.342 1.00316
0.044,0.865901,0,nan,nan,nan,1.1843 0.342 1.00275
0.045,0.886608,0,nan,nan,nan,1.1843 0.342 1.00233
0.046,0.9093,0,nan,nan,nan,1.1843 0.342 1.0019
0.047,0.929872,0,nan,nan,nan,1.1843 0.342 1.00146
0.048,0.949692,0,nan,nan,nan,1.1843 0.342 1.00101
0.049,0.969748,0,nan,nan,nan,1.1843 0.342 1.00055
0.05,0.989581,0,nan,nan,nan,1.1843 0.342 1.00008
0.051,1.00954,0,nan,nan,nan,1.1843 0.342 0.999595
0.052,1.02963,0,nan,nan,nan,1.1843 0.342 0.999105
0.053,1.04935,0,nan,nan,nan,1.1843 0.342 0.998605
0.054,1.06907,0,nan,nan,nan,1.1843 0.342 0.998096
0.055,1.08893,0,nan,nan,nan,1.1843 0.342 0.997576
0.056,1.10905,0,nan,nan,nan,1.1843 0.342 0.997047
0.057,1.1288,0,nan,nan,nan,1.1843 0.342 0.996508
0.058,1.14852,0,nan,nan,nan,1.1843 0.342 0.995959
0.059,1.16852,0,nan,nan,nan,1.1843 0.342 0.995401
0.06,1.18857,0,nan,nan,nan,1.1843 0.342 0.994832
0.061,1.20843,0,nan,nan,nan,1.1843 0.342 0.994254
0.062,1.22824,0,nan,nan,nan,1.1843 0.342 0.993666
0.063,1.24794,0,nan,nan,nan,1.1843 0.342 0.993068
0.064,1.26836,0,nan,nan,nan,1.1843 0.342 0.992461
0.065,1.28813,0,nan,nan,nan,1.1843 0.342 0.991843
0.066,1.30797,0,nan,nan,nan,1.1843 0.342 0.991216
0.067,1.32751,0,nan,nan,nan,1.1843 0.342 0.990579
0.068,1.3473,0,nan,nan,nan,1.1843 0.342 0.989932
0.069,1.36761,0,nan,nan,nan,1.1843 0.342 0.989276
0.07,1.38734,0,nan,nan,nan,1.1843 0.342 0.988609
0.071,1.40725,0,nan,nan,nan,1.1843 0.342 0.987933
0.072,1.42695,0,nan,nan,nan,1.1843 0.342 0.987247
0.073,1.44687,0,nan,nan,nan,1.1843 0.342 0.986551
0.074,1.46671,0,nan,nan,nan,1.1843 0.342 0.985846
0.075,1.48665,0,nan,nan,nan,1.1843 0.342 0.98513
0.076,1.50657,0,nan,nan,nan,1.1843 0.342 0.984405
0.077,1.5264,0,nan,nan,nan,1.1843 0.342 0.98367
0.078,1.54652,0,nan,nan,nan,1.1843 0.342 0.982925
0.079,1.56857,0,nan,nan,nan,1.1843 0.342 0.982171
0.08,1.58851,0,nan,nan,nan,1.1843 0.342 0.981406
0.081,1.60825,0,nan,nan,nan,1.1843 0.342 0.980632
0.082,1.62824,0,nan,nan,nan,1.1843 0.342 0.979848
0.083,1.64835,0,nan,nan,nan,1.1843 0.342 0.979054
0.084,1.6681,0,nan,nan,nan,1.1843 0.342 0.978251
0.085,1.68782,0,nan,nan,nan,1.1843 0.342 0.977437
0.086,1.7077,0,nan,nan,nan,1.1843 0.342 0.976614
0.087,1.72784,0,nan,nan,nan,1.1843 0.342 0.975781
0.088,1.74758,0,nan,nan,nan,1.1843 0.342 0.974938
0.089,1.76732,0,nan,nan,nan,1.1843 0.342 0.974086
0.09,1.78732,0,nan,nan,nan,1.1843 0.342 0.973223
0.091,1.80714,0,nan,nan,nan,1.1843 0.342 0.972351
0.092,1.82708,0,nan,nan,nan,1.1843 0.342 0.971469
0.093,1.84681,0,nan,nan,nan,1.1843 0.342 0.970577
0.094,1.86657,0,nan,nan,nan,1.1843 0.342 0.969676
0.095,1.88698,0,nan,nan,nan,1.1843 0.342 0.968764
0.096,1.90679,0,nan,nan,nan,1.1843 0.342 0.967843
0.097,1.92663,0,nan,nan,nan,1.1843 0.342 0.966912
0.098,1.94632,0,nan,nan,nan,1.1843 0.342 0.965971
0.099,1.96612,0,nan,nan,nan,1.1843 0.342 0.965021
0.1,1.98616,0,nan,nan,nan,1.1843 0.342 0.96406
0.101,2.00596,0,nan,nan,nan,1.1843 0.342 0.96309
0.102,2.02585,0,nan,nan,nan,1.1843 0.342 0.96211
0.103,2.04567,0,nan,nan,nan,1.1843 0.342 0.96112
0.104,2.06557,0,nan,nan,nan,1.1843 0.342 0.960121
0.105,2.08549,0,nan,nan,nan,1.1843 0.342 0.959111
0.106,2.10524,0,nan,nan,nan,1.1843 0.342 0.958092
0.107,2.12492,0,nan,nan,nan,1.1843 0.342 0.957063
0.108,2.14473,0,nan,nan,nan,1.1843 0.342 0.956024
0.109,2.1649,0,nan,nan,nan,1.1843 0.342 0.954976
0.11,2.1847,0,nan,nan,nan,1.1843 0.342 0.953917
0.111,2.20464,0,nan,nan,nan,1.1843 0.342 0.952849
0.112,2.22476,0,nan,nan,nan,1.1843 0.342 0.951771
0.113,2.24466,0,nan,nan,nan,1.1843 0.342 0.950683
0.114,2.26462,0,nan,nan,nan,1.1843 0.342 0.949586
0.115,2.28452,0,nan,nan,nan,1.1843 0.342 0.948478
0.116,2.30443,0,nan,nan,nan,1.1843 0.342 0.947361
0.117,2.32447,0,nan,nan,nan,1.1843 0.342 0.946234
0.118,2.34448,0,nan,nan,nan,1.1843 0.342 0.945097
0.119,2.36427,0,nan,nan,nan,1.1843 0.342 0.943951
0.12,2.38399,0,nan,nan,nan,1.1843 0.342 0.942794
0.121,2.40384,0,nan,nan,nan,1.1843 0.342 0.941628
0.122,2.42386,0,nan,nan,nan,1.1843 0.342 0.940452
0.123,2.44367,0,nan,nan,nan,1.1843 0.342 0.939266
0.124,2.46338,0,nan,nan,nan,1.1843 0.342 0.938071
0.125,2.48332,0,nan,nan,nan,1.1843 0.342 0.936865
0.126,2.50357,0,nan,nan,nan,1.1843 0.342 0.93565
0.127,2.52333,0,nan,nan,nan,1.1843 0.342 0.934425
0.128,2.54304,0,nan,nan,nan,1.1843 0.342 0.93319
0.129,2.56275,0,nan,nan,nan,1.1843 0.342 0.931946
0.13,2.5827,0,nan,nan,nan,1.1843 0.342 0.930691
0.131,2.60279,0,nan,nan,nan,1.1843 0.342 0.929427
0.132,2.62255,0,nan,nan,nan,1.1843 0.342 0.928153
0.133,2.64253,0,nan,nan,nan,1.1843 0.342 0.926869
0.134,2.66263,0,nan,nan,nan,1.1843 0.342 0.925576
0.135,2.68255,0,nan,nan,nan,1.1843 0.342 0.924272
0.136,2.70254,0,nan,nan,nan,1.1843 0.342 0.922959
0.137,2.72227,0,nan,nan,nan,1.1843 0.342 0.921636
0.138,2.74199,0,nan,nan,nan,1.1843 0.342 0.920303
0.139,2.76185,0,nan,nan,nan,1.1843 0.342 0.918961
0.14,2.7819,0,nan,nan,nan,1.1843 0.342 0.917608
0.141,2.80161,0,nan,nan,nan,1.1843 0.342 0.916246
0.142,2.8213,0,nan,nan,nan,1.1843 0.342 0.914874
0.143,2.84057,0,nan,nan,nan,1.1843 0.342 0.913492
0.144,2.86065,0,nan,nan,nan,1.1843 0.342 0.912101
0.145,2.88045,0,nan,nan,nan,1.1843 0.342 0.910699
0.146,2.90015,0,nan,nan,nan,1.1843 0.342 0.909288
0.147,2.92008,0,nan,nan,nan,1.1843 0.342 0.907867
0.148,2.93994,0,nan,nan,nan,1.1843 0.342 0.906436
0.149,2.96006,0,nan,nan,nan,1.1843 0.342 0.904996
0.15,2.97977,0,nan,nan,nan,1.1843 0.342 0.903545
0.151,2.99946,0,nan,nan,nan,1.1843 0.342 0.902085
0.152,3.01894,0,nan,nan,nan,1.1843 0.342 0.900615
0.153,3.03896,0,nan,nan,nan,1.1843 0.342 0.899135
0.154,3.05876,0,nan,nan,nan,1.1843 0.342 0.897646
0.155,3.07872,0,nan,nan,nan,1.1843 0.342 0.896146
0.156,3.09875,0,nan,nan,nan,1.1843 0.342 0.894637
0.157,3.11857,0,nan,nan,nan,1.1843 0.342 0.893118
0.158,3.13848,0,nan,nan,nan,1.1843 0.342 0.891589
0.159,3.15835,0,nan,nan,nan,1.1843 0.342 0.890051
0.16,3.17824,0,nan,nan,nan,1.1843 0.342 0.888502
0.161,3.19814,0,nan,nan,nan,1.1843 0.342 0.886944
0.162,3.2179,0,nan,nan,nan,1.1843 0.342 0.885376
0.163,3.23789,0,nan,nan,nan,1.1843 0.342 0.883798
0.164,3.25761,0,nan,nan,nan,1.1843 0.342 0.882211
0.165,3.27775,0,nan,nan,nan,1.1843 0.342 0.880613
0.166,3.29763,0,nan,nan,nan,1.1843 0.342 0.879006
0.167,3.31766,0,nan,nan,nan,1.1843 0.342 0.877389
0.168,3.33744,0,nan,nan,nan,1.1843 0.342 0.875762
0.169,3.3574,0,nan,nan,nan,1.1843 0.342 0.874126
0.17,3.37725,0,nan,nan,nan,1.1843 0.342 0.872479
0.171,3.39721,0,nan,nan,nan,1.1843 0.342 0.870823
0.172,3.41711,0,nan,nan,nan,1.1843 0.342 0.869157
0.173,3.43701,0,nan,nan,nan,1.1843 0.342 0.867481
0.174,3.45672,0,nan,nan,nan,1.1843 0.342 0.865796
0.175,3.47683,0,nan,nan,nan,1.1843 0.342 0.8641
0.176,3.49665,0,nan,nan,nan,1.1843 0.342 0.862395
0.177,3.51632,0,nan,nan,nan,1.1843 0.342 0.86068
0.178,3.53617,0,nan,nan,nan,1.1843 0.342 0.858955
0.179,3.55614,0,nan,nan,nan,1.1843 0.342 0.857221
0.18,3.57633,0,nan,nan,nan,1.1843 0.342 0.855476
0.181,3.59603,0,nan,nan,nan,1.1843 0.342 0.853722
0.182,3.6157,0,nan,nan,nan,1.1843 0.342 0.851958
0.183,3.63551,0,nan,nan,nan,1.1843 0.342 0.850184
0.184,3.6554,0,nan,nan,nan,1.1843 0.342 0.848401
0.185,3.67515,0,nan,nan,nan,1.1843 0.342 0.846607
0.186,3.69481,0,nan,nan,nan,1.1843 0.342 0.844804
0.187,3.71449,0,nan,nan,nan,1.1843 0.342 0.842991
0.188,3.73433,0,nan,nan,nan,1.1843 0.342 0.841168
0.189,3.7543,0,nan,nan,nan,1.1843 0.342 0.839336
0.19,3.77397,0,nan,nan,nan,1.1843 0.342 0.837493
0.191,3.79391,0,nan,nan,nan,1.1843 0.342 0.835641
0.192,3.81388,0,nan,nan,nan,1.1843 0.342 0.833779
0.193,3.83385,0,nan,nan,nan,1.1843 0.342 0.831907
0.194,3.85361,0,nan,nan,nan,1.1843 0.342 0.830026
0.195,3.87331,0,nan,nan,nan,1.1843 0.342 0.828134
0.196,3.893,0,nan,nan,nan,1.1843 0.342 0.826233
0.197,3.91282,0,nan,nan,nan,1.1843 0.342 0.824322
0.198,3.93285,0,nan,nan,nan,1.1843 0.342 0.822401
0.199,3.95258,0,nan,nan,nan,1.1843 0.342 0.820471
0.2,3.9725,0,nan,nan,nan,1.1843 0.342 0.81853
0.201,3.99245,0,nan,nan,nan,1.1843 0.342 0.81658
0.202,4.01242,0,nan,nan,nan,1.1843 0.342 0.81462
0.203,4.03227,0,nan,nan,nan,1.1843 0.342 0.81265
0.204,4.05192,0,nan,nan,nan,1.1843 0.342 0.810671
0.205,4.07157,0,nan,nan,nan,1.1843 0.342 0.808681
0.206,4.09174,0,nan,nan,nan,1.1843 0.342 0.806682
0.207,4.11154,0,nan,nan,nan,1.1843 0.342 0.804673
0.208,4.13121,0,nan,nan,nan,1.1843 0.342 0.802654
0.209,4.15062,0,nan,nan,nan,1.1843 0.342 0.800626
0.21,4.17043,0,nan,nan,nan,1.1843 0.342 0.798587
0.211,4.19028,0,nan,nan,nan,1.1843 0.342 0.796539
0.212,4.21021,0,nan,nan,nan,1.1843 0.342 0.794481
0.213,4.2299,0,nan,nan,nan,1.1843 0.342 0.792413
0.214,4.24962,0,nan,nan,nan,1.1843 0.342 0.790336
0.215,4.2694,0,nan,nan,nan,1.1843 0.342 0.788248
0.216,4.28894,0,nan,nan,nan,1.1843 0.342 0.786151
0.217,4.3089,0,nan,nan,nan,1.1843 0.342 0.784044
0.218,4.32862,0,nan,nan,nan,1.1843 0.342 0.781927
0.219,4.34845,0,nan,nan,nan,1.1843 0.342 0.779801
0.22,4.36847,0,nan,nan,nan,1.1843 0.342 0.777664
0.221,4.38817,0,nan,nan,nan,1.1843 0.342 0.775518
0.222,4.40799,0,nan,nan,nan,1.1843 0.342 0.773362
0.223,4.42777,0,nan,nan,nan,1.1843 0.342 0.771196
0.224,4.44773,0,nan,nan,nan,1.1843 0.342 0.769021
0.225,4.46759,0,nan,nan,nan,1.1843 0.342 0.766835
0.226,4.48732,0,nan,nan,nan,1.1843 0.342 0.76464
0.227,4.50698,0,nan,nan,nan,1.1843 0.342 0.762435
0.228,4.52681,0,nan,nan,nan,1.1843 0.342 0.76022
0.229,4.54675,0,nan,nan,nan,1.1843 0.342 0.757996
0.23,4.56644,0,nan,nan,nan,1.1843 0.342 0.755761
0.231,4.58611,0,nan,nan,nan,1.1843 0.342 0.753517
0.232,4.60601,0,nan,nan,nan,1.1843 0.342 0.751263
0.233,4.62592,0,nan,nan,nan,1.1843 0.342 0.748999
0.234,4.64567,0,nan,nan,nan,1.1843 0.342 0.746726
0.235,4.66549,0,nan,nan,nan,1.1843 0.342 0.744442
0.236,4.68517,0,nan,nan,nan,1.1843 0.342 0.742149
0.237,4.70529,0,nan,nan,nan,1.1843 0.342 0.739846
0.238,4.72516,0,nan,nan,nan,1.1843 0.342 0.737533
0.239,4.74481,0,nan,nan,nan,1.1843 0.342 0.735211
0.24,4.76451,0,nan,nan,nan,1.1843 0.342 0.732878
0.241,4.78427,0,nan,nan,nan,1.1843 0.342 0.730536
0.242,4.80429,0,nan,nan,nan,1.1843 0.342 0.728184
0.243,4.82404,0,nan,nan,nan,1.1843 0.342 0.725822
0.244,4.84386,0,nan,nan,nan,1.1843 0.342 0.723451
0.245,4.86355,0,nan,nan,nan,1.1843 0.342 0.721069
0.246,4.88337,0,nan,nan,nan,1.1843 0.342 0.718678
0.247,4.90326,0,nan,nan,nan,1.1843 0.342 0.716277
0.248,4.92294,0,nan,nan,nan,1.1843 0.342 0.713866
0.249,4.94263,0,nan,nan,nan,1.1843 0.342 0.711446
0.25,4.96247,0,nan,nan,nan,1.1843 0.342 0.709015
0.251,4.98241,0,nan,nan,nan,1.1843 0.342 0.706575
0.252,5.00209,0,nan,nan,nan,1.1843 0.342 0.704125
0.253,5.02177,0,nan,nan,nan,1.1843 0.342 0.701665
0.254,5.04141,0,nan,nan,nan,1.1843 0.342 0.699196
0.255,5.06118,0,nan,nan,nan,1.1843 0.342 0.696716
0.256,5.08101,0,nan,nan,nan,1.1843 0.342 0.694227
0.257,5.10068,0,nan,nan,nan,1.1843 0.342 0.691728
0.258,5.12037,0,nan,nan,nan,1.1843 0.342 0.689219
0.259,5.14018,0,nan,nan,nan,1.1843 0.342 0.686701
0.26,5.16024,0,nan,nan,nan,1.1843 0.342 0.684172
0.261,5.17991,0,nan,nan,nan,1.1843 0.342 0.681634
0.262,5.19955,0,nan,nan,nan,1.1843 0.342 0.679086
0.263,5.21915,0,nan,nan,nan,1.1843 0.342 0.676528
0.264,5.23908,0,nan,nan,nan,1.1843 0.342 0.673961
0.265,5.25879,0,nan,nan,nan,1.1843 0.342 0.671383
0.266,5.27873,0,nan,nan,nan,1.1843 0.342 0.668796
0.267,5.29876,0,nan,nan,nan,1.1843 0.342 0.666199
0.268,5.31862,0,nan,nan,nan,1.1843 0.342 0.663592
0.269,5.33874,0,nan,nan,nan,1.1843 0.342 0.660976
0.27,5.35842,0,nan,nan,nan,1.1843 0.342 0.658349
0.271,5.3782,0,nan,nan,nan,1.1843 0.342 0.655713
0.272,5.39806,0,nan,nan,nan,1.1843 0.342 0.653067
0.273,5.41782,0,nan,nan,nan,1.1843 0.342 0.650411
0.274,5.43766,0,nan,nan,nan,1.1843 0.342 0.647746
0.275,5.45741,0,nan,nan,nan,1.1843 0.342 0.64507
0.276,5.47714,0,nan,nan,nan,1.1843 0.342 0.642385
0.277,5.49708,0,nan,nan,nan,1.1843 0.342 0.63969
0.278,5.51699,0,nan,nan,nan,1.1843 0.342 0.636985
0.279,5.53668,0,nan,nan,nan,1.1843 0.342 0.634271
0.28,5.55637,0,nan,nan,nan,1.1843 0.342 0.631546
0.281,5.57633,0,nan,nan,nan,1.1843 0.342 0.628812
0.282,5.59628,0,nan,nan,nan,1.1843 0.342 0.626068
0.283,5.61612,0,nan,nan,nan,1.1843 0.342 0.623314
0.284,5.63588,0,nan,nan,nan,1.1843 0.342 0.620551
0.285,5.65553,0,nan,nan,nan,1.1843 0.342 0.617777
0.286,5.67572,0,nan,nan,nan,1.1843 0.342 0.614994
0.287,5.69544,0,nan,nan,nan,1.1843 0.342 0.612201
0.288,5.71511,0,nan,nan,nan,1.1843 0.342 0.609398
0.289,5.73496,0,nan,nan,nan,1.1843 0.342 0.606586
0.29,5.75509,0,nan,nan,nan,1.1843 0.342 0.603763
0.291,5.77483,0,nan,nan,nan,1.1843 0.342 0.600931
0.292,5.7945,0,nan,nan,nan,1.1843 0.342 0.598089
0.293,5.81417,0,nan,nan,nan,1.1843 0.342 0.595237
0.294,5.83384,0,nan,nan,nan,1.1843 0.342 0.592376
0.295,5.85363,0,nan,nan,nan,1.1843 0.342 0.589504
0.296,5.87356,0,nan,nan,nan,1.1843 0.342 0.586623
0.297,5.89325,0,nan,nan,nan,1.1843 0.342 0.583732
0.298,5.91308,0,nan,nan,nan,1.1843 0.342 0.580831
0.299,5.93294,0,nan,nan,nan,1.1843 0.342 0.577921
0.3,5.95287,0,nan,nan,nan,1.1843 0.342 0.575
0.301,5.97256,0,nan,nan,nan,1.1843 0.342 0.57207
0.302,5.99222,0,nan,nan,nan,1.1843 0.342 0.56913
0.303,6.01196,0,nan,nan,nan,1.1843 0.342 0.56618
0.304,6.03195,0,nan,nan,nan,1.1843 0.342 0.563221
0.305,6.05168,0,nan,nan,nan,1.1843 0.342 0.560251
0.306,6.07136,0,nan,nan,nan,1.1843 0.342 0.557272
0.307,6.09104,0,nan,nan,nan,1.1843 0.342 0.554283
0.308,6.11095,0,nan,nan,nan,1.1843 0.342 0.551284
0.309,6.13103,0,nan,nan,nan,1.1843 0.342 0.548276
0.31,6.15078,0,nan,nan,nan,1.1843 0.342 0.545257
0.311,6.17064,0,nan,nan,nan,1.1843 0.342 0.542229
0.312,6.19054,0,nan,nan,nan,1.1843 0.342 0.539191
0.313,6.21036,0,nan,nan,nan,1.1843 0.342 0.536143
0.314,6.23036,0,nan,nan,nan,1.1843 0.342 0.533086
0.315,6.25015,0,nan,nan,nan,1.1843 0.342 0.530018
0.316,6.27013,0,nan,nan,nan,1.1843 0.342 0.526941
0.317,6.29013,0,nan,nan,nan,1.1843 0.342 0.523854
0.318,6.31017,0,nan,nan,nan,1.1843 0.342 0.520757
0.319,6.33019,0,nan,nan,nan,1.1843 0.342 0.517651
0.32,6.35,0,nan,nan,nan,1.1843 0.342 0.514534
0.321,6.36987,0,nan,nan,nan,1.1843 0.342 0.511408
0.322,6.38988,0,nan,nan,nan,1.1843 0.342 0.508272
0.323,6.40979,0,nan,nan,nan,1.1843 0.342 0.505126
0.324,6.42957,0,nan,nan,nan,1.1843 0.342 0.501971
0.325,6.44955,0,nan,nan,nan,1.1843 0.342 0.498805
0.326,6.46943,0,nan,nan,nan,1.1843 0.342 0.49563
0.327,6.48914,0,nan,nan,nan,1.1843 0.342 0.492445
0.328,6.50886,0,nan,nan,nan,1.1843 0.342 0.48925
0.329,6.52856,0,nan,nan,nan,1.1843 0.342 0.486046
0.33,6.54836,0,nan,nan,nan,1.1843 0.342 0.482831
0.331,6.56807,0,nan,nan,nan,1.1843 0.342 0.479607
0.332,6.58786,0,nan,nan,nan,1.1843 0.342 0.476373
0.333,6.60785,0,nan,nan,nan,1.1843 0.342 0.473129
0.334,6.62763,0,nan,nan,nan,1.1843 0.342 0.469876
0.335,6.64751,0,nan,nan,nan,1.1843 0.342 0.466612
0.336,6.66736,0,nan,nan,nan,1.1843 0.342 0.463339
0.337,6.68722,0,nan,nan,nan,1.1843 0.342 0.460056
0.338,6.70714,0,nan,nan,nan,1.1843 0.342 0.456763
0.339,6.72685,0,nan,nan,nan,1.1843 0.342 0.453461
0.34,6.74659,0,nan,nan,nan,1.1843 0.342 0.450148
0.341,6.76656,0,nan,nan,nan,1.1843 0.342 0.446826
0.342,6.78638,0,nan,nan,nan,1.1843 0.342 0.443494
0.343,6.80633,0,nan,nan,nan,1.1843 0.342 0.440152
0.344,6.82617,0,nan,nan,nan,1.1843 0.342 0.436801
0.345,6.84621,0,nan,nan,nan,1.1843 0.342 0.433439
0.346,6.86596,0,nan,nan,nan,1.1843 0.342 0.430068
0.347,6.88569,0,nan,nan,nan,1.1843 0.342 0.426687
0.348,6.90569,0,nan,nan,nan,1.1843 0.342 0.423296
0.349,6.92559,0,nan,nan,nan,1.1843 0.342 0.419896
0.35,6.94568,0,nan,nan,nan,1.1843 0.342 0.416485
0.351,6.96545,0,nan,nan,nan,1.1843 0.342 0.413065
0.352,6.98537,0,nan,nan,nan,1.1843 0.342 0.409635
0.353,7.00529,0,nan,nan,nan,1.1843 0.342 0.406195
0.354,7.0256,0,nan,nan,nan,1.1843 0.342 0.402746
0.355,7.04556,0,nan,nan,nan,1.1843 0.342 0.399286
0.356,7.06562,0,nan,nan,nan,1.1843 0.342 0.395817
0.357,7.0853,0,nan,nan,nan,1.1843 0.342 0.392338
0.358,7.10506,0,nan,nan,nan,1.1843 0.342 0.388849
0.359,7.12513,0,nan,nan,nan,1.1843 0.342 0.385351
0.36,7.14498,0,nan,nan,nan,1.1843 0.342 0.381842
0.361,7.16474,0,nan,nan,nan,1.1843 0.342 0.378324
0.362,7.18443,0,nan,nan,nan,1.1843 0.342 0.374796
0.363,7.20427,0,nan,nan,nan,1.1843 0.342 0.371258
0.364,7.22433,0,nan,nan,nan,1.1843 0.342 0.367711
0.365,7.24396,0,nan,nan,nan,1.1843 0.342 0.364153
0.366,7.26382,0,nan,nan,nan,1.1843 0.342 0.360586
0.367,7.28355,0,nan,nan,nan,1.1843 0.342 0.357009
0.368,7.30339,0,nan,nan,nan,1.1843 0.342 0.353422
0.369,7.32343,0,nan,nan,nan,1.1843 0.342 0.349826
0.37,7.34309,0,nan,nan,nan,1.1843 0.342 0.346219
0.371,7.36273,0,nan,nan,nan,1.1843 0.342 0.342603
0.372,7.38254,0,nan,nan,nan,1.1843 0.342 0.338977
0.373,7.40247,0,nan,nan,nan,1.1843 0.342 0.335341
0.374,7.42217,0,nan,nan,nan,1.1843 0.342 0.331696
0.375,7.44204,0,nan,nan,nan,1.1843 0.342 0.32804
0.376,7.46191,0,nan,nan,nan,1.1843 0.342 0.324375
0.377,7.48167,0,nan,nan,nan,1.1843 0.342 0.3207
0.378,7.50158,0,nan,nan,nan,1.1843 0.342 0.317015
0.379,7.52129,0,nan,nan,nan,1.1843 0.342 0.313321
0.38,7.54107,0,nan,nan,nan,1.1843 0.342 0.309616
0.381,7.56114,0,nan,nan,nan,1.1843 0.342 0.305902
0.382,7.58092,0,nan,nan,nan,1.1843 0.342 0.302178
0.383,7.60058,0,nan,nan,nan,1.1843 0.342 0.298444
0.384,7.62046,0,nan,nan,nan,1.1843 0.342 0.294701
0.385,7.64058,0,nan,nan,nan,1.1843 0.342 0.290947
0.386,7.66054,0,nan,nan,nan,1.1843 0.342 0.287184
0.387,7.68033,0,nan,nan,nan,1.1843 0.342 0.283411
0.388,7.70022,0,nan,nan,nan,1.1843 0.342 0.279628
0.389,7.71988,0,nan,nan,nan,1.1843 0.342 0.275836
0.39,7.73985,0,nan,nan,nan,1.1843 0.342 0.272033
0.391,7.7598,0,nan,nan,nan,1.1843 0.342 0.268221
0.392,7.77948,0,nan,nan,nan,1.1843 0.342 0.264399
0.393,7.79916,0,nan,nan,nan,1.1843 0.342 0.260567
0.394,7.81913,0,nan,nan,nan,1.1843 0.342 0.256726
0.395,7.83906,0,nan,nan,nan,1.1843 0.342 0.252874
0.396,7.85875,0,nan,nan,nan,1.1843 0.342 0.249013
0.397,7.87876,0,nan,nan,nan,1.1843 0.342 0.245142
0.398,7.89854,0,nan,nan,nan,1.1843 0.342 0.241261
0.399,7.91846,0,nan,nan,nan,1.1843 0.342 0.237371
0.4,7.93842,0,nan,nan,nan,1.1843 0.342 0.23347
0.401,7.95831,0,nan,nan,nan,1.1843 0.342 0.22956
0.402,7.97797,0,nan,nan,nan,1.1843 0.342 0.22564
0.403,7.99781,0,nan,nan,nan,1.1843 0.342 0.22171
0.404,8.01844,0,nan,nan,nan,1.1843 0.342 0.217771
0.405,8.03812,0,nan,nan,nan,1.1843 0.342 0.213821
0.406,8.05777,0,nan,nan,nan,1.1843 0.342 0.209862
0.407,8.07762,0,nan,nan,nan,1.1843 0.342 0.205893
0.408,8.09775,0,nan,nan,nan,1.1843 0.342 0.201914
0.409,8.11767,0,nan,nan,nan,1.1843 0.342 0.197926
0.41,8.13737,0,nan,nan,nan,1.1843 0.342 0.193927
0.411,8.15711,0,nan,nan,nan,1.1843 0.342 0.189919
0.412,8.17684,0,nan,nan,nan,1.1843 0.342 0.185901
0.413,8.19646,0,nan,nan,nan,1.1843 0.342 0.181873
0.414,8.21622,0,nan,nan,nan,1.1843 0.342 0.177836
0.415,8.23586,0,nan,nan,nan,1.1843 0.342 0.173788
0.416,8.2555,0,nan,nan,nan,1.1843 0.342 0.169731
0.417,8.27515,0,nan,nan,nan,1.1843 0.342 0.165664
0.418,8.30177,0,nan,nan,nan,1.1843 0.342 0.161587
0.419,8.32165,0,nan,nan,nan,1.1843 0.342 0.157501
0.42,8.34131,0,nan,nan,nan,1.1843 0.342 0.153404
0.421,8.36103,0,nan,nan,nan,1.1843 0.342 0.149298
0.422,8.38073,0,nan,nan,nan,1.1843 0.342 0.145182
0.423,8.40044,0,nan,nan,nan,1.1843 0.342 0.141056
0.424,8.4202,0,nan,nan,nan,1.1843 0.342 0.136921
0.425,8.43986,0,nan,nan,nan,1.1843 0.342 0.132775
0.426,8.45987,0,nan,nan,nan,1.1843 0.342 0.12862
0.427,8.47954,0,nan,nan,nan,1.1843 0.342 0.124455
0.428,8.49916,0,nan,nan,nan,1.1843 0.342 0.12028
0.429,8.51902,0,nan,nan,nan,1.1843 0.342 0.116096
0.43,8.53868,0,nan,nan,nan,1.1843 0.342 0.111901
0.431,8.55841,0,nan,nan,nan,1.1843 0.342 0.107697
0.432,8.57807,0,nan,nan,nan,1.1843 0.342 0.103483
0.433,8.59795,0,nan,nan,nan,1.1843 0.342 0.099259
0.434,8.61775,0,nan,nan,nan,1.1843 0.342 0.095026
0.435,8.63767,0,nan,nan,nan,1.1843 0.342 0.090782
0.436,8.65763,0,nan,nan,nan,1.1843 0.342 0.086529
0.437,8.67742,0,nan,nan,nan,1.1843 0.342 0.082266
0.438,8.69725,0,nan,nan,nan,1.1843 0.342 0.077993
0.439,8.71708,0,nan,nan,nan,1.1843 0.342 0.073711
0.44,8.73691,0,nan,nan,nan,1.1843 0.342 0.069418
0.441,8.75684,0,nan,nan,nan,1.1843 0.342 0.065116
0.442,8.77698,0,nan,nan,nan,1.1843 0.342 0.060804
0.443,8.79685,0,nan,nan,nan,1.1843 0.342 0.056482
0.444,8.81665,0,nan,nan,nan,1.1843 0.342 0.052151
0.445,8.83644,0,nan,nan,nan,1.1843 0.342 0.047809
0.446,8.85609,0,nan,nan,nan,1.1843 0.342 0.043458
0.447,8.87606,0,nan,nan,nan,1.1843 0.342 0.039097
0.448,8.89564,0,nan,nan,nan,1.1843 0.342 0.034726
0.449,8.91544,0,nan,nan,nan,1.1843 0.342 0.030346
0.45,8.93502,0,nan,nan,nan,1.1843 0.342 0.025955
0.451,8.95467,0,nan,nan,nan,1.1843 0.342 0.021555
0.452,8.97469,0,nan,nan,nan,1.1843 0.342 0.017145
0.453,8.99434,0,nan,nan,nan,1.1843 0.342 0.012725
0.454,9.01419,0,nan,nan,nan,1.1843 0.342 0.008296
0.455,9.03379,0,nan,nan,nan,1.1843 0.342 0.003856
0.456,9.05359,0,nan,nan,nan,1.1843 0.342 -0.000593
0.457,9.0732,0,nan,nan,nan,1.1843 0.342 -0.005052
0.458,9.09299,0,nan,nan,nan,1.1843 0.342 -0.009521
0.459,9.11283,0,nan,nan,nan,1.1843 0.342 -0.013999
0.46,9.13246,0,nan,nan,nan,1.1843 0.342 -0.018488
0.461,9.15209,0,nan,nan,nan,1.1843 0.342 -0.022986
0.462,9.17171,0,nan,nan,nan,1.1843 0.342 -0.027494
0.463,9.19156,0,nan,nan,nan,1.1843 0.342 -0.032012
0.464,9.21122,0,nan,nan,nan,1.1843 0.342 -0.036539
0.465,9.23081,0,nan,nan,nan,1.1843 0.342 -0.041077
0.466,9.25064,0,nan,nan,nan,1.1843 0.342 -0.045624
0.467,9.27046,0,nan,nan,nan,1.1843 0.342 -0.050181
0.468,9.29007,0,nan,nan,nan,1.1843 0.342 -0.054748
0.469,9.30967,0,nan,nan,nan,1.1843 0.342 -0.059324
0.47,9.32926,0,nan,nan,nan,1.1843 0.342 -0.063911
0.471,9.34908,0,nan,nan,nan,1.1843 0.342 -0.068507
0.472,9.36892,0,nan,nan,nan,1.1843 0.342 -0.073113
0.473,9.38852,0,nan,nan,nan,1.1843 0.342 -0.077729
0.474,9.40812,0,nan,nan,nan,1.1843 0.342 -0.082354
0.475,9.42798,0,nan,nan,nan,1.1843 0.342 -0.08699
0.476,9.44773,0,nan,nan,nan,1.1843 0.342 -0.091635
0.477,9.46738,0,nan,nan,nan,1.1843 0.342 -0.09629
0.478,9.48716,0,nan,nan,nan,1.1843 0.342 -0.100955
0.479,9.50678,0,nan,nan,nan,1.1843 0.342 -0.105629
0.48,9.52663,0,nan,nan,nan,1.1843 0.342 -0.110314
0.481,9.54642,0,nan,nan,nan,1.1843 0.342 -0.115008
0.482,9.56604,0,nan,nan,nan,1.1843 0.342 -0.119712
0.483,9.58584,0,nan,nan,nan,1.1843 0.342 -0.124426
0.484,9.60544,0,nan,nan,nan,1.1843 0.342 -0.129149
0.485,9.62517,0,nan,nan,nan,1.1843 0.342 -0.133883
0.486,9.64478,0,nan,nan,nan,1.1843 0.342 -0.138626
0.487,9.66419,0,nan,nan,nan,1.1843 0.342 -0.143379
0.488,9.68318,0,nan,nan,nan,1.1843 0.342 -0.148142
0.489,9.70223,0,nan,nan,nan,1.1843 0.342 -0.152914
0.49,9.72126,0,nan,nan,nan,1.1843 0.342 -0.157697
0.491,9.74015,0,nan,nan,nan,1.1843 0.342 -0.162489
0.492,9.75916,0,nan,nan,nan,1.1843 0.342 -0.167291
0.493,9.77833,0,nan,nan,nan,1.1843 0.342 -0.172103
0.494,9.79778,0,nan,nan,nan,1.1843 0.342 -0.176924
0.495,9.81743,0,nan,nan,nan,1.1843 0.342 -0.181756
0.496,9.83723,0,nan,nan,nan,1.1843 0.342 -0.186597
0.497,9.8571,0,nan,nan,nan,1.1843 0.342 -0.191448
0.498,9.87669,0,nan,nan,nan,1.1843 0.342 -0.196309
0.499,9.89632,0,nan,nan,nan,1.1843 0.342 -0.201179
0.5,9.91525,0,nan,nan,nan,1.1843 0.342 -0.20606
0.501,9.93423,0,nan,nan,nan,1.1843 0.342 -0.21095
0.502,9.95318,0,nan,nan,nan,1.1843 0.342 -0.21585
0.503,9.97214,0,nan,nan,nan,1.1843 0.342 -0.22076
0.504,9.99108,0,nan,nan,nan,1.1843 0.342 -0.225679
0.505,10.01,0,nan,nan,nan,1.1843 0.342 -0.230609
0.506,10.029,0,nan,nan,nan,1.1843 0.342 -0.235548
0.507,10.0479,0,nan,nan,nan,1.1843 0.342 -0.240497
0.508,10.0669,0,nan,nan,nan,1.1843 0.342 -0.245456
0.509,10.0859,0,nan,nan,nan,1.1843 0.342 -0.250424
0.51,10.1049,0,nan,nan,nan,1.1843 0.342 -0.255403
0.511,10.124,0,nan,nan,nan,1.1843 0.342 -0.260391
0.512,10.143,0,nan,nan,nan,1.1843 0.342 -0.265389
0.513,10.1621,0,nan,nan,nan,1.1843 0.342 -0.270397
0.514,10.181,0,nan,nan,nan,1.1843 0.342 -0.275414
0.515,10.1999,0,nan,nan,nan,1.1843 0.342 -0.280442
0.516,10.2189,0,nan,nan,nan,1.1843 0.342 -0.285479
0.517,10.2378,0,nan,nan,nan,1.1843 0.342 -0.290526
0.518,10.257,0,nan,nan,nan,1.1843 0.342 -0.295583
0.519,10.2759,0,nan,nan,nan,1.1843 0.342 -0.300649
0.52,10.2949,0,nan,nan,nan,1.1843 0.342 -0.305726
0.521,10.3138,0,nan,nan,nan,1.1843 0.342 -0.310812
0.522,10.3328,0,nan,nan,nan,1.1843 0.342 -0.315908
0.523,10.3518,0,nan,nan,nan,1.1843 0.342 -0.321014
0.524,10.3707,0,nan,nan,nan,1.1843 0.342 -0.326129
0.525,10.3898,0,nan,nan,nan,1.1843 0.342 -0.331255
0.526,10.4096,0,nan,nan,nan,1.1843 0.342 -0.33639
0.527,10.4292,0,nan,nan,nan,1.1843 0.342 -0.341535
0.528,10.4487,0,nan,nan,nan,1.1843 0.342 -0.34669
0.529,10.4677,0,nan,nan,nan,1.1843 0.342 -0.351854
0.53,10.4866,0,nan,nan,nan,1.1843 0.342 -0.357029
0.531,10.5056,0,nan,nan,nan,1.1843 0.342 -0.362213
0.532,10.5247,0,nan,nan,nan,1.1843 0.342 -0.367407
0.533,10.5437,0,nan,nan,nan,1.1843 0.342 -0.372611
0.534,10.5627,0,nan,nan,nan,1.1843 0.342 -0.377824
0.535,10.5816,0,nan,nan,nan,1.1843 0.342 -0.383048
0.536,10.6005,0,nan,nan,nan,1.1843 0.342 -0.388281
0.537,10.6195,0,nan,nan,nan,1.1843 0.342 -0.393524
0.538,10.6386,0,nan,nan,nan,1.1843 0.342 -0.398777
0.539,10.6575,0,nan,nan,nan,1.1843 0.342 -0.404039
0.54,10.6764,0,nan,nan,nan,1.1843 0.342 -0.409312
0.541,10.6953,0,nan,nan,nan,1.1843 0.342 -0.414594
0.542,10.7143,0,nan,nan,nan,1.1843 0.342 -0.419886
0.543,10.7336,0,nan,nan,nan,1.1843 0.342 -0.425188
0.544,10.7532,0,nan,nan,nan,1.1843 0.342 -0.430499
0.545,10.7728,0,nan,nan,nan,1.1843 0.342 -0.435821
0.546,10.7924,0,nan,nan,nan,1.1843 0.342 -0.441152
0.547,10.8116,0,nan,nan,nan,1.1843 0.342 -0.446493
0.548,10.8306,0,nan,nan,nan,1.1843 0.342 -0.451844
0.549,10.8495,0,nan,nan,nan,1.1843 0.342 -0.457204
0.55,10.8685,0,nan,nan,nan,1.1843 0.342 -0.462575
0.551,10.8874,0,nan,nan,nan,1.1843 0.342 -0.467955
0.552,10.9063,0,nan,nan,nan,1.1843 0.342 -0.473345
0.553,10.9252,0,nan,nan,nan,1.1843 0.342 -0.478745
0.554,10.9441,0,nan,nan,nan,1.1843 0.342 -0.484154
0.555,10.963,0,nan,nan,nan,1.1843 0.342 -0.489574
0.556,10.9821,0,nan,nan,nan,1.1843 0.342 -0.495003
0.557,11.0015,0,nan,nan,nan,1.1843 0.342 -0.500442
0.558,11.0211,0,nan,nan,nan,1.1843 0.342 -0.505891
0.559,11.0407,0,nan,nan,nan,1.1843 0.342 -0.511349
0.56,11.0598,0,nan,nan,nan,1.1843 0.342 -0.516818
0.561,11.0788,0,nan,nan,nan,1.1843 0.342 -0.522296
0.562,11.0977,0,nan,nan,nan,1.1843 0.342 -0.527784
0.563,11.1167,0,nan,nan,nan,1.1843 0.342 -0.533282
0.564,11.1356,0,nan,nan,nan,1.1843 0.342 -0.538789
0.565,11.1546,0,nan,nan,nan,1.1843 0.342 -0.544307
0.566,11.1737,0,nan,nan,nan,1.1843 0.342 -0.549834
0.567,11.1927,0,nan,nan,nan,1.1843 0.342 -0.555371
0.568,11.2117,0,nan,nan,nan,1.1843 0.342 -0.560918
0.569,11.2306,0,nan,nan,nan,1.1843 0.342 -0.566474
0.57,11.2496,0,nan,nan,nan,1.1843 0.342 -0.572041
0.571,11.2685,0,nan,nan,nan,1.1843 0.342 -0.577617
0.572,11.2875,0,nan,nan,nan,1.1843 0.342 -0.583203
0.573,11.3066,0,nan,nan,nan,1.1843 0.342 -0.588799
0.574,11.3256,0,nan,nan,nan,1.1843 0.342 -0.594404
0.575,11.3446,0,nan,nan,nan,1.1843 0.342 -0.60002
0.576,11.3635,0,nan,nan,nan,1.1843 0.342 -0.605645
0.577,11.3825,0,nan,nan,nan,1.1843 0.342 -0.61128
0.578,11.4014,0,nan,nan,nan,1.1843 0.342 -0.616925
0.579,11.4203,0,nan,nan,nan,1.1843 0.342 -0.622579
0.58,11.4393,0,nan,nan,nan,1.1843 0.342 -0.628244
0.581,11.4583,0,nan,nan,nan,1.1843 0.342 -0.633918
0.582,11.4772,0,nan,nan,nan,1.1843 0.342 -0.639602
0.583,11.4962,0,nan,nan,nan,1.1843 0.342 -0.645296
0.584,11.5152,0,nan,nan,nan,1.1843 0.342 -0.650999
0.585,11.5341,0,nan,nan,nan,1.1843 0.342 -0.656713
0.586,11.5532,0,nan,nan,nan,1.1843 0.342 -0.662436
0.587,11.5721,0,nan,nan,nan,1.1843 0.342 -0.668169
0.588,11.5912,0,nan,nan,nan,1.1843 0.342 -0.673912
0.589,11.611,0,nan,nan,nan,1.1843 0.342 -0.679664
0.59,11.6307,0,nan,nan,nan,1.1843 0.342 -0.685427
0.591,11.6502,0,nan,nan,nan,1.1843 0.342 -0.691199
0.592,11.6692,0,nan,nan,nan,1.1843 0.342 -0.696981
0.593,11.6881,0,nan,nan,nan,1.1843 0.342 -0.702773
0.594,11.7071,0,nan,nan,nan,1.1843 0.342 -0.708574
0.595,11.7261,0,nan,nan,nan,1.1843 0.342 -0.714386
0.596,11.7451,0,nan,nan,nan,1.1843 0.342 -0.720207
0.597,11.764,0,nan,nan,nan,1.1843 0.342 -0.726038
0.598,11.7829,0,nan,nan,nan,1.1843 0.342 -0.731879
0.599,11.8019,0,nan,nan,nan,1.1843 0.342 -0.737729
0.6,11.8208,0,nan,nan,nan,1.1843 0.342 -0.74359
0.601,11.8398,0,nan,nan,nan,1.1843 0.342 -0.74946
0.602,11.8587,0,nan,nan,nan,1.1843 0.342 -0.75534
0.603,11.8777,0,nan,nan,nan,1.1843 0.342 -0.76123
0.604,11.8966,0,nan,nan,nan,1.1843 0.342 -0.767129
0.605,11.9156,0,nan,nan,nan,1.1843 0.342 -0.773039
0.606,11.9345,0,nan,nan,nan,1.1843 0.342 -0.778958
0.607,11.9535,0,nan,nan,nan,1.1843 0.342 -0.784887
0.608,11.9724,0,nan,nan,nan,1.1843 0.342 -0.790826
0.609,11.9914,0,nan,nan,nan,1.1843 0.342 -0.796774
0.61,12.0104,0,nan,nan,nan,1.1843 0.342 -0.802733
0.611,12.0293,0,nan,nan,nan,1.1843 0.342 -0.808701
0.612,12.0483,0,nan,nan,nan,1.1843 0.342 -0.814679
0.613,12.0672,0,nan,nan,nan,1.1843 0.342 -0.820667
0.614,12.0862,0,nan,nan,nan,1.1843 0.342 -0.826664
0.615,12.1052,0,nan,nan,nan,1.1843 0.342 -0.832672
0.616,12.1241,0,nan,nan,nan,1.1843 0.342 -0.838689
0.617,12.1431,0,nan,nan,nan,1.1843 0.342 -0.844716
0.618,12.1622,0,nan,nan,nan,1.1843 0.342 -0.850753
0.619,12.1813,0,nan,nan,nan,1.1843 0.342 -0.856799
0.62,12.2008,0,nan,nan,nan,1.1843 0.342 -0.862856
0.621,12.2203,0,nan,nan,nan,1.1843 0.342 -0.868922
0.622,12.2399,0,nan,nan,nan,1.1843 0.342 -0.874998
0.623,12.2595,0,nan,nan,nan,1.1843 0.342 -0.881084
0.624,12.279,0,nan,nan,nan,1.1843 0.342 -0.887179
0.625,12.2983,0,nan,nan,nan,1.1843 0.342 -0.893285
0.626,12.3174,0,nan,nan,nan,1.1843 0.342 -0.8994
0.627,12.3364,0,nan,nan,nan,1.1843 0.342 -0.905525
0.628,12.3554,0,nan,nan,nan,1.1843 0.342 -0.91166
0.629,12.3744,0,nan,nan,nan,1.1843 0.342 -0.917804
0.63,12.3934,0,nan,nan,nan,1.1843 0.342 -0.923959
0.631,12.4124,0,nan,nan,nan,1.1843 0.342 -0.930123
0.632,12.4313,0,nan,nan,nan,1.1843 0.342 -0.936297
0.633,12.4503,0,nan,nan,nan,1.1843 0.342 -0.942481
0.634,12.4693,0,nan,nan,nan,1.1843 0.342 -0.948674
0.635,12.4883,0,nan,nan,nan,1.1843 0.342 -0.954878
0.636,12.5074,0,nan,nan,nan,1.1843 0.342 -0.961091
0.637,12.5264,0,nan,nan,nan,1.1843 0.342 -0.967314
0.638,12.5455,0,nan,nan,nan,1.1843 0.342 -0.973547
0.639,12.5646,0,nan,nan,nan,1.1843 0.342 -0.979789
0.64,12.5838,0,nan,nan,nan,1.1843 0.342 -0.986042
0.641,12.6029,0,nan,nan,nan,1.1843 0.342 -0.992304
0.642,12.6218,0,nan,nan,nan,1.1843 0.342 -0.998576
0.643,12.6409,0,nan,nan,nan,1.1843 0.342 -1.00486
0.644,12.6599,0,nan,nan,nan,1.1843 0.342 -1.01115
0.645,12.6789,0,nan,nan,nan,1.1843 0.342 -1.01745
0.646,12.6979,0,nan,nan,nan,1.1843 0.342 -1.02376
0.647,12.7168,0,nan,nan,nan,1.1843 0.342 -1.03008
0.648,12.7358,0,nan,nan,nan,1.1843 0.342 -1.03641
0.649,12.7548,0,nan,nan,nan,1.1843 0.342 -1.04275
0.65,12.7737,0,nan,nan,nan,1.1843 0.342 -1.0491
0.651,12.7929,0,nan,nan,nan,1.1843 0.342 -1.05547
0.652,12.8126,0,nan,nan,nan,1.1843 0.342 -1.06184
0.653,12.8322,0,nan,nan,nan,1.1843 0.342 -1.06821
0.654,12.8517,0,nan,nan,nan,1.1843 0.342 -1.0746
0.655,12.8713,0,nan,nan,nan,1.1843 0.342 -1.081
0.656,12.891,0,nan,nan,nan,1.1843 0.342 -1.08741
0.657,12.9108,0,nan,nan,nan,1.1843 0.342 -1.09383
0.658,12.9306,0,nan,nan,nan,1.1843 0.342 -1.10026
0.659,12.9504,0,nan,nan,nan,1.1843 0.342 -1.1067
0.66,12.97,0,nan,nan,nan,1.1843 0.342 -1.11315
0.661,12.9896,0,nan,nan,nan,1.1843 0.342 -1.11961
0.662,13.0093,0,nan,nan,nan,1.1843 0.342 -1.12607
0.663,13.0293,0,nan,nan,nan,1.1843 0.342 -1.13255
0.664,13.0492,0,nan,nan,nan,1.1843 0.342 -1.13904
0.665,13.0688,0,nan,nan,nan,1.1843 0.342 -1.14554
0.666,13.0886,0,nan,nan,nan,1.1843 0.342 -1.15204
0.667,13.1082,0,nan,nan,nan,1.1843 0.342 -1.15856
0.668,13.128,0,nan,nan,nan,1.1843 0.342 -1.16509
0.669,13.1478,0,nan,nan,nan,1.1843 0.342 -1.17162
0.67,13.1674,0,nan,nan,nan,1.1843 0.342 -1.17817
0.671,13.1872,0,nan,nan,nan,1.1843 0.342 -1.18473
0.672,13.2069,0,nan,nan,nan,1.1843 0.342 -1.19129
0.673,13.2267,0,nan,nan,nan,1.1843 0.342 -1.19787
0.674,13.2465,0,nan,nan,nan,1.1843 0.342 -1.20445
0.675,13.2661,0,nan,nan,nan,1.1843 0.342 -1.21105
0.676,13.286,0,nan,nan,nan,1.1843 0.342 -1.21765
0.677,13.3056,0,nan,nan,nan,1.1843 0.342 -1.22427
0.678,13.3253,0,nan,nan,nan,1.1843 0.342 -1.2309
0.679,13.3449,0,nan,nan,nan,1.1843 0.342 -1.23753
0.68,13.364,0,nan,nan,nan,1.1843 0.342 -1.24417
0.681,13.3832,0,nan,nan,nan,1.1843 0.342 -1.25083
0.682,13.4027,0,nan,nan,nan,1.1843 0.342 -1.25749
0.683,13.4223,0,nan,nan,nan,1.1843 0.342 -1.26417
0.684,13.4419,0,nan,nan,nan,1.1843 0.342 -1.27085
0.685,13.4611,0,nan,nan,nan,1.1843 0.342 -1.27754
0.686,13.48,0,nan,nan,nan,1.1843 0.342 -1.28425
0.687,13.499,0,nan,nan,nan,1.1843 0.342 -1.29096
0.688,13.5181,0,nan,nan,nan,1.1843 0.342 -1.29768
0.689,13.537,0,nan,nan,nan,1.1843 0.342 -1.30441
0.69,13.5561,0,nan,nan,nan,1.1843 0.342 -1.31116
0.691,13.575,0,nan,nan,nan,1.1843 0.342 -1.31791
0.692,13.5941,0,nan,nan,nan,1.1843 0.342 -1.32467
0.693,13.6132,0,nan,nan,nan,1.1843 0.342 -1.33144
0.694,13.6322,0,nan,nan,nan,1.1843 0.342 -1.33822
0.695,13.6512,0,nan,nan,nan,1.1843 0.342 -1.34502
0.696,13.6702,0,nan,nan,nan,1.1843 0.342 -1.35182
0.697,13.6891,0,nan,nan,nan,1.1843 0.342 -1.35863
0.698,13.7081,0,nan,nan,nan,1.1843 0.342 -1.36545
0.699,13.7272,0,nan,nan,nan,1.1843 0.342 -1.37228
0.7,13.7462,0,nan,nan,nan,1.1843 0.342 -1.37912
0.701,13.7652,0,nan,nan,nan,1.1843 0.342 -1.38597
0.702,13.7842,0,nan,nan,nan,1.1843 0.342 -1.39283
